[2023-05-30 12:46:52.738] [info] GridBoundCompare dataset_name amazon-home-kitchen-32d
[2023-05-30 12:46:52.738] [info] dataset_dir /home/zhengbian/Dataset/ReverseMIPS
[2023-05-30 12:46:55.198] [info] n_data_item 409243, n_query_item 1000, n_user 2511610, vec_dim 32
[2023-05-30 12:46:55.198] [info] n_sample_user 1000
[2023-05-30 12:46:55.198] [info] GridIndex min_codeword 27, codeword 32
GridIndex result value 67108864.000
InnerProduct result value 67108864.000
[2023-05-30 12:48:21.325] [info] GridIndex min_codeword 27, codeword 32
GridIndex result value 67108864.000
[2023-05-30 12:48:33.054] [info] finish GridBoundCompare dataset_name amazon-home-kitchen-32d, grid index time 77.511377699s, inner product time 8.042953346s, grid index no negative time 11.096952885s
[2023-05-30 12:48:33.081] [info] DataTypeCompare n_user 1000, n_data_item 409243, vec_dim 32
[2023-05-30 12:48:33.203] [info] GridIndex min_codeword 27, codeword 32
GridIndex result value 3078093758.074
InnerProduct result value 3279929398.714
[2023-05-30 12:49:05.755] [info] GridIndex min_codeword 27, codeword 32
GridIndex result value 3078093758.074
[2023-05-30 12:49:19.585] [info] finish double type, grid index time 22.142283238s, inner product time 10.328736321s, grid index no negative time 13.749217174s
[2023-05-30 12:49:19.597] [info] GridBoundCompare dataset_name amazon-home-kitchen-64d
[2023-05-30 12:49:19.597] [info] dataset_dir /home/zhengbian/Dataset/ReverseMIPS
[2023-05-30 12:49:22.265] [info] n_data_item 409243, n_query_item 1000, n_user 2511610, vec_dim 64
[2023-05-30 12:49:22.265] [info] n_sample_user 1000
[2023-05-30 12:49:22.265] [info] GridIndex min_codeword 33, codeword 64
GridIndex result value 67108864.000
InnerProduct result value 67108864.000
[2023-05-30 12:52:14.249] [info] GridIndex min_codeword 33, codeword 64
GridIndex result value 67108864.000
[2023-05-30 12:52:42.184] [info] finish GridBoundCompare dataset_name amazon-home-kitchen-64d, grid index time 150.932862154s, inner product time 19.912323249s, grid index no negative time 26.674926715s
[2023-05-30 12:52:42.228] [info] DataTypeCompare n_user 1000, n_data_item 409243, vec_dim 64
[2023-05-30 12:52:42.463] [info] GridIndex min_codeword 33, codeword 64
GridIndex result value 6327464432.439
InnerProduct result value 6531742583.013
[2023-05-30 12:53:51.137] [info] GridIndex min_codeword 33, codeword 64
GridIndex result value 6327464432.439
[2023-05-30 12:54:21.821] [info] finish double type, grid index time 44.468538534s, inner product time 24.044311367s, grid index no negative time 30.523496827s
[2023-05-30 12:54:21.837] [info] GridBoundCompare dataset_name amazon-home-kitchen-128d
[2023-05-30 12:54:21.837] [info] dataset_dir /home/zhengbian/Dataset/ReverseMIPS
[2023-05-30 12:54:24.935] [info] n_data_item 409243, n_query_item 1000, n_user 2511610, vec_dim 128
[2023-05-30 12:54:24.935] [info] n_sample_user 1000
[2023-05-30 12:54:24.935] [info] GridIndex min_codeword 39, codeword 64
GridIndex result value 67108864.000
InnerProduct result value 67108904.000
[2023-05-30 12:59:44.231] [info] GridIndex min_codeword 39, codeword 64
GridIndex result value 67108896.000
[2023-05-30 13:00:43.610] [info] finish GridBoundCompare dataset_name amazon-home-kitchen-128d, grid index time 267.110550051s, inner product time 49.618505827s, grid index no negative time 56.833463493s
[2023-05-30 13:00:43.685] [info] DataTypeCompare n_user 1000, n_data_item 409243, vec_dim 128
[2023-05-30 13:00:44.154] [info] GridIndex min_codeword 39, codeword 64
GridIndex result value 12663188398.826
InnerProduct result value 13071621885.588
[2023-05-30 13:03:08.985] [info] GridIndex min_codeword 39, codeword 64
GridIndex result value 12663188398.826
[2023-05-30 13:04:19.415] [info] finish double type, grid index time 89.237305837s, inner product time 55.269513403s, grid index no negative time 70.102082105s
[2023-05-30 13:04:19.440] [info] GridBoundCompare dataset_name amazon-home-kitchen-256d
[2023-05-30 13:04:19.440] [info] dataset_dir /home/zhengbian/Dataset/ReverseMIPS
[2023-05-30 13:04:23.431] [info] n_data_item 409243, n_query_item 1000, n_user 2511610, vec_dim 256
[2023-05-30 13:04:23.431] [info] n_sample_user 1000
[2023-05-30 13:04:23.431] [info] GridIndex min_codeword 47, codeword 64
GridIndex result value 67108864.000
InnerProduct result value 67108864.000
[2023-05-30 13:15:09.884] [info] GridIndex min_codeword 47, codeword 64
GridIndex result value 67108864.000
[2023-05-30 13:17:29.607] [info] finish GridBoundCompare dataset_name amazon-home-kitchen-256d, grid index time 515.446398353s, inner product time 126.079616585s, grid index no negative time 134.743855542s
[2023-05-30 13:17:29.743] [info] DataTypeCompare n_user 1000, n_data_item 409243, vec_dim 256
[2023-05-30 13:17:30.674] [info] GridIndex min_codeword 47, codeword 64
GridIndex result value 25406596905.186
InnerProduct result value 26224354507.666
[2023-05-30 13:22:52.881] [info] GridIndex min_codeword 47, codeword 64
GridIndex result value 25406596905.186
[2023-05-30 13:25:30.573] [info] finish double type, grid index time 185.401558888s, inner product time 136.155452362s, grid index no negative time 157.033002559s
[2023-05-30 13:25:30.616] [info] GridBoundCompare dataset_name amazon-home-kitchen-512d
[2023-05-30 13:25:30.616] [info] dataset_dir /home/zhengbian/Dataset/ReverseMIPS
[2023-05-30 13:25:36.595] [info] n_data_item 409243, n_query_item 1000, n_user 2511610, vec_dim 512
[2023-05-30 13:25:36.595] [info] n_sample_user 1000
[2023-05-30 13:25:36.595] [info] GridIndex min_codeword 55, codeword 64
GridIndex result value 67108864.000
InnerProduct result value 67108864.000
[2023-05-30 13:47:24.655] [info] GridIndex min_codeword 55, codeword 64
GridIndex result value 67108864.000
[2023-05-30 13:52:38.577] [info] finish GridBoundCompare dataset_name amazon-home-kitchen-512d, grid index time 1003.030760498s, inner product time 291.706272849s, grid index no negative time 302.722467622s
[2023-05-30 13:52:38.739] [info] DataTypeCompare n_user 1000, n_data_item 409243, vec_dim 512
[2023-05-30 13:52:40.645] [info] GridIndex min_codeword 55, codeword 64
GridIndex result value 50785119335.239
InnerProduct result value 52419822143.627
[2023-05-30 14:04:00.590] [info] GridIndex min_codeword 55, codeword 64
GridIndex result value 50785119335.239
[2023-05-30 14:09:27.615] [info] finish double type, grid index time 368.103869107s, inner product time 310.505222835s, grid index no negative time 325.712632944s
[2023-05-30 14:09:27.696] [info] GridBoundCompare dataset_name yelp-32d
[2023-05-30 14:09:27.696] [info] dataset_dir /home/zhengbian/Dataset/ReverseMIPS
[2023-05-30 14:09:29.678] [info] n_data_item 159585, n_query_item 1000, n_user 2189457, vec_dim 32
[2023-05-30 14:09:29.678] [info] n_sample_user 1000
[2023-05-30 14:09:29.678] [info] GridIndex min_codeword 27, codeword 32
GridIndex result value 41082668.000
InnerProduct result value 67108864.000
[2023-05-30 14:10:11.029] [info] GridIndex min_codeword 27, codeword 32
GridIndex result value 67108864.000
[2023-05-30 14:10:15.899] [info] finish GridBoundCompare dataset_name yelp-32d, grid index time 37.896201115s, inner product time 2.998637344s, grid index no negative time 4.171212919s
[2023-05-30 14:10:15.923] [info] DataTypeCompare n_user 1000, n_data_item 159585, vec_dim 32
[2023-05-30 14:10:15.976] [info] GridIndex min_codeword 27, codeword 32
GridIndex result value 1196727588.223
InnerProduct result value 1275544259.302
[2023-05-30 14:10:28.207] [info] GridIndex min_codeword 27, codeword 32
GridIndex result value 1196727588.223
[2023-05-30 14:10:33.479] [info] finish double type, grid index time 8.545314947s, inner product time 3.653916506s, grid index no negative time 5.241235135s
[2023-05-30 14:10:33.485] [info] GridBoundCompare dataset_name yelp-64d
[2023-05-30 14:10:33.485] [info] dataset_dir /home/zhengbian/Dataset/ReverseMIPS
[2023-05-30 14:10:35.598] [info] n_data_item 159585, n_query_item 1000, n_user 2189457, vec_dim 64
[2023-05-30 14:10:35.598] [info] n_sample_user 1000
[2023-05-30 14:10:35.598] [info] GridIndex min_codeword 33, codeword 64
GridIndex result value 49555152.000
InnerProduct result value 67108864.000
[2023-05-30 14:12:00.321] [info] GridIndex min_codeword 33, codeword 64
GridIndex result value 67108864.000
[2023-05-30 14:12:12.280] [info] finish GridBoundCompare dataset_name yelp-64d, grid index time 75.682025478s, inner product time 8.129831279s, grid index no negative time 10.560000288s
[2023-05-30 14:12:12.314] [info] DataTypeCompare n_user 1000, n_data_item 159585, vec_dim 64
[2023-05-30 14:12:12.412] [info] GridIndex min_codeword 33, codeword 64
GridIndex result value 2468167605.445
InnerProduct result value 2547645983.741
[2023-05-30 14:12:38.985] [info] GridIndex min_codeword 33, codeword 64
GridIndex result value 2468167605.445
[2023-05-30 14:12:50.770] [info] finish double type, grid index time 17.190340014s, inner product time 9.317721814s, grid index no negative time 11.722589547s
[2023-05-30 14:12:50.781] [info] GridBoundCompare dataset_name yelp-128d
[2023-05-30 14:12:50.781] [info] dataset_dir /home/zhengbian/Dataset/ReverseMIPS
[2023-05-30 14:12:53.264] [info] n_data_item 159585, n_query_item 1000, n_user 2189457, vec_dim 128
[2023-05-30 14:12:53.264] [info] n_sample_user 1000
[2023-05-30 14:12:53.264] [info] GridIndex min_codeword 39, codeword 64
GridIndex result value 45832788.000
InnerProduct result value 67108864.000
[2023-05-30 14:15:44.323] [info] GridIndex min_codeword 39, codeword 64
GridIndex result value 67108864.000
[2023-05-30 14:16:09.486] [info] finish GridBoundCompare dataset_name yelp-128d, grid index time 149.663332683s, inner product time 19.494186423s, grid index no negative time 22.409678899s
[2023-05-30 14:16:09.533] [info] DataTypeCompare n_user 1000, n_data_item 159585, vec_dim 128
[2023-05-30 14:16:09.724] [info] GridIndex min_codeword 39, codeword 64
GridIndex result value 4959536697.455
InnerProduct result value 5119169848.198
[2023-05-30 14:17:05.705] [info] GridIndex min_codeword 39, codeword 64
GridIndex result value 4959536697.455
[2023-05-30 14:17:32.940] [info] finish double type, grid index time 34.522923477s, inner product time 21.329116156s, grid index no negative time 27.1091062s
[2023-05-30 14:17:32.954] [info] GridBoundCompare dataset_name yelp-256d
[2023-05-30 14:17:32.954] [info] dataset_dir /home/zhengbian/Dataset/ReverseMIPS
[2023-05-30 14:17:36.130] [info] n_data_item 159585, n_query_item 1000, n_user 2189457, vec_dim 256
[2023-05-30 14:17:36.130] [info] n_sample_user 1000
[2023-05-30 14:17:36.130] [info] GridIndex min_codeword 47, codeword 64
GridIndex result value 41181764.000
InnerProduct result value 67108864.000
[2023-05-30 14:23:28.712] [info] GridIndex min_codeword 47, codeword 64
GridIndex result value 67108864.000
[2023-05-30 14:24:26.690] [info] finish GridBoundCompare dataset_name yelp-256d, grid index time 299.221785822s, inner product time 48.98031682s, grid index no negative time 52.57274485s
[2023-05-30 14:24:26.764] [info] DataTypeCompare n_user 1000, n_data_item 159585, vec_dim 256
[2023-05-30 14:24:27.141] [info] GridIndex min_codeword 47, codeword 64
GridIndex result value 9886082607.605
InnerProduct result value 10204537711.859
[2023-05-30 14:26:30.611] [info] GridIndex min_codeword 47, codeword 64
GridIndex result value 9886082607.605
[2023-05-30 14:27:31.373] [info] finish double type, grid index time 71.429567038s, inner product time 51.77996473s, grid index no negative time 60.505419051s
[2023-05-30 14:27:31.395] [info] GridBoundCompare dataset_name yelp-512d
[2023-05-30 14:27:31.395] [info] dataset_dir /home/zhengbian/Dataset/ReverseMIPS
[2023-05-30 14:27:36.238] [info] n_data_item 159585, n_query_item 1000, n_user 2189457, vec_dim 512
[2023-05-30 14:27:36.238] [info] n_sample_user 1000
[2023-05-30 14:27:36.238] [info] GridIndex min_codeword 55, codeword 64
GridIndex result value 36040476.000
InnerProduct result value 67108864.000
[2023-05-30 14:39:39.220] [info] GridIndex min_codeword 55, codeword 64
GridIndex result value 67108864.000
[2023-05-30 14:41:43.771] [info] finish GridBoundCompare dataset_name yelp-512d, grid index time 600.83538542s, inner product time 113.447761745s, grid index no negative time 116.565301387s
[2023-05-30 14:41:43.980] [info] DataTypeCompare n_user 1000, n_data_item 159585, vec_dim 512
[2023-05-30 14:41:44.711] [info] GridIndex min_codeword 55, codeword 64
GridIndex result value 19789865044.202
InnerProduct result value 20427493083.480
[2023-05-30 14:46:06.969] [info] GridIndex min_codeword 55, codeword 64
GridIndex result value 19789865044.202
[2023-05-30 14:48:13.555] [info] finish double type, grid index time 142.472073682s, inner product time 119.27763527s, grid index no negative time 126.069361435s