[2023-05-21 07:29:56.585] [info] Retrieval method_name SimpferPP, dataset_name yelp-150d, topk 100
[2023-05-21 07:29:56.585] [info] dataset_dir /home/zhengbian/Dataset/ReverseMIPS
[2023-05-21 07:29:56.585] [info] index_dir /home/zhengbian/reverse-k-ranks/index
[2023-05-21 07:30:01.843] [info] n_data_item 159585, n_query_item 1000, n_user 2189457, vec_dim 150
[2023-05-21 07:30:01.843] [info] input parameter: simpfer_k_max 605, stop_time 36000s
[2023-05-21 07:30:02.910] [info] finish transform user
[2023-05-21 07:30:02.992] [info] finish transform data item
[2023-05-21 07:46:23.462] [info] finish simpfer preprocessing
[2023-05-21 07:46:30.076] [info] finish preprocess and save the index
[2023-05-21 07:46:30.270] [info] queryID 0, result_size 0, rtk_topk 1, accu_ip_cost 2163726, accu_query_time 0.19s,
[2023-05-21 07:46:30.318] [info] queryID 0, result_size 1, rtk_topk 2, accu_ip_cost 2175626, accu_query_time 0.24s,
[2023-05-21 07:46:30.352] [info] queryID 0, result_size 2, rtk_topk 4, accu_ip_cost 2181372, accu_query_time 0.28s,
[2023-05-21 07:46:30.387] [info] queryID 0, result_size 2, rtk_topk 8, accu_ip_cost 2186302, accu_query_time 0.31s,
[2023-05-21 07:46:30.421] [info] queryID 0, result_size 5, rtk_topk 16, accu_ip_cost 2189294, accu_query_time 0.34s,
[2023-05-21 07:46:30.455] [info] queryID 0, result_size 9, rtk_topk 32, accu_ip_cost 2189430, accu_query_time 0.38s,
[2023-05-21 07:46:30.490] [info] queryID 0, result_size 43, rtk_topk 64, accu_ip_cost 2189430, accu_query_time 0.41s,
[2023-05-21 07:46:30.524] [info] queryID 0, result_size 152, rtk_topk 128, accu_ip_cost 2189430, accu_query_time 0.45s,
[2023-05-21 07:46:30.524] [info] queryID 0, result_size 152, rtk_topk 128, ip_cost 2189430, query_time 0.45s, total_ip_cost 2189430, total_retrieval_time 0.45s
[2023-05-21 07:46:30.557] [info] queryID 1, result_size 0, rtk_topk 1, accu_ip_cost 2093890, accu_query_time 0.03s,
[2023-05-21 07:46:30.590] [info] queryID 1, result_size 0, rtk_topk 2, accu_ip_cost 2136560, accu_query_time 0.07s,
[2023-05-21 07:46:30.624] [info] queryID 1, result_size 0, rtk_topk 4, accu_ip_cost 2157028, accu_query_time 0.10s,
[2023-05-21 07:46:30.658] [info] queryID 1, result_size 0, rtk_topk 8, accu_ip_cost 2169302, accu_query_time 0.13s,
[2023-05-21 07:46:30.692] [info] queryID 1, result_size 2, rtk_topk 16, accu_ip_cost 2176714, accu_query_time 0.17s,
[2023-05-21 07:46:30.726] [info] queryID 1, result_size 6, rtk_topk 32, accu_ip_cost 2181712, accu_query_time 0.20s,
[2023-05-21 07:46:30.760] [info] queryID 1, result_size 10, rtk_topk 64, accu_ip_cost 2186132, accu_query_time 0.24s,
[2023-05-21 07:46:30.794] [info] queryID 1, result_size 21, rtk_topk 128, accu_ip_cost 2189328, accu_query_time 0.27s,
[2023-05-21 07:46:30.830] [info] queryID 1, result_size 41, rtk_topk 256, accu_ip_cost 2189430, accu_query_time 0.31s,
[2023-05-21 07:46:30.873] [info] queryID 1, result_size 100, rtk_topk 512, accu_ip_cost 2189430, accu_query_time 0.35s,
[2023-05-21 07:46:30.873] [info] queryID 1, result_size 100, rtk_topk 512, ip_cost 2189430, query_time 0.35s, total_ip_cost 4378860, total_retrieval_time 0.80s
[2023-05-21 07:46:30.906] [info] queryID 2, result_size 0, rtk_topk 1, accu_ip_cost 2113100, accu_query_time 0.03s,
[2023-05-21 07:46:30.940] [info] queryID 2, result_size 0, rtk_topk 2, accu_ip_cost 2147780, accu_query_time 0.07s,
[2023-05-21 07:46:30.973] [info] queryID 2, result_size 0, rtk_topk 4, accu_ip_cost 2163318, accu_query_time 0.10s,
[2023-05-21 07:46:31.007] [info] queryID 2, result_size 0, rtk_topk 8, accu_ip_cost 2172702, accu_query_time 0.13s,
[2023-05-21 07:46:31.041] [info] queryID 2, result_size 1, rtk_topk 16, accu_ip_cost 2179366, accu_query_time 0.17s,
[2023-05-21 07:46:31.075] [info] queryID 2, result_size 8, rtk_topk 32, accu_ip_cost 2183786, accu_query_time 0.20s,
[2023-05-21 07:46:31.109] [info] queryID 2, result_size 20, rtk_topk 64, accu_ip_cost 2188274, accu_query_time 0.24s,
[2023-05-21 07:46:31.143] [info] queryID 2, result_size 59, rtk_topk 128, accu_ip_cost 2189430, accu_query_time 0.27s,
[2023-05-21 07:46:31.177] [info] queryID 2, result_size 176, rtk_topk 256, accu_ip_cost 2189430, accu_query_time 0.30s,
[2023-05-21 07:46:31.177] [info] queryID 2, result_size 176, rtk_topk 256, ip_cost 2189430, query_time 0.30s, total_ip_cost 6568290, total_retrieval_time 1.10s
[2023-05-21 07:46:31.205] [info] queryID 3, result_size 0, rtk_topk 1, accu_ip_cost 1799518, accu_query_time 0.03s,
[2023-05-21 07:46:31.235] [info] queryID 3, result_size 0, rtk_topk 2, accu_ip_cost 1945140, accu_query_time 0.06s,
[2023-05-21 07:46:31.267] [info] queryID 3, result_size 0, rtk_topk 4, accu_ip_cost 2034118, accu_query_time 0.09s,
[2023-05-21 07:46:31.299] [info] queryID 3, result_size 0, rtk_topk 8, accu_ip_cost 2093312, accu_query_time 0.12s,
[2023-05-21 07:46:31.332] [info] queryID 3, result_size 0, rtk_topk 16, accu_ip_cost 2128536, accu_query_time 0.16s,
[2023-05-21 07:46:31.366] [info] queryID 3, result_size 0, rtk_topk 32, accu_ip_cost 2150024, accu_query_time 0.19s,
[2023-05-21 07:46:31.399] [info] queryID 3, result_size 0, rtk_topk 64, accu_ip_cost 2163590, accu_query_time 0.22s,
[2023-05-21 07:46:31.433] [info] queryID 3, result_size 3, rtk_topk 128, accu_ip_cost 2172566, accu_query_time 0.26s,
[2023-05-21 07:46:31.467] [info] queryID 3, result_size 6, rtk_topk 256, accu_ip_cost 2179162, accu_query_time 0.29s,
[2023-05-21 07:46:31.500] [info] queryID 3, result_size 19, rtk_topk 512, accu_ip_cost 2184670, accu_query_time 0.32s,
[2023-05-21 08:01:50.010] [info] queryID 3, result_size 2185127, rtk_topk 1024, accu_ip_cost 2572611975, accu_query_time 918.83s,
[2023-05-21 08:01:50.010] [info] queryID 3, result_size 2185127, rtk_topk 1024, ip_cost 2572611975, query_time 918.83s, total_ip_cost 2579180265, total_retrieval_time 919.93s
[2023-05-21 08:01:50.389] [info] queryID 4, result_size 0, rtk_topk 1, accu_ip_cost 1854700, accu_query_time 0.35s,
[2023-05-21 08:01:50.424] [info] queryID 4, result_size 0, rtk_topk 2, accu_ip_cost 1981826, accu_query_time 0.39s,
[2023-05-21 08:01:50.458] [info] queryID 4, result_size 0, rtk_topk 4, accu_ip_cost 2059788, accu_query_time 0.42s,
[2023-05-21 08:01:50.492] [info] queryID 4, result_size 0, rtk_topk 8, accu_ip_cost 2109836, accu_query_time 0.45s,
[2023-05-21 08:01:50.526] [info] queryID 4, result_size 0, rtk_topk 16, accu_ip_cost 2137580, accu_query_time 0.49s,
[2023-05-21 08:01:50.560] [info] queryID 4, result_size 0, rtk_topk 32, accu_ip_cost 2156620, accu_query_time 0.52s,
[2023-05-21 08:01:50.594] [info] queryID 4, result_size 1, rtk_topk 64, accu_ip_cost 2167772, accu_query_time 0.56s,
[2023-05-21 08:01:50.629] [info] queryID 4, result_size 7, rtk_topk 128, accu_ip_cost 2175932, accu_query_time 0.59s,
[2023-05-21 08:01:50.672] [info] queryID 4, result_size 25, rtk_topk 256, accu_ip_cost 2181440, accu_query_time 0.63s,
[2023-05-21 08:01:50.755] [info] queryID 4, result_size 91, rtk_topk 512, accu_ip_cost 2186812, accu_query_time 0.72s,
[2023-05-21 08:17:13.276] [info] queryID 4, result_size 2149928, rtk_topk 1024, accu_ip_cost 2572611975, accu_query_time 923.24s,
[2023-05-21 08:17:13.276] [info] queryID 4, result_size 2149928, rtk_topk 1024, ip_cost 2572611975, query_time 923.24s, total_ip_cost 5151792240, total_retrieval_time 1843.17s
[2023-05-21 08:17:13.698] [info] queryID 5, result_size 0, rtk_topk 1, accu_ip_cost 1974108, accu_query_time 0.39s,
[2023-05-21 08:17:13.733] [info] queryID 5, result_size 0, rtk_topk 2, accu_ip_cost 2062304, accu_query_time 0.43s,
[2023-05-21 08:17:13.767] [info] queryID 5, result_size 0, rtk_topk 4, accu_ip_cost 2111944, accu_query_time 0.46s,
[2023-05-21 08:17:13.800] [info] queryID 5, result_size 0, rtk_topk 8, accu_ip_cost 2140810, accu_query_time 0.49s,
[2023-05-21 08:17:13.833] [info] queryID 5, result_size 0, rtk_topk 16, accu_ip_cost 2158830, accu_query_time 0.53s,
[2023-05-21 08:17:13.867] [info] queryID 5, result_size 0, rtk_topk 32, accu_ip_cost 2169200, accu_query_time 0.56s,
[2023-05-21 08:17:13.902] [info] queryID 5, result_size 3, rtk_topk 64, accu_ip_cost 2176714, accu_query_time 0.59s,
[2023-05-21 08:17:13.937] [info] queryID 5, result_size 13, rtk_topk 128, accu_ip_cost 2181644, accu_query_time 0.63s,
[2023-05-21 08:17:13.980] [info] queryID 5, result_size 47, rtk_topk 256, accu_ip_cost 2186982, accu_query_time 0.67s,
[2023-05-21 08:17:14.064] [info] queryID 5, result_size 134, rtk_topk 512, accu_ip_cost 2189396, accu_query_time 0.76s,
[2023-05-21 08:17:14.064] [info] queryID 5, result_size 134, rtk_topk 512, ip_cost 2189396, query_time 0.76s, total_ip_cost 5153981636, total_retrieval_time 1843.93s
[2023-05-21 08:17:14.077] [info] queryID 6, result_size 0, rtk_topk 1, accu_ip_cost 823276, accu_query_time 0.01s,
[2023-05-21 08:17:14.094] [info] queryID 6, result_size 0, rtk_topk 2, accu_ip_cost 1117036, accu_query_time 0.03s,
[2023-05-21 08:17:14.115] [info] queryID 6, result_size 0, rtk_topk 4, accu_ip_cost 1376218, accu_query_time 0.05s,
[2023-05-21 08:17:14.139] [info] queryID 6, result_size 0, rtk_topk 8, accu_ip_cost 1597388, accu_query_time 0.08s,
[2023-05-21 08:17:14.166] [info] queryID 6, result_size 0, rtk_topk 16, accu_ip_cost 1771094, accu_query_time 0.10s,
[2023-05-21 08:17:14.195] [info] queryID 6, result_size 0, rtk_topk 32, accu_ip_cost 1905700, accu_query_time 0.13s,
[2023-05-21 08:17:14.226] [info] queryID 6, result_size 0, rtk_topk 64, accu_ip_cost 2001376, accu_query_time 0.16s,
[2023-05-21 08:17:14.257] [info] queryID 6, result_size 1, rtk_topk 128, accu_ip_cost 2069070, accu_query_time 0.19s,
[2023-05-21 08:17:14.290] [info] queryID 6, result_size 1, rtk_topk 256, accu_ip_cost 2112794, accu_query_time 0.23s,
[2023-05-21 08:17:14.322] [info] queryID 6, result_size 2, rtk_topk 512, accu_ip_cost 2140878, accu_query_time 0.26s,
[2023-05-21 08:32:37.407] [info] queryID 6, result_size 1836001, rtk_topk 1024, accu_ip_cost 2572611975, accu_query_time 923.34s,
[2023-05-21 08:32:37.407] [info] queryID 6, result_size 1836001, rtk_topk 1024, ip_cost 2572611975, query_time 923.34s, total_ip_cost 7726593611, total_retrieval_time 2767.27s
[2023-05-21 08:32:37.626] [info] queryID 7, result_size 1, rtk_topk 1, accu_ip_cost 2132582, accu_query_time 0.20s,
[2023-05-21 08:32:37.665] [info] queryID 7, result_size 1, rtk_topk 2, accu_ip_cost 2157606, accu_query_time 0.24s,
[2023-05-21 08:32:37.698] [info] queryID 7, result_size 2, rtk_topk 4, accu_ip_cost 2170492, accu_query_time 0.27s,
[2023-05-21 08:32:37.731] [info] queryID 7, result_size 2, rtk_topk 8, accu_ip_cost 2177258, accu_query_time 0.31s,
[2023-05-21 08:32:37.764] [info] queryID 7, result_size 4, rtk_topk 16, accu_ip_cost 2182732, accu_query_time 0.34s,
[2023-05-21 08:32:37.798] [info] queryID 7, result_size 6, rtk_topk 32, accu_ip_cost 2186846, accu_query_time 0.37s,
[2023-05-21 08:32:37.831] [info] queryID 7, result_size 19, rtk_topk 64, accu_ip_cost 2189396, accu_query_time 0.41s,
[2023-05-21 08:32:37.865] [info] queryID 7, result_size 53, rtk_topk 128, accu_ip_cost 2189430, accu_query_time 0.44s,
[2023-05-21 08:32:37.901] [info] queryID 7, result_size 184, rtk_topk 256, accu_ip_cost 2189430, accu_query_time 0.48s,
[2023-05-21 08:32:37.901] [info] queryID 7, result_size 184, rtk_topk 256, ip_cost 2189430, query_time 0.48s, total_ip_cost 7728783041, total_retrieval_time 2767.75s
[2023-05-21 08:32:37.925] [info] queryID 8, result_size 0, rtk_topk 1, accu_ip_cost 1586304, accu_query_time 0.02s,
[2023-05-21 08:32:37.952] [info] queryID 8, result_size 0, rtk_topk 2, accu_ip_cost 1787788, accu_query_time 0.05s,
[2023-05-21 08:32:37.981] [info] queryID 8, result_size 0, rtk_topk 4, accu_ip_cost 1925794, accu_query_time 0.08s,
[2023-05-21 08:32:38.012] [info] queryID 8, result_size 0, rtk_topk 8, accu_ip_cost 2016710, accu_query_time 0.11s,
[2023-05-21 08:32:38.043] [info] queryID 8, result_size 0, rtk_topk 16, accu_ip_cost 2079406, accu_query_time 0.14s,
[2023-05-21 08:32:38.075] [info] queryID 8, result_size 0, rtk_topk 32, accu_ip_cost 2119662, accu_query_time 0.17s,
[2023-05-21 08:32:38.108] [info] queryID 8, result_size 0, rtk_topk 64, accu_ip_cost 2143292, accu_query_time 0.21s,
[2023-05-21 08:32:38.141] [info] queryID 8, result_size 0, rtk_topk 128, accu_ip_cost 2160054, accu_query_time 0.24s,
[2023-05-21 08:32:38.174] [info] queryID 8, result_size 2, rtk_topk 256, accu_ip_cost 2169744, accu_query_time 0.27s,
[2023-05-21 08:32:38.220] [info] queryID 8, result_size 3, rtk_topk 512, accu_ip_cost 2177700, accu_query_time 0.32s,
[2023-05-21 08:48:01.836] [info] queryID 8, result_size 2187075, rtk_topk 1024, accu_ip_cost 2572611975, accu_query_time 923.94s,
[2023-05-21 08:48:01.836] [info] queryID 8, result_size 2187075, rtk_topk 1024, ip_cost 2572611975, query_time 923.94s, total_ip_cost 10301395016, total_retrieval_time 3691.68s
[2023-05-21 08:48:01.890] [info] queryID 9, result_size 0, rtk_topk 1, accu_ip_cost 295290, accu_query_time 0.03s,
[2023-05-21 08:48:01.914] [info] queryID 9, result_size 0, rtk_topk 2, accu_ip_cost 494020, accu_query_time 0.05s,
[2023-05-21 08:48:01.938] [info] queryID 9, result_size 0, rtk_topk 4, accu_ip_cost 722602, accu_query_time 0.07s,
[2023-05-21 08:48:01.961] [info] queryID 9, result_size 0, rtk_topk 8, accu_ip_cost 969000, accu_query_time 0.10s,
[2023-05-21 08:48:01.988] [info] queryID 9, result_size 0, rtk_topk 16, accu_ip_cost 1222300, accu_query_time 0.12s,
[2023-05-21 08:48:02.017] [info] queryID 9, result_size 0, rtk_topk 32, accu_ip_cost 1463224, accu_query_time 0.15s,
[2023-05-21 08:48:02.050] [info] queryID 9, result_size 0, rtk_topk 64, accu_ip_cost 1670352, accu_query_time 0.19s,
[2023-05-21 08:48:02.085] [info] queryID 9, result_size 0, rtk_topk 128, accu_ip_cost 1833552, accu_query_time 0.22s,
[2023-05-21 08:48:02.125] [info] queryID 9, result_size 0, rtk_topk 256, accu_ip_cost 1953402, accu_query_time 0.26s,
[2023-05-21 08:48:02.179] [info] queryID 9, result_size 1, rtk_topk 512, accu_ip_cost 2040578, accu_query_time 0.31s,
[2023-05-21 09:03:23.556] [info] queryID 9, result_size 693455, rtk_topk 1024, accu_ip_cost 2572611975, accu_query_time 921.69s,
[2023-05-21 09:03:23.556] [info] queryID 9, result_size 693455, rtk_topk 1024, ip_cost 2572611975, query_time 921.69s, total_ip_cost 12874006991, total_retrieval_time 4613.38s
[2023-05-21 09:03:23.758] [info] queryID 10, result_size 0, rtk_topk 1, accu_ip_cost 1868334, accu_query_time 0.20s,
[2023-05-21 09:03:23.795] [info] queryID 10, result_size 0, rtk_topk 2, accu_ip_cost 1990598, accu_query_time 0.23s,
[2023-05-21 09:03:23.828] [info] queryID 10, result_size 0, rtk_topk 4, accu_ip_cost 2066316, accu_query_time 0.27s,
[2023-05-21 09:03:23.860] [info] queryID 10, result_size 0, rtk_topk 8, accu_ip_cost 2113440, accu_query_time 0.30s,
[2023-05-21 09:03:23.893] [info] queryID 10, result_size 0, rtk_topk 16, accu_ip_cost 2139790, accu_query_time 0.33s,
[2023-05-21 09:03:23.926] [info] queryID 10, result_size 0, rtk_topk 32, accu_ip_cost 2157844, accu_query_time 0.36s,
[2023-05-21 09:03:23.959] [info] queryID 10, result_size 0, rtk_topk 64, accu_ip_cost 2168656, accu_query_time 0.40s,
[2023-05-21 09:03:23.993] [info] queryID 10, result_size 0, rtk_topk 128, accu_ip_cost 2176510, accu_query_time 0.43s,
[2023-05-21 09:03:24.029] [info] queryID 10, result_size 1, rtk_topk 256, accu_ip_cost 2181780, accu_query_time 0.47s,
[2023-05-21 09:03:24.078] [info] queryID 10, result_size 9, rtk_topk 512, accu_ip_cost 2187220, accu_query_time 0.52s,
[2023-05-21 09:18:47.001] [info] queryID 10, result_size 2189213, rtk_topk 1024, accu_ip_cost 2572611975, accu_query_time 923.44s,
[2023-05-21 09:18:47.001] [info] queryID 10, result_size 2189213, rtk_topk 1024, ip_cost 2572611975, query_time 923.44s, total_ip_cost 15446618966, total_retrieval_time 5536.81s
[2023-05-21 09:18:47.199] [info] queryID 11, result_size 0, rtk_topk 1, accu_ip_cost 2009638, accu_query_time 0.17s,
[2023-05-21 09:18:47.245] [info] queryID 11, result_size 0, rtk_topk 2, accu_ip_cost 2084914, accu_query_time 0.22s,
[2023-05-21 09:18:47.290] [info] queryID 11, result_size 0, rtk_topk 4, accu_ip_cost 2125918, accu_query_time 0.26s,
[2023-05-21 09:18:47.330] [info] queryID 11, result_size 0, rtk_topk 8, accu_ip_cost 2149242, accu_query_time 0.30s,
[2023-05-21 09:18:47.376] [info] queryID 11, result_size 0, rtk_topk 16, accu_ip_cost 2163964, accu_query_time 0.35s,
[2023-05-21 09:18:47.423] [info] queryID 11, result_size 0, rtk_topk 32, accu_ip_cost 2172770, accu_query_time 0.39s,
[2023-05-21 09:18:47.469] [info] queryID 11, result_size 0, rtk_topk 64, accu_ip_cost 2179264, accu_query_time 0.44s,
[2023-05-21 09:18:47.510] [info] queryID 11, result_size 4, rtk_topk 128, accu_ip_cost 2183786, accu_query_time 0.48s,
[2023-05-21 09:18:47.558] [info] queryID 11, result_size 21, rtk_topk 256, accu_ip_cost 2188512, accu_query_time 0.53s,
[2023-05-21 09:18:47.619] [info] queryID 11, result_size 90, rtk_topk 512, accu_ip_cost 2189430, accu_query_time 0.59s,
[2023-05-21 09:34:15.370] [info] queryID 11, result_size 2189159, rtk_topk 1024, accu_ip_cost 2572611975, accu_query_time 928.34s,
[2023-05-21 09:34:15.370] [info] queryID 11, result_size 2189159, rtk_topk 1024, ip_cost 2572611975, query_time 928.34s, total_ip_cost 18019230941, total_retrieval_time 6465.16s
[2023-05-21 09:34:15.555] [info] queryID 12, result_size 0, rtk_topk 1, accu_ip_cost 2109666, accu_query_time 0.16s,
[2023-05-21 09:34:15.602] [info] queryID 12, result_size 0, rtk_topk 2, accu_ip_cost 2145604, accu_query_time 0.20s,
[2023-05-21 09:34:15.648] [info] queryID 12, result_size 0, rtk_topk 4, accu_ip_cost 2162230, accu_query_time 0.25s,
[2023-05-21 09:34:15.694] [info] queryID 12, result_size 0, rtk_topk 8, accu_ip_cost 2171988, accu_query_time 0.30s,
[2023-05-21 09:34:15.738] [info] queryID 12, result_size 0, rtk_topk 16, accu_ip_cost 2178992, accu_query_time 0.34s,
[2023-05-21 09:34:15.784] [info] queryID 12, result_size 9, rtk_topk 32, accu_ip_cost 2183242, accu_query_time 0.39s,
[2023-05-21 09:34:15.817] [info] queryID 12, result_size 46, rtk_topk 64, accu_ip_cost 2187832, accu_query_time 0.42s,
[2023-05-21 09:34:15.851] [info] queryID 12, result_size 155, rtk_topk 128, accu_ip_cost 2189430, accu_query_time 0.45s,
[2023-05-21 09:34:15.851] [info] queryID 12, result_size 155, rtk_topk 128, ip_cost 2189430, query_time 0.45s, total_ip_cost 18021420371, total_retrieval_time 6465.61s
[2023-05-21 09:34:15.872] [info] queryID 13, result_size 0, rtk_topk 1, accu_ip_cost 1398250, accu_query_time 0.02s,
[2023-05-21 09:34:15.897] [info] queryID 13, result_size 0, rtk_topk 2, accu_ip_cost 1644240, accu_query_time 0.05s,
[2023-05-21 09:34:15.924] [info] queryID 13, result_size 0, rtk_topk 4, accu_ip_cost 1815668, accu_query_time 0.07s,
[2023-05-21 09:34:15.954] [info] queryID 13, result_size 0, rtk_topk 8, accu_ip_cost 1941094, accu_query_time 0.10s,
[2023-05-21 09:34:15.984] [info] queryID 13, result_size 0, rtk_topk 16, accu_ip_cost 2024734, accu_query_time 0.13s,
[2023-05-21 09:34:16.016] [info] queryID 13, result_size 0, rtk_topk 32, accu_ip_cost 2085356, accu_query_time 0.16s,
[2023-05-21 09:34:16.048] [info] queryID 13, result_size 0, rtk_topk 64, accu_ip_cost 2122722, accu_query_time 0.20s,
[2023-05-21 09:34:16.080] [info] queryID 13, result_size 0, rtk_topk 128, accu_ip_cost 2145400, accu_query_time 0.23s,
[2023-05-21 09:34:16.116] [info] queryID 13, result_size 0, rtk_topk 256, accu_ip_cost 2160938, accu_query_time 0.27s,
[2023-05-21 09:34:16.167] [info] queryID 13, result_size 0, rtk_topk 512, accu_ip_cost 2170968, accu_query_time 0.32s,
[2023-05-21 09:49:33.149] [info] queryID 13, result_size 2184035, rtk_topk 1024, accu_ip_cost 2572611975, accu_query_time 917.30s,
[2023-05-21 09:49:33.149] [info] queryID 13, result_size 2184035, rtk_topk 1024, ip_cost 2572611975, query_time 917.30s, total_ip_cost 20594032346, total_retrieval_time 7382.91s
[2023-05-21 09:49:33.379] [info] queryID 14, result_size 0, rtk_topk 1, accu_ip_cost 1772454, accu_query_time 0.20s,
[2023-05-21 09:49:33.410] [info] queryID 14, result_size 0, rtk_topk 2, accu_ip_cost 1925250, accu_query_time 0.23s,
[2023-05-21 09:49:33.441] [info] queryID 14, result_size 0, rtk_topk 4, accu_ip_cost 2021232, accu_query_time 0.26s,
[2023-05-21 09:49:33.472] [info] queryID 14, result_size 0, rtk_topk 8, accu_ip_cost 2083792, accu_query_time 0.29s,
[2023-05-21 09:49:33.504] [info] queryID 14, result_size 0, rtk_topk 16, accu_ip_cost 2122892, accu_query_time 0.33s,
[2023-05-21 09:49:33.537] [info] queryID 14, result_size 0, rtk_topk 32, accu_ip_cost 2146012, accu_query_time 0.36s,
[2023-05-21 09:49:33.570] [info] queryID 14, result_size 0, rtk_topk 64, accu_ip_cost 2161006, accu_query_time 0.39s,
[2023-05-21 09:49:33.603] [info] queryID 14, result_size 0, rtk_topk 128, accu_ip_cost 2171036, accu_query_time 0.42s,
[2023-05-21 09:49:33.639] [info] queryID 14, result_size 2, rtk_topk 256, accu_ip_cost 2178210, accu_query_time 0.46s,
[2023-05-21 09:49:33.688] [info] queryID 14, result_size 4, rtk_topk 512, accu_ip_cost 2183616, accu_query_time 0.51s,
[2023-05-21 10:04:54.960] [info] queryID 14, result_size 2189208, rtk_topk 1024, accu_ip_cost 2572611975, accu_query_time 921.78s,
[2023-05-21 10:04:54.960] [info] queryID 14, result_size 2189208, rtk_topk 1024, ip_cost 2572611975, query_time 921.78s, total_ip_cost 23166644321, total_retrieval_time 8304.69s
[2023-05-21 10:04:55.055] [info] queryID 15, result_size 0, rtk_topk 1, accu_ip_cost 936972, accu_query_time 0.07s,
[2023-05-21 10:04:55.095] [info] queryID 15, result_size 0, rtk_topk 2, accu_ip_cost 1230222, accu_query_time 0.11s,
[2023-05-21 10:04:55.124] [info] queryID 15, result_size 0, rtk_topk 4, accu_ip_cost 1479714, accu_query_time 0.14s,
[2023-05-21 10:04:55.152] [info] queryID 15, result_size 0, rtk_topk 8, accu_ip_cost 1682456, accu_query_time 0.16s,
[2023-05-21 10:04:55.182] [info] queryID 15, result_size 0, rtk_topk 16, accu_ip_cost 1838074, accu_query_time 0.19s,
[2023-05-21 10:04:55.213] [info] queryID 15, result_size 0, rtk_topk 32, accu_ip_cost 1954184, accu_query_time 0.22s,
[2023-05-21 10:04:55.244] [info] queryID 15, result_size 0, rtk_topk 64, accu_ip_cost 2035478, accu_query_time 0.26s,
[2023-05-21 10:04:55.277] [info] queryID 15, result_size 1, rtk_topk 128, accu_ip_cost 2091612, accu_query_time 0.29s,
[2023-05-21 10:04:55.314] [info] queryID 15, result_size 2, rtk_topk 256, accu_ip_cost 2126598, accu_query_time 0.33s,
[2023-05-21 10:04:55.364] [info] queryID 15, result_size 3, rtk_topk 512, accu_ip_cost 2149242, accu_query_time 0.38s,
[2023-05-21 10:20:22.804] [info] queryID 15, result_size 1582808, rtk_topk 1024, accu_ip_cost 2572611975, accu_query_time 927.82s,
[2023-05-21 10:20:22.804] [info] queryID 15, result_size 1582808, rtk_topk 1024, ip_cost 2572611975, query_time 927.82s, total_ip_cost 25739256296, total_retrieval_time 9232.50s
[2023-05-21 10:20:22.914] [info] queryID 16, result_size 0, rtk_topk 1, accu_ip_cost 1292510, accu_query_time 0.10s,
[2023-05-21 10:20:22.949] [info] queryID 16, result_size 0, rtk_topk 2, accu_ip_cost 1553936, accu_query_time 0.13s,
[2023-05-21 10:20:22.979] [info] queryID 16, result_size 0, rtk_topk 4, accu_ip_cost 1750320, accu_query_time 0.16s,
[2023-05-21 10:20:23.009] [info] queryID 16, result_size 0, rtk_topk 8, accu_ip_cost 1892950, accu_query_time 0.19s,
[2023-05-21 10:20:23.040] [info] queryID 16, result_size 0, rtk_topk 16, accu_ip_cost 1990666, accu_query_time 0.22s,
[2023-05-21 10:20:23.072] [info] queryID 16, result_size 0, rtk_topk 32, accu_ip_cost 2062202, accu_query_time 0.25s,
[2023-05-21 10:20:23.104] [info] queryID 16, result_size 0, rtk_topk 64, accu_ip_cost 2107796, accu_query_time 0.29s,
[2023-05-21 10:20:23.137] [info] queryID 16, result_size 2, rtk_topk 128, accu_ip_cost 2136016, accu_query_time 0.32s,
[2023-05-21 10:20:23.173] [info] queryID 16, result_size 6, rtk_topk 256, accu_ip_cost 2155226, accu_query_time 0.36s,
[2023-05-21 10:20:23.225] [info] queryID 16, result_size 7, rtk_topk 512, accu_ip_cost 2166922, accu_query_time 0.41s,
[2023-05-21 10:35:49.960] [info] queryID 16, result_size 2039078, rtk_topk 1024, accu_ip_cost 2572611975, accu_query_time 927.14s,
[2023-05-21 10:35:49.960] [info] queryID 16, result_size 2039078, rtk_topk 1024, ip_cost 2572611975, query_time 927.14s, total_ip_cost 28311868271, total_retrieval_time 10159.65s
[2023-05-21 10:35:50.015] [info] queryID 17, result_size 0, rtk_topk 1, accu_ip_cost 43248, accu_query_time 0.04s,
[2023-05-21 10:35:50.020] [info] queryID 17, result_size 0, rtk_topk 2, accu_ip_cost 100844, accu_query_time 0.04s,
[2023-05-21 10:35:50.028] [info] queryID 17, result_size 0, rtk_topk 4, accu_ip_cost 190536, accu_query_time 0.05s,
[2023-05-21 10:35:50.037] [info] queryID 17, result_size 0, rtk_topk 8, accu_ip_cost 317492, accu_query_time 0.06s,
[2023-05-21 10:35:50.049] [info] queryID 17, result_size 0, rtk_topk 16, accu_ip_cost 486880, accu_query_time 0.07s,
[2023-05-21 10:35:50.065] [info] queryID 17, result_size 0, rtk_topk 32, accu_ip_cost 705636, accu_query_time 0.09s,
[2023-05-21 10:35:50.085] [info] queryID 17, result_size 0, rtk_topk 64, accu_ip_cost 950640, accu_query_time 0.11s,
[2023-05-21 10:35:50.109] [info] queryID 17, result_size 0, rtk_topk 128, accu_ip_cost 1218186, accu_query_time 0.13s,
[2023-05-21 10:35:50.138] [info] queryID 17, result_size 0, rtk_topk 256, accu_ip_cost 1480258, accu_query_time 0.16s,
[2023-05-21 10:35:50.173] [info] queryID 17, result_size 0, rtk_topk 512, accu_ip_cost 1704692, accu_query_time 0.20s,
[2023-05-21 10:51:15.958] [info] queryID 17, result_size 742600, rtk_topk 1024, accu_ip_cost 2572611975, accu_query_time 925.98s,
[2023-05-21 10:51:15.958] [info] queryID 17, result_size 742600, rtk_topk 1024, ip_cost 2572611975, query_time 925.98s, total_ip_cost 30884480246, total_retrieval_time 11085.63s
[2023-05-21 10:51:15.966] [info] queryID 18, result_size 0, rtk_topk 1, accu_ip_cost 15946, accu_query_time 0.00s,
[2023-05-21 10:51:15.973] [info] queryID 18, result_size 0, rtk_topk 2, accu_ip_cost 41310, accu_query_time 0.01s,
[2023-05-21 10:51:15.979] [info] queryID 18, result_size 0, rtk_topk 4, accu_ip_cost 86700, accu_query_time 0.02s,
[2023-05-21 10:51:15.985] [info] queryID 18, result_size 0, rtk_topk 8, accu_ip_cost 158270, accu_query_time 0.02s,
[2023-05-21 10:51:15.993] [info] queryID 18, result_size 0, rtk_topk 16, accu_ip_cost 269382, accu_query_time 0.03s,
[2023-05-21 10:51:16.006] [info] queryID 18, result_size 0, rtk_topk 32, accu_ip_cost 429318, accu_query_time 0.04s,
[2023-05-21 10:51:16.023] [info] queryID 18, result_size 0, rtk_topk 64, accu_ip_cost 636106, accu_query_time 0.06s,
[2023-05-21 10:51:16.046] [info] queryID 18, result_size 0, rtk_topk 128, accu_ip_cost 886176, accu_query_time 0.08s,
[2023-05-21 10:51:16.077] [info] queryID 18, result_size 0, rtk_topk 256, accu_ip_cost 1163990, accu_query_time 0.11s,
[2023-05-21 10:51:16.119] [info] queryID 18, result_size 0, rtk_topk 512, accu_ip_cost 1442382, accu_query_time 0.16s,
[2023-05-21 11:06:46.207] [info] queryID 18, result_size 753774, rtk_topk 1024, accu_ip_cost 2572611975, accu_query_time 930.25s,
[2023-05-21 11:06:46.207] [info] queryID 18, result_size 753774, rtk_topk 1024, ip_cost 2572611975, query_time 930.25s, total_ip_cost 33457092221, total_retrieval_time 12015.87s
[2023-05-21 11:06:46.322] [info] queryID 19, result_size 0, rtk_topk 1, accu_ip_cost 1493280, accu_query_time 0.11s,
[2023-05-21 11:06:46.361] [info] queryID 19, result_size 0, rtk_topk 2, accu_ip_cost 1716592, accu_query_time 0.15s,
[2023-05-21 11:06:46.394] [info] queryID 19, result_size 0, rtk_topk 4, accu_ip_cost 1871972, accu_query_time 0.18s,
[2023-05-21 11:06:46.427] [info] queryID 19, result_size 0, rtk_topk 8, accu_ip_cost 1980500, accu_query_time 0.22s,
[2023-05-21 11:06:46.459] [info] queryID 19, result_size 0, rtk_topk 16, accu_ip_cost 2055470, accu_query_time 0.25s,
[2023-05-21 11:06:46.491] [info] queryID 19, result_size 0, rtk_topk 32, accu_ip_cost 2104022, accu_query_time 0.28s,
[2023-05-21 11:06:46.524] [info] queryID 19, result_size 0, rtk_topk 64, accu_ip_cost 2133568, accu_query_time 0.31s,
[2023-05-21 11:06:46.557] [info] queryID 19, result_size 0, rtk_topk 128, accu_ip_cost 2153118, accu_query_time 0.35s,
[2023-05-21 11:06:46.594] [info] queryID 19, result_size 0, rtk_topk 256, accu_ip_cost 2165630, accu_query_time 0.38s,
[2023-05-21 11:06:46.645] [info] queryID 19, result_size 0, rtk_topk 512, accu_ip_cost 2174538, accu_query_time 0.43s,
[2023-05-21 11:22:15.954] [info] queryID 19, result_size 2182710, rtk_topk 1024, accu_ip_cost 2572611975, accu_query_time 929.74s,
[2023-05-21 11:22:15.954] [info] queryID 19, result_size 2182710, rtk_topk 1024, ip_cost 2572611975, query_time 929.74s, total_ip_cost 36029704196, total_retrieval_time 12945.62s
[2023-05-21 11:22:16.161] [info] queryID 20, result_size 842, rtk_topk 1, accu_ip_cost 2189430, accu_query_time 0.18s,
[2023-05-21 11:22:16.161] [info] queryID 20, result_size 842, rtk_topk 1, ip_cost 2189430, query_time 0.18s, total_ip_cost 36031893626, total_retrieval_time 12945.79s
[2023-05-21 11:22:16.195] [info] queryID 21, result_size 0, rtk_topk 1, accu_ip_cost 2137206, accu_query_time 0.03s,
[2023-05-21 11:22:16.227] [info] queryID 21, result_size 0, rtk_topk 2, accu_ip_cost 2160326, accu_query_time 0.07s,
[2023-05-21 11:22:16.259] [info] queryID 21, result_size 0, rtk_topk 4, accu_ip_cost 2171648, accu_query_time 0.10s,
[2023-05-21 11:22:16.291] [info] queryID 21, result_size 0, rtk_topk 8, accu_ip_cost 2178108, accu_query_time 0.13s,
[2023-05-21 11:22:16.324] [info] queryID 21, result_size 0, rtk_topk 16, accu_ip_cost 2183378, accu_query_time 0.16s,
[2023-05-21 11:22:16.356] [info] queryID 21, result_size 0, rtk_topk 32, accu_ip_cost 2187458, accu_query_time 0.19s,
[2023-05-21 11:22:16.389] [info] queryID 21, result_size 0, rtk_topk 64, accu_ip_cost 2189430, accu_query_time 0.23s,
[2023-05-21 11:22:16.422] [info] queryID 21, result_size 6, rtk_topk 128, accu_ip_cost 2189430, accu_query_time 0.26s,
[2023-05-21 11:22:16.456] [info] queryID 21, result_size 58, rtk_topk 256, accu_ip_cost 2189430, accu_query_time 0.29s,
[2023-05-21 11:22:16.498] [info] queryID 21, result_size 533, rtk_topk 512, accu_ip_cost 2189430, accu_query_time 0.34s,
[2023-05-21 11:22:16.498] [info] queryID 21, result_size 533, rtk_topk 512, ip_cost 2189430, query_time 0.34s, total_ip_cost 36034083056, total_retrieval_time 12946.13s
[2023-05-21 11:22:16.529] [info] queryID 22, result_size 0, rtk_topk 1, accu_ip_cost 2056762, accu_query_time 0.03s,
[2023-05-21 11:22:16.560] [info] queryID 22, result_size 0, rtk_topk 2, accu_ip_cost 2112930, accu_query_time 0.06s,
[2023-05-21 11:22:16.592] [info] queryID 22, result_size 0, rtk_topk 4, accu_ip_cost 2143224, accu_query_time 0.09s,
[2023-05-21 11:22:16.631] [info] queryID 22, result_size 0, rtk_topk 8, accu_ip_cost 2160666, accu_query_time 0.13s,
[2023-05-21 11:22:16.666] [info] queryID 22, result_size 0, rtk_topk 16, accu_ip_cost 2170594, accu_query_time 0.17s,
[2023-05-21 11:22:16.699] [info] queryID 22, result_size 0, rtk_topk 32, accu_ip_cost 2177972, accu_query_time 0.20s,
[2023-05-21 11:22:16.731] [info] queryID 22, result_size 2, rtk_topk 64, accu_ip_cost 2182664, accu_query_time 0.23s,
[2023-05-21 11:22:16.764] [info] queryID 22, result_size 4, rtk_topk 128, accu_ip_cost 2187084, accu_query_time 0.27s,
[2023-05-21 11:22:16.796] [info] queryID 22, result_size 34, rtk_topk 256, accu_ip_cost 2189430, accu_query_time 0.30s,
[2023-05-21 11:22:16.829] [info] queryID 22, result_size 210, rtk_topk 512, accu_ip_cost 2189430, accu_query_time 0.33s,
[2023-05-21 11:22:16.829] [info] queryID 22, result_size 210, rtk_topk 512, ip_cost 2189430, query_time 0.33s, total_ip_cost 36036272486, total_retrieval_time 12946.46s
[2023-05-21 11:22:16.856] [info] queryID 23, result_size 0, rtk_topk 1, accu_ip_cost 1862486, accu_query_time 0.03s,
[2023-05-21 11:22:16.886] [info] queryID 23, result_size 0, rtk_topk 2, accu_ip_cost 1986824, accu_query_time 0.06s,
[2023-05-21 11:22:16.916] [info] queryID 23, result_size 0, rtk_topk 4, accu_ip_cost 2063358, accu_query_time 0.09s,
[2023-05-21 11:22:16.947] [info] queryID 23, result_size 0, rtk_topk 8, accu_ip_cost 2111842, accu_query_time 0.12s,
[2023-05-21 11:22:16.979] [info] queryID 23, result_size 3, rtk_topk 16, accu_ip_cost 2138940, accu_query_time 0.15s,
[2023-05-21 11:22:17.011] [info] queryID 23, result_size 6, rtk_topk 32, accu_ip_cost 2157266, accu_query_time 0.18s,
[2023-05-21 11:22:17.043] [info] queryID 23, result_size 9, rtk_topk 64, accu_ip_cost 2168214, accu_query_time 0.21s,
[2023-05-21 11:22:17.075] [info] queryID 23, result_size 11, rtk_topk 128, accu_ip_cost 2176272, accu_query_time 0.25s,
[2023-05-21 11:22:17.107] [info] queryID 23, result_size 13, rtk_topk 256, accu_ip_cost 2181678, accu_query_time 0.28s,
[2023-05-21 11:22:17.140] [info] queryID 23, result_size 27, rtk_topk 512, accu_ip_cost 2187050, accu_query_time 0.31s,
[2023-05-21 11:37:38.822] [info] queryID 23, result_size 2188608, rtk_topk 1024, accu_ip_cost 2572611975, accu_query_time 921.99s,
[2023-05-21 11:37:38.822] [info] queryID 23, result_size 2188608, rtk_topk 1024, ip_cost 2572611975, query_time 921.99s, total_ip_cost 38608884461, total_retrieval_time 13868.45s
[2023-05-21 11:37:38.962] [info] queryID 24, result_size 0, rtk_topk 1, accu_ip_cost 1703638, accu_query_time 0.11s,
[2023-05-21 11:37:39.005] [info] queryID 24, result_size 0, rtk_topk 2, accu_ip_cost 1878704, accu_query_time 0.15s,
[2023-05-21 11:37:39.041] [info] queryID 24, result_size 0, rtk_topk 4, accu_ip_cost 1989136, accu_query_time 0.19s,
[2023-05-21 11:37:39.090] [info] queryID 24, result_size 0, rtk_topk 8, accu_ip_cost 2060672, accu_query_time 0.24s,
[2023-05-21 11:37:39.128] [info] queryID 24, result_size 0, rtk_topk 16, accu_ip_cost 2108034, accu_query_time 0.28s,
[2023-05-21 11:37:39.166] [info] queryID 24, result_size 0, rtk_topk 32, accu_ip_cost 2136900, accu_query_time 0.31s,
[2023-05-21 11:37:39.211] [info] queryID 24, result_size 1, rtk_topk 64, accu_ip_cost 2155498, accu_query_time 0.36s,
[2023-05-21 11:37:39.250] [info] queryID 24, result_size 4, rtk_topk 128, accu_ip_cost 2166956, accu_query_time 0.40s,
[2023-05-21 11:37:39.297] [info] queryID 24, result_size 21, rtk_topk 256, accu_ip_cost 2175626, accu_query_time 0.45s,
[2023-05-21 11:37:39.343] [info] queryID 24, result_size 54, rtk_topk 512, accu_ip_cost 2181372, accu_query_time 0.49s,
[2023-05-21 11:53:03.776] [info] queryID 24, result_size 1837733, rtk_topk 1024, accu_ip_cost 2572611975, accu_query_time 924.92s,
[2023-05-21 11:53:03.776] [info] queryID 24, result_size 1837733, rtk_topk 1024, ip_cost 2572611975, query_time 924.92s, total_ip_cost 41181496436, total_retrieval_time 14793.38s
[2023-05-21 11:53:03.905] [info] queryID 25, result_size 0, rtk_topk 1, accu_ip_cost 1818626, accu_query_time 0.11s,
[2023-05-21 11:53:03.937] [info] queryID 25, result_size 0, rtk_topk 2, accu_ip_cost 1958876, accu_query_time 0.15s,
[2023-05-21 11:53:03.968] [info] queryID 25, result_size 0, rtk_topk 4, accu_ip_cost 2043434, accu_query_time 0.18s,
[2023-05-21 11:53:04.000] [info] queryID 25, result_size 0, rtk_topk 8, accu_ip_cost 2099806, accu_query_time 0.21s,
[2023-05-21 11:53:04.032] [info] queryID 25, result_size 0, rtk_topk 16, accu_ip_cost 2132038, accu_query_time 0.24s,
[2023-05-21 11:53:04.064] [info] queryID 25, result_size 2, rtk_topk 32, accu_ip_cost 2152268, accu_query_time 0.27s,
[2023-05-21 11:53:04.096] [info] queryID 25, result_size 4, rtk_topk 64, accu_ip_cost 2164950, accu_query_time 0.31s,
[2023-05-21 11:53:04.136] [info] queryID 25, result_size 7, rtk_topk 128, accu_ip_cost 2173926, accu_query_time 0.35s,
[2023-05-21 11:53:04.178] [info] queryID 25, result_size 18, rtk_topk 256, accu_ip_cost 2179944, accu_query_time 0.39s,
[2023-05-21 11:53:04.228] [info] queryID 25, result_size 69, rtk_topk 512, accu_ip_cost 2185758, accu_query_time 0.44s,
[2023-05-21 12:08:27.773] [info] queryID 25, result_size 2045763, rtk_topk 1024, accu_ip_cost 2572611975, accu_query_time 923.98s,
[2023-05-21 12:08:27.773] [info] queryID 25, result_size 2045763, rtk_topk 1024, ip_cost 2572611975, query_time 923.98s, total_ip_cost 43754108411, total_retrieval_time 15717.36s
[2023-05-21 12:08:27.950] [info] queryID 26, result_size 0, rtk_topk 1, accu_ip_cost 1706528, accu_query_time 0.16s,
[2023-05-21 12:08:27.979] [info] queryID 26, result_size 0, rtk_topk 2, accu_ip_cost 1880846, accu_query_time 0.19s,
[2023-05-21 12:08:28.009] [info] queryID 26, result_size 0, rtk_topk 4, accu_ip_cost 1990768, accu_query_time 0.22s,
[2023-05-21 12:08:28.040] [info] queryID 26, result_size 0, rtk_topk 8, accu_ip_cost 2061964, accu_query_time 0.25s,
[2023-05-21 12:08:28.072] [info] queryID 26, result_size 0, rtk_topk 16, accu_ip_cost 2108748, accu_query_time 0.28s,
[2023-05-21 12:08:28.103] [info] queryID 26, result_size 0, rtk_topk 32, accu_ip_cost 2137070, accu_query_time 0.31s,
[2023-05-21 12:08:28.135] [info] queryID 26, result_size 0, rtk_topk 64, accu_ip_cost 2155668, accu_query_time 0.35s,
[2023-05-21 12:08:28.168] [info] queryID 26, result_size 5, rtk_topk 128, accu_ip_cost 2167092, accu_query_time 0.38s,
[2023-05-21 12:08:28.203] [info] queryID 26, result_size 15, rtk_topk 256, accu_ip_cost 2175728, accu_query_time 0.41s,
[2023-05-21 12:08:28.245] [info] queryID 26, result_size 37, rtk_topk 512, accu_ip_cost 2181474, accu_query_time 0.46s,
[2023-05-21 12:23:53.186] [info] queryID 26, result_size 1984137, rtk_topk 1024, accu_ip_cost 2572611975, accu_query_time 925.40s,
[2023-05-21 12:23:53.186] [info] queryID 26, result_size 1984137, rtk_topk 1024, ip_cost 2572611975, query_time 925.40s, total_ip_cost 46326720386, total_retrieval_time 16642.76s
[2023-05-21 12:23:53.225] [info] queryID 27, result_size 0, rtk_topk 1, accu_ip_cost 0, accu_query_time 0.02s,
[2023-05-21 12:23:53.234] [info] queryID 27, result_size 0, rtk_topk 2, accu_ip_cost 0, accu_query_time 0.03s,
[2023-05-21 12:23:53.251] [info] queryID 27, result_size 0, rtk_topk 4, accu_ip_cost 0, accu_query_time 0.05s,
[2023-05-21 12:23:53.267] [info] queryID 27, result_size 0, rtk_topk 8, accu_ip_cost 0, accu_query_time 0.06s,
[2023-05-21 12:23:53.283] [info] queryID 27, result_size 0, rtk_topk 16, accu_ip_cost 0, accu_query_time 0.08s,
[2023-05-21 12:23:53.300] [info] queryID 27, result_size 0, rtk_topk 32, accu_ip_cost 0, accu_query_time 0.10s,
[2023-05-21 12:23:53.316] [info] queryID 27, result_size 0, rtk_topk 64, accu_ip_cost 0, accu_query_time 0.11s,
[2023-05-21 12:23:53.330] [info] queryID 27, result_size 0, rtk_topk 128, accu_ip_cost 0, accu_query_time 0.13s,
[2023-05-21 12:23:53.346] [info] queryID 27, result_size 0, rtk_topk 256, accu_ip_cost 0, accu_query_time 0.14s,
[2023-05-21 12:23:53.362] [info] queryID 27, result_size 0, rtk_topk 512, accu_ip_cost 0, accu_query_time 0.16s,
[2023-05-21 12:39:18.905] [info] queryID 27, result_size 172145, rtk_topk 1024, accu_ip_cost 2572611975, accu_query_time 925.70s,
[2023-05-21 12:39:18.905] [info] queryID 27, result_size 172145, rtk_topk 1024, ip_cost 2572611975, query_time 925.70s, total_ip_cost 48899332361, total_retrieval_time 17568.46s
[2023-05-21 12:39:19.132] [info] queryID 28, result_size 0, rtk_topk 1, accu_ip_cost 2119254, accu_query_time 0.23s,
[2023-05-21 12:39:19.178] [info] queryID 28, result_size 0, rtk_topk 2, accu_ip_cost 2151112, accu_query_time 0.27s,
[2023-05-21 12:39:19.224] [info] queryID 28, result_size 0, rtk_topk 4, accu_ip_cost 2166106, accu_query_time 0.32s,
[2023-05-21 12:39:19.270] [info] queryID 28, result_size 0, rtk_topk 8, accu_ip_cost 2174028, accu_query_time 0.36s,
[2023-05-21 12:39:19.318] [info] queryID 28, result_size 1, rtk_topk 16, accu_ip_cost 2180488, accu_query_time 0.41s,
[2023-05-21 12:39:19.354] [info] queryID 28, result_size 7, rtk_topk 32, accu_ip_cost 2184738, accu_query_time 0.45s,
[2023-05-21 12:39:19.387] [info] queryID 28, result_size 39, rtk_topk 64, accu_ip_cost 2188886, accu_query_time 0.48s,
[2023-05-21 12:39:19.420] [info] queryID 28, result_size 146, rtk_topk 128, accu_ip_cost 2189430, accu_query_time 0.51s,
[2023-05-21 12:39:19.420] [info] queryID 28, result_size 146, rtk_topk 128, ip_cost 2189430, query_time 0.51s, total_ip_cost 48901521791, total_retrieval_time 17568.97s
[2023-05-21 12:39:19.449] [info] queryID 29, result_size 0, rtk_topk 1, accu_ip_cost 1933512, accu_query_time 0.03s,
[2023-05-21 12:39:19.479] [info] queryID 29, result_size 0, rtk_topk 2, accu_ip_cost 2035342, accu_query_time 0.06s,
[2023-05-21 12:39:19.510] [info] queryID 29, result_size 0, rtk_topk 4, accu_ip_cost 2095420, accu_query_time 0.09s,
[2023-05-21 12:39:19.541] [info] queryID 29, result_size 0, rtk_topk 8, accu_ip_cost 2130610, accu_query_time 0.12s,
[2023-05-21 12:39:19.573] [info] queryID 29, result_size 0, rtk_topk 16, accu_ip_cost 2151520, accu_query_time 0.15s,
[2023-05-21 12:39:19.605] [info] queryID 29, result_size 0, rtk_topk 32, accu_ip_cost 2165052, accu_query_time 0.18s,
[2023-05-21 12:39:19.637] [info] queryID 29, result_size 1, rtk_topk 64, accu_ip_cost 2173824, accu_query_time 0.22s,
[2023-05-21 12:39:19.670] [info] queryID 29, result_size 1, rtk_topk 128, accu_ip_cost 2179842, accu_query_time 0.25s,
[2023-05-21 12:39:19.709] [info] queryID 29, result_size 8, rtk_topk 256, accu_ip_cost 2184670, accu_query_time 0.29s,
[2023-05-21 12:39:19.774] [info] queryID 29, result_size 21, rtk_topk 512, accu_ip_cost 2188920, accu_query_time 0.35s,
[2023-05-21 12:54:46.130] [info] queryID 29, result_size 2187319, rtk_topk 1024, accu_ip_cost 2572611975, accu_query_time 926.71s,
[2023-05-21 12:54:46.130] [info] queryID 29, result_size 2187319, rtk_topk 1024, ip_cost 2572611975, query_time 926.71s, total_ip_cost 51474133766, total_retrieval_time 18495.68s
[2023-05-21 12:54:46.318] [info] queryID 30, result_size 0, rtk_topk 1, accu_ip_cost 2093618, accu_query_time 0.16s,
[2023-05-21 12:54:46.363] [info] queryID 30, result_size 0, rtk_topk 2, accu_ip_cost 2136322, accu_query_time 0.20s,
[2023-05-21 12:54:46.395] [info] queryID 30, result_size 0, rtk_topk 4, accu_ip_cost 2156858, accu_query_time 0.23s,
[2023-05-21 12:54:46.428] [info] queryID 30, result_size 0, rtk_topk 8, accu_ip_cost 2169268, accu_query_time 0.27s,
[2023-05-21 12:54:46.460] [info] queryID 30, result_size 0, rtk_topk 16, accu_ip_cost 2176646, accu_query_time 0.30s,
[2023-05-21 12:54:46.492] [info] queryID 30, result_size 1, rtk_topk 32, accu_ip_cost 2181678, accu_query_time 0.33s,
[2023-05-21 12:54:46.525] [info] queryID 30, result_size 5, rtk_topk 64, accu_ip_cost 2186132, accu_query_time 0.36s,
[2023-05-21 12:54:46.558] [info] queryID 30, result_size 70, rtk_topk 128, accu_ip_cost 2189328, accu_query_time 0.40s,
[2023-05-21 12:54:46.594] [info] queryID 30, result_size 361, rtk_topk 256, accu_ip_cost 2189430, accu_query_time 0.43s,
[2023-05-21 12:54:46.594] [info] queryID 30, result_size 361, rtk_topk 256, ip_cost 2189430, query_time 0.43s, total_ip_cost 51476323196, total_retrieval_time 18496.12s
[2023-05-21 12:54:46.597] [info] queryID 31, result_size 0, rtk_topk 1, accu_ip_cost 14450, accu_query_time 0.00s,
[2023-05-21 12:54:46.599] [info] queryID 31, result_size 0, rtk_topk 2, accu_ip_cost 37842, accu_query_time 0.01s,
[2023-05-21 12:54:46.602] [info] queryID 31, result_size 0, rtk_topk 4, accu_ip_cost 80070, accu_query_time 0.01s,
[2023-05-21 12:54:46.605] [info] queryID 31, result_size 0, rtk_topk 8, accu_ip_cost 148206, accu_query_time 0.01s,
[2023-05-21 12:54:46.609] [info] queryID 31, result_size 0, rtk_topk 16, accu_ip_cost 253368, accu_query_time 0.02s,
[2023-05-21 12:54:46.615] [info] queryID 31, result_size 0, rtk_topk 32, accu_ip_cost 407830, accu_query_time 0.02s,
[2023-05-21 12:54:46.624] [info] queryID 31, result_size 0, rtk_topk 64, accu_ip_cost 610266, accu_query_time 0.03s,
[2023-05-21 12:54:46.636] [info] queryID 31, result_size 0, rtk_topk 128, accu_ip_cost 857344, accu_query_time 0.04s,
[2023-05-21 12:54:46.653] [info] queryID 31, result_size 0, rtk_topk 256, accu_ip_cost 1134920, accu_query_time 0.06s,
[2023-05-21 12:54:46.685] [info] queryID 31, result_size 0, rtk_topk 512, accu_ip_cost 1416304, accu_query_time 0.09s,
[2023-05-21 13:10:11.285] [info] queryID 31, result_size 937443, rtk_topk 1024, accu_ip_cost 2572611975, accu_query_time 924.69s,
[2023-05-21 13:10:11.285] [info] queryID 31, result_size 937443, rtk_topk 1024, ip_cost 2572611975, query_time 924.69s, total_ip_cost 54048935171, total_retrieval_time 19420.81s
[2023-05-21 13:10:11.371] [info] queryID 32, result_size 0, rtk_topk 1, accu_ip_cost 599182, accu_query_time 0.08s,
[2023-05-21 13:10:11.397] [info] queryID 32, result_size 0, rtk_topk 2, accu_ip_cost 865946, accu_query_time 0.11s,
[2023-05-21 13:10:11.423] [info] queryID 32, result_size 0, rtk_topk 4, accu_ip_cost 1131826, accu_query_time 0.13s,
[2023-05-21 13:10:11.450] [info] queryID 32, result_size 0, rtk_topk 8, accu_ip_cost 1380060, accu_query_time 0.16s,
[2023-05-21 13:10:11.478] [info] queryID 32, result_size 0, rtk_topk 16, accu_ip_cost 1601230, accu_query_time 0.19s,
[2023-05-21 13:10:11.505] [info] queryID 32, result_size 0, rtk_topk 32, accu_ip_cost 1775412, accu_query_time 0.22s,
[2023-05-21 13:10:11.534] [info] queryID 32, result_size 0, rtk_topk 64, accu_ip_cost 1908556, accu_query_time 0.25s,
[2023-05-21 13:10:11.565] [info] queryID 32, result_size 0, rtk_topk 128, accu_ip_cost 2004980, accu_query_time 0.28s,
[2023-05-21 13:10:11.600] [info] queryID 32, result_size 0, rtk_topk 256, accu_ip_cost 2071960, accu_query_time 0.31s,
[2023-05-21 13:10:11.648] [info] queryID 32, result_size 0, rtk_topk 512, accu_ip_cost 2115038, accu_query_time 0.36s,
[2023-05-21 13:25:34.953] [info] queryID 32, result_size 840518, rtk_topk 1024, accu_ip_cost 2572611975, accu_query_time 923.66s,
[2023-05-21 13:25:34.953] [info] queryID 32, result_size 840518, rtk_topk 1024, ip_cost 2572611975, query_time 923.66s, total_ip_cost 56621547146, total_retrieval_time 20344.47s
[2023-05-21 13:25:34.996] [info] queryID 33, result_size 0, rtk_topk 1, accu_ip_cost 481406, accu_query_time 0.04s,
[2023-05-21 13:25:35.015] [info] queryID 33, result_size 0, rtk_topk 2, accu_ip_cost 731340, accu_query_time 0.06s,
[2023-05-21 13:25:35.037] [info] queryID 33, result_size 0, rtk_topk 4, accu_ip_cost 989060, accu_query_time 0.08s,
[2023-05-21 13:25:35.062] [info] queryID 33, result_size 0, rtk_topk 8, accu_ip_cost 1243924, accu_query_time 0.10s,
[2023-05-21 13:25:35.091] [info] queryID 33, result_size 0, rtk_topk 16, accu_ip_cost 1480734, accu_query_time 0.13s,
[2023-05-21 13:25:35.121] [info] queryID 33, result_size 0, rtk_topk 32, accu_ip_cost 1683884, accu_query_time 0.16s,
[2023-05-21 13:25:35.153] [info] queryID 33, result_size 0, rtk_topk 64, accu_ip_cost 1838754, accu_query_time 0.20s,
[2023-05-21 13:25:35.187] [info] queryID 33, result_size 0, rtk_topk 128, accu_ip_cost 1955918, accu_query_time 0.23s,
[2023-05-21 13:25:35.227] [info] queryID 33, result_size 0, rtk_topk 256, accu_ip_cost 2040034, accu_query_time 0.27s,
[2023-05-21 13:25:35.279] [info] queryID 33, result_size 0, rtk_topk 512, accu_ip_cost 2095284, accu_query_time 0.32s,
[2023-05-21 13:41:01.138] [info] queryID 33, result_size 1496360, rtk_topk 1024, accu_ip_cost 2572611975, accu_query_time 926.18s,
[2023-05-21 13:41:01.138] [info] queryID 33, result_size 1496360, rtk_topk 1024, ip_cost 2572611975, query_time 926.18s, total_ip_cost 59194159121, total_retrieval_time 21270.65s
[2023-05-21 13:41:01.345] [info] queryID 34, result_size 0, rtk_topk 1, accu_ip_cost 2116160, accu_query_time 0.20s,
[2023-05-21 13:41:01.379] [info] queryID 34, result_size 0, rtk_topk 2, accu_ip_cost 2149480, accu_query_time 0.23s,
[2023-05-21 13:41:01.411] [info] queryID 34, result_size 0, rtk_topk 4, accu_ip_cost 2164678, accu_query_time 0.26s,
[2023-05-21 13:41:01.443] [info] queryID 34, result_size 1, rtk_topk 8, accu_ip_cost 2173212, accu_query_time 0.29s,
[2023-05-21 13:41:01.475] [info] queryID 34, result_size 4, rtk_topk 16, accu_ip_cost 2179774, accu_query_time 0.33s,
[2023-05-21 13:41:01.510] [info] queryID 34, result_size 10, rtk_topk 32, accu_ip_cost 2184126, accu_query_time 0.36s,
[2023-05-21 13:41:01.549] [info] queryID 34, result_size 37, rtk_topk 64, accu_ip_cost 2188410, accu_query_time 0.40s,
[2023-05-21 13:41:01.582] [info] queryID 34, result_size 128, rtk_topk 128, accu_ip_cost 2189430, accu_query_time 0.43s,
[2023-05-21 13:41:01.582] [info] queryID 34, result_size 128, rtk_topk 128, ip_cost 2189430, query_time 0.43s, total_ip_cost 59196348551, total_retrieval_time 21271.09s
[2023-05-21 13:41:01.585] [info] queryID 35, result_size 0, rtk_topk 1, accu_ip_cost 0, accu_query_time 0.00s,
[2023-05-21 13:41:01.588] [info] queryID 35, result_size 0, rtk_topk 2, accu_ip_cost 0, accu_query_time 0.01s,
[2023-05-21 13:41:01.590] [info] queryID 35, result_size 0, rtk_topk 4, accu_ip_cost 0, accu_query_time 0.01s,
[2023-05-21 13:41:01.593] [info] queryID 35, result_size 0, rtk_topk 8, accu_ip_cost 0, accu_query_time 0.01s,
[2023-05-21 13:41:01.596] [info] queryID 35, result_size 0, rtk_topk 16, accu_ip_cost 0, accu_query_time 0.01s,
[2023-05-21 13:41:01.598] [info] queryID 35, result_size 0, rtk_topk 32, accu_ip_cost 0, accu_query_time 0.02s,
[2023-05-21 13:41:01.601] [info] queryID 35, result_size 0, rtk_topk 64, accu_ip_cost 0, accu_query_time 0.02s,
[2023-05-21 13:41:01.604] [info] queryID 35, result_size 0, rtk_topk 128, accu_ip_cost 0, accu_query_time 0.02s,
[2023-05-21 13:41:01.606] [info] queryID 35, result_size 0, rtk_topk 256, accu_ip_cost 0, accu_query_time 0.02s,
[2023-05-21 13:41:01.609] [info] queryID 35, result_size 0, rtk_topk 512, accu_ip_cost 0, accu_query_time 0.03s,
[2023-05-21 13:56:21.411] [info] queryID 35, result_size 75325, rtk_topk 1024, accu_ip_cost 2572611975, accu_query_time 919.83s,
[2023-05-21 13:56:21.411] [info] queryID 35, result_size 75325, rtk_topk 1024, ip_cost 2572611975, query_time 919.83s, total_ip_cost 61768960526, total_retrieval_time 22190.91s
[2023-05-21 13:56:21.534] [info] queryID 36, result_size 0, rtk_topk 1, accu_ip_cost 2174606, accu_query_time 0.12s,
[2023-05-21 13:56:21.572] [info] queryID 36, result_size 0, rtk_topk 2, accu_ip_cost 2182018, accu_query_time 0.16s,
[2023-05-21 13:56:21.605] [info] queryID 36, result_size 3, rtk_topk 4, accu_ip_cost 2187730, accu_query_time 0.19s,
[2023-05-21 13:56:21.637] [info] queryID 36, result_size 10, rtk_topk 8, accu_ip_cost 2189430, accu_query_time 0.23s,
[2023-05-21 13:56:21.669] [info] queryID 36, result_size 26, rtk_topk 16, accu_ip_cost 2189430, accu_query_time 0.26s,
[2023-05-21 13:56:21.702] [info] queryID 36, result_size 66, rtk_topk 32, accu_ip_cost 2189430, accu_query_time 0.29s,
[2023-05-21 13:56:21.734] [info] queryID 36, result_size 152, rtk_topk 64, accu_ip_cost 2189430, accu_query_time 0.32s,
[2023-05-21 13:56:21.734] [info] queryID 36, result_size 152, rtk_topk 64, ip_cost 2189430, query_time 0.32s, total_ip_cost 61771149956, total_retrieval_time 22191.24s
[2023-05-21 13:56:21.753] [info] queryID 37, result_size 0, rtk_topk 1, accu_ip_cost 1321682, accu_query_time 0.02s,
[2023-05-21 13:56:21.776] [info] queryID 37, result_size 0, rtk_topk 2, accu_ip_cost 1579708, accu_query_time 0.04s,
[2023-05-21 13:56:21.802] [info] queryID 37, result_size 0, rtk_topk 4, accu_ip_cost 1769360, accu_query_time 0.07s,
[2023-05-21 13:56:21.830] [info] queryID 37, result_size 0, rtk_topk 8, accu_ip_cost 1907910, accu_query_time 0.10s,
[2023-05-21 13:56:21.860] [info] queryID 37, result_size 0, rtk_topk 16, accu_ip_cost 2001070, accu_query_time 0.13s,
[2023-05-21 13:56:21.890] [info] queryID 37, result_size 0, rtk_topk 32, accu_ip_cost 2068730, accu_query_time 0.16s,
[2023-05-21 13:56:21.921] [info] queryID 37, result_size 0, rtk_topk 64, accu_ip_cost 2112930, accu_query_time 0.19s,
[2023-05-21 13:56:21.953] [info] queryID 37, result_size 0, rtk_topk 128, accu_ip_cost 2139144, accu_query_time 0.22s,
[2023-05-21 13:56:21.990] [info] queryID 37, result_size 0, rtk_topk 256, accu_ip_cost 2157028, accu_query_time 0.26s,
[2023-05-21 13:56:22.050] [info] queryID 37, result_size 0, rtk_topk 512, accu_ip_cost 2167908, accu_query_time 0.32s,
[2023-05-21 14:11:43.778] [info] queryID 37, result_size 2189439, rtk_topk 1024, accu_ip_cost 2572611975, accu_query_time 922.04s,
[2023-05-21 14:11:43.778] [info] queryID 37, result_size 2189439, rtk_topk 1024, ip_cost 2572611975, query_time 922.04s, total_ip_cost 64343761931, total_retrieval_time 23113.28s
[2023-05-21 14:11:43.940] [info] queryID 38, result_size 0, rtk_topk 1, accu_ip_cost 1968294, accu_query_time 0.13s,
[2023-05-21 14:11:43.985] [info] queryID 38, result_size 0, rtk_topk 2, accu_ip_cost 2058598, accu_query_time 0.18s,
[2023-05-21 14:11:44.030] [info] queryID 38, result_size 0, rtk_topk 4, accu_ip_cost 2109462, accu_query_time 0.22s,
[2023-05-21 14:11:44.074] [info] queryID 38, result_size 0, rtk_topk 8, accu_ip_cost 2139246, accu_query_time 0.26s,
[2023-05-21 14:11:44.119] [info] queryID 38, result_size 0, rtk_topk 16, accu_ip_cost 2157776, accu_query_time 0.31s,
[2023-05-21 14:11:44.165] [info] queryID 38, result_size 2, rtk_topk 32, accu_ip_cost 2168588, accu_query_time 0.36s,
[2023-05-21 14:11:44.206] [info] queryID 38, result_size 2, rtk_topk 64, accu_ip_cost 2176238, accu_query_time 0.40s,
[2023-05-21 14:11:44.251] [info] queryID 38, result_size 5, rtk_topk 128, accu_ip_cost 2181372, accu_query_time 0.44s,
[2023-05-21 14:11:44.288] [info] queryID 38, result_size 11, rtk_topk 256, accu_ip_cost 2186812, accu_query_time 0.48s,
[2023-05-21 14:11:44.339] [info] queryID 38, result_size 36, rtk_topk 512, accu_ip_cost 2189396, accu_query_time 0.53s,
[2023-05-21 14:27:07.030] [info] queryID 38, result_size 2189129, rtk_topk 1024, accu_ip_cost 2572611975, accu_query_time 923.22s,
[2023-05-21 14:27:07.030] [info] queryID 38, result_size 2189129, rtk_topk 1024, ip_cost 2572611975, query_time 923.22s, total_ip_cost 66916373906, total_retrieval_time 24036.50s
[2023-05-21 14:27:07.102] [info] queryID 39, result_size 0, rtk_topk 1, accu_ip_cost 614312, accu_query_time 0.04s,
[2023-05-21 14:27:07.138] [info] queryID 39, result_size 0, rtk_topk 2, accu_ip_cost 883184, accu_query_time 0.08s,
[2023-05-21 14:27:07.184] [info] queryID 39, result_size 0, rtk_topk 4, accu_ip_cost 1151138, accu_query_time 0.12s,
[2023-05-21 14:27:07.210] [info] queryID 39, result_size 0, rtk_topk 8, accu_ip_cost 1396958, accu_query_time 0.15s,
[2023-05-21 14:27:07.258] [info] queryID 39, result_size 0, rtk_topk 16, accu_ip_cost 1614932, accu_query_time 0.20s,
[2023-05-21 14:27:07.294] [info] queryID 39, result_size 0, rtk_topk 32, accu_ip_cost 1785612, accu_query_time 0.23s,
[2023-05-21 14:27:07.329] [info] queryID 39, result_size 0, rtk_topk 64, accu_ip_cost 1916274, accu_query_time 0.27s,
[2023-05-21 14:27:07.360] [info] queryID 39, result_size 0, rtk_topk 128, accu_ip_cost 2010046, accu_query_time 0.30s,
[2023-05-21 14:27:07.394] [info] queryID 39, result_size 0, rtk_topk 256, accu_ip_cost 2075156, accu_query_time 0.33s,
[2023-05-21 14:27:07.440] [info] queryID 39, result_size 0, rtk_topk 512, accu_ip_cost 2117554, accu_query_time 0.38s,
[2023-05-21 14:42:30.563] [info] queryID 39, result_size 1781516, rtk_topk 1024, accu_ip_cost 2572611975, accu_query_time 923.50s,
[2023-05-21 14:42:30.563] [info] queryID 39, result_size 1781516, rtk_topk 1024, ip_cost 2572611975, query_time 923.50s, total_ip_cost 69488985881, total_retrieval_time 24960.00s
[2023-05-21 14:42:30.738] [info] queryID 40, result_size 0, rtk_topk 1, accu_ip_cost 2112896, accu_query_time 0.16s,
[2023-05-21 14:42:30.771] [info] queryID 40, result_size 0, rtk_topk 2, accu_ip_cost 2147542, accu_query_time 0.19s,
[2023-05-21 14:42:30.803] [info] queryID 40, result_size 0, rtk_topk 4, accu_ip_cost 2163182, accu_query_time 0.22s,
[2023-05-21 14:42:30.835] [info] queryID 40, result_size 0, rtk_topk 8, accu_ip_cost 2172566, accu_query_time 0.26s,
[2023-05-21 14:42:30.868] [info] queryID 40, result_size 1, rtk_topk 16, accu_ip_cost 2179366, accu_query_time 0.29s,
[2023-05-21 14:42:30.900] [info] queryID 40, result_size 6, rtk_topk 32, accu_ip_cost 2183786, accu_query_time 0.32s,
[2023-05-21 14:42:30.933] [info] queryID 40, result_size 22, rtk_topk 64, accu_ip_cost 2188206, accu_query_time 0.35s,
[2023-05-21 14:42:30.965] [info] queryID 40, result_size 96, rtk_topk 128, accu_ip_cost 2189430, accu_query_time 0.38s,
[2023-05-21 14:42:30.999] [info] queryID 40, result_size 330, rtk_topk 256, accu_ip_cost 2189430, accu_query_time 0.42s,
[2023-05-21 14:42:30.999] [info] queryID 40, result_size 330, rtk_topk 256, ip_cost 2189430, query_time 0.42s, total_ip_cost 69491175311, total_retrieval_time 24960.42s
[2023-05-21 14:42:31.002] [info] queryID 41, result_size 0, rtk_topk 1, accu_ip_cost 7412, accu_query_time 0.00s,
[2023-05-21 14:42:31.005] [info] queryID 41, result_size 0, rtk_topk 2, accu_ip_cost 22644, accu_query_time 0.01s,
[2023-05-21 14:42:31.007] [info] queryID 41, result_size 0, rtk_topk 4, accu_ip_cost 50422, accu_query_time 0.01s,
[2023-05-21 14:42:31.010] [info] queryID 41, result_size 0, rtk_topk 8, accu_ip_cost 98158, accu_query_time 0.01s,
[2023-05-21 14:42:31.014] [info] queryID 41, result_size 0, rtk_topk 16, accu_ip_cost 175304, accu_query_time 0.01s,
[2023-05-21 14:42:31.018] [info] queryID 41, result_size 0, rtk_topk 32, accu_ip_cost 292502, accu_query_time 0.02s,
[2023-05-21 14:42:31.031] [info] queryID 41, result_size 0, rtk_topk 64, accu_ip_cost 464508, accu_query_time 0.03s,
[2023-05-21 14:42:31.041] [info] queryID 41, result_size 0, rtk_topk 128, accu_ip_cost 688534, accu_query_time 0.04s,
[2023-05-21 14:42:31.055] [info] queryID 41, result_size 0, rtk_topk 256, accu_ip_cost 955604, accu_query_time 0.06s,
[2023-05-21 14:42:31.078] [info] queryID 41, result_size 0, rtk_topk 512, accu_ip_cost 1246678, accu_query_time 0.08s,
[2023-05-21 14:57:54.061] [info] queryID 41, result_size 958632, rtk_topk 1024, accu_ip_cost 2572611975, accu_query_time 923.06s,
[2023-05-21 14:57:54.061] [info] queryID 41, result_size 958632, rtk_topk 1024, ip_cost 2572611975, query_time 923.06s, total_ip_cost 72063787286, total_retrieval_time 25883.48s
[2023-05-21 14:57:54.203] [info] queryID 42, result_size 0, rtk_topk 1, accu_ip_cost 2088518, accu_query_time 0.14s,
[2023-05-21 14:57:54.236] [info] queryID 42, result_size 0, rtk_topk 2, accu_ip_cost 2132684, accu_query_time 0.17s,
[2023-05-21 14:57:54.267] [info] queryID 42, result_size 0, rtk_topk 4, accu_ip_cost 2154920, accu_query_time 0.20s,
[2023-05-21 14:57:54.299] [info] queryID 42, result_size 1, rtk_topk 8, accu_ip_cost 2167976, accu_query_time 0.23s,
[2023-05-21 14:57:54.331] [info] queryID 42, result_size 1, rtk_topk 16, accu_ip_cost 2175422, accu_query_time 0.27s,
[2023-05-21 14:57:54.364] [info] queryID 42, result_size 1, rtk_topk 32, accu_ip_cost 2181134, accu_query_time 0.30s,
[2023-05-21 14:57:54.396] [info] queryID 42, result_size 3, rtk_topk 64, accu_ip_cost 2185486, accu_query_time 0.33s,
[2023-05-21 14:57:54.429] [info] queryID 42, result_size 11, rtk_topk 128, accu_ip_cost 2189260, accu_query_time 0.36s,
[2023-05-21 14:57:54.464] [info] queryID 42, result_size 30, rtk_topk 256, accu_ip_cost 2189430, accu_query_time 0.40s,
[2023-05-21 14:57:54.514] [info] queryID 42, result_size 101, rtk_topk 512, accu_ip_cost 2189430, accu_query_time 0.45s,
[2023-05-21 14:57:54.514] [info] queryID 42, result_size 101, rtk_topk 512, ip_cost 2189430, query_time 0.45s, total_ip_cost 72065976716, total_retrieval_time 25883.93s
[2023-05-21 14:57:54.542] [info] queryID 43, result_size 0, rtk_topk 1, accu_ip_cost 1899172, accu_query_time 0.03s,
[2023-05-21 14:57:54.572] [info] queryID 43, result_size 0, rtk_topk 2, accu_ip_cost 2011746, accu_query_time 0.06s,
[2023-05-21 14:57:54.602] [info] queryID 43, result_size 0, rtk_topk 4, accu_ip_cost 2079950, accu_query_time 0.09s,
[2023-05-21 14:57:54.634] [info] queryID 43, result_size 0, rtk_topk 8, accu_ip_cost 2121498, accu_query_time 0.12s,
[2023-05-21 14:57:54.665] [info] queryID 43, result_size 0, rtk_topk 16, accu_ip_cost 2145876, accu_query_time 0.15s,
[2023-05-21 14:57:54.697] [info] queryID 43, result_size 0, rtk_topk 32, accu_ip_cost 2161380, accu_query_time 0.18s,
[2023-05-21 14:57:54.729] [info] queryID 43, result_size 0, rtk_topk 64, accu_ip_cost 2171002, accu_query_time 0.22s,
[2023-05-21 14:57:54.761] [info] queryID 43, result_size 0, rtk_topk 128, accu_ip_cost 2178176, accu_query_time 0.25s,
[2023-05-21 14:57:54.793] [info] queryID 43, result_size 1, rtk_topk 256, accu_ip_cost 2182970, accu_query_time 0.28s,
[2023-05-21 14:57:54.825] [info] queryID 43, result_size 1, rtk_topk 512, accu_ip_cost 2188104, accu_query_time 0.31s,
[2023-05-21 15:13:18.798] [info] queryID 43, result_size 2189451, rtk_topk 1024, accu_ip_cost 2572611975, accu_query_time 924.28s,
[2023-05-21 15:13:18.798] [info] queryID 43, result_size 2189451, rtk_topk 1024, ip_cost 2572611975, query_time 924.28s, total_ip_cost 74638588691, total_retrieval_time 26808.22s
[2023-05-21 15:13:18.938] [info] queryID 44, result_size 0, rtk_topk 1, accu_ip_cost 1499468, accu_query_time 0.11s,
[2023-05-21 15:13:18.974] [info] queryID 44, result_size 0, rtk_topk 2, accu_ip_cost 1721250, accu_query_time 0.15s,
[2023-05-21 15:13:19.020] [info] queryID 44, result_size 0, rtk_topk 4, accu_ip_cost 1875882, accu_query_time 0.19s,
[2023-05-21 15:13:19.065] [info] queryID 44, result_size 0, rtk_topk 8, accu_ip_cost 1983152, accu_query_time 0.24s,
[2023-05-21 15:13:19.106] [info] queryID 44, result_size 0, rtk_topk 16, accu_ip_cost 2056694, accu_query_time 0.28s,
[2023-05-21 15:13:19.151] [info] queryID 44, result_size 0, rtk_topk 32, accu_ip_cost 2105178, accu_query_time 0.32s,
[2023-05-21 15:13:19.196] [info] queryID 44, result_size 0, rtk_topk 64, accu_ip_cost 2134554, accu_query_time 0.37s,
[2023-05-21 15:13:19.241] [info] queryID 44, result_size 0, rtk_topk 128, accu_ip_cost 2153458, accu_query_time 0.41s,
[2023-05-21 15:13:19.286] [info] queryID 44, result_size 0, rtk_topk 256, accu_ip_cost 2165902, accu_query_time 0.46s,
[2023-05-21 15:13:19.341] [info] queryID 44, result_size 3, rtk_topk 512, accu_ip_cost 2174742, accu_query_time 0.51s,
[2023-05-21 15:28:40.124] [info] queryID 44, result_size 2167258, rtk_topk 1024, accu_ip_cost 2572611975, accu_query_time 921.30s,
[2023-05-21 15:28:40.124] [info] queryID 44, result_size 2167258, rtk_topk 1024, ip_cost 2572611975, query_time 921.30s, total_ip_cost 77211200666, total_retrieval_time 27729.51s
[2023-05-21 15:28:40.330] [info] queryID 45, result_size 0, rtk_topk 1, accu_ip_cost 2035716, accu_query_time 0.17s,
[2023-05-21 15:28:40.362] [info] queryID 45, result_size 0, rtk_topk 2, accu_ip_cost 2100622, accu_query_time 0.20s,
[2023-05-21 15:28:40.400] [info] queryID 45, result_size 0, rtk_topk 4, accu_ip_cost 2135438, accu_query_time 0.24s,
[2023-05-21 15:28:40.434] [info] queryID 45, result_size 0, rtk_topk 8, accu_ip_cost 2156076, accu_query_time 0.27s,
[2023-05-21 15:28:40.466] [info] queryID 45, result_size 0, rtk_topk 16, accu_ip_cost 2167704, accu_query_time 0.30s,
[2023-05-21 15:28:40.497] [info] queryID 45, result_size 0, rtk_topk 32, accu_ip_cost 2175592, accu_query_time 0.34s,
[2023-05-21 15:28:40.529] [info] queryID 45, result_size 1, rtk_topk 64, accu_ip_cost 2181134, accu_query_time 0.37s,
[2023-05-21 15:28:40.562] [info] queryID 45, result_size 1, rtk_topk 128, accu_ip_cost 2185724, accu_query_time 0.40s,
[2023-05-21 15:28:40.596] [info] queryID 45, result_size 5, rtk_topk 256, accu_ip_cost 2189226, accu_query_time 0.43s,
[2023-05-21 15:28:40.636] [info] queryID 45, result_size 40, rtk_topk 512, accu_ip_cost 2189430, accu_query_time 0.47s,
[2023-05-21 15:44:04.228] [info] queryID 45, result_size 2188626, rtk_topk 1024, accu_ip_cost 2572611975, accu_query_time 924.07s,
[2023-05-21 15:44:04.228] [info] queryID 45, result_size 2188626, rtk_topk 1024, ip_cost 2572611975, query_time 924.07s, total_ip_cost 79783812641, total_retrieval_time 28653.58s
[2023-05-21 15:44:04.414] [info] queryID 46, result_size 0, rtk_topk 1, accu_ip_cost 2153186, accu_query_time 0.15s,
[2023-05-21 15:44:04.451] [info] queryID 46, result_size 0, rtk_topk 2, accu_ip_cost 2169880, accu_query_time 0.19s,
[2023-05-21 15:44:04.482] [info] queryID 46, result_size 0, rtk_topk 4, accu_ip_cost 2177258, accu_query_time 0.22s,
[2023-05-21 15:44:04.514] [info] queryID 46, result_size 1, rtk_topk 8, accu_ip_cost 2182970, accu_query_time 0.25s,
[2023-05-21 15:44:04.547] [info] queryID 46, result_size 7, rtk_topk 16, accu_ip_cost 2187118, accu_query_time 0.29s,
[2023-05-21 15:44:04.579] [info] queryID 46, result_size 42, rtk_topk 32, accu_ip_cost 2189396, accu_query_time 0.32s,
[2023-05-21 15:44:04.611] [info] queryID 46, result_size 272, rtk_topk 64, accu_ip_cost 2189430, accu_query_time 0.35s,
[2023-05-21 15:44:04.611] [info] queryID 46, result_size 272, rtk_topk 64, ip_cost 2189430, query_time 0.35s, total_ip_cost 79786002071, total_retrieval_time 28653.93s
[2023-05-21 15:44:04.640] [info] queryID 47, result_size 0, rtk_topk 1, accu_ip_cost 1975842, accu_query_time 0.03s,
[2023-05-21 15:44:04.670] [info] queryID 47, result_size 0, rtk_topk 2, accu_ip_cost 2063766, accu_query_time 0.06s,
[2023-05-21 15:44:04.701] [info] queryID 47, result_size 0, rtk_topk 4, accu_ip_cost 2112692, accu_query_time 0.09s,
[2023-05-21 15:44:04.732] [info] queryID 47, result_size 0, rtk_topk 8, accu_ip_cost 2141524, accu_query_time 0.12s,
[2023-05-21 15:44:04.763] [info] queryID 47, result_size 0, rtk_topk 16, accu_ip_cost 2159136, accu_query_time 0.15s,
[2023-05-21 15:44:04.795] [info] queryID 47, result_size 0, rtk_topk 32, accu_ip_cost 2169472, accu_query_time 0.18s,
[2023-05-21 15:44:04.827] [info] queryID 47, result_size 0, rtk_topk 64, accu_ip_cost 2176884, accu_query_time 0.22s,
[2023-05-21 15:44:04.859] [info] queryID 47, result_size 0, rtk_topk 128, accu_ip_cost 2181814, accu_query_time 0.25s,
[2023-05-21 15:44:04.894] [info] queryID 47, result_size 1, rtk_topk 256, accu_ip_cost 2187118, accu_query_time 0.28s,
[2023-05-21 15:44:04.943] [info] queryID 47, result_size 27, rtk_topk 512, accu_ip_cost 2189396, accu_query_time 0.33s,
[2023-05-21 15:59:29.826] [info] queryID 47, result_size 2189456, rtk_topk 1024, accu_ip_cost 2572611975, accu_query_time 925.21s,
[2023-05-21 15:59:29.826] [info] queryID 47, result_size 2189456, rtk_topk 1024, ip_cost 2572611975, query_time 925.21s, total_ip_cost 82358614046, total_retrieval_time 29579.14s
[2023-05-21 15:59:29.930] [info] queryID 48, result_size 0, rtk_topk 1, accu_ip_cost 1107346, accu_query_time 0.07s,
[2023-05-21 15:59:29.973] [info] queryID 48, result_size 0, rtk_topk 2, accu_ip_cost 1391416, accu_query_time 0.12s,
[2023-05-21 15:59:30.024] [info] queryID 48, result_size 0, rtk_topk 4, accu_ip_cost 1614728, accu_query_time 0.17s,
[2023-05-21 15:59:30.061] [info] queryID 48, result_size 0, rtk_topk 8, accu_ip_cost 1790644, accu_query_time 0.20s,
[2023-05-21 15:59:30.092] [info] queryID 48, result_size 0, rtk_topk 16, accu_ip_cost 1918416, accu_query_time 0.23s,
[2023-05-21 15:59:30.126] [info] queryID 48, result_size 0, rtk_topk 32, accu_ip_cost 2009502, accu_query_time 0.27s,
[2023-05-21 15:59:30.158] [info] queryID 48, result_size 0, rtk_topk 64, accu_ip_cost 2074714, accu_query_time 0.30s,
[2023-05-21 15:59:30.191] [info] queryID 48, result_size 0, rtk_topk 128, accu_ip_cost 2115684, accu_query_time 0.33s,
[2023-05-21 15:59:30.228] [info] queryID 48, result_size 0, rtk_topk 256, accu_ip_cost 2141762, accu_query_time 0.37s,
[2023-05-21 15:59:30.279] [info] queryID 48, result_size 0, rtk_topk 512, accu_ip_cost 2158388, accu_query_time 0.42s,
[2023-05-21 16:14:55.504] [info] queryID 48, result_size 2189420, rtk_topk 1024, accu_ip_cost 2572611975, accu_query_time 925.65s,
[2023-05-21 16:14:55.504] [info] queryID 48, result_size 2189420, rtk_topk 1024, ip_cost 2572611975, query_time 925.65s, total_ip_cost 84931226021, total_retrieval_time 30504.79s
[2023-05-21 16:14:55.694] [info] queryID 49, result_size 0, rtk_topk 1, accu_ip_cost 1806522, accu_query_time 0.16s,
[2023-05-21 16:14:55.737] [info] queryID 49, result_size 0, rtk_topk 2, accu_ip_cost 1950036, accu_query_time 0.20s,
[2023-05-21 16:14:55.778] [info] queryID 49, result_size 0, rtk_topk 4, accu_ip_cost 2037824, accu_query_time 0.24s,
[2023-05-21 16:14:55.822] [info] queryID 49, result_size 0, rtk_topk 8, accu_ip_cost 2095930, accu_query_time 0.29s,
[2023-05-21 16:14:55.862] [info] queryID 49, result_size 0, rtk_topk 16, accu_ip_cost 2129930, accu_query_time 0.33s,
[2023-05-21 16:14:55.907] [info] queryID 49, result_size 0, rtk_topk 32, accu_ip_cost 2151180, accu_query_time 0.37s,
[2023-05-21 16:14:55.946] [info] queryID 49, result_size 0, rtk_topk 64, accu_ip_cost 2164066, accu_query_time 0.41s,
[2023-05-21 16:14:55.985] [info] queryID 49, result_size 0, rtk_topk 128, accu_ip_cost 2173212, accu_query_time 0.45s,
[2023-05-21 16:14:56.019] [info] queryID 49, result_size 0, rtk_topk 256, accu_ip_cost 2179434, accu_query_time 0.48s,
[2023-05-21 16:14:56.061] [info] queryID 49, result_size 1, rtk_topk 512, accu_ip_cost 2185316, accu_query_time 0.53s,
[2023-05-21 16:30:17.821] [info] queryID 49, result_size 2188822, rtk_topk 1024, accu_ip_cost 2572611975, accu_query_time 922.28s,
[2023-05-21 16:30:17.821] [info] queryID 49, result_size 2188822, rtk_topk 1024, ip_cost 2572611975, query_time 922.28s, total_ip_cost 87503837996, total_retrieval_time 31427.08s
[2023-05-21 16:30:17.914] [info] queryID 50, result_size 0, rtk_topk 1, accu_ip_cost 833544, accu_query_time 0.06s,
[2023-05-21 16:30:17.955] [info] queryID 50, result_size 0, rtk_topk 2, accu_ip_cost 1128018, accu_query_time 0.10s,
[2023-05-21 16:30:17.995] [info] queryID 50, result_size 0, rtk_topk 4, accu_ip_cost 1387676, accu_query_time 0.14s,
[2023-05-21 16:30:18.031] [info] queryID 50, result_size 0, rtk_topk 8, accu_ip_cost 1607248, accu_query_time 0.18s,
[2023-05-21 16:30:18.070] [info] queryID 50, result_size 0, rtk_topk 16, accu_ip_cost 1778472, accu_query_time 0.22s,
[2023-05-21 16:30:18.112] [info] queryID 50, result_size 0, rtk_topk 32, accu_ip_cost 1910426, accu_query_time 0.26s,
[2023-05-21 16:30:18.153] [info] queryID 50, result_size 0, rtk_topk 64, accu_ip_cost 2004708, accu_query_time 0.30s,
[2023-05-21 16:30:18.184] [info] queryID 50, result_size 0, rtk_topk 128, accu_ip_cost 2071620, accu_query_time 0.33s,
[2023-05-21 16:30:18.219] [info] queryID 50, result_size 0, rtk_topk 256, accu_ip_cost 2114120, accu_query_time 0.37s,
[2023-05-21 16:30:18.266] [info] queryID 50, result_size 3, rtk_topk 512, accu_ip_cost 2141626, accu_query_time 0.42s,
[2023-05-21 16:45:45.075] [info] queryID 50, result_size 1915914, rtk_topk 1024, accu_ip_cost 2572611975, accu_query_time 927.22s,
[2023-05-21 16:45:45.075] [info] queryID 50, result_size 1915914, rtk_topk 1024, ip_cost 2572611975, query_time 927.22s, total_ip_cost 90076449971, total_retrieval_time 32354.30s
[2023-05-21 16:45:45.229] [info] queryID 51, result_size 0, rtk_topk 1, accu_ip_cost 2003484, accu_query_time 0.14s,
[2023-05-21 16:45:45.281] [info] queryID 51, result_size 0, rtk_topk 2, accu_ip_cost 2081242, accu_query_time 0.19s,
[2023-05-21 16:45:45.326] [info] queryID 51, result_size 0, rtk_topk 4, accu_ip_cost 2123334, accu_query_time 0.24s,
[2023-05-21 16:45:45.364] [info] queryID 51, result_size 0, rtk_topk 8, accu_ip_cost 2147848, accu_query_time 0.27s,
[2023-05-21 16:45:45.396] [info] queryID 51, result_size 0, rtk_topk 16, accu_ip_cost 2163012, accu_query_time 0.31s,
[2023-05-21 16:45:45.428] [info] queryID 51, result_size 0, rtk_topk 32, accu_ip_cost 2172260, accu_query_time 0.34s,
[2023-05-21 16:45:45.460] [info] queryID 51, result_size 2, rtk_topk 64, accu_ip_cost 2178992, accu_query_time 0.37s,
[2023-05-21 16:45:45.492] [info] queryID 51, result_size 9, rtk_topk 128, accu_ip_cost 2183650, accu_query_time 0.40s,
[2023-05-21 16:45:45.529] [info] queryID 51, result_size 33, rtk_topk 256, accu_ip_cost 2188172, accu_query_time 0.44s,
[2023-05-21 16:45:45.580] [info] queryID 51, result_size 147, rtk_topk 512, accu_ip_cost 2189430, accu_query_time 0.49s,
[2023-05-21 16:45:45.580] [info] queryID 51, result_size 147, rtk_topk 512, ip_cost 2189430, query_time 0.49s, total_ip_cost 90078639401, total_retrieval_time 32354.79s
[2023-05-21 16:45:45.612] [info] queryID 52, result_size 113, rtk_topk 1, accu_ip_cost 2189430, accu_query_time 0.03s,
[2023-05-21 16:45:45.612] [info] queryID 52, result_size 113, rtk_topk 1, ip_cost 2189430, query_time 0.03s, total_ip_cost 90080828831, total_retrieval_time 32354.82s
[2023-05-21 16:45:45.642] [info] queryID 53, result_size 0, rtk_topk 1, accu_ip_cost 2044182, accu_query_time 0.03s,
[2023-05-21 16:45:45.673] [info] queryID 53, result_size 0, rtk_topk 2, accu_ip_cost 2105722, accu_query_time 0.06s,
[2023-05-21 16:45:45.704] [info] queryID 53, result_size 0, rtk_topk 4, accu_ip_cost 2138906, accu_query_time 0.09s,
[2023-05-21 16:45:45.736] [info] queryID 53, result_size 0, rtk_topk 8, accu_ip_cost 2158218, accu_query_time 0.12s,
[2023-05-21 16:45:45.768] [info] queryID 53, result_size 0, rtk_topk 16, accu_ip_cost 2168928, accu_query_time 0.16s,
[2023-05-21 16:45:45.799] [info] queryID 53, result_size 0, rtk_topk 32, accu_ip_cost 2176306, accu_query_time 0.19s,
[2023-05-21 16:45:45.831] [info] queryID 53, result_size 2, rtk_topk 64, accu_ip_cost 2181542, accu_query_time 0.22s,
[2023-05-21 16:45:45.863] [info] queryID 53, result_size 9, rtk_topk 128, accu_ip_cost 2186404, accu_query_time 0.25s,
[2023-05-21 16:45:45.895] [info] queryID 53, result_size 36, rtk_topk 256, accu_ip_cost 2189396, accu_query_time 0.28s,
[2023-05-21 16:45:45.927] [info] queryID 53, result_size 132, rtk_topk 512, accu_ip_cost 2189430, accu_query_time 0.32s,
[2023-05-21 16:45:45.927] [info] queryID 53, result_size 132, rtk_topk 512, ip_cost 2189430, query_time 0.32s, total_ip_cost 90083018261, total_retrieval_time 32355.14s
[2023-05-21 16:45:45.948] [info] queryID 54, result_size 0, rtk_topk 1, accu_ip_cost 1423614, accu_query_time 0.02s,
[2023-05-21 16:45:45.972] [info] queryID 54, result_size 0, rtk_topk 2, accu_ip_cost 1662124, accu_query_time 0.04s,
[2023-05-21 16:45:45.998] [info] queryID 54, result_size 0, rtk_topk 4, accu_ip_cost 1831444, accu_query_time 0.07s,
[2023-05-21 16:45:46.027] [info] queryID 54, result_size 0, rtk_topk 8, accu_ip_cost 1951158, accu_query_time 0.10s,
[2023-05-21 16:45:46.057] [info] queryID 54, result_size 0, rtk_topk 16, accu_ip_cost 2033098, accu_query_time 0.13s,
[2023-05-21 16:45:46.087] [info] queryID 54, result_size 0, rtk_topk 32, accu_ip_cost 2090286, accu_query_time 0.16s,
[2023-05-21 16:45:46.118] [info] queryID 54, result_size 0, rtk_topk 64, accu_ip_cost 2125578, accu_query_time 0.19s,
[2023-05-21 16:45:46.150] [info] queryID 54, result_size 0, rtk_topk 128, accu_ip_cost 2147814, accu_query_time 0.22s,
[2023-05-21 16:45:46.181] [info] queryID 54, result_size 0, rtk_topk 256, accu_ip_cost 2162196, accu_query_time 0.25s,
[2023-05-21 16:45:46.213] [info] queryID 54, result_size 3, rtk_topk 512, accu_ip_cost 2172158, accu_query_time 0.29s,
[2023-05-21 17:01:08.227] [info] queryID 54, result_size 2185317, rtk_topk 1024, accu_ip_cost 2572611975, accu_query_time 922.30s,
[2023-05-21 17:01:08.227] [info] queryID 54, result_size 2185317, rtk_topk 1024, ip_cost 2572611975, query_time 922.30s, total_ip_cost 92655630236, total_retrieval_time 33277.44s
[2023-05-21 17:01:08.450] [info] queryID 55, result_size 26, rtk_topk 1, accu_ip_cost 2189430, accu_query_time 0.19s,
[2023-05-21 17:01:08.489] [info] queryID 55, result_size 55, rtk_topk 2, accu_ip_cost 2189430, accu_query_time 0.23s,
[2023-05-21 17:01:08.521] [info] queryID 55, result_size 114, rtk_topk 4, accu_ip_cost 2189430, accu_query_time 0.26s,
[2023-05-21 17:01:08.521] [info] queryID 55, result_size 114, rtk_topk 4, ip_cost 2189430, query_time 0.26s, total_ip_cost 92657819666, total_retrieval_time 33277.70s
[2023-05-21 17:01:08.552] [info] queryID 56, result_size 0, rtk_topk 1, accu_ip_cost 2127346, accu_query_time 0.03s,
[2023-05-21 17:01:08.583] [info] queryID 56, result_size 1, rtk_topk 2, accu_ip_cost 2154580, accu_query_time 0.06s,
[2023-05-21 17:01:08.615] [info] queryID 56, result_size 1, rtk_topk 4, accu_ip_cost 2168656, accu_query_time 0.09s,
[2023-05-21 17:01:08.646] [info] queryID 56, result_size 2, rtk_topk 8, accu_ip_cost 2175864, accu_query_time 0.13s,
[2023-05-21 17:01:08.678] [info] queryID 56, result_size 15, rtk_topk 16, accu_ip_cost 2181644, accu_query_time 0.16s,
[2023-05-21 17:01:08.710] [info] queryID 56, result_size 57, rtk_topk 32, accu_ip_cost 2185996, accu_query_time 0.19s,
[2023-05-21 17:01:08.742] [info] queryID 56, result_size 205, rtk_topk 64, accu_ip_cost 2189260, accu_query_time 0.22s,
[2023-05-21 17:01:08.743] [info] queryID 56, result_size 205, rtk_topk 64, ip_cost 2189260, query_time 0.22s, total_ip_cost 92660008926, total_retrieval_time 33277.92s
[2023-05-21 17:01:08.757] [info] queryID 57, result_size 0, rtk_topk 1, accu_ip_cost 1056210, accu_query_time 0.01s,
[2023-05-21 17:01:08.776] [info] queryID 57, result_size 0, rtk_topk 2, accu_ip_cost 1343374, accu_query_time 0.03s,
[2023-05-21 17:01:08.799] [info] queryID 57, result_size 0, rtk_topk 4, accu_ip_cost 1576036, accu_query_time 0.06s,
[2023-05-21 17:01:08.825] [info] queryID 57, result_size 0, rtk_topk 8, accu_ip_cost 1758718, accu_query_time 0.08s,
[2023-05-21 17:01:08.852] [info] queryID 57, result_size 0, rtk_topk 16, accu_ip_cost 1895772, accu_query_time 0.11s,
[2023-05-21 17:01:08.881] [info] queryID 57, result_size 0, rtk_topk 32, accu_ip_cost 1994236, accu_query_time 0.14s,
[2023-05-21 17:01:08.911] [info] queryID 57, result_size 0, rtk_topk 64, accu_ip_cost 2063188, accu_query_time 0.17s,
[2023-05-21 17:01:08.942] [info] queryID 57, result_size 0, rtk_topk 128, accu_ip_cost 2108884, accu_query_time 0.20s,
[2023-05-21 17:01:08.976] [info] queryID 57, result_size 4, rtk_topk 256, accu_ip_cost 2137410, accu_query_time 0.23s,
[2023-05-21 17:01:09.019] [info] queryID 57, result_size 9, rtk_topk 512, accu_ip_cost 2155362, accu_query_time 0.28s,
[2023-05-21 17:16:34.313] [info] queryID 57, result_size 380931, rtk_topk 1024, accu_ip_cost 2572611975, accu_query_time 925.57s,
[2023-05-21 17:16:34.313] [info] queryID 57, result_size 380931, rtk_topk 1024, ip_cost 2572611975, query_time 925.57s, total_ip_cost 95232620901, total_retrieval_time 34203.49s
[2023-05-21 17:16:34.426] [info] queryID 58, result_size 0, rtk_topk 1, accu_ip_cost 1879928, accu_query_time 0.11s,
[2023-05-21 17:16:34.469] [info] queryID 58, result_size 0, rtk_topk 2, accu_ip_cost 1999404, accu_query_time 0.15s,
[2023-05-21 17:16:34.511] [info] queryID 58, result_size 0, rtk_topk 4, accu_ip_cost 2072640, accu_query_time 0.20s,
[2023-05-21 17:16:34.555] [info] queryID 58, result_size 0, rtk_topk 8, accu_ip_cost 2116806, accu_query_time 0.24s,
[2023-05-21 17:16:34.596] [info] queryID 58, result_size 0, rtk_topk 16, accu_ip_cost 2142136, accu_query_time 0.28s,
[2023-05-21 17:16:34.641] [info] queryID 58, result_size 0, rtk_topk 32, accu_ip_cost 2159238, accu_query_time 0.33s,
[2023-05-21 17:16:34.685] [info] queryID 58, result_size 0, rtk_topk 64, accu_ip_cost 2169574, accu_query_time 0.37s,
[2023-05-21 17:16:34.726] [info] queryID 58, result_size 0, rtk_topk 128, accu_ip_cost 2177224, accu_query_time 0.41s,
[2023-05-21 17:16:34.774] [info] queryID 58, result_size 0, rtk_topk 256, accu_ip_cost 2182392, accu_query_time 0.46s,
[2023-05-21 17:16:34.832] [info] queryID 58, result_size 0, rtk_topk 512, accu_ip_cost 2187730, accu_query_time 0.52s,
[2023-05-21 17:31:58.309] [info] queryID 58, result_size 2189414, rtk_topk 1024, accu_ip_cost 2572611975, accu_query_time 923.99s,
[2023-05-21 17:31:58.309] [info] queryID 58, result_size 2189414, rtk_topk 1024, ip_cost 2572611975, query_time 923.99s, total_ip_cost 97805232876, total_retrieval_time 35127.49s
[2023-05-21 17:31:58.456] [info] queryID 59, result_size 0, rtk_topk 1, accu_ip_cost 1832158, accu_query_time 0.12s,
[2023-05-21 17:31:58.493] [info] queryID 59, result_size 0, rtk_topk 2, accu_ip_cost 1968804, accu_query_time 0.15s,
[2023-05-21 17:31:58.524] [info] queryID 59, result_size 0, rtk_topk 4, accu_ip_cost 2050030, accu_query_time 0.19s,
[2023-05-21 17:31:58.555] [info] queryID 59, result_size 0, rtk_topk 8, accu_ip_cost 2103512, accu_query_time 0.22s,
[2023-05-21 17:31:58.586] [info] queryID 59, result_size 0, rtk_topk 16, accu_ip_cost 2134656, accu_query_time 0.25s,
[2023-05-21 17:31:58.618] [info] queryID 59, result_size 0, rtk_topk 32, accu_ip_cost 2154308, accu_query_time 0.28s,
[2023-05-21 17:31:58.649] [info] queryID 59, result_size 0, rtk_topk 64, accu_ip_cost 2165902, accu_query_time 0.31s,
[2023-05-21 17:31:58.682] [info] queryID 59, result_size 1, rtk_topk 128, accu_ip_cost 2174810, accu_query_time 0.34s,
[2023-05-21 17:31:58.717] [info] queryID 59, result_size 5, rtk_topk 256, accu_ip_cost 2180454, accu_query_time 0.38s,
[2023-05-21 17:31:58.766] [info] queryID 59, result_size 31, rtk_topk 512, accu_ip_cost 2186098, accu_query_time 0.43s,
[2023-05-21 17:47:22.289] [info] queryID 59, result_size 2187515, rtk_topk 1024, accu_ip_cost 2572611975, accu_query_time 923.95s,
[2023-05-21 17:47:22.289] [info] queryID 59, result_size 2187515, rtk_topk 1024, ip_cost 2572611975, query_time 923.95s, total_ip_cost 100377844851, total_retrieval_time 36051.44s
[2023-05-21 17:47:22.317] [info] total retrieval time larger than stop time, retrieval exit
[2023-05-21 17:47:22.320] [info] finish top-100
[2023-05-21 17:47:22.320] [info] top100 retrieval:
	total IP cost 100377844851, total time 36051.439s, n_proc_query 60
[2023-05-21 17:47:22.320] [info] build index time: total 988.233394271s
top100 retrieval:
	total IP cost 100377844851, total time 36051.439s, n_proc_query 60