[2023-05-19 17:57:26.252] [info] Retrieval method_name SimpferPP, dataset_name amazon-home-kitchen-64d, topk 100
[2023-05-19 17:57:26.252] [info] dataset_dir /home/zhengbian/Dataset/ReverseMIPS
[2023-05-19 17:57:26.252] [info] index_dir /home/zhengbian/reverse-k-ranks/index
[2023-05-19 17:57:32.734] [info] n_data_item 409243, n_query_item 1000, n_user 2511610, vec_dim 64
[2023-05-19 17:57:32.734] [info] input parameter: simpfer_k_max 515, stop_time 21600s
[2023-05-19 17:57:33.612] [info] finish transform user
[2023-05-19 17:57:33.731] [info] finish transform data item
[2023-05-19 18:05:01.749] [info] finish simpfer preprocessing
[2023-05-19 18:05:07.278] [info] finish preprocess and save the index
[2023-05-19 18:05:07.282] [info] queryID 0, result_size 0, rtk_topk 1, accu_ip_cost 0, accu_query_time 0.00s,
[2023-05-19 18:05:07.285] [info] queryID 0, result_size 0, rtk_topk 2, accu_ip_cost 0, accu_query_time 0.01s,
[2023-05-19 18:05:07.289] [info] queryID 0, result_size 0, rtk_topk 4, accu_ip_cost 0, accu_query_time 0.01s,
[2023-05-19 18:05:07.292] [info] queryID 0, result_size 0, rtk_topk 8, accu_ip_cost 0, accu_query_time 0.01s,
[2023-05-19 18:05:07.295] [info] queryID 0, result_size 0, rtk_topk 16, accu_ip_cost 37, accu_query_time 0.02s,
[2023-05-19 18:05:07.297] [info] queryID 0, result_size 0, rtk_topk 32, accu_ip_cost 185, accu_query_time 0.02s,
[2023-05-19 18:05:07.300] [info] queryID 0, result_size 0, rtk_topk 64, accu_ip_cost 296, accu_query_time 0.02s,
[2023-05-19 18:05:07.302] [info] queryID 0, result_size 0, rtk_topk 128, accu_ip_cost 925, accu_query_time 0.02s,
[2023-05-19 18:05:07.305] [info] queryID 0, result_size 0, rtk_topk 256, accu_ip_cost 2627, accu_query_time 0.03s,
[2023-05-19 18:05:07.307] [info] queryID 0, result_size 0, rtk_topk 512, accu_ip_cost 5513, accu_query_time 0.03s,
[2023-05-19 19:10:04.310] [info] queryID 0, result_size 37971, rtk_topk 1024, accu_ip_cost 2735143290, accu_query_time 3897.03s,
[2023-05-19 19:10:04.310] [info] queryID 0, result_size 37971, rtk_topk 1024, ip_cost 2735143290, query_time 3897.03s, total_ip_cost 2735143290, total_retrieval_time 3897.03s
[2023-05-19 19:10:04.314] [info] queryID 1, result_size 0, rtk_topk 1, accu_ip_cost 17279, accu_query_time 0.00s,
[2023-05-19 19:10:04.317] [info] queryID 1, result_size 0, rtk_topk 2, accu_ip_cost 32375, accu_query_time 0.01s,
[2023-05-19 19:10:04.321] [info] queryID 1, result_size 0, rtk_topk 4, accu_ip_cost 55241, accu_query_time 0.01s,
[2023-05-19 19:10:04.325] [info] queryID 1, result_size 0, rtk_topk 8, accu_ip_cost 97088, accu_query_time 0.01s,
[2023-05-19 19:10:04.330] [info] queryID 1, result_size 0, rtk_topk 16, accu_ip_cost 163503, accu_query_time 0.02s,
[2023-05-19 19:10:04.335] [info] queryID 1, result_size 0, rtk_topk 32, accu_ip_cost 267769, accu_query_time 0.02s,
[2023-05-19 19:10:04.342] [info] queryID 1, result_size 0, rtk_topk 64, accu_ip_cost 404928, accu_query_time 0.03s,
[2023-05-19 19:10:04.351] [info] queryID 1, result_size 0, rtk_topk 128, accu_ip_cost 582824, accu_query_time 0.04s,
[2023-05-19 19:10:04.362] [info] queryID 1, result_size 0, rtk_topk 256, accu_ip_cost 797202, accu_query_time 0.05s,
[2023-05-19 19:10:04.376] [info] queryID 1, result_size 5, rtk_topk 512, accu_ip_cost 1040773, accu_query_time 0.07s,
[2023-05-19 20:14:02.514] [info] queryID 1, result_size 102912, rtk_topk 1024, accu_ip_cost 2735143290, accu_query_time 3838.20s,
[2023-05-19 20:14:02.514] [info] queryID 1, result_size 102912, rtk_topk 1024, ip_cost 2735143290, query_time 3838.20s, total_ip_cost 5470286580, total_retrieval_time 7735.24s
[2023-05-19 20:14:02.519] [info] queryID 2, result_size 0, rtk_topk 1, accu_ip_cost 8325, accu_query_time 0.00s,
[2023-05-19 20:14:02.522] [info] queryID 2, result_size 0, rtk_topk 2, accu_ip_cost 15725, accu_query_time 0.01s,
[2023-05-19 20:14:02.525] [info] queryID 2, result_size 0, rtk_topk 4, accu_ip_cost 29008, accu_query_time 0.01s,
[2023-05-19 20:14:02.529] [info] queryID 2, result_size 0, rtk_topk 8, accu_ip_cost 52355, accu_query_time 0.01s,
[2023-05-19 20:14:02.533] [info] queryID 2, result_size 0, rtk_topk 16, accu_ip_cost 91205, accu_query_time 0.02s,
[2023-05-19 20:14:02.537] [info] queryID 2, result_size 0, rtk_topk 32, accu_ip_cost 157139, accu_query_time 0.02s,
[2023-05-19 20:14:02.543] [info] queryID 2, result_size 0, rtk_topk 64, accu_ip_cost 254412, accu_query_time 0.03s,
[2023-05-19 20:14:02.549] [info] queryID 2, result_size 0, rtk_topk 128, accu_ip_cost 388759, accu_query_time 0.03s,
[2023-05-19 20:14:02.558] [info] queryID 2, result_size 4, rtk_topk 256, accu_ip_cost 563066, accu_query_time 0.04s,
[2023-05-19 20:14:02.569] [info] queryID 2, result_size 14, rtk_topk 512, accu_ip_cost 778369, accu_query_time 0.05s,
[2023-05-19 21:18:11.350] [info] queryID 2, result_size 62449, rtk_topk 1024, accu_ip_cost 2735143290, accu_query_time 3848.83s,
[2023-05-19 21:18:11.350] [info] queryID 2, result_size 62449, rtk_topk 1024, ip_cost 2735143290, query_time 3848.83s, total_ip_cost 8205429870, total_retrieval_time 11584.07s
[2023-05-19 21:18:11.354] [info] queryID 3, result_size 0, rtk_topk 1, accu_ip_cost 80623, accu_query_time 0.00s,
[2023-05-19 21:18:11.359] [info] queryID 3, result_size 0, rtk_topk 2, accu_ip_cost 142709, accu_query_time 0.01s,
[2023-05-19 21:18:11.364] [info] queryID 3, result_size 0, rtk_topk 4, accu_ip_cost 226107, accu_query_time 0.01s,
[2023-05-19 21:18:11.370] [info] queryID 3, result_size 0, rtk_topk 8, accu_ip_cost 347615, accu_query_time 0.02s,
[2023-05-19 21:18:11.378] [info] queryID 3, result_size 0, rtk_topk 16, accu_ip_cost 516150, accu_query_time 0.03s,
[2023-05-19 21:18:11.388] [info] queryID 3, result_size 0, rtk_topk 32, accu_ip_cost 719465, accu_query_time 0.04s,
[2023-05-19 21:18:11.401] [info] queryID 3, result_size 0, rtk_topk 64, accu_ip_cost 953009, accu_query_time 0.05s,
[2023-05-19 21:18:11.417] [info] queryID 3, result_size 0, rtk_topk 128, accu_ip_cost 1200835, accu_query_time 0.07s,
[2023-05-19 21:18:11.435] [info] queryID 3, result_size 0, rtk_topk 256, accu_ip_cost 1445109, accu_query_time 0.08s,
[2023-05-19 21:18:11.457] [info] queryID 3, result_size 0, rtk_topk 512, accu_ip_cost 1682871, accu_query_time 0.11s,
[2023-05-19 22:22:14.488] [info] queryID 3, result_size 1263617, rtk_topk 1024, accu_ip_cost 2735143290, accu_query_time 3843.14s,
[2023-05-19 22:22:14.488] [info] queryID 3, result_size 1263617, rtk_topk 1024, ip_cost 2735143290, query_time 3843.14s, total_ip_cost 10940573160, total_retrieval_time 15427.21s
[2023-05-19 22:22:14.509] [info] queryID 4, result_size 0, rtk_topk 1, accu_ip_cost 15281, accu_query_time 0.00s,
[2023-05-19 22:22:14.513] [info] queryID 4, result_size 0, rtk_topk 2, accu_ip_cost 28194, accu_query_time 0.01s,
[2023-05-19 22:22:14.517] [info] queryID 4, result_size 0, rtk_topk 4, accu_ip_cost 50061, accu_query_time 0.01s,
[2023-05-19 22:22:14.521] [info] queryID 4, result_size 0, rtk_topk 8, accu_ip_cost 86469, accu_query_time 0.02s,
[2023-05-19 22:22:14.525] [info] queryID 4, result_size 0, rtk_topk 16, accu_ip_cost 148111, accu_query_time 0.02s,
[2023-05-19 22:22:14.531] [info] queryID 4, result_size 0, rtk_topk 32, accu_ip_cost 244570, accu_query_time 0.03s,
[2023-05-19 22:22:14.537] [info] queryID 4, result_size 0, rtk_topk 64, accu_ip_cost 374107, accu_query_time 0.03s,
[2023-05-19 22:22:14.545] [info] queryID 4, result_size 0, rtk_topk 128, accu_ip_cost 545454, accu_query_time 0.04s,
[2023-05-19 22:22:14.556] [info] queryID 4, result_size 0, rtk_topk 256, accu_ip_cost 753172, accu_query_time 0.05s,
[2023-05-19 22:22:14.569] [info] queryID 4, result_size 0, rtk_topk 512, accu_ip_cost 993080, accu_query_time 0.06s,
[2023-05-19 23:26:54.777] [info] queryID 4, result_size 228249, rtk_topk 1024, accu_ip_cost 2735143290, accu_query_time 3880.27s,
[2023-05-19 23:26:54.777] [info] queryID 4, result_size 228249, rtk_topk 1024, ip_cost 2735143290, query_time 3880.27s, total_ip_cost 13675716450, total_retrieval_time 19307.48s
[2023-05-19 23:26:54.781] [info] queryID 5, result_size 0, rtk_topk 1, accu_ip_cost 814, accu_query_time 0.00s,
[2023-05-19 23:26:54.784] [info] queryID 5, result_size 0, rtk_topk 2, accu_ip_cost 1887, accu_query_time 0.01s,
[2023-05-19 23:26:54.787] [info] queryID 5, result_size 0, rtk_topk 4, accu_ip_cost 3848, accu_query_time 0.01s,
[2023-05-19 23:26:54.790] [info] queryID 5, result_size 0, rtk_topk 8, accu_ip_cost 7733, accu_query_time 0.01s,
[2023-05-19 23:26:54.793] [info] queryID 5, result_size 0, rtk_topk 16, accu_ip_cost 16391, accu_query_time 0.02s,
[2023-05-19 23:26:54.796] [info] queryID 5, result_size 0, rtk_topk 32, accu_ip_cost 31746, accu_query_time 0.02s,
[2023-05-19 23:26:54.799] [info] queryID 5, result_size 0, rtk_topk 64, accu_ip_cost 55796, accu_query_time 0.02s,
[2023-05-19 23:26:54.803] [info] queryID 5, result_size 0, rtk_topk 128, accu_ip_cost 101306, accu_query_time 0.03s,
[2023-05-19 23:26:54.808] [info] queryID 5, result_size 0, rtk_topk 256, accu_ip_cost 171606, accu_query_time 0.03s,
[2023-05-19 23:26:54.813] [info] queryID 5, result_size 0, rtk_topk 512, accu_ip_cost 277315, accu_query_time 0.04s,
[2023-05-20 00:31:38.358] [info] queryID 5, result_size 81205, rtk_topk 1024, accu_ip_cost 2735143290, accu_query_time 3883.58s,
[2023-05-20 00:31:38.358] [info] queryID 5, result_size 81205, rtk_topk 1024, ip_cost 2735143290, query_time 3883.58s, total_ip_cost 16410859740, total_retrieval_time 23191.06s
[2023-05-20 00:31:38.359] [info] total retrieval time larger than stop time, retrieval exit
[2023-05-20 00:31:38.359] [info] finish top-100
[2023-05-20 00:31:38.359] [info] top100 retrieval:
	total IP cost 16410859740, total time 23191.060s, n_proc_query 6
[2023-05-20 00:31:38.359] [info] build index time: total 454.543694523s
top100 retrieval:
	total IP cost 16410859740, total time 23191.060s, n_proc_query 6
