[2023-05-19 11:25:34.475] [info] Retrieval method_name SimpferPP, dataset_name amazon-home-kitchen-32d, topk 100
[2023-05-19 11:25:34.475] [info] dataset_dir /home/zhengbian/Dataset/ReverseMIPS
[2023-05-19 11:25:34.475] [info] index_dir /home/zhengbian/reverse-k-ranks/index
[2023-05-19 11:25:39.618] [info] n_data_item 409243, n_query_item 1000, n_user 2511610, vec_dim 32
[2023-05-19 11:25:39.618] [info] input parameter: simpfer_k_max 521, stop_time 21600s
[2023-05-19 11:25:40.317] [info] finish transform user
[2023-05-19 11:25:40.408] [info] finish transform data item
[2023-05-19 11:31:17.276] [info] finish simpfer preprocessing
[2023-05-19 11:31:20.671] [info] finish preprocess and save the index
[2023-05-19 11:31:20.675] [info] queryID 0, result_size 0, rtk_topk 1, accu_ip_cost 17279, accu_query_time 0.00s,
[2023-05-19 11:31:20.679] [info] queryID 0, result_size 0, rtk_topk 2, accu_ip_cost 30340, accu_query_time 0.01s,
[2023-05-19 11:31:20.683] [info] queryID 0, result_size 0, rtk_topk 4, accu_ip_cost 54760, accu_query_time 0.01s,
[2023-05-19 11:31:20.687] [info] queryID 0, result_size 0, rtk_topk 8, accu_ip_cost 90317, accu_query_time 0.02s,
[2023-05-19 11:31:20.690] [info] queryID 0, result_size 0, rtk_topk 16, accu_ip_cost 151219, accu_query_time 0.02s,
[2023-05-19 11:31:20.695] [info] queryID 0, result_size 0, rtk_topk 32, accu_ip_cost 247382, accu_query_time 0.02s,
[2023-05-19 11:31:20.700] [info] queryID 0, result_size 0, rtk_topk 64, accu_ip_cost 383098, accu_query_time 0.03s,
[2023-05-19 11:31:20.707] [info] queryID 0, result_size 0, rtk_topk 128, accu_ip_cost 564398, accu_query_time 0.04s,
[2023-05-19 11:31:20.715] [info] queryID 0, result_size 0, rtk_topk 256, accu_ip_cost 774262, accu_query_time 0.04s,
[2023-05-19 11:31:20.726] [info] queryID 0, result_size 0, rtk_topk 512, accu_ip_cost 1013393, accu_query_time 0.05s,
[2023-05-19 12:10:02.698] [info] queryID 0, result_size 346914, rtk_topk 1024, accu_ip_cost 2654771770, accu_query_time 2322.03s,
[2023-05-19 12:10:02.698] [info] queryID 0, result_size 346914, rtk_topk 1024, ip_cost 2654771770, query_time 2322.03s, total_ip_cost 2654771770, total_retrieval_time 2322.03s
[2023-05-19 12:10:02.704] [info] queryID 1, result_size 0, rtk_topk 1, accu_ip_cost 44733, accu_query_time 0.00s,
[2023-05-19 12:10:02.708] [info] queryID 1, result_size 0, rtk_topk 2, accu_ip_cost 75369, accu_query_time 0.01s,
[2023-05-19 12:10:02.713] [info] queryID 1, result_size 0, rtk_topk 4, accu_ip_cost 123913, accu_query_time 0.01s,
[2023-05-19 12:10:02.717] [info] queryID 1, result_size 0, rtk_topk 8, accu_ip_cost 198320, accu_query_time 0.02s,
[2023-05-19 12:10:02.722] [info] queryID 1, result_size 0, rtk_topk 16, accu_ip_cost 307618, accu_query_time 0.02s,
[2023-05-19 12:10:02.728] [info] queryID 1, result_size 0, rtk_topk 32, accu_ip_cost 463647, accu_query_time 0.03s,
[2023-05-19 12:10:02.735] [info] queryID 1, result_size 0, rtk_topk 64, accu_ip_cost 667110, accu_query_time 0.03s,
[2023-05-19 12:10:02.745] [info] queryID 1, result_size 0, rtk_topk 128, accu_ip_cost 895437, accu_query_time 0.04s,
[2023-05-19 12:10:02.757] [info] queryID 1, result_size 0, rtk_topk 256, accu_ip_cost 1133717, accu_query_time 0.06s,
[2023-05-19 12:10:02.771] [info] queryID 1, result_size 0, rtk_topk 512, accu_ip_cost 1370036, accu_query_time 0.07s,
[2023-05-19 12:48:46.066] [info] queryID 1, result_size 622657, rtk_topk 1024, accu_ip_cost 2654771770, accu_query_time 2323.37s,
[2023-05-19 12:48:46.066] [info] queryID 1, result_size 622657, rtk_topk 1024, ip_cost 2654771770, query_time 2323.37s, total_ip_cost 5309543540, total_retrieval_time 4645.39s
[2023-05-19 12:48:46.074] [info] queryID 2, result_size 0, rtk_topk 1, accu_ip_cost 89096, accu_query_time 0.00s,
[2023-05-19 12:48:46.078] [info] queryID 2, result_size 0, rtk_topk 2, accu_ip_cost 147223, accu_query_time 0.01s,
[2023-05-19 12:48:46.083] [info] queryID 2, result_size 0, rtk_topk 4, accu_ip_cost 234136, accu_query_time 0.01s,
[2023-05-19 12:48:46.088] [info] queryID 2, result_size 0, rtk_topk 8, accu_ip_cost 349576, accu_query_time 0.02s,
[2023-05-19 12:48:46.095] [info] queryID 2, result_size 1, rtk_topk 16, accu_ip_cost 513153, accu_query_time 0.02s,
[2023-05-19 12:48:46.103] [info] queryID 2, result_size 6, rtk_topk 32, accu_ip_cost 722758, accu_query_time 0.03s,
[2023-05-19 12:48:46.113] [info] queryID 2, result_size 33, rtk_topk 64, accu_ip_cost 958744, accu_query_time 0.04s,
[2023-05-19 12:48:46.125] [info] queryID 2, result_size 112, rtk_topk 128, accu_ip_cost 1201834, accu_query_time 0.06s,
[2023-05-19 12:48:46.125] [info] queryID 2, result_size 112, rtk_topk 128, ip_cost 1201834, query_time 0.06s, total_ip_cost 5310745374, total_retrieval_time 4645.45s
[2023-05-19 12:48:46.129] [info] queryID 3, result_size 0, rtk_topk 1, accu_ip_cost 40219, accu_query_time 0.00s,
[2023-05-19 12:48:46.133] [info] queryID 3, result_size 0, rtk_topk 2, accu_ip_cost 68376, accu_query_time 0.01s,
[2023-05-19 12:48:46.136] [info] queryID 3, result_size 0, rtk_topk 4, accu_ip_cost 112110, accu_query_time 0.01s,
[2023-05-19 12:48:46.141] [info] queryID 3, result_size 0, rtk_topk 8, accu_ip_cost 180930, accu_query_time 0.02s,
[2023-05-19 12:48:46.145] [info] queryID 3, result_size 0, rtk_topk 16, accu_ip_cost 284234, accu_query_time 0.02s,
[2023-05-19 12:48:46.151] [info] queryID 3, result_size 0, rtk_topk 32, accu_ip_cost 432604, accu_query_time 0.03s,
[2023-05-19 12:48:46.159] [info] queryID 3, result_size 0, rtk_topk 64, accu_ip_cost 629925, accu_query_time 0.03s,
[2023-05-19 12:48:46.168] [info] queryID 3, result_size 0, rtk_topk 128, accu_ip_cost 850593, accu_query_time 0.04s,
[2023-05-19 12:48:46.179] [info] queryID 3, result_size 0, rtk_topk 256, accu_ip_cost 1090686, accu_query_time 0.05s,
[2023-05-19 12:48:46.193] [info] queryID 3, result_size 0, rtk_topk 512, accu_ip_cost 1328189, accu_query_time 0.07s,
[2023-05-19 13:27:31.528] [info] queryID 3, result_size 868298, rtk_topk 1024, accu_ip_cost 2654771770, accu_query_time 2325.40s,
[2023-05-19 13:27:31.528] [info] queryID 3, result_size 868298, rtk_topk 1024, ip_cost 2654771770, query_time 2325.40s, total_ip_cost 7965517144, total_retrieval_time 6970.85s
[2023-05-19 13:27:31.535] [info] queryID 4, result_size 0, rtk_topk 1, accu_ip_cost 12617, accu_query_time 0.00s,
[2023-05-19 13:27:31.538] [info] queryID 4, result_size 0, rtk_topk 2, accu_ip_cost 22718, accu_query_time 0.01s,
[2023-05-19 13:27:31.542] [info] queryID 4, result_size 0, rtk_topk 4, accu_ip_cost 40441, accu_query_time 0.01s,
[2023-05-19 13:27:31.546] [info] queryID 4, result_size 0, rtk_topk 8, accu_ip_cost 68857, accu_query_time 0.01s,
[2023-05-19 13:27:31.550] [info] queryID 4, result_size 0, rtk_topk 16, accu_ip_cost 117586, accu_query_time 0.02s,
[2023-05-19 13:27:31.554] [info] queryID 4, result_size 0, rtk_topk 32, accu_ip_cost 197284, accu_query_time 0.02s,
[2023-05-19 13:27:31.559] [info] queryID 4, result_size 0, rtk_topk 64, accu_ip_cost 313279, accu_query_time 0.03s,
[2023-05-19 13:27:31.565] [info] queryID 4, result_size 0, rtk_topk 128, accu_ip_cost 474562, accu_query_time 0.03s,
[2023-05-19 13:27:31.573] [info] queryID 4, result_size 0, rtk_topk 256, accu_ip_cost 671920, accu_query_time 0.04s,
[2023-05-19 13:27:31.583] [info] queryID 4, result_size 0, rtk_topk 512, accu_ip_cost 898212, accu_query_time 0.05s,
[2023-05-19 14:06:21.601] [info] queryID 4, result_size 226507, rtk_topk 1024, accu_ip_cost 2654771770, accu_query_time 2330.07s,
[2023-05-19 14:06:21.601] [info] queryID 4, result_size 226507, rtk_topk 1024, ip_cost 2654771770, query_time 2330.07s, total_ip_cost 10620288914, total_retrieval_time 9300.92s
[2023-05-19 14:06:21.606] [info] queryID 5, result_size 0, rtk_topk 1, accu_ip_cost 11063, accu_query_time 0.00s,
[2023-05-19 14:06:21.609] [info] queryID 5, result_size 0, rtk_topk 2, accu_ip_cost 19869, accu_query_time 0.01s,
[2023-05-19 14:06:21.612] [info] queryID 5, result_size 0, rtk_topk 4, accu_ip_cost 35483, accu_query_time 0.01s,
[2023-05-19 14:06:21.615] [info] queryID 5, result_size 0, rtk_topk 8, accu_ip_cost 60828, accu_query_time 0.01s,
[2023-05-19 14:06:21.619] [info] queryID 5, result_size 0, rtk_topk 16, accu_ip_cost 105154, accu_query_time 0.02s,
[2023-05-19 14:06:21.623] [info] queryID 5, result_size 0, rtk_topk 32, accu_ip_cost 178414, accu_query_time 0.02s,
[2023-05-19 14:06:21.628] [info] queryID 5, result_size 0, rtk_topk 64, accu_ip_cost 287638, accu_query_time 0.03s,
[2023-05-19 14:06:21.633] [info] queryID 5, result_size 0, rtk_topk 128, accu_ip_cost 436378, accu_query_time 0.03s,
[2023-05-19 14:06:21.641] [info] queryID 5, result_size 0, rtk_topk 256, accu_ip_cost 626891, accu_query_time 0.04s,
[2023-05-19 14:06:21.650] [info] queryID 5, result_size 0, rtk_topk 512, accu_ip_cost 846930, accu_query_time 0.05s,
[2023-05-19 14:44:52.730] [info] queryID 5, result_size 365192, rtk_topk 1024, accu_ip_cost 2654771770, accu_query_time 2311.13s,
[2023-05-19 14:44:52.730] [info] queryID 5, result_size 365192, rtk_topk 1024, ip_cost 2654771770, query_time 2311.13s, total_ip_cost 13275060684, total_retrieval_time 11612.05s
[2023-05-19 14:44:52.736] [info] queryID 6, result_size 0, rtk_topk 1, accu_ip_cost 164280, accu_query_time 0.00s,
[2023-05-19 14:44:52.741] [info] queryID 6, result_size 0, rtk_topk 2, accu_ip_cost 261960, accu_query_time 0.01s,
[2023-05-19 14:44:52.747] [info] queryID 6, result_size 0, rtk_topk 4, accu_ip_cost 396381, accu_query_time 0.01s,
[2023-05-19 14:44:52.753] [info] queryID 6, result_size 0, rtk_topk 8, accu_ip_cost 561623, accu_query_time 0.02s,
[2023-05-19 14:44:52.762] [info] queryID 6, result_size 0, rtk_topk 16, accu_ip_cost 766936, accu_query_time 0.03s,
[2023-05-19 14:44:52.773] [info] queryID 6, result_size 0, rtk_topk 32, accu_ip_cost 1005068, accu_query_time 0.04s,
[2023-05-19 14:44:52.785] [info] queryID 6, result_size 0, rtk_topk 64, accu_ip_cost 1249379, accu_query_time 0.05s,
[2023-05-19 14:44:52.800] [info] queryID 6, result_size 0, rtk_topk 128, accu_ip_cost 1478409, accu_query_time 0.07s,
[2023-05-19 14:44:52.816] [info] queryID 6, result_size 0, rtk_topk 256, accu_ip_cost 1688902, accu_query_time 0.08s,
[2023-05-19 14:44:52.834] [info] queryID 6, result_size 0, rtk_topk 512, accu_ip_cost 1869647, accu_query_time 0.10s,
[2023-05-19 15:23:23.686] [info] queryID 6, result_size 2354101, rtk_topk 1024, accu_ip_cost 2654771770, accu_query_time 2310.95s,
[2023-05-19 15:23:23.686] [info] queryID 6, result_size 2354101, rtk_topk 1024, ip_cost 2654771770, query_time 2310.95s, total_ip_cost 15929832454, total_retrieval_time 13923.00s
[2023-05-19 15:23:23.721] [info] queryID 7, result_size 0, rtk_topk 1, accu_ip_cost 6327, accu_query_time 0.00s,
[2023-05-19 15:23:23.725] [info] queryID 7, result_size 0, rtk_topk 2, accu_ip_cost 12580, accu_query_time 0.01s,
[2023-05-19 15:23:23.728] [info] queryID 7, result_size 0, rtk_topk 4, accu_ip_cost 22052, accu_query_time 0.01s,
[2023-05-19 15:23:23.732] [info] queryID 7, result_size 0, rtk_topk 8, accu_ip_cost 39479, accu_query_time 0.01s,
[2023-05-19 15:23:23.735] [info] queryID 7, result_size 0, rtk_topk 16, accu_ip_cost 69005, accu_query_time 0.02s,
[2023-05-19 15:23:23.739] [info] queryID 7, result_size 0, rtk_topk 32, accu_ip_cost 121582, accu_query_time 0.02s,
[2023-05-19 15:23:23.744] [info] queryID 7, result_size 0, rtk_topk 64, accu_ip_cost 203833, accu_query_time 0.03s,
[2023-05-19 15:23:23.749] [info] queryID 7, result_size 0, rtk_topk 128, accu_ip_cost 323824, accu_query_time 0.03s,
[2023-05-19 15:23:23.755] [info] queryID 7, result_size 0, rtk_topk 256, accu_ip_cost 480482, accu_query_time 0.04s,
[2023-05-19 15:23:23.763] [info] queryID 7, result_size 0, rtk_topk 512, accu_ip_cost 682391, accu_query_time 0.04s,
[2023-05-19 16:01:55.085] [info] queryID 7, result_size 293379, rtk_topk 1024, accu_ip_cost 2654771770, accu_query_time 2311.37s,
[2023-05-19 16:01:55.085] [info] queryID 7, result_size 293379, rtk_topk 1024, ip_cost 2654771770, query_time 2311.37s, total_ip_cost 18584604224, total_retrieval_time 16234.37s
[2023-05-19 16:01:55.090] [info] queryID 8, result_size 0, rtk_topk 1, accu_ip_cost 26307, accu_query_time 0.00s,
[2023-05-19 16:01:55.093] [info] queryID 8, result_size 0, rtk_topk 2, accu_ip_cost 43993, accu_query_time 0.01s,
[2023-05-19 16:01:55.097] [info] queryID 8, result_size 0, rtk_topk 4, accu_ip_cost 74000, accu_query_time 0.01s,
[2023-05-19 16:01:55.100] [info] queryID 8, result_size 0, rtk_topk 8, accu_ip_cost 124394, accu_query_time 0.01s,
[2023-05-19 16:01:55.105] [info] queryID 8, result_size 0, rtk_topk 16, accu_ip_cost 202501, accu_query_time 0.02s,
[2023-05-19 16:01:55.110] [info] queryID 8, result_size 0, rtk_topk 32, accu_ip_cost 319014, accu_query_time 0.02s,
[2023-05-19 16:01:55.116] [info] queryID 8, result_size 0, rtk_topk 64, accu_ip_cost 482480, accu_query_time 0.03s,
[2023-05-19 16:01:55.124] [info] queryID 8, result_size 0, rtk_topk 128, accu_ip_cost 685499, accu_query_time 0.04s,
[2023-05-19 16:01:55.134] [info] queryID 8, result_size 0, rtk_topk 256, accu_ip_cost 909978, accu_query_time 0.05s,
[2023-05-19 16:01:55.146] [info] queryID 8, result_size 0, rtk_topk 512, accu_ip_cost 1154289, accu_query_time 0.06s,
[2023-05-19 16:40:26.606] [info] queryID 8, result_size 544977, rtk_topk 1024, accu_ip_cost 2654771770, accu_query_time 2311.52s,
[2023-05-19 16:40:26.606] [info] queryID 8, result_size 544977, rtk_topk 1024, ip_cost 2654771770, query_time 2311.52s, total_ip_cost 21239375994, total_retrieval_time 18545.89s
[2023-05-19 16:40:26.613] [info] queryID 9, result_size 0, rtk_topk 1, accu_ip_cost 55389, accu_query_time 0.00s,
[2023-05-19 16:40:26.617] [info] queryID 9, result_size 0, rtk_topk 2, accu_ip_cost 92093, accu_query_time 0.01s,
[2023-05-19 16:40:26.621] [info] queryID 9, result_size 0, rtk_topk 4, accu_ip_cost 150923, accu_query_time 0.01s,
[2023-05-19 16:40:26.626] [info] queryID 9, result_size 0, rtk_topk 8, accu_ip_cost 236356, accu_query_time 0.02s,
[2023-05-19 16:40:26.631] [info] queryID 9, result_size 0, rtk_topk 16, accu_ip_cost 360972, accu_query_time 0.02s,
[2023-05-19 16:40:26.638] [info] queryID 9, result_size 0, rtk_topk 32, accu_ip_cost 535686, accu_query_time 0.03s,
[2023-05-19 16:40:26.646] [info] queryID 9, result_size 0, rtk_topk 64, accu_ip_cost 750101, accu_query_time 0.04s,
[2023-05-19 16:40:26.657] [info] queryID 9, result_size 0, rtk_topk 128, accu_ip_cost 985162, accu_query_time 0.05s,
[2023-05-19 16:40:26.669] [info] queryID 9, result_size 0, rtk_topk 256, accu_ip_cost 1223442, accu_query_time 0.06s,
[2023-05-19 16:40:26.684] [info] queryID 9, result_size 0, rtk_topk 512, accu_ip_cost 1455395, accu_query_time 0.07s,
[2023-05-19 17:18:52.652] [info] queryID 9, result_size 892092, rtk_topk 1024, accu_ip_cost 2654771770, accu_query_time 2306.04s,
[2023-05-19 17:18:52.652] [info] queryID 9, result_size 892092, rtk_topk 1024, ip_cost 2654771770, query_time 2306.04s, total_ip_cost 23894147764, total_retrieval_time 20851.93s
[2023-05-19 17:18:52.660] [info] queryID 10, result_size 0, rtk_topk 1, accu_ip_cost 8399, accu_query_time 0.00s,
[2023-05-19 17:18:52.663] [info] queryID 10, result_size 0, rtk_topk 2, accu_ip_cost 15762, accu_query_time 0.01s,
[2023-05-19 17:18:52.667] [info] queryID 10, result_size 0, rtk_topk 4, accu_ip_cost 28342, accu_query_time 0.01s,
[2023-05-19 17:18:52.670] [info] queryID 10, result_size 0, rtk_topk 8, accu_ip_cost 49247, accu_query_time 0.01s,
[2023-05-19 17:18:52.674] [info] queryID 10, result_size 0, rtk_topk 16, accu_ip_cost 84101, accu_query_time 0.02s,
[2023-05-19 17:18:52.678] [info] queryID 10, result_size 0, rtk_topk 32, accu_ip_cost 147593, accu_query_time 0.02s,
[2023-05-19 17:18:52.682] [info] queryID 10, result_size 0, rtk_topk 64, accu_ip_cost 243349, accu_query_time 0.03s,
[2023-05-19 17:18:52.688] [info] queryID 10, result_size 0, rtk_topk 128, accu_ip_cost 376438, accu_query_time 0.03s,
[2023-05-19 17:18:52.695] [info] queryID 10, result_size 0, rtk_topk 256, accu_ip_cost 548932, accu_query_time 0.04s,
[2023-05-19 17:18:52.703] [info] queryID 10, result_size 0, rtk_topk 512, accu_ip_cost 762459, accu_query_time 0.05s,
[2023-05-19 17:57:18.984] [info] queryID 10, result_size 336674, rtk_topk 1024, accu_ip_cost 2654771770, accu_query_time 2306.33s,
[2023-05-19 17:57:18.984] [info] queryID 10, result_size 336674, rtk_topk 1024, ip_cost 2654771770, query_time 2306.33s, total_ip_cost 26548919534, total_retrieval_time 23158.26s
[2023-05-19 17:57:18.985] [info] total retrieval time larger than stop time, retrieval exit
[2023-05-19 17:57:18.985] [info] finish top-100
[2023-05-19 17:57:18.985] [info] top100 retrieval:
	total IP cost 26548919534, total time 23158.259s, n_proc_query 11
[2023-05-19 17:57:18.985] [info] build index time: total 341.053554956s
top100 retrieval:
	total IP cost 26548919534, total time 23158.259s, n_proc_query 11
