[2023-05-20 00:31:42.440] [info] Retrieval method_name SimpferPP, dataset_name yelp-32d, topk 100
[2023-05-20 00:31:42.440] [info] dataset_dir /home/zhengbian/Dataset/ReverseMIPS
[2023-05-20 00:31:42.440] [info] index_dir /home/zhengbian/reverse-k-ranks/index
[2023-05-20 00:31:48.168] [info] n_data_item 159585, n_query_item 1000, n_user 2189457, vec_dim 32
[2023-05-20 00:31:48.168] [info] input parameter: simpfer_k_max 625, stop_time 21600s
[2023-05-20 00:31:48.842] [info] finish transform user
[2023-05-20 00:31:48.880] [info] finish transform data item
[2023-05-20 00:59:02.510] [info] finish simpfer preprocessing
[2023-05-20 00:59:04.953] [info] finish preprocess and save the index
[2023-05-20 00:59:04.965] [info] queryID 0, result_size 0, rtk_topk 1, accu_ip_cost 1005924, accu_query_time 0.01s,
[2023-05-20 00:59:04.978] [info] queryID 0, result_size 0, rtk_topk 2, accu_ip_cost 1288736, accu_query_time 0.02s,
[2023-05-20 00:59:04.993] [info] queryID 0, result_size 0, rtk_topk 4, accu_ip_cost 1522146, accu_query_time 0.04s,
[2023-05-20 00:59:05.009] [info] queryID 0, result_size 0, rtk_topk 8, accu_ip_cost 1703502, accu_query_time 0.06s,
[2023-05-20 00:59:05.027] [info] queryID 0, result_size 0, rtk_topk 16, accu_ip_cost 1831648, accu_query_time 0.07s,
[2023-05-20 00:59:05.045] [info] queryID 0, result_size 0, rtk_topk 32, accu_ip_cost 1923278, accu_query_time 0.09s,
[2023-05-20 00:59:05.064] [info] queryID 0, result_size 1, rtk_topk 64, accu_ip_cost 1984342, accu_query_time 0.11s,
[2023-05-20 00:59:05.083] [info] queryID 0, result_size 1, rtk_topk 128, accu_ip_cost 2028100, accu_query_time 0.13s,
[2023-05-20 00:59:05.103] [info] queryID 0, result_size 1, rtk_topk 256, accu_ip_cost 2063800, accu_query_time 0.15s,
[2023-05-20 00:59:05.123] [info] queryID 0, result_size 4, rtk_topk 512, accu_ip_cost 2088348, accu_query_time 0.17s,
[2023-05-20 01:14:07.353] [info] queryID 0, result_size 8, rtk_topk 1024, accu_ip_cost 2314256049, accu_query_time 902.40s,
[2023-05-20 01:31:47.935] [info] queryID 0, result_size 29, rtk_topk 2048, accu_ip_cost 4556260017, accu_query_time 1962.98s,
[2023-05-20 01:53:06.752] [info] queryID 0, result_size 122, rtk_topk 4096, accu_ip_cost 9040267953, accu_query_time 3241.80s,
[2023-05-20 01:53:06.752] [info] queryID 0, result_size 122, rtk_topk 4096, ip_cost 9040267953, query_time 3241.80s, total_ip_cost 9040267953, total_retrieval_time 3241.80s
[2023-05-20 01:53:06.762] [info] queryID 1, result_size 0, rtk_topk 1, accu_ip_cost 1016668, accu_query_time 0.01s,
[2023-05-20 01:53:06.776] [info] queryID 1, result_size 0, rtk_topk 2, accu_ip_cost 1296964, accu_query_time 0.02s,
[2023-05-20 01:53:06.791] [info] queryID 1, result_size 0, rtk_topk 4, accu_ip_cost 1529626, accu_query_time 0.04s,
[2023-05-20 01:53:06.808] [info] queryID 1, result_size 0, rtk_topk 8, accu_ip_cost 1708092, accu_query_time 0.06s,
[2023-05-20 01:53:06.826] [info] queryID 1, result_size 0, rtk_topk 16, accu_ip_cost 1835320, accu_query_time 0.07s,
[2023-05-20 01:53:06.845] [info] queryID 1, result_size 0, rtk_topk 32, accu_ip_cost 1925828, accu_query_time 0.09s,
[2023-05-20 01:53:06.864] [info] queryID 1, result_size 0, rtk_topk 64, accu_ip_cost 1986450, accu_query_time 0.11s,
[2023-05-20 01:53:06.884] [info] queryID 1, result_size 0, rtk_topk 128, accu_ip_cost 2029052, accu_query_time 0.13s,
[2023-05-20 01:53:06.903] [info] queryID 1, result_size 1, rtk_topk 256, accu_ip_cost 2064242, accu_query_time 0.15s,
[2023-05-20 01:53:06.923] [info] queryID 1, result_size 5, rtk_topk 512, accu_ip_cost 2089504, accu_query_time 0.17s,
[2023-05-20 02:08:03.212] [info] queryID 1, result_size 18, rtk_topk 1024, accu_ip_cost 2314256049, accu_query_time 896.46s,
[2023-05-20 02:25:47.771] [info] queryID 1, result_size 51, rtk_topk 2048, accu_ip_cost 4556260017, accu_query_time 1961.02s,
[2023-05-20 02:46:56.513] [info] queryID 1, result_size 235, rtk_topk 4096, accu_ip_cost 9040267953, accu_query_time 3229.76s,
[2023-05-20 02:46:56.513] [info] queryID 1, result_size 235, rtk_topk 4096, ip_cost 9040267953, query_time 3229.76s, total_ip_cost 18080535906, total_retrieval_time 6471.56s
[2023-05-20 02:46:56.526] [info] queryID 2, result_size 0, rtk_topk 1, accu_ip_cost 1240456, accu_query_time 0.01s,
[2023-05-20 02:46:56.541] [info] queryID 2, result_size 0, rtk_topk 2, accu_ip_cost 1497360, accu_query_time 0.03s,
[2023-05-20 02:46:56.557] [info] queryID 2, result_size 0, rtk_topk 4, accu_ip_cost 1689800, accu_query_time 0.04s,
[2023-05-20 02:46:56.575] [info] queryID 2, result_size 0, rtk_topk 8, accu_ip_cost 1823522, accu_query_time 0.06s,
[2023-05-20 02:46:56.594] [info] queryID 2, result_size 0, rtk_topk 16, accu_ip_cost 1914676, accu_query_time 0.08s,
[2023-05-20 02:46:56.614] [info] queryID 2, result_size 0, rtk_topk 32, accu_ip_cost 1978086, accu_query_time 0.10s,
[2023-05-20 02:46:56.633] [info] queryID 2, result_size 0, rtk_topk 64, accu_ip_cost 2022830, accu_query_time 0.12s,
[2023-05-20 02:46:56.653] [info] queryID 2, result_size 0, rtk_topk 128, accu_ip_cost 2056422, accu_query_time 0.14s,
[2023-05-20 02:46:56.673] [info] queryID 2, result_size 0, rtk_topk 256, accu_ip_cost 2083520, accu_query_time 0.16s,
[2023-05-20 02:46:56.693] [info] queryID 2, result_size 7, rtk_topk 512, accu_ip_cost 2109598, accu_query_time 0.18s,
[2023-05-20 03:01:51.599] [info] queryID 2, result_size 32, rtk_topk 1024, accu_ip_cost 2314256049, accu_query_time 895.09s,
[2023-05-20 03:19:34.984] [info] queryID 2, result_size 94, rtk_topk 2048, accu_ip_cost 4556260017, accu_query_time 1958.47s,
[2023-05-20 03:40:45.155] [info] queryID 2, result_size 315, rtk_topk 4096, accu_ip_cost 9040267953, accu_query_time 3228.64s,
[2023-05-20 03:40:45.155] [info] queryID 2, result_size 315, rtk_topk 4096, ip_cost 9040267953, query_time 3228.64s, total_ip_cost 27120803859, total_retrieval_time 9700.20s
[2023-05-20 03:40:45.174] [info] queryID 3, result_size 0, rtk_topk 1, accu_ip_cost 1971592, accu_query_time 0.02s,
[2023-05-20 03:40:45.194] [info] queryID 3, result_size 0, rtk_topk 2, accu_ip_cost 2023408, accu_query_time 0.04s,
[2023-05-20 03:40:45.215] [info] queryID 3, result_size 0, rtk_topk 4, accu_ip_cost 2056354, accu_query_time 0.06s,
[2023-05-20 03:40:45.235] [info] queryID 3, result_size 0, rtk_topk 8, accu_ip_cost 2083928, accu_query_time 0.08s,
[2023-05-20 03:40:45.256] [info] queryID 3, result_size 0, rtk_topk 16, accu_ip_cost 2106130, accu_query_time 0.10s,
[2023-05-20 03:40:45.276] [info] queryID 3, result_size 0, rtk_topk 32, accu_ip_cost 2131018, accu_query_time 0.12s,
[2023-05-20 03:40:45.297] [info] queryID 3, result_size 3, rtk_topk 64, accu_ip_cost 2158524, accu_query_time 0.14s,
[2023-05-20 03:40:45.318] [info] queryID 3, result_size 18, rtk_topk 128, accu_ip_cost 2188478, accu_query_time 0.16s,
[2023-05-20 03:40:45.338] [info] queryID 3, result_size 59, rtk_topk 256, accu_ip_cost 2189430, accu_query_time 0.18s,
[2023-05-20 03:40:45.359] [info] queryID 3, result_size 231, rtk_topk 512, accu_ip_cost 2189430, accu_query_time 0.20s,
[2023-05-20 03:40:45.359] [info] queryID 3, result_size 231, rtk_topk 512, ip_cost 2189430, query_time 0.20s, total_ip_cost 27122993289, total_retrieval_time 9700.41s
[2023-05-20 03:40:45.368] [info] queryID 4, result_size 0, rtk_topk 1, accu_ip_cost 792268, accu_query_time 0.01s,
[2023-05-20 03:40:45.379] [info] queryID 4, result_size 0, rtk_topk 2, accu_ip_cost 1081234, accu_query_time 0.02s,
[2023-05-20 03:40:45.392] [info] queryID 4, result_size 0, rtk_topk 4, accu_ip_cost 1342456, accu_query_time 0.03s,
[2023-05-20 03:40:45.407] [info] queryID 4, result_size 0, rtk_topk 8, accu_ip_cost 1556962, accu_query_time 0.05s,
[2023-05-20 03:40:45.424] [info] queryID 4, result_size 0, rtk_topk 16, accu_ip_cost 1729614, accu_query_time 0.06s,
[2023-05-20 03:40:45.442] [info] queryID 4, result_size 0, rtk_topk 32, accu_ip_cost 1851436, accu_query_time 0.08s,
[2023-05-20 03:40:45.460] [info] queryID 4, result_size 0, rtk_topk 64, accu_ip_cost 1938442, accu_query_time 0.10s,
[2023-05-20 03:40:45.479] [info] queryID 4, result_size 0, rtk_topk 128, accu_ip_cost 1996412, accu_query_time 0.12s,
[2023-05-20 03:40:45.499] [info] queryID 4, result_size 0, rtk_topk 256, accu_ip_cost 2036736, accu_query_time 0.14s,
[2023-05-20 03:40:45.519] [info] queryID 4, result_size 2, rtk_topk 512, accu_ip_cost 2070974, accu_query_time 0.16s,
[2023-05-20 03:55:43.603] [info] queryID 4, result_size 4, rtk_topk 1024, accu_ip_cost 2314256049, accu_query_time 898.24s,
[2023-05-20 04:13:23.787] [info] queryID 4, result_size 31, rtk_topk 2048, accu_ip_cost 4556260017, accu_query_time 1958.43s,
[2023-05-20 04:34:37.379] [info] queryID 4, result_size 154, rtk_topk 4096, accu_ip_cost 9040267953, accu_query_time 3232.02s,
[2023-05-20 04:34:37.379] [info] queryID 4, result_size 154, rtk_topk 4096, ip_cost 9040267953, query_time 3232.02s, total_ip_cost 36163261242, total_retrieval_time 12932.43s
[2023-05-20 04:34:37.393] [info] queryID 5, result_size 0, rtk_topk 1, accu_ip_cost 1353472, accu_query_time 0.01s,
[2023-05-20 04:34:37.409] [info] queryID 5, result_size 0, rtk_topk 2, accu_ip_cost 1592356, accu_query_time 0.03s,
[2023-05-20 04:34:37.427] [info] queryID 5, result_size 1, rtk_topk 4, accu_ip_cost 1759024, accu_query_time 0.05s,
[2023-05-20 04:34:37.445] [info] queryID 5, result_size 1, rtk_topk 8, accu_ip_cost 1870578, accu_query_time 0.07s,
[2023-05-20 04:34:37.464] [info] queryID 5, result_size 1, rtk_topk 16, accu_ip_cost 1947928, accu_query_time 0.08s,
[2023-05-20 04:34:37.484] [info] queryID 5, result_size 2, rtk_topk 32, accu_ip_cost 2000492, accu_query_time 0.10s,
[2023-05-20 04:34:37.504] [info] queryID 5, result_size 2, rtk_topk 64, accu_ip_cost 2038470, accu_query_time 0.12s,
[2023-05-20 04:34:37.524] [info] queryID 5, result_size 2, rtk_topk 128, accu_ip_cost 2070600, accu_query_time 0.14s,
[2023-05-20 04:34:37.544] [info] queryID 5, result_size 5, rtk_topk 256, accu_ip_cost 2095182, accu_query_time 0.16s,
[2023-05-20 04:34:37.564] [info] queryID 5, result_size 16, rtk_topk 512, accu_ip_cost 2119730, accu_query_time 0.18s,
[2023-05-20 04:49:34.770] [info] queryID 5, result_size 80, rtk_topk 1024, accu_ip_cost 2314256049, accu_query_time 897.39s,
[2023-05-20 05:07:17.588] [info] queryID 5, result_size 296, rtk_topk 2048, accu_ip_cost 4556260017, accu_query_time 1960.21s,
[2023-05-20 05:07:17.588] [info] queryID 5, result_size 296, rtk_topk 2048, ip_cost 4556260017, query_time 1960.21s, total_ip_cost 40719521259, total_retrieval_time 14892.64s
[2023-05-20 05:07:17.605] [info] queryID 6, result_size 0, rtk_topk 1, accu_ip_cost 1727506, accu_query_time 0.02s,
[2023-05-20 05:07:17.624] [info] queryID 6, result_size 0, rtk_topk 2, accu_ip_cost 1859528, accu_query_time 0.04s,
[2023-05-20 05:07:17.643] [info] queryID 6, result_size 0, rtk_topk 4, accu_ip_cost 1942250, accu_query_time 0.05s,
[2023-05-20 05:07:17.662] [info] queryID 6, result_size 0, rtk_topk 8, accu_ip_cost 1997160, accu_query_time 0.07s,
[2023-05-20 05:07:17.682] [info] queryID 6, result_size 0, rtk_topk 16, accu_ip_cost 2035308, accu_query_time 0.09s,
[2023-05-20 05:07:17.702] [info] queryID 6, result_size 0, rtk_topk 32, accu_ip_cost 2064480, accu_query_time 0.11s,
[2023-05-20 05:07:17.722] [info] queryID 6, result_size 1, rtk_topk 64, accu_ip_cost 2090048, accu_query_time 0.13s,
[2023-05-20 05:07:17.743] [info] queryID 6, result_size 2, rtk_topk 128, accu_ip_cost 2114698, accu_query_time 0.15s,
[2023-05-20 05:07:17.763] [info] queryID 6, result_size 7, rtk_topk 256, accu_ip_cost 2138702, accu_query_time 0.17s,
[2023-05-20 05:07:17.784] [info] queryID 6, result_size 23, rtk_topk 512, accu_ip_cost 2169642, accu_query_time 0.20s,
[2023-05-20 05:22:16.878] [info] queryID 6, result_size 106, rtk_topk 1024, accu_ip_cost 2314256049, accu_query_time 899.29s,
[2023-05-20 05:22:16.878] [info] queryID 6, result_size 106, rtk_topk 1024, ip_cost 2314256049, query_time 899.29s, total_ip_cost 43033777308, total_retrieval_time 15791.93s
[2023-05-20 05:22:16.897] [info] queryID 7, result_size 0, rtk_topk 1, accu_ip_cost 1865070, accu_query_time 0.02s,
[2023-05-20 05:22:16.916] [info] queryID 7, result_size 0, rtk_topk 2, accu_ip_cost 1951634, accu_query_time 0.04s,
[2023-05-20 05:22:16.936] [info] queryID 7, result_size 0, rtk_topk 4, accu_ip_cost 2005014, accu_query_time 0.06s,
[2023-05-20 05:22:16.956] [info] queryID 7, result_size 0, rtk_topk 8, accu_ip_cost 2041530, accu_query_time 0.08s,
[2023-05-20 05:22:16.976] [info] queryID 7, result_size 0, rtk_topk 16, accu_ip_cost 2071314, accu_query_time 0.10s,
[2023-05-20 05:22:16.996] [info] queryID 7, result_size 1, rtk_topk 32, accu_ip_cost 2093890, accu_query_time 0.12s,
[2023-05-20 05:22:17.017] [info] queryID 7, result_size 4, rtk_topk 64, accu_ip_cost 2118642, accu_query_time 0.14s,
[2023-05-20 05:22:17.037] [info] queryID 7, result_size 34, rtk_topk 128, accu_ip_cost 2142374, accu_query_time 0.16s,
[2023-05-20 05:22:17.058] [info] queryID 7, result_size 108, rtk_topk 256, accu_ip_cost 2174096, accu_query_time 0.18s,
[2023-05-20 05:22:17.058] [info] queryID 7, result_size 108, rtk_topk 256, ip_cost 2174096, query_time 0.18s, total_ip_cost 43035951404, total_retrieval_time 15792.11s
[2023-05-20 05:22:17.077] [info] queryID 8, result_size 0, rtk_topk 1, accu_ip_cost 1974788, accu_query_time 0.02s,
[2023-05-20 05:22:17.096] [info] queryID 8, result_size 1, rtk_topk 2, accu_ip_cost 2025414, accu_query_time 0.04s,
[2023-05-20 05:22:17.116] [info] queryID 8, result_size 1, rtk_topk 4, accu_ip_cost 2058394, accu_query_time 0.06s,
[2023-05-20 05:22:17.136] [info] queryID 8, result_size 4, rtk_topk 8, accu_ip_cost 2085424, accu_query_time 0.08s,
[2023-05-20 05:22:17.156] [info] queryID 8, result_size 5, rtk_topk 16, accu_ip_cost 2106980, accu_query_time 0.10s,
[2023-05-20 05:22:17.176] [info] queryID 8, result_size 19, rtk_topk 32, accu_ip_cost 2132412, accu_query_time 0.12s,
[2023-05-20 05:22:17.197] [info] queryID 8, result_size 42, rtk_topk 64, accu_ip_cost 2160224, accu_query_time 0.14s,
[2023-05-20 05:22:17.218] [info] queryID 8, result_size 104, rtk_topk 128, accu_ip_cost 2188716, accu_query_time 0.16s,
[2023-05-20 05:22:17.218] [info] queryID 8, result_size 104, rtk_topk 128, ip_cost 2188716, query_time 0.16s, total_ip_cost 43038140120, total_retrieval_time 15792.26s
[2023-05-20 05:22:17.237] [info] queryID 9, result_size 0, rtk_topk 1, accu_ip_cost 2031058, accu_query_time 0.02s,
[2023-05-20 05:22:17.257] [info] queryID 9, result_size 0, rtk_topk 2, accu_ip_cost 2068084, accu_query_time 0.04s,
[2023-05-20 05:22:17.277] [info] queryID 9, result_size 0, rtk_topk 4, accu_ip_cost 2092054, accu_query_time 0.06s,
[2023-05-20 05:22:17.297] [info] queryID 9, result_size 0, rtk_topk 8, accu_ip_cost 2115412, accu_query_time 0.08s,
[2023-05-20 05:22:17.318] [info] queryID 9, result_size 0, rtk_topk 16, accu_ip_cost 2140912, accu_query_time 0.10s,
[2023-05-20 05:22:17.338] [info] queryID 9, result_size 7, rtk_topk 32, accu_ip_cost 2174640, accu_query_time 0.12s,
[2023-05-20 05:22:17.359] [info] queryID 9, result_size 47, rtk_topk 64, accu_ip_cost 2189430, accu_query_time 0.14s,
[2023-05-20 05:22:17.380] [info] queryID 9, result_size 195, rtk_topk 128, accu_ip_cost 2189430, accu_query_time 0.16s,
[2023-05-20 05:22:17.380] [info] queryID 9, result_size 195, rtk_topk 128, ip_cost 2189430, query_time 0.16s, total_ip_cost 43040329550, total_retrieval_time 15792.43s
[2023-05-20 05:22:17.399] [info] queryID 10, result_size 0, rtk_topk 1, accu_ip_cost 1996548, accu_query_time 0.02s,
[2023-05-20 05:22:17.419] [info] queryID 10, result_size 0, rtk_topk 2, accu_ip_cost 2040578, accu_query_time 0.04s,
[2023-05-20 05:22:17.439] [info] queryID 10, result_size 0, rtk_topk 4, accu_ip_cost 2068628, accu_query_time 0.06s,
[2023-05-20 05:22:17.459] [info] queryID 10, result_size 0, rtk_topk 8, accu_ip_cost 2095590, accu_query_time 0.08s,
[2023-05-20 05:22:17.479] [info] queryID 10, result_size 1, rtk_topk 16, accu_ip_cost 2119458, accu_query_time 0.10s,
[2023-05-20 05:22:17.499] [info] queryID 10, result_size 13, rtk_topk 32, accu_ip_cost 2143224, accu_query_time 0.12s,
[2023-05-20 05:22:17.520] [info] queryID 10, result_size 32, rtk_topk 64, accu_ip_cost 2175524, accu_query_time 0.14s,
[2023-05-20 05:22:17.541] [info] queryID 10, result_size 112, rtk_topk 128, accu_ip_cost 2189430, accu_query_time 0.16s,
[2023-05-20 05:22:17.541] [info] queryID 10, result_size 112, rtk_topk 128, ip_cost 2189430, query_time 0.16s, total_ip_cost 43042518980, total_retrieval_time 15792.59s
[2023-05-20 05:22:17.543] [info] queryID 11, result_size 0, rtk_topk 1, accu_ip_cost 33116, accu_query_time 0.00s,
[2023-05-20 05:22:17.546] [info] queryID 11, result_size 0, rtk_topk 2, accu_ip_cost 73542, accu_query_time 0.00s,
[2023-05-20 05:22:17.549] [info] queryID 11, result_size 0, rtk_topk 4, accu_ip_cost 149056, accu_query_time 0.01s,
[2023-05-20 05:22:17.553] [info] queryID 11, result_size 0, rtk_topk 8, accu_ip_cost 269280, accu_query_time 0.01s,
[2023-05-20 05:22:17.558] [info] queryID 11, result_size 0, rtk_topk 16, accu_ip_cost 441558, accu_query_time 0.02s,
[2023-05-20 05:22:17.566] [info] queryID 11, result_size 0, rtk_topk 32, accu_ip_cost 668712, accu_query_time 0.03s,
[2023-05-20 05:22:17.576] [info] queryID 11, result_size 0, rtk_topk 64, accu_ip_cost 932756, accu_query_time 0.03s,
[2023-05-20 05:22:17.588] [info] queryID 11, result_size 0, rtk_topk 128, accu_ip_cost 1219070, accu_query_time 0.05s,
[2023-05-20 05:22:17.602] [info] queryID 11, result_size 0, rtk_topk 256, accu_ip_cost 1479034, accu_query_time 0.06s,
[2023-05-20 05:22:17.619] [info] queryID 11, result_size 0, rtk_topk 512, accu_ip_cost 1692316, accu_query_time 0.08s,
[2023-05-20 05:37:17.538] [info] queryID 11, result_size 1, rtk_topk 1024, accu_ip_cost 2314256049, accu_query_time 900.00s,
[2023-05-20 05:55:00.264] [info] queryID 11, result_size 4, rtk_topk 2048, accu_ip_cost 4556260017, accu_query_time 1962.72s,
[2023-05-20 06:16:11.264] [info] queryID 11, result_size 15, rtk_topk 4096, accu_ip_cost 9040267953, accu_query_time 3233.72s,
[2023-05-20 06:42:40.011] [info] queryID 11, result_size 65, rtk_topk 8192, accu_ip_cost 18008283825, accu_query_time 4822.47s,
[2023-05-20 07:18:17.042] [info] queryID 11, result_size 326, rtk_topk 16384, accu_ip_cost 35944315569, accu_query_time 6959.50s,
[2023-05-20 07:18:17.042] [info] queryID 11, result_size 326, rtk_topk 16384, ip_cost 35944315569, query_time 6959.50s, total_ip_cost 78986834549, total_retrieval_time 22752.09s
[2023-05-20 07:18:17.042] [info] total retrieval time larger than stop time, retrieval exit
[2023-05-20 07:18:17.042] [info] finish top-100
[2023-05-20 07:18:17.042] [info] top100 retrieval:
	total IP cost 78986834549, total time 22752.089s, n_proc_query 12
[2023-05-20 07:18:17.042] [info] build index time: total 1636.784530168s
top100 retrieval:
	total IP cost 78986834549, total time 22752.089s, n_proc_query 12
