nohup: ignoring input
[2023-06-01 15:07:24.485] [info] Retrieval method_name RtreeItemOnly, dataset_name yahoomusic_big-150d, topk 10
[2023-06-01 15:07:24.485] [info] dataset_dir /home/zhengbian/Dataset/ReverseMIPS
[2023-06-01 15:07:24.485] [info] index_dir /home/zhengbian/reverse-k-ranks/index
[2023-06-01 15:07:28.457] [info] n_data_item 135736, n_query_item 1000, n_user 1823179, vec_dim 150
[2023-06-01 15:07:28.457] [info] input parameter: stop_time 28800s
135736 entries created
135736 entries created
[2023-06-01 15:51:46.582] [info] finish preprocess and save the index
[2023-06-01 16:22:07.838] [info] finish queryID 0, single_query_retrieval_time 1821.26s, ip_cost 1041364077, n_proc_query 1.00
[2023-06-01 16:45:47.187] [info] finish queryID 1, single_query_retrieval_time 1419.35s, ip_cost 668207583, n_proc_query 2.00
[2023-06-01 17:04:18.034] [info] finish queryID 2, single_query_retrieval_time 1110.85s, ip_cost 273224128, n_proc_query 3.00
[2023-06-01 17:33:10.363] [info] finish queryID 3, single_query_retrieval_time 1732.33s, ip_cost 1010226679, n_proc_query 4.00
[2023-06-01 18:06:49.425] [info] finish queryID 4, single_query_retrieval_time 2019.06s, ip_cost 1190398272, n_proc_query 5.00
[2023-06-01 18:31:32.121] [info] finish queryID 5, single_query_retrieval_time 1482.70s, ip_cost 793023818, n_proc_query 6.00
[2023-06-01 19:00:20.022] [info] finish queryID 6, single_query_retrieval_time 1727.90s, ip_cost 989658403, n_proc_query 7.00
[2023-06-01 19:19:35.140] [info] finish queryID 7, single_query_retrieval_time 1155.12s, ip_cost 369641861, n_proc_query 8.00
[2023-06-01 19:40:29.941] [info] finish queryID 8, single_query_retrieval_time 1254.80s, ip_cost 461277078, n_proc_query 9.00
[2023-06-01 20:22:14.043] [info] finish queryID 9, single_query_retrieval_time 2504.10s, ip_cost 1420228655, n_proc_query 10.00
[2023-06-01 20:43:42.551] [info] finish queryID 10, single_query_retrieval_time 1288.51s, ip_cost 537945564, n_proc_query 11.00
[2023-06-01 21:02:02.530] [info] finish queryID 11, single_query_retrieval_time 1099.98s, ip_cost 209812969, n_proc_query 12.00
[2023-06-01 21:25:31.279] [info] finish queryID 12, single_query_retrieval_time 1408.75s, ip_cost 668157199, n_proc_query 13.00
[2023-06-01 21:48:53.182] [info] finish queryID 13, single_query_retrieval_time 1401.90s, ip_cost 753967239, n_proc_query 14.00
[2023-06-01 22:08:16.933] [info] finish queryID 14, single_query_retrieval_time 1163.75s, ip_cost 350838955, n_proc_query 15.00
[2023-06-01 23:08:58.380] [info] finish queryID 15, single_query_retrieval_time 3641.45s, ip_cost 2008865090, n_proc_query 16.00
[2023-06-01 23:27:37.785] [info] finish queryID 16, single_query_retrieval_time 1119.40s, ip_cost 280074707, n_proc_query 17.00
[2023-06-01 23:44:49.514] [info] finish queryID 17, single_query_retrieval_time 1031.73s, ip_cost 112109606, n_proc_query 18.00
[2023-06-02 00:32:01.488] [info] finish queryID 18, single_query_retrieval_time 2831.97s, ip_cost 1603954860, n_proc_query 19.00
[2023-06-02 00:32:01.488] [info] total retrieval time larger than stop time, retrieval exit
[2023-06-02 00:32:01.488] [info] finish top-10
[2023-06-02 00:32:01.488] [info] top10 retrieval time: total 31214.905s, n_proc_query 19.000
	total single query retrieval time 31214.904s, total ip cost 14742976743
[2023-06-02 00:32:01.488] [info] build index time: total 2658.125136426s
top10 retrieval time: total 31214.905s, n_proc_query 19.000
	total single query retrieval time 31214.904s, total ip cost 14742976743
[2023-06-02 00:32:02.426] [info] Retrieval method_name RtreeItemOnly, dataset_name yahoomusic_big-150d, topk 50
[2023-06-02 00:32:02.427] [info] dataset_dir /home/zhengbian/Dataset/ReverseMIPS
[2023-06-02 00:32:02.427] [info] index_dir /home/zhengbian/reverse-k-ranks/index
[2023-06-02 00:32:06.405] [info] n_data_item 135736, n_query_item 1000, n_user 1823179, vec_dim 150
[2023-06-02 00:32:06.405] [info] input parameter: stop_time 28800s
135736 entries created
135736 entries created
[2023-06-02 01:16:33.229] [info] finish preprocess and save the index
[2023-06-02 01:53:15.062] [info] finish queryID 0, single_query_retrieval_time 2201.83s, ip_cost 1220215785, n_proc_query 1.00
[2023-06-02 02:23:21.106] [info] finish queryID 1, single_query_retrieval_time 1806.04s, ip_cost 1004600331, n_proc_query 2.00
[2023-06-02 02:45:37.402] [info] finish queryID 2, single_query_retrieval_time 1336.30s, ip_cost 583910234, n_proc_query 3.00
[2023-06-02 03:17:31.479] [info] finish queryID 3, single_query_retrieval_time 1914.08s, ip_cost 1102066575, n_proc_query 4.00
[2023-06-02 04:01:51.395] [info] finish queryID 4, single_query_retrieval_time 2659.92s, ip_cost 1466707581, n_proc_query 5.00
[2023-06-02 04:29:47.321] [info] finish queryID 5, single_query_retrieval_time 1675.93s, ip_cost 935448229, n_proc_query 6.00
[2023-06-02 05:03:32.885] [info] finish queryID 6, single_query_retrieval_time 2025.56s, ip_cost 1139144890, n_proc_query 7.00
[2023-06-02 05:25:15.371] [info] finish queryID 7, single_query_retrieval_time 1302.49s, ip_cost 577856619, n_proc_query 8.00
[2023-06-02 05:49:26.555] [info] finish queryID 8, single_query_retrieval_time 1451.18s, ip_cost 691407608, n_proc_query 9.00
[2023-06-02 06:51:28.580] [info] finish queryID 9, single_query_retrieval_time 3722.02s, ip_cost 1903868601, n_proc_query 10.00
[2023-06-02 07:15:46.916] [info] finish queryID 10, single_query_retrieval_time 1458.34s, ip_cost 734550826, n_proc_query 11.00
[2023-06-02 07:38:19.155] [info] finish queryID 11, single_query_retrieval_time 1352.24s, ip_cost 587907505, n_proc_query 12.00
[2023-06-02 08:07:23.391] [info] finish queryID 12, single_query_retrieval_time 1744.24s, ip_cost 973670757, n_proc_query 13.00
[2023-06-02 08:36:23.034] [info] finish queryID 13, single_query_retrieval_time 1739.64s, ip_cost 1043426542, n_proc_query 14.00
[2023-06-02 08:57:43.922] [info] finish queryID 14, single_query_retrieval_time 1280.89s, ip_cost 522654131, n_proc_query 15.00
[2023-06-02 10:21:14.053] [info] finish queryID 15, single_query_retrieval_time 5010.13s, ip_cost 2541067073, n_proc_query 16.00
[2023-06-02 10:21:14.053] [info] total retrieval time larger than stop time, retrieval exit
[2023-06-02 10:21:14.053] [info] finish top-50
[2023-06-02 10:21:14.053] [info] top50 retrieval time: total 32680.824s, n_proc_query 16.000
	total single query retrieval time 32680.823s, total ip cost 17028503287
[2023-06-02 10:21:14.053] [info] build index time: total 2666.823542478s
top50 retrieval time: total 32680.824s, n_proc_query 16.000
	total single query retrieval time 32680.823s, total ip cost 17028503287
[2023-06-02 10:21:15.049] [info] Retrieval method_name RtreeItemOnly, dataset_name yahoomusic_big-150d, topk 100
[2023-06-02 10:21:15.049] [info] dataset_dir /home/zhengbian/Dataset/ReverseMIPS
[2023-06-02 10:21:15.049] [info] index_dir /home/zhengbian/reverse-k-ranks/index
[2023-06-02 10:21:19.013] [info] n_data_item 135736, n_query_item 1000, n_user 1823179, vec_dim 150
[2023-06-02 10:21:19.013] [info] input parameter: stop_time 28800s
135736 entries created
135736 entries created
[2023-06-02 11:05:28.575] [info] finish preprocess and save the index
[2023-06-02 11:46:10.452] [info] finish queryID 0, single_query_retrieval_time 2441.88s, ip_cost 1318199792, n_proc_query 1.00
[2023-06-02 12:20:47.577] [info] finish queryID 1, single_query_retrieval_time 2077.13s, ip_cost 1153761935, n_proc_query 2.00
[2023-06-02 12:46:01.203] [info] finish queryID 2, single_query_retrieval_time 1513.63s, ip_cost 767100397, n_proc_query 3.00
[2023-06-02 13:19:56.500] [info] finish queryID 3, single_query_retrieval_time 2035.30s, ip_cost 1155605955, n_proc_query 4.00
[2023-06-02 14:11:41.079] [info] finish queryID 4, single_query_retrieval_time 3104.58s, ip_cost 1642916073, n_proc_query 5.00
[2023-06-02 14:41:43.951] [info] finish queryID 5, single_query_retrieval_time 1802.87s, ip_cost 1006898655, n_proc_query 6.00
[2023-06-02 15:18:42.232] [info] finish queryID 6, single_query_retrieval_time 2218.28s, ip_cost 1220533172, n_proc_query 7.00
[2023-06-02 15:42:04.051] [info] finish queryID 7, single_query_retrieval_time 1401.82s, ip_cost 687677370, n_proc_query 8.00
[2023-06-02 16:09:14.382] [info] finish queryID 8, single_query_retrieval_time 1630.33s, ip_cost 847824993, n_proc_query 9.00
[2023-06-02 17:23:18.809] [info] finish queryID 9, single_query_retrieval_time 4444.43s, ip_cost 2184017859, n_proc_query 10.00
[2023-06-02 17:49:41.608] [info] finish queryID 10, single_query_retrieval_time 1582.80s, ip_cost 840526239, n_proc_query 11.00
[2023-06-02 18:15:35.867] [info] finish queryID 11, single_query_retrieval_time 1554.26s, ip_cost 795569091, n_proc_query 12.00
[2023-06-02 18:48:12.720] [info] finish queryID 12, single_query_retrieval_time 1956.85s, ip_cost 1092238866, n_proc_query 13.00
[2023-06-02 19:20:56.491] [info] finish queryID 13, single_query_retrieval_time 1963.77s, ip_cost 1173215610, n_proc_query 14.00
[2023-06-02 19:20:56.491] [info] total retrieval time larger than stop time, retrieval exit
[2023-06-02 19:20:56.491] [info] finish top-100
[2023-06-02 19:20:56.491] [info] top100 retrieval time: total 29727.916s, n_proc_query 14.000
	total single query retrieval time 29727.915s, total ip cost 15886086007
[2023-06-02 19:20:56.491] [info] build index time: total 2649.56168007s
top100 retrieval time: total 29727.916s, n_proc_query 14.000
	total single query retrieval time 29727.915s, total ip cost 15886086007
[2023-06-02 19:20:57.504] [info] Retrieval method_name RtreeItemOnly, dataset_name yahoomusic_big-150d, topk 150
[2023-06-02 19:20:57.504] [info] dataset_dir /home/zhengbian/Dataset/ReverseMIPS
[2023-06-02 19:20:57.504] [info] index_dir /home/zhengbian/reverse-k-ranks/index
[2023-06-02 19:21:01.477] [info] n_data_item 135736, n_query_item 1000, n_user 1823179, vec_dim 150
[2023-06-02 19:21:01.477] [info] input parameter: stop_time 28800s
135736 entries created
135736 entries created
[2023-06-02 20:05:11.234] [info] finish preprocess and save the index
[2023-06-02 20:49:05.282] [info] finish queryID 0, single_query_retrieval_time 2634.05s, ip_cost 1385634962, n_proc_query 1.00
[2023-06-02 21:27:19.210] [info] finish queryID 1, single_query_retrieval_time 2293.93s, ip_cost 1245834314, n_proc_query 2.00
[2023-06-02 21:54:48.908] [info] finish queryID 2, single_query_retrieval_time 1649.70s, ip_cost 878992736, n_proc_query 3.00
[2023-06-02 22:30:35.642] [info] finish queryID 3, single_query_retrieval_time 2146.73s, ip_cost 1197616778, n_proc_query 4.00
[2023-06-02 23:27:41.891] [info] finish queryID 4, single_query_retrieval_time 3426.25s, ip_cost 1760032594, n_proc_query 5.00
[2023-06-02 23:59:33.770] [info] finish queryID 5, single_query_retrieval_time 1911.88s, ip_cost 1053407307, n_proc_query 6.00
[2023-06-03 00:39:08.802] [info] finish queryID 6, single_query_retrieval_time 2375.03s, ip_cost 1278957034, n_proc_query 7.00
[2023-06-03 01:03:44.069] [info] finish queryID 7, single_query_retrieval_time 1475.27s, ip_cost 752554506, n_proc_query 8.00
[2023-06-03 01:33:14.061] [info] finish queryID 8, single_query_retrieval_time 1769.99s, ip_cost 949160228, n_proc_query 9.00
[2023-06-03 02:56:37.715] [info] finish queryID 9, single_query_retrieval_time 5003.65s, ip_cost 2388135294, n_proc_query 10.00
[2023-06-03 03:24:47.641] [info] finish queryID 10, single_query_retrieval_time 1689.93s, ip_cost 909288785, n_proc_query 11.00
[2023-06-03 03:53:16.085] [info] finish queryID 11, single_query_retrieval_time 1708.44s, ip_cost 918733787, n_proc_query 12.00
[2023-06-03 04:28:48.263] [info] finish queryID 12, single_query_retrieval_time 2132.18s, ip_cost 1166034717, n_proc_query 13.00
[2023-06-03 04:28:48.263] [info] total retrieval time larger than stop time, retrieval exit
[2023-06-03 04:28:48.263] [info] finish top-150
[2023-06-03 04:28:48.263] [info] top150 retrieval time: total 30217.029s, n_proc_query 13.000
	total single query retrieval time 30217.028s, total ip cost 15884383042
[2023-06-03 04:28:48.263] [info] build index time: total 2649.756867756s
top150 retrieval time: total 30217.029s, n_proc_query 13.000
	total single query retrieval time 30217.028s, total ip cost 15884383042
[2023-06-03 04:28:49.267] [info] Retrieval method_name RtreeItemOnly, dataset_name yahoomusic_big-150d, topk 200
[2023-06-03 04:28:49.267] [info] dataset_dir /home/zhengbian/Dataset/ReverseMIPS
[2023-06-03 04:28:49.267] [info] index_dir /home/zhengbian/reverse-k-ranks/index
[2023-06-03 04:28:53.283] [info] n_data_item 135736, n_query_item 1000, n_user 1823179, vec_dim 150
[2023-06-03 04:28:54.137] [info] input parameter: stop_time 28800s
135736 entries created
135736 entries created
[2023-06-03 05:13:14.949] [info] finish preprocess and save the index
[2023-06-03 05:59:21.831] [info] finish queryID 0, single_query_retrieval_time 2766.88s, ip_cost 1439804229, n_proc_query 1.00
[2023-06-03 06:40:06.639] [info] finish queryID 1, single_query_retrieval_time 2444.81s, ip_cost 1311630929, n_proc_query 2.00
[2023-06-03 07:09:38.879] [info] finish queryID 2, single_query_retrieval_time 1772.24s, ip_cost 967209376, n_proc_query 3.00
[2023-06-03 07:46:34.660] [info] finish queryID 3, single_query_retrieval_time 2215.78s, ip_cost 1229125399, n_proc_query 4.00
[2023-06-03 08:47:35.629] [info] finish queryID 4, single_query_retrieval_time 3660.97s, ip_cost 1854166163, n_proc_query 5.00
[2023-06-03 09:20:31.272] [info] finish queryID 5, single_query_retrieval_time 1975.64s, ip_cost 1086273651, n_proc_query 6.00
[2023-06-03 10:01:51.881] [info] finish queryID 6, single_query_retrieval_time 2480.61s, ip_cost 1321888062, n_proc_query 7.00
[2023-06-03 10:27:25.916] [info] finish queryID 7, single_query_retrieval_time 1534.03s, ip_cost 805154137, n_proc_query 8.00
[2023-06-03 10:58:47.672] [info] finish queryID 8, single_query_retrieval_time 1881.76s, ip_cost 1021458176, n_proc_query 9.00
[2023-06-03 12:29:04.285] [info] finish queryID 9, single_query_retrieval_time 5416.61s, ip_cost 2546215519, n_proc_query 10.00
[2023-06-03 12:58:25.158] [info] finish queryID 10, single_query_retrieval_time 1760.87s, ip_cost 958656115, n_proc_query 11.00
[2023-06-03 13:28:55.278] [info] finish queryID 11, single_query_retrieval_time 1830.12s, ip_cost 1005841308, n_proc_query 12.00
[2023-06-03 13:28:55.278] [info] total retrieval time larger than stop time, retrieval exit
[2023-06-03 13:28:55.278] [info] finish top-200
[2023-06-03 13:28:55.278] [info] top200 retrieval time: total 29740.328s, n_proc_query 12.000
	total single query retrieval time 29740.328s, total ip cost 15547423064
[2023-06-03 13:28:55.278] [info] build index time: total 2660.812550272s
top200 retrieval time: total 29740.328s, n_proc_query 12.000
	total single query retrieval time 29740.328s, total ip cost 15547423064
