nohup: ignoring input
[2023-05-23 10:46:50.794] [info] Retrieval dataset_name amazon-home-kitchen-32d
[2023-05-23 10:46:50.794] [info] dataset_dir /home/zhengbian/Dataset/ReverseMIPS
[2023-05-23 10:46:53.220] [info] n_data_item 409243, n_query_item 1000, n_user 2511610, vec_dim 32
[2023-05-23 10:46:53.220] [info] GridIndex min_codeword 27, codeword 32
finish userID 0, total 50000
finish userID 10000, total 50000
finish userID 20000, total 50000
finish userID 30000, total 50000
finish userID 40000, total 50000
finish userID 0, total 50000
finish userID 10000, total 50000
finish userID 20000, total 50000
finish userID 30000, total 50000
finish userID 40000, total 50000
[2023-05-23 10:47:41.879] [info] finish dataset_name amazon-home-kitchen-32d, grid index time 39.777164901s, inner product time 8.199750837s
[2023-05-23 10:47:41.914] [info] Retrieval dataset_name amazon-home-kitchen-64d
[2023-05-23 10:47:41.914] [info] dataset_dir /home/zhengbian/Dataset/ReverseMIPS
[2023-05-23 10:47:44.533] [info] n_data_item 409243, n_query_item 1000, n_user 2511610, vec_dim 64
[2023-05-23 10:47:44.533] [info] GridIndex min_codeword 33, codeword 64
finish userID 0, total 50000
finish userID 10000, total 50000
finish userID 20000, total 50000
finish userID 30000, total 50000
finish userID 40000, total 50000
finish userID 0, total 50000
finish userID 10000, total 50000
finish userID 20000, total 50000
finish userID 30000, total 50000
finish userID 40000, total 50000
[2023-05-23 10:49:31.170] [info] finish dataset_name amazon-home-kitchen-64d, grid index time 88.88189791s, inner product time 16.476087563s
[2023-05-23 10:49:31.215] [info] Retrieval dataset_name amazon-home-kitchen-128d
[2023-05-23 10:49:31.215] [info] dataset_dir /home/zhengbian/Dataset/ReverseMIPS
[2023-05-23 10:49:34.274] [info] n_data_item 409243, n_query_item 1000, n_user 2511610, vec_dim 128
[2023-05-23 10:49:34.274] [info] GridIndex min_codeword 39, codeword 64
finish userID 0, total 50000
finish userID 10000, total 50000
finish userID 20000, total 50000
finish userID 30000, total 50000
finish userID 40000, total 50000
finish userID 0, total 50000
finish userID 10000, total 50000
finish userID 20000, total 50000
finish userID 30000, total 50000
finish userID 40000, total 50000
[2023-05-23 10:53:05.651] [info] finish dataset_name amazon-home-kitchen-128d, grid index time 171.632335795s, inner product time 37.321390147s
[2023-05-23 10:53:05.731] [info] Retrieval dataset_name amazon-home-kitchen-256d
[2023-05-23 10:53:05.731] [info] dataset_dir /home/zhengbian/Dataset/ReverseMIPS
[2023-05-23 10:53:09.651] [info] n_data_item 409243, n_query_item 1000, n_user 2511610, vec_dim 256
[2023-05-23 10:53:09.651] [info] GridIndex min_codeword 47, codeword 64
finish userID 0, total 50000
finish userID 10000, total 50000
finish userID 20000, total 50000
finish userID 30000, total 50000
finish userID 40000, total 50000
finish userID 0, total 50000
finish userID 10000, total 50000
finish userID 20000, total 50000
finish userID 30000, total 50000
finish userID 40000, total 50000
[2023-05-23 11:00:17.316] [info] finish dataset_name amazon-home-kitchen-256d, grid index time 342.264838588s, inner product time 80.714641503s
[2023-05-23 11:00:17.442] [info] Retrieval dataset_name amazon-home-kitchen-512d
[2023-05-23 11:00:17.442] [info] dataset_dir /home/zhengbian/Dataset/ReverseMIPS
[2023-05-23 11:00:23.251] [info] n_data_item 409243, n_query_item 1000, n_user 2511610, vec_dim 512
[2023-05-23 11:00:23.251] [info] GridIndex min_codeword 55, codeword 64
finish userID 0, total 50000
finish userID 10000, total 50000
finish userID 20000, total 50000
finish userID 30000, total 50000
finish userID 40000, total 50000
finish userID 0, total 50000
finish userID 10000, total 50000
finish userID 20000, total 50000
finish userID 30000, total 50000
finish userID 40000, total 50000
[2023-05-23 11:15:00.589] [info] finish dataset_name amazon-home-kitchen-512d, grid index time 699.629995267s, inner product time 167.932736787s
