nohup: ignoring input
[2023-05-13 20:51:26.895] [info] Retrieval method_name RtreeItemOnly, dataset_name yelp-32d, topk 100
[2023-05-13 20:51:26.895] [info] dataset_dir /home/zhengbian/Dataset/ReverseMIPS
[2023-05-13 20:51:26.895] [info] index_dir /home/zhengbian/reverse-k-ranks/index
[2023-05-13 20:51:30.263] [info] n_data_item 159585, n_query_item 1000, n_user 2189457, vec_dim 32
[2023-05-13 20:51:30.263] [info] input parameter: stop_time 49000s
159585 entries created
3000 entries inserted, progress 1.87988%, batch time 2.26252s, passed time 2.26252s, predicted finish time 120.315s
6000 entries inserted, progress 3.75975%, batch time 3.65317s, passed time 5.91569s, predicted finish time 157.316s
9000 entries inserted, progress 5.63963%, batch time 4.05211s, passed time 9.9678s, predicted finish time 176.726s
12000 entries inserted, progress 7.5195%, batch time 4.72394s, passed time 14.6917s, predicted finish time 195.366s
15000 entries inserted, progress 9.39938%, batch time 5.35807s, passed time 20.0498s, predicted finish time 213.296s
18000 entries inserted, progress 11.2793%, batch time 6.28437s, passed time 26.3342s, predicted finish time 233.461s
21000 entries inserted, progress 13.1591%, batch time 6.30504s, passed time 32.6392s, predicted finish time 248.023s
24000 entries inserted, progress 15.039%, batch time 7.87779s, passed time 40.517s, predicted finish time 269.402s
27000 entries inserted, progress 16.9189%, batch time 8.33654s, passed time 48.8535s, predicted finish time 288.741s
30000 entries inserted, progress 18.7988%, batch time 8.8501s, passed time 57.7037s, predicted finish time 306.944s
33000 entries inserted, progress 20.6786%, batch time 7.95975s, passed time 65.6634s, predicted finish time 317.533s
36000 entries inserted, progress 22.5585%, batch time 9.02152s, passed time 74.6849s, predicted finish time 331.063s
39000 entries inserted, progress 24.4384%, batch time 9.86695s, passed time 84.5519s, predicted finish time 345.971s
42000 entries inserted, progress 26.3183%, batch time 11.5177s, passed time 96.0696s, predicted finish time 365.021s
45000 entries inserted, progress 28.1981%, batch time 10.7135s, passed time 106.783s, predicted finish time 378.68s
48000 entries inserted, progress 30.078%, batch time 11.2827s, passed time 118.066s, predicted finish time 392.524s
51000 entries inserted, progress 31.9579%, batch time 12.4746s, passed time 130.54s, predicted finish time 408.468s
54000 entries inserted, progress 33.8378%, batch time 12.8566s, passed time 143.397s, predicted finish time 423.77s
57000 entries inserted, progress 35.7176%, batch time 14.0551s, passed time 157.452s, predicted finish time 440.817s
60000 entries inserted, progress 37.5975%, batch time 13.184s, passed time 170.636s, predicted finish time 453.842s
63000 entries inserted, progress 39.4774%, batch time 13.0751s, passed time 183.711s, predicted finish time 465.351s
66000 entries inserted, progress 41.3573%, batch time 13.9815s, passed time 197.693s, predicted finish time 478.005s
69000 entries inserted, progress 43.2371%, batch time 14.2057s, passed time 211.898s, predicted finish time 490.077s
72000 entries inserted, progress 45.117%, batch time 14.4969s, passed time 226.395s, predicted finish time 501.789s
75000 entries inserted, progress 46.9969%, batch time 15.4142s, passed time 241.81s, predicted finish time 514.516s
78000 entries inserted, progress 48.8768%, batch time 18.4394s, passed time 260.249s, predicted finish time 532.452s
81000 entries inserted, progress 50.7567%, batch time 19.3112s, passed time 279.56s, predicted finish time 550.778s
84000 entries inserted, progress 52.6365%, batch time 19.5906s, passed time 299.151s, predicted finish time 568.326s
87000 entries inserted, progress 54.5164%, batch time 20.7925s, passed time 319.943s, predicted finish time 586.868s
90000 entries inserted, progress 56.3963%, batch time 21.4228s, passed time 341.366s, predicted finish time 605.292s
93000 entries inserted, progress 58.2762%, batch time 22.3577s, passed time 363.724s, predicted finish time 624.132s
96000 entries inserted, progress 60.156%, batch time 22.2162s, passed time 385.94s, predicted finish time 641.558s
99000 entries inserted, progress 62.0359%, batch time 23.6421s, passed time 409.582s, predicted finish time 660.227s
102000 entries inserted, progress 63.9158%, batch time 20.76s, passed time 430.342s, predicted finish time 673.289s
105000 entries inserted, progress 65.7957%, batch time 20.0675s, passed time 450.41s, predicted finish time 684.552s
108000 entries inserted, progress 67.6755%, batch time 21.5108s, passed time 471.92s, predicted finish time 697.322s
111000 entries inserted, progress 69.5554%, batch time 21.9898s, passed time 493.91s, predicted finish time 710.09s
114000 entries inserted, progress 71.4353%, batch time 23.0396s, passed time 516.95s, predicted finish time 723.655s
117000 entries inserted, progress 73.3152%, batch time 22.4103s, passed time 539.36s, predicted finish time 735.667s
120000 entries inserted, progress 75.195%, batch time 22.5087s, passed time 561.869s, predicted finish time 747.209s
123000 entries inserted, progress 77.0749%, batch time 21.5673s, passed time 583.436s, predicted finish time 756.967s
126000 entries inserted, progress 78.9548%, batch time 20.8784s, passed time 604.315s, predicted finish time 765.387s
129000 entries inserted, progress 80.8347%, batch time 23.4175s, passed time 627.732s, predicted finish time 776.557s
132000 entries inserted, progress 82.7145%, batch time 22.7749s, passed time 650.507s, predicted finish time 786.442s
135000 entries inserted, progress 84.5944%, batch time 24.0581s, passed time 674.565s, predicted finish time 797.405s
138000 entries inserted, progress 86.4743%, batch time 23.8517s, passed time 698.417s, predicted finish time 807.652s
141000 entries inserted, progress 88.3542%, batch time 23.3157s, passed time 721.732s, predicted finish time 816.857s
144000 entries inserted, progress 90.234%, batch time 24.2104s, passed time 745.943s, predicted finish time 826.67s
147000 entries inserted, progress 92.1139%, batch time 25.2749s, passed time 771.218s, predicted finish time 837.238s
150000 entries inserted, progress 93.9938%, batch time 24.678s, passed time 795.896s, predicted finish time 846.748s
153000 entries inserted, progress 95.8737%, batch time 23.5393s, passed time 819.435s, predicted finish time 854.697s
156000 entries inserted, progress 97.7535%, batch time 23.7647s, passed time 843.2s, predicted finish time 862.572s
159000 entries inserted, progress 99.6334%, batch time 23.3972s, passed time 866.597s, predicted finish time 869.78s
159585 entries created
[2023-05-13 21:06:03.713] [info] finish preprocess and save the index
[2023-05-13 22:58:42.100] [info] finish queryID 628, single_query_retrieval_time 6758.39s, ip_cost 5113160725, n_proc_query 1.00
[2023-05-13 23:12:04.531] [info] finish queryID 252, single_query_retrieval_time 7560.82s, ip_cost 3506215226, n_proc_query 1.00
[2023-05-13 23:14:04.891] [info] finish queryID 566, single_query_retrieval_time 7681.18s, ip_cost 1296790058, n_proc_query 1.00
[2023-05-13 23:24:09.486] [info] finish queryID 814, single_query_retrieval_time 8285.77s, ip_cost 3993328155, n_proc_query 1.00
[2023-05-13 23:27:12.879] [info] finish queryID 752, single_query_retrieval_time 8469.17s, ip_cost 4130748160, n_proc_query 1.00
[2023-05-13 23:41:33.092] [info] finish queryID 63, single_query_retrieval_time 9329.38s, ip_cost 882820086, n_proc_query 1.00
[2023-05-13 23:44:30.842] [info] finish queryID 938, single_query_retrieval_time 9507.13s, ip_cost 1415795847, n_proc_query 1.00
[2023-05-13 23:45:28.937] [info] finish queryID 504, single_query_retrieval_time 9565.22s, ip_cost 5166793574, n_proc_query 1.00
[2023-05-14 00:03:21.150] [info] finish queryID 189, single_query_retrieval_time 10637.44s, ip_cost 3484094902, n_proc_query 1.00
[2023-05-14 00:26:54.187] [info] finish queryID 629, single_query_retrieval_time 5292.09s, ip_cost 1427724831, n_proc_query 2.00
[2023-05-14 00:50:04.672] [info] finish queryID 253, single_query_retrieval_time 5880.14s, ip_cost 3279448307, n_proc_query 2.00
[2023-05-14 01:14:44.495] [info] finish queryID 441, single_query_retrieval_time 14920.78s, ip_cost 11628041427, n_proc_query 1.00
[2023-05-14 01:33:29.033] [info] finish queryID 315, single_query_retrieval_time 16045.32s, ip_cost 13697801252, n_proc_query 1.00
[2023-05-14 01:40:09.955] [info] finish queryID 0, single_query_retrieval_time 16446.24s, ip_cost 15289151109, n_proc_query 1.00
[2023-05-14 01:59:08.331] [info] finish queryID 815, single_query_retrieval_time 9298.84s, ip_cost 4811150570, n_proc_query 2.00
[2023-05-14 02:19:14.182] [info] finish queryID 505, single_query_retrieval_time 9225.24s, ip_cost 2446552301, n_proc_query 2.00
[2023-05-14 02:20:35.636] [info] finish queryID 753, single_query_retrieval_time 10402.76s, ip_cost 3195448080, n_proc_query 2.00
[2023-05-14 02:26:32.467] [info] finish queryID 126, single_query_retrieval_time 19228.75s, ip_cost 18829297089, n_proc_query 1.00
[2023-05-14 03:06:21.099] [info] finish queryID 567, single_query_retrieval_time 13936.21s, ip_cost 15277104705, n_proc_query 2.00
[2023-05-14 03:08:11.778] [info] finish queryID 690, single_query_retrieval_time 21728.07s, ip_cost 23363830426, n_proc_query 1.00
[2023-05-14 03:29:14.359] [info] finish queryID 939, single_query_retrieval_time 13483.52s, ip_cost 13116109543, n_proc_query 2.00
[2023-05-14 03:55:09.438] [info] finish queryID 754, single_query_retrieval_time 5673.80s, ip_cost 1783991950, n_proc_query 3.00
[2023-05-14 04:18:31.382] [info] finish queryID 64, single_query_retrieval_time 16618.29s, ip_cost 14180221718, n_proc_query 2.00
[2023-05-14 04:21:24.595] [info] finish queryID 506, single_query_retrieval_time 7330.41s, ip_cost 2258285320, n_proc_query 3.00
[2023-05-14 04:29:18.095] [info] finish queryID 630, single_query_retrieval_time 14543.91s, ip_cost 13874132457, n_proc_query 3.00
[2023-05-14 04:41:29.454] [info] finish queryID 816, single_query_retrieval_time 9741.12s, ip_cost 2018396469, n_proc_query 3.00
[2023-05-14 05:04:58.419] [info] finish queryID 568, single_query_retrieval_time 7117.32s, ip_cost 3422456146, n_proc_query 3.00
[2023-05-14 05:05:22.003] [info] finish queryID 316, single_query_retrieval_time 12712.97s, ip_cost 8177088376, n_proc_query 2.00
[2023-05-14 05:19:29.781] [info] finish queryID 1, single_query_retrieval_time 13159.83s, ip_cost 10731328857, n_proc_query 2.00
[2023-05-14 05:34:22.625] [info] finish queryID 940, single_query_retrieval_time 7508.27s, ip_cost 1966040965, n_proc_query 3.00
[2023-05-14 05:50:11.969] [info] finish queryID 442, single_query_retrieval_time 16527.47s, ip_cost 15478777292, n_proc_query 2.00
[2023-05-14 05:51:59.530] [info] finish queryID 254, single_query_retrieval_time 18114.86s, ip_cost 16801187098, n_proc_query 3.00
[2023-05-14 06:03:29.636] [info] finish queryID 378, single_query_retrieval_time 32245.92s, ip_cost 40002469286, n_proc_query 1.00
[2023-05-14 06:07:35.922] [info] finish queryID 691, single_query_retrieval_time 10764.14s, ip_cost 6273592051, n_proc_query 2.00
[2023-05-14 06:49:04.378] [info] finish queryID 65, single_query_retrieval_time 9033.00s, ip_cost 2580008418, n_proc_query 3.00
[2023-05-14 06:56:15.538] [info] finish queryID 631, single_query_retrieval_time 8817.44s, ip_cost 2896483786, n_proc_query 4.00
[2023-05-14 07:28:13.034] [info] finish queryID 755, single_query_retrieval_time 12783.60s, ip_cost 12609747046, n_proc_query 4.00
[2023-05-14 07:33:38.657] [info] finish queryID 569, single_query_retrieval_time 8920.24s, ip_cost 1587515342, n_proc_query 4.00
[2023-05-14 07:48:13.778] [info] finish queryID 379, single_query_retrieval_time 6284.14s, ip_cost 5267906663, n_proc_query 2.00
[2023-05-14 08:04:03.017] [info] finish queryID 876, single_query_retrieval_time 39479.30s, ip_cost 53425928494, n_proc_query 1.00
[2023-05-14 08:30:14.955] [info] finish queryID 507, single_query_retrieval_time 14930.36s, ip_cost 14582280723, n_proc_query 4.00
[2023-05-14 08:35:19.291] [info] finish queryID 66, single_query_retrieval_time 6374.91s, ip_cost 3213355827, n_proc_query 4.00
[2023-05-14 08:49:26.218] [info] finish queryID 817, single_query_retrieval_time 14876.76s, ip_cost 11617279199, n_proc_query 4.00
[2023-05-14 09:04:21.066] [info] finish queryID 317, single_query_retrieval_time 14339.06s, ip_cost 13352599407, n_proc_query 3.00
[2023-05-14 09:05:56.365] [info] finish queryID 443, single_query_retrieval_time 11744.40s, ip_cost 5957511692, n_proc_query 3.00
[2023-05-14 09:08:00.814] [info] finish queryID 756, single_query_retrieval_time 5987.78s, ip_cost 4171906703, n_proc_query 5.00
[2023-05-14 09:30:32.357] [info] finish queryID 2, single_query_retrieval_time 15062.58s, ip_cost 12438184418, n_proc_query 3.00
[2023-05-14 09:44:12.571] [info] finish queryID 380, single_query_retrieval_time 6958.79s, ip_cost 1523765398, n_proc_query 3.00
[2023-05-14 09:44:39.431] [info] finish queryID 570, single_query_retrieval_time 7860.77s, ip_cost 2293199960, n_proc_query 5.00
[2023-05-14 09:58:20.857] [info] finish queryID 67, single_query_retrieval_time 4981.57s, ip_cost 1677967743, n_proc_query 5.00
[2023-05-14 10:03:04.520] [info] finish queryID 632, single_query_retrieval_time 11208.98s, ip_cost 5829525737, n_proc_query 5.00
[2023-05-14 10:04:00.067] [info] finish queryID 190, single_query_retrieval_time 36038.92s, ip_cost 46687375024, n_proc_query 2.00
[2023-05-14 10:24:08.727] [info] finish queryID 508, single_query_retrieval_time 6833.77s, ip_cost 994955456, n_proc_query 5.00
[2023-05-14 11:26:04.014] [info] finish queryID 757, single_query_retrieval_time 8283.20s, ip_cost 6346092939, n_proc_query 6.00
[2023-05-14 11:26:04.014] [info] total retrieval time larger than stop time, retrieval exit
[2023-05-14 11:28:40.525] [info] finish queryID 444, single_query_retrieval_time 8564.16s, ip_cost 7955522913, n_proc_query 4.00
[2023-05-14 11:28:40.525] [info] total retrieval time larger than stop time, retrieval exit
[2023-05-14 11:58:48.028] [info] finish queryID 318, single_query_retrieval_time 10466.96s, ip_cost 9007030771, n_proc_query 4.00
[2023-05-14 11:58:48.028] [info] total retrieval time larger than stop time, retrieval exit
[2023-05-14 12:02:03.046] [info] finish queryID 818, single_query_retrieval_time 11556.83s, ip_cost 5912981553, n_proc_query 5.00
[2023-05-14 12:02:03.046] [info] total retrieval time larger than stop time, retrieval exit
[2023-05-14 12:19:22.376] [info] finish queryID 381, single_query_retrieval_time 9309.81s, ip_cost 9245369171, n_proc_query 4.00
[2023-05-14 12:19:22.376] [info] total retrieval time larger than stop time, retrieval exit
[2023-05-14 12:21:20.259] [info] finish queryID 941, single_query_retrieval_time 24417.63s, ip_cost 27511687103, n_proc_query 4.00
[2023-05-14 12:21:20.259] [info] total retrieval time larger than stop time, retrieval exit
[2023-05-14 12:43:19.091] [info] finish queryID 3, single_query_retrieval_time 11566.73s, ip_cost 7217449460, n_proc_query 4.00
[2023-05-14 12:43:19.091] [info] total retrieval time larger than stop time, retrieval exit
[2023-05-14 12:48:36.245] [info] finish queryID 509, single_query_retrieval_time 8667.52s, ip_cost 3156498640, n_proc_query 6.00
[2023-05-14 12:48:36.246] [info] total retrieval time larger than stop time, retrieval exit
[2023-05-14 13:36:03.351] [info] finish queryID 633, single_query_retrieval_time 12778.83s, ip_cost 11130808606, n_proc_query 6.00
[2023-05-14 13:36:03.351] [info] total retrieval time larger than stop time, retrieval exit
[2023-05-14 14:07:41.430] [info] finish queryID 255, single_query_retrieval_time 29741.90s, ip_cost 39815239668, n_proc_query 4.00
[2023-05-14 14:07:41.430] [info] total retrieval time larger than stop time, retrieval exit
[2023-05-14 14:23:54.925] [info] finish queryID 571, single_query_retrieval_time 16755.49s, ip_cost 18744574308, n_proc_query 6.00
[2023-05-14 14:23:54.925] [info] total retrieval time larger than stop time, retrieval exit
[2023-05-14 16:03:12.470] [info] total retrieval time larger than stop time inside Rtree method, retrieval exit
[2023-05-14 16:03:12.471] [info] finish queryID 127, single_query_retrieval_time 49000.00s, ip_cost 86328709338, n_proc_query 1.74
[2023-05-14 16:03:12.471] [info] total retrieval time larger than stop time, retrieval exit
[2023-05-14 16:35:18.128] [info] finish queryID 692, single_query_retrieval_time 37662.21s, ip_cost 61509263952, n_proc_query 3.00
[2023-05-14 16:35:18.128] [info] total retrieval time larger than stop time, retrieval exit
[2023-05-14 16:36:19.749] [info] finish queryID 68, single_query_retrieval_time 23878.89s, ip_cost 32082778404, n_proc_query 6.00
[2023-05-14 16:36:19.749] [info] total retrieval time larger than stop time, retrieval exit
[2023-05-14 16:42:17.680] [info] finish queryID 191, single_query_retrieval_time 23897.61s, ip_cost 36077853843, n_proc_query 3.00
[2023-05-14 16:42:17.680] [info] total retrieval time larger than stop time, retrieval exit
[2023-05-14 21:40:43.023] [info] total retrieval time larger than stop time inside Rtree method, retrieval exit
[2023-05-14 21:40:43.023] [info] finish queryID 877, single_query_retrieval_time 49000.01s, ip_cost 108973199810, n_proc_query 1.72
[2023-05-14 21:40:43.023] [info] total retrieval time larger than stop time, retrieval exit
[2023-05-14 21:40:43.023] [info] finish top-100
[2023-05-14 21:40:43.023] [info] top100 retrieval time: total 88479.310s, n_proc_query 68.457
	total single query retrieval time 983804.928s, total ip cost 966041931873
	maximum ip cost 103666725931.59, proportion 9.319
[2023-05-14 21:40:43.023] [info] build index time: total 873.449418646s
top100 retrieval time: total 88479.310s, n_proc_query 68.457
	total single query retrieval time 983804.928s, total ip cost 966041931873
	maximum ip cost 103666725931.59, proportion 9.319
[2023-05-14 21:40:43.598] [info] Retrieval method_name Rtree, dataset_name yelp-32d, topk 100
[2023-05-14 21:40:43.598] [info] dataset_dir /home/zhengbian/Dataset/ReverseMIPS
[2023-05-14 21:40:43.598] [info] index_dir /home/zhengbian/reverse-k-ranks/index
[2023-05-14 21:40:46.963] [info] n_data_item 159585, n_query_item 1000, n_user 2189457, vec_dim 32
[2023-05-14 21:40:46.963] [info] input parameter: stop_time 49000s
159585 entries created
3000 entries inserted, progress 1.87988%, batch time 2.2872s, passed time 2.2872s, predicted finish time 121.627s
6000 entries inserted, progress 3.75975%, batch time 3.67675s, passed time 5.96396s, predicted finish time 158.6s
9000 entries inserted, progress 5.63963%, batch time 4.06594s, passed time 10.0299s, predicted finish time 177.827s
12000 entries inserted, progress 7.5195%, batch time 4.72479s, passed time 14.7547s, predicted finish time 196.202s
15000 entries inserted, progress 9.39938%, batch time 5.36198s, passed time 20.1167s, predicted finish time 214.007s
18000 entries inserted, progress 11.2793%, batch time 6.26687s, passed time 26.3835s, predicted finish time 233.899s
21000 entries inserted, progress 13.1591%, batch time 6.29006s, passed time 32.6736s, predicted finish time 248.284s
24000 entries inserted, progress 15.039%, batch time 7.84874s, passed time 40.5223s, predicted finish time 269.437s
27000 entries inserted, progress 16.9189%, batch time 8.30123s, passed time 48.8236s, predicted finish time 288.564s
30000 entries inserted, progress 18.7988%, batch time 8.80631s, passed time 57.6299s, predicted finish time 306.552s
33000 entries inserted, progress 20.6786%, batch time 7.9321s, passed time 65.562s, predicted finish time 317.042s
36000 entries inserted, progress 22.5585%, batch time 8.98735s, passed time 74.5493s, predicted finish time 330.462s
39000 entries inserted, progress 24.4384%, batch time 9.81473s, passed time 84.364s, predicted finish time 345.202s
42000 entries inserted, progress 26.3183%, batch time 11.458s, passed time 95.822s, predicted finish time 364.081s
45000 entries inserted, progress 28.1981%, batch time 10.6584s, passed time 106.48s, predicted finish time 377.607s
48000 entries inserted, progress 30.078%, batch time 11.218s, passed time 117.698s, predicted finish time 391.302s
51000 entries inserted, progress 31.9579%, batch time 12.4129s, passed time 130.111s, predicted finish time 407.126s
54000 entries inserted, progress 33.8378%, batch time 12.776s, passed time 142.887s, predicted finish time 422.264s
57000 entries inserted, progress 35.7176%, batch time 13.9728s, passed time 156.86s, predicted finish time 439.16s
60000 entries inserted, progress 37.5975%, batch time 13.1043s, passed time 169.965s, predicted finish time 452.056s
63000 entries inserted, progress 39.4774%, batch time 12.9771s, passed time 182.942s, predicted finish time 463.401s
66000 entries inserted, progress 41.3573%, batch time 13.89s, passed time 196.832s, predicted finish time 475.922s
69000 entries inserted, progress 43.2371%, batch time 14.1076s, passed time 210.939s, predicted finish time 487.859s
72000 entries inserted, progress 45.117%, batch time 14.3957s, passed time 225.335s, predicted finish time 499.439s
75000 entries inserted, progress 46.9969%, batch time 15.3062s, passed time 240.641s, predicted finish time 512.029s
78000 entries inserted, progress 48.8768%, batch time 18.2984s, passed time 258.94s, predicted finish time 529.774s
81000 entries inserted, progress 50.7567%, batch time 19.1556s, passed time 278.095s, predicted finish time 547.892s
84000 entries inserted, progress 52.6365%, batch time 19.4638s, passed time 297.559s, predicted finish time 565.302s
87000 entries inserted, progress 54.5164%, batch time 20.6595s, passed time 318.218s, predicted finish time 583.705s
90000 entries inserted, progress 56.3963%, batch time 21.2538s, passed time 339.472s, predicted finish time 601.934s
93000 entries inserted, progress 58.2762%, batch time 22.2282s, passed time 361.7s, predicted finish time 620.66s
96000 entries inserted, progress 60.156%, batch time 22.0558s, passed time 383.756s, predicted finish time 637.928s
99000 entries inserted, progress 62.0359%, batch time 23.4741s, passed time 407.23s, predicted finish time 656.436s
102000 entries inserted, progress 63.9158%, batch time 20.5982s, passed time 427.829s, predicted finish time 669.356s
105000 entries inserted, progress 65.7957%, batch time 19.9705s, passed time 447.799s, predicted finish time 680.584s
108000 entries inserted, progress 67.6755%, batch time 21.4068s, passed time 469.206s, predicted finish time 693.31s
111000 entries inserted, progress 69.5554%, batch time 21.8504s, passed time 491.056s, predicted finish time 705.986s
114000 entries inserted, progress 71.4353%, batch time 22.8951s, passed time 513.951s, predicted finish time 719.458s
117000 entries inserted, progress 73.3152%, batch time 22.2534s, passed time 536.205s, predicted finish time 731.363s
120000 entries inserted, progress 75.195%, batch time 22.3244s, passed time 558.529s, predicted finish time 742.768s
123000 entries inserted, progress 77.0749%, batch time 21.3527s, passed time 579.882s, predicted finish time 752.355s
126000 entries inserted, progress 78.9548%, batch time 20.6878s, passed time 600.57s, predicted finish time 760.644s
129000 entries inserted, progress 80.8347%, batch time 23.1898s, passed time 623.759s, predicted finish time 771.642s
132000 entries inserted, progress 82.7145%, batch time 22.5843s, passed time 646.344s, predicted finish time 781.409s
135000 entries inserted, progress 84.5944%, batch time 23.863s, passed time 670.207s, predicted finish time 792.253s
138000 entries inserted, progress 86.4743%, batch time 23.727s, passed time 693.934s, predicted finish time 802.468s
141000 entries inserted, progress 88.3542%, batch time 23.1717s, passed time 717.105s, predicted finish time 811.62s
144000 entries inserted, progress 90.234%, batch time 24.0311s, passed time 741.137s, predicted finish time 821.343s
147000 entries inserted, progress 92.1139%, batch time 25.1168s, passed time 766.253s, predicted finish time 831.848s
150000 entries inserted, progress 93.9938%, batch time 24.5474s, passed time 790.801s, predicted finish time 841.327s
153000 entries inserted, progress 95.8737%, batch time 23.4296s, passed time 814.23s, predicted finish time 849.269s
156000 entries inserted, progress 97.7535%, batch time 23.5945s, passed time 837.825s, predicted finish time 857.073s
159000 entries inserted, progress 99.6334%, batch time 23.1642s, passed time 860.989s, predicted finish time 864.151s
159585 entries created
2189457 entries created
3000 entries inserted, progress 0.13702%, batch time 2.47335s, passed time 2.47335s, predicted finish time 1804.5s
6000 entries inserted, progress 0.274041%, batch time 3.80467s, passed time 6.27803s, predicted finish time 2290.53s
9000 entries inserted, progress 0.411061%, batch time 4.6203s, passed time 10.8983s, predicted finish time 2650.97s
12000 entries inserted, progress 0.548081%, batch time 5.08378s, passed time 15.9821s, predicted finish time 2915.77s
15000 entries inserted, progress 0.685101%, batch time 6.7468s, passed time 22.7289s, predicted finish time 3317.38s
18000 entries inserted, progress 0.822122%, batch time 7.07706s, passed time 29.806s, predicted finish time 3625.29s
21000 entries inserted, progress 0.959142%, batch time 7.53544s, passed time 37.3414s, predicted finish time 3893.02s
24000 entries inserted, progress 1.09616%, batch time 9.42182s, passed time 46.7632s, predicted finish time 4265.91s
27000 entries inserted, progress 1.23318%, batch time 10.6216s, passed time 57.3848s, predicted finish time 4653.22s
30000 entries inserted, progress 1.3702%, batch time 11.932s, passed time 69.3168s, predicted finish time 5058.7s
33000 entries inserted, progress 1.50722%, batch time 12.4416s, passed time 81.7583s, predicted finish time 5424.27s
36000 entries inserted, progress 1.64424%, batch time 9.68755s, passed time 91.4459s, predicted finish time 5561.42s
39000 entries inserted, progress 1.78126%, batch time 10.0679s, passed time 101.514s, predicted finish time 5698.83s
42000 entries inserted, progress 1.91828%, batch time 10.1556s, passed time 111.669s, predicted finish time 5821.18s
45000 entries inserted, progress 2.0553%, batch time 13.7674s, passed time 125.437s, predicted finish time 6102.94s
48000 entries inserted, progress 2.19232%, batch time 15.8234s, passed time 141.26s, predicted finish time 6443.27s
51000 entries inserted, progress 2.32934%, batch time 16.4191s, passed time 157.679s, predicted finish time 6769.13s
54000 entries inserted, progress 2.46636%, batch time 17.0855s, passed time 174.765s, predicted finish time 7085.8s
57000 entries inserted, progress 2.60339%, batch time 18.7318s, passed time 193.497s, predicted finish time 7432.38s
60000 entries inserted, progress 2.74041%, batch time 19.9696s, passed time 213.466s, predicted finish time 7789.46s
63000 entries inserted, progress 2.87743%, batch time 20.622s, passed time 234.088s, predicted finish time 8135.21s
66000 entries inserted, progress 3.01445%, batch time 21.099s, passed time 255.187s, predicted finish time 8465.35s
69000 entries inserted, progress 3.15147%, batch time 16.066s, passed time 271.253s, predicted finish time 8607.09s
72000 entries inserted, progress 3.28849%, batch time 16.03s, passed time 287.283s, predicted finish time 8735.92s
75000 entries inserted, progress 3.42551%, batch time 17.8364s, passed time 305.12s, predicted finish time 8907.17s
78000 entries inserted, progress 3.56253%, batch time 23.7795s, passed time 328.899s, predicted finish time 9232.07s
81000 entries inserted, progress 3.69955%, batch time 17.4273s, passed time 346.327s, predicted finish time 9361.21s
84000 entries inserted, progress 3.83657%, batch time 17.6974s, passed time 364.024s, predicted finish time 9488.16s
87000 entries inserted, progress 3.97359%, batch time 24.2663s, passed time 388.29s, predicted finish time 9771.67s
90000 entries inserted, progress 4.11061%, batch time 26.6253s, passed time 414.916s, predicted finish time 10093.7s
93000 entries inserted, progress 4.24763%, batch time 27.677s, passed time 442.593s, predicted finish time 10419.6s
96000 entries inserted, progress 4.38465%, batch time 29.1936s, passed time 471.786s, predicted finish time 10759.8s
99000 entries inserted, progress 4.52167%, batch time 29.9878s, passed time 501.774s, predicted finish time 11097s
102000 entries inserted, progress 4.65869%, batch time 31.3856s, passed time 533.159s, predicted finish time 11444.3s
105000 entries inserted, progress 4.79571%, batch time 32.6615s, passed time 565.821s, predicted finish time 11798.4s
108000 entries inserted, progress 4.93273%, batch time 29.2165s, passed time 595.037s, predicted finish time 12062.9s
111000 entries inserted, progress 5.06975%, batch time 26.4671s, passed time 621.505s, predicted finish time 12259s
114000 entries inserted, progress 5.20677%, batch time 27.2006s, passed time 648.705s, predicted finish time 12458.8s
117000 entries inserted, progress 5.34379%, batch time 31.4234s, passed time 680.129s, predicted finish time 12727.3s
120000 entries inserted, progress 5.48081%, batch time 33.2527s, passed time 713.381s, predicted finish time 13015.9s
123000 entries inserted, progress 5.61783%, batch time 37.002s, passed time 750.383s, predicted finish time 13357.1s
126000 entries inserted, progress 5.75485%, batch time 38.2709s, passed time 788.654s, predicted finish time 13704.1s
129000 entries inserted, progress 5.89187%, batch time 39.9095s, passed time 828.564s, predicted finish time 14062.7s
132000 entries inserted, progress 6.02889%, batch time 33.3043s, passed time 861.868s, predicted finish time 14295.5s
135000 entries inserted, progress 6.16591%, batch time 27.0707s, passed time 888.939s, predicted finish time 14416.9s
138000 entries inserted, progress 6.30293%, batch time 27.0429s, passed time 915.982s, predicted finish time 14532.5s
141000 entries inserted, progress 6.43995%, batch time 27.1306s, passed time 943.112s, predicted finish time 14644.6s
144000 entries inserted, progress 6.57697%, batch time 26.8796s, passed time 969.992s, predicted finish time 14748.2s
147000 entries inserted, progress 6.71399%, batch time 29.6875s, passed time 999.679s, predicted finish time 14889.4s
150000 entries inserted, progress 6.85101%, batch time 34.9742s, passed time 1034.65s, predicted finish time 15102.1s
153000 entries inserted, progress 6.98803%, batch time 29.1893s, passed time 1063.84s, predicted finish time 15223.7s
156000 entries inserted, progress 7.12505%, batch time 29.1459s, passed time 1092.99s, predicted finish time 15340s
159000 entries inserted, progress 7.26207%, batch time 31.7969s, passed time 1124.79s, predicted finish time 15488.4s
162000 entries inserted, progress 7.39909%, batch time 44.1019s, passed time 1168.89s, predicted finish time 15797.6s
165000 entries inserted, progress 7.53612%, batch time 48.2644s, passed time 1217.15s, predicted finish time 16150.8s
168000 entries inserted, progress 7.67314%, batch time 53.4704s, passed time 1270.62s, predicted finish time 16559.3s
171000 entries inserted, progress 7.81016%, batch time 55.9081s, passed time 1326.53s, predicted finish time 16984.6s
174000 entries inserted, progress 7.94718%, batch time 57.5634s, passed time 1384.09s, predicted finish time 17416.1s
177000 entries inserted, progress 8.0842%, batch time 60.3677s, passed time 1444.46s, predicted finish time 17867.6s
180000 entries inserted, progress 8.22122%, batch time 62.0508s, passed time 1506.51s, predicted finish time 18324.6s
183000 entries inserted, progress 8.35824%, batch time 64.7163s, passed time 1571.23s, predicted finish time 18798.5s
186000 entries inserted, progress 8.49526%, batch time 66.3505s, passed time 1637.58s, predicted finish time 19276.3s
189000 entries inserted, progress 8.63228%, batch time 66.9403s, passed time 1704.52s, predicted finish time 19745.8s
192000 entries inserted, progress 8.7693%, batch time 67.9985s, passed time 1772.52s, predicted finish time 20212.7s
195000 entries inserted, progress 8.90632%, batch time 68.7233s, passed time 1841.24s, predicted finish time 20673.3s
198000 entries inserted, progress 9.04334%, batch time 70.6528s, passed time 1911.89s, predicted finish time 21141.4s
201000 entries inserted, progress 9.18036%, batch time 73.2694s, passed time 1985.16s, predicted finish time 21623.9s
204000 entries inserted, progress 9.31738%, batch time 73.7406s, passed time 2058.9s, predicted finish time 22097.3s
207000 entries inserted, progress 9.4544%, batch time 76.2659s, passed time 2135.17s, predicted finish time 22583.8s
210000 entries inserted, progress 9.59142%, batch time 78.2442s, passed time 2213.41s, predicted finish time 23076.9s
213000 entries inserted, progress 9.72844%, batch time 79.8147s, passed time 2293.23s, predicted finish time 23572.3s
216000 entries inserted, progress 9.86546%, batch time 80.9838s, passed time 2374.21s, predicted finish time 24065.8s
219000 entries inserted, progress 10.0025%, batch time 84.3903s, passed time 2458.6s, predicted finish time 24579.8s
222000 entries inserted, progress 10.1395%, batch time 81.2095s, passed time 2539.81s, predicted finish time 25048.6s
225000 entries inserted, progress 10.2765%, batch time 87.3309s, passed time 2627.14s, predicted finish time 25564.4s
228000 entries inserted, progress 10.4135%, batch time 90.0466s, passed time 2717.19s, predicted finish time 26092.7s
231000 entries inserted, progress 10.5506%, batch time 91.5242s, passed time 2808.71s, predicted finish time 26621.3s
234000 entries inserted, progress 10.6876%, batch time 94.3932s, passed time 2903.11s, predicted finish time 27163.3s
237000 entries inserted, progress 10.8246%, batch time 95.211s, passed time 2998.32s, predicted finish time 27699s
240000 entries inserted, progress 10.9616%, batch time 98.1362s, passed time 3096.45s, predicted finish time 28248s
243000 entries inserted, progress 11.0986%, batch time 99.449s, passed time 3195.9s, predicted finish time 28795.3s
246000 entries inserted, progress 11.2357%, batch time 102.141s, passed time 3298.04s, predicted finish time 29353.2s
249000 entries inserted, progress 11.3727%, batch time 104.003s, passed time 3402.05s, predicted finish time 29914.1s
252000 entries inserted, progress 11.5097%, batch time 104.853s, passed time 3506.9s, predicted finish time 30469s
255000 entries inserted, progress 11.6467%, batch time 107.628s, passed time 3614.53s, predicted finish time 31034.6s
258000 entries inserted, progress 11.7837%, batch time 109.317s, passed time 3723.85s, predicted finish time 31601.4s
261000 entries inserted, progress 11.9208%, batch time 112.812s, passed time 3836.66s, predicted finish time 32184.5s
264000 entries inserted, progress 12.0578%, batch time 113.364s, passed time 3950.02s, predicted finish time 32759s
267000 entries inserted, progress 12.1948%, batch time 115.988s, passed time 4066.01s, predicted finish time 33342s
270000 entries inserted, progress 12.3318%, batch time 118.559s, passed time 4184.57s, predicted finish time 33933s
273000 entries inserted, progress 12.4688%, batch time 119.083s, passed time 4303.65s, predicted finish time 34515.1s
276000 entries inserted, progress 12.6059%, batch time 122.231s, passed time 4425.88s, predicted finish time 35109.6s
279000 entries inserted, progress 12.7429%, batch time 122.951s, passed time 4548.83s, predicted finish time 35696.9s
282000 entries inserted, progress 12.8799%, batch time 125.88s, passed time 4674.71s, predicted finish time 36294.5s
285000 entries inserted, progress 13.0169%, batch time 126.478s, passed time 4801.19s, predicted finish time 36884.1s
288000 entries inserted, progress 13.1539%, batch time 129.474s, passed time 4930.67s, predicted finish time 37484.2s
291000 entries inserted, progress 13.291%, batch time 130.69s, passed time 5061.36s, predicted finish time 38081s
294000 entries inserted, progress 13.428%, batch time 132.364s, passed time 5193.72s, predicted finish time 38678.2s
297000 entries inserted, progress 13.565%, batch time 135.199s, passed time 5328.92s, predicted finish time 39284.2s
300000 entries inserted, progress 13.702%, batch time 136.44s, passed time 5465.36s, predicted finish time 39887.1s
303000 entries inserted, progress 13.839%, batch time 137.564s, passed time 5602.92s, predicted finish time 40486.2s
306000 entries inserted, progress 13.9761%, batch time 140.466s, passed time 5743.39s, predicted finish time 41094.3s
309000 entries inserted, progress 14.1131%, batch time 142.19s, passed time 5885.58s, predicted finish time 41702.9s
312000 entries inserted, progress 14.2501%, batch time 143.898s, passed time 6029.48s, predicted finish time 42311.7s
315000 entries inserted, progress 14.3871%, batch time 146.703s, passed time 6176.18s, predicted finish time 42928.4s
318000 entries inserted, progress 14.5241%, batch time 147.416s, passed time 6323.6s, predicted finish time 43538.4s
321000 entries inserted, progress 14.6612%, batch time 149.531s, passed time 6473.13s, predicted finish time 44151.4s
324000 entries inserted, progress 14.7982%, batch time 151.417s, passed time 6624.54s, predicted finish time 44765.8s
327000 entries inserted, progress 14.9352%, batch time 152.797s, passed time 6777.34s, predicted finish time 45378.1s
330000 entries inserted, progress 15.0722%, batch time 155.189s, passed time 6932.53s, predicted finish time 45995.2s
333000 entries inserted, progress 15.2093%, batch time 156.403s, passed time 7088.93s, predicted finish time 46609.2s
336000 entries inserted, progress 15.3463%, batch time 158.855s, passed time 7247.79s, predicted finish time 47228.2s
339000 entries inserted, progress 15.4833%, batch time 160.836s, passed time 7408.62s, predicted finish time 47849s
342000 entries inserted, progress 15.6203%, batch time 161.172s, passed time 7569.8s, predicted finish time 48461.1s
345000 entries inserted, progress 15.7573%, batch time 164.24s, passed time 7734.04s, predicted finish time 49082s
348000 entries inserted, progress 15.8944%, batch time 165.564s, passed time 7899.6s, predicted finish time 49700.5s
351000 entries inserted, progress 16.0314%, batch time 167.331s, passed time 8066.93s, predicted finish time 50319.5s
354000 entries inserted, progress 16.1684%, batch time 169.164s, passed time 8236.1s, predicted finish time 50939.3s
357000 entries inserted, progress 16.3054%, batch time 171.54s, passed time 8407.64s, predicted finish time 51563.3s
360000 entries inserted, progress 16.4424%, batch time 174.223s, passed time 8581.86s, predicted finish time 52193.2s
363000 entries inserted, progress 16.5795%, batch time 174.588s, passed time 8756.45s, predicted finish time 52814.9s
366000 entries inserted, progress 16.7165%, batch time 176.387s, passed time 8932.83s, predicted finish time 53437.2s
369000 entries inserted, progress 16.8535%, batch time 178.789s, passed time 9111.62s, predicted finish time 54063.6s
372000 entries inserted, progress 16.9905%, batch time 179.668s, passed time 9291.29s, predicted finish time 54685s
375000 entries inserted, progress 17.1275%, batch time 181.484s, passed time 9472.77s, predicted finish time 55307.1s
378000 entries inserted, progress 17.2646%, batch time 183.311s, passed time 9656.09s, predicted finish time 55930s
381000 entries inserted, progress 17.4016%, batch time 185.1s, passed time 9841.19s, predicted finish time 56553.3s
384000 entries inserted, progress 17.5386%, batch time 187.544s, passed time 10028.7s, predicted finish time 57180.8s
387000 entries inserted, progress 17.6756%, batch time 189.247s, passed time 10218s, predicted finish time 57808.2s
390000 entries inserted, progress 17.8126%, batch time 191.767s, passed time 10409.7s, predicted finish time 58440.1s
393000 entries inserted, progress 17.9497%, batch time 192.493s, passed time 10602.2s, predicted finish time 59066.4s
396000 entries inserted, progress 18.0867%, batch time 196.227s, passed time 10798.5s, predicted finish time 59703.8s
399000 entries inserted, progress 18.2237%, batch time 197.361s, passed time 10995.8s, predicted finish time 60337.9s
402000 entries inserted, progress 18.3607%, batch time 197.752s, passed time 11193.6s, predicted finish time 60964.7s
405000 entries inserted, progress 18.4977%, batch time 200.891s, passed time 11394.5s, predicted finish time 61599.1s
408000 entries inserted, progress 18.6348%, batch time 202.002s, passed time 11596.5s, predicted finish time 62230.2s
411000 entries inserted, progress 18.7718%, batch time 204.627s, passed time 11801.1s, predicted finish time 62866s
414000 entries inserted, progress 18.9088%, batch time 205.704s, passed time 12006.8s, predicted finish time 63498.3s
417000 entries inserted, progress 19.0458%, batch time 207.064s, passed time 12213.9s, predicted finish time 64128.7s
420000 entries inserted, progress 19.1828%, batch time 210.188s, passed time 12424.1s, predicted finish time 64766.3s
423000 entries inserted, progress 19.3199%, batch time 210.331s, passed time 12634.4s, predicted finish time 65395.7s
426000 entries inserted, progress 19.4569%, batch time 211.393s, passed time 12845.8s, predicted finish time 66021.6s
429000 entries inserted, progress 19.5939%, batch time 214.788s, passed time 13060.6s, predicted finish time 66656.1s
432000 entries inserted, progress 19.7309%, batch time 215.865s, passed time 13276.4s, predicted finish time 67287.3s
435000 entries inserted, progress 19.8679%, batch time 217.686s, passed time 13494.1s, predicted finish time 67918.9s
438000 entries inserted, progress 20.005%, batch time 220.112s, passed time 13714.2s, predicted finish time 68554s
441000 entries inserted, progress 20.142%, batch time 220.93s, passed time 13935.2s, predicted finish time 69184.5s
444000 entries inserted, progress 20.279%, batch time 221.96s, passed time 14157.1s, predicted finish time 69811.6s
447000 entries inserted, progress 20.416%, batch time 226.214s, passed time 14383.3s, predicted finish time 70451s
450000 entries inserted, progress 20.553%, batch time 225.523s, passed time 14608.9s, predicted finish time 71078.6s
453000 entries inserted, progress 20.6901%, batch time 228.908s, passed time 14837.8s, predicted finish time 71714.3s
456000 entries inserted, progress 20.8271%, batch time 229.904s, passed time 15067.7s, predicted finish time 72346.4s
459000 entries inserted, progress 20.9641%, batch time 232.441s, passed time 15300.1s, predicted finish time 72982.3s
462000 entries inserted, progress 21.1011%, batch time 232.447s, passed time 15532.6s, predicted finish time 73609.9s
465000 entries inserted, progress 21.2381%, batch time 236.031s, passed time 15768.6s, predicted finish time 74246.4s
468000 entries inserted, progress 21.3752%, batch time 235.995s, passed time 16004.6s, predicted finish time 74874.5s
471000 entries inserted, progress 21.5122%, batch time 239.273s, passed time 16243.9s, predicted finish time 75509.9s
474000 entries inserted, progress 21.6492%, batch time 241.516s, passed time 16485.4s, predicted finish time 76147.5s
477000 entries inserted, progress 21.7862%, batch time 244.285s, passed time 16729.7s, predicted finish time 76789.9s
480000 entries inserted, progress 21.9232%, batch time 244.296s, passed time 16974s, predicted finish time 77424.3s
483000 entries inserted, progress 22.0603%, batch time 246.041s, passed time 17220s, predicted finish time 78058.7s
486000 entries inserted, progress 22.1973%, batch time 247.907s, passed time 17467.9s, predicted finish time 78693.7s
489000 entries inserted, progress 22.3343%, batch time 250.578s, passed time 17718.5s, predicted finish time 79332.8s
492000 entries inserted, progress 22.4713%, batch time 252.379s, passed time 17970.9s, predicted finish time 79972.2s
495000 entries inserted, progress 22.6083%, batch time 254.171s, passed time 18225s, predicted finish time 80611.8s
498000 entries inserted, progress 22.7454%, batch time 254.014s, passed time 18479s, predicted finish time 81242.9s
501000 entries inserted, progress 22.8824%, batch time 257.893s, passed time 18736.9s, predicted finish time 81883.5s
504000 entries inserted, progress 23.0194%, batch time 258.732s, passed time 18995.7s, predicted finish time 82520.1s
507000 entries inserted, progress 23.1564%, batch time 261.271s, passed time 19256.9s, predicted finish time 83160.1s
510000 entries inserted, progress 23.2934%, batch time 261.175s, passed time 19518.1s, predicted finish time 83792.1s
513000 entries inserted, progress 23.4305%, batch time 264.894s, passed time 19783s, predicted finish time 84432.7s
516000 entries inserted, progress 23.5675%, batch time 264.574s, passed time 20047.6s, predicted finish time 85064.4s
519000 entries inserted, progress 23.7045%, batch time 268.438s, passed time 20316s, predicted finish time 85705.1s
522000 entries inserted, progress 23.8415%, batch time 269.258s, passed time 20585.3s, predicted finish time 86341.9s
525000 entries inserted, progress 23.9785%, batch time 272.836s, passed time 20858.1s, predicted finish time 86986.4s
528000 entries inserted, progress 24.1156%, batch time 273.577s, passed time 21131.7s, predicted finish time 87626.6s
531000 entries inserted, progress 24.2526%, batch time 275.525s, passed time 21407.2s, predicted finish time 88267.6s
534000 entries inserted, progress 24.3896%, batch time 277.417s, passed time 21684.6s, predicted finish time 88909.1s
537000 entries inserted, progress 24.5266%, batch time 277.872s, passed time 21962.5s, predicted finish time 89545.4s
540000 entries inserted, progress 24.6636%, batch time 278.347s, passed time 22240.8s, predicted finish time 90176.5s
543000 entries inserted, progress 24.8007%, batch time 282.221s, passed time 22523.1s, predicted finish time 90816.2s
546000 entries inserted, progress 24.9377%, batch time 283.97s, passed time 22807s, predicted finish time 91455.9s
549000 entries inserted, progress 25.0747%, batch time 284.696s, passed time 23091.7s, predicted finish time 92091.6s
552000 entries inserted, progress 25.2117%, batch time 286.522s, passed time 23378.3s, predicted finish time 92727.5s
555000 entries inserted, progress 25.3488%, batch time 288.414s, passed time 23666.7s, predicted finish time 93364.1s
558000 entries inserted, progress 25.4858%, batch time 289.96s, passed time 23956.6s, predicted finish time 93999.9s
561000 entries inserted, progress 25.6228%, batch time 291.857s, passed time 24248.5s, predicted finish time 94636.2s
564000 entries inserted, progress 25.7598%, batch time 293.629s, passed time 24542.1s, predicted finish time 95272.7s
567000 entries inserted, progress 25.8968%, batch time 296.536s, passed time 24838.7s, predicted finish time 95913.7s
570000 entries inserted, progress 26.0339%, batch time 298.309s, passed time 25137s, predicted finish time 96554.7s
573000 entries inserted, progress 26.1709%, batch time 299.046s, passed time 25436s, predicted finish time 97191.9s
576000 entries inserted, progress 26.3079%, batch time 300.437s, passed time 25736.4s, predicted finish time 97827.7s
579000 entries inserted, progress 26.4449%, batch time 301.827s, passed time 26038.3s, predicted finish time 98462.1s
582000 entries inserted, progress 26.5819%, batch time 303.543s, passed time 26341.8s, predicted finish time 99096.5s
585000 entries inserted, progress 26.719%, batch time 305.354s, passed time 26647.2s, predicted finish time 99731.2s
588000 entries inserted, progress 26.856%, batch time 308.296s, passed time 26955.5s, predicted finish time 100370s
591000 entries inserted, progress 26.993%, batch time 308.707s, passed time 27264.2s, predicted finish time 101004s
594000 entries inserted, progress 27.13%, batch time 310.602s, passed time 27574.8s, predicted finish time 101639s
597000 entries inserted, progress 27.267%, batch time 314.682s, passed time 27889.5s, predicted finish time 102283s
600000 entries inserted, progress 27.4041%, batch time 314.325s, passed time 28203.8s, predicted finish time 102918s
603000 entries inserted, progress 27.5411%, batch time 317.146s, passed time 28520.9s, predicted finish time 103558s
606000 entries inserted, progress 27.6781%, batch time 318.993s, passed time 28839.9s, predicted finish time 104197s
609000 entries inserted, progress 27.8151%, batch time 319.439s, passed time 29159.4s, predicted finish time 104833s
612000 entries inserted, progress 27.9521%, batch time 321.24s, passed time 29480.6s, predicted finish time 105468s
615000 entries inserted, progress 28.0892%, batch time 323.023s, passed time 29803.6s, predicted finish time 106103s
618000 entries inserted, progress 28.2262%, batch time 324.834s, passed time 30128.5s, predicted finish time 106739s
621000 entries inserted, progress 28.3632%, batch time 326.458s, passed time 30454.9s, predicted finish time 107375s
624000 entries inserted, progress 28.5002%, batch time 329.738s, passed time 30784.7s, predicted finish time 108015s
627000 entries inserted, progress 28.6372%, batch time 330.104s, passed time 31114.8s, predicted finish time 108651s
630000 entries inserted, progress 28.7743%, batch time 331.977s, passed time 31446.7s, predicted finish time 109288s
633000 entries inserted, progress 28.9113%, batch time 334.835s, passed time 31781.6s, predicted finish time 109928s
636000 entries inserted, progress 29.0483%, batch time 336.675s, passed time 32118.2s, predicted finish time 110568s
639000 entries inserted, progress 29.1853%, batch time 341.011s, passed time 32459.3s, predicted finish time 111218s
642000 entries inserted, progress 29.3223%, batch time 338.984s, passed time 32798.2s, predicted finish time 111854s
645000 entries inserted, progress 29.4594%, batch time 340.533s, passed time 33138.8s, predicted finish time 112490s
648000 entries inserted, progress 29.5964%, batch time 342.369s, passed time 33481.1s, predicted finish time 113126s
651000 entries inserted, progress 29.7334%, batch time 344.189s, passed time 33825.3s, predicted finish time 113762s
654000 entries inserted, progress 29.8704%, batch time 348.46s, passed time 34173.8s, predicted finish time 114407s
657000 entries inserted, progress 30.0074%, batch time 347.861s, passed time 34521.6s, predicted finish time 115043s
660000 entries inserted, progress 30.1445%, batch time 349.453s, passed time 34871.1s, predicted finish time 115680s
663000 entries inserted, progress 30.2815%, batch time 352.513s, passed time 35223.6s, predicted finish time 116320s
666000 entries inserted, progress 30.4185%, batch time 351.755s, passed time 35575.4s, predicted finish time 116953s
669000 entries inserted, progress 30.5555%, batch time 356.204s, passed time 35931.6s, predicted finish time 117594s
672000 entries inserted, progress 30.6925%, batch time 358.444s, passed time 36290s, predicted finish time 118237s
675000 entries inserted, progress 30.8296%, batch time 360.214s, passed time 36650.2s, predicted finish time 118880s
678000 entries inserted, progress 30.9666%, batch time 363.259s, passed time 37013.5s, predicted finish time 119527s
681000 entries inserted, progress 31.1036%, batch time 365.02s, passed time 37378.5s, predicted finish time 120174s
684000 entries inserted, progress 31.2406%, batch time 365.415s, passed time 37743.9s, predicted finish time 120817s
687000 entries inserted, progress 31.3776%, batch time 367.252s, passed time 38111.2s, predicted finish time 121459s
690000 entries inserted, progress 31.5147%, batch time 369.07s, passed time 38480.2s, predicted finish time 122102s
693000 entries inserted, progress 31.6517%, batch time 370.74s, passed time 38851s, predicted finish time 122745s
696000 entries inserted, progress 31.7887%, batch time 373.857s, passed time 39224.8s, predicted finish time 123392s
699000 entries inserted, progress 31.9257%, batch time 372.941s, passed time 39597.8s, predicted finish time 124031s
702000 entries inserted, progress 32.0627%, batch time 377.404s, passed time 39975.2s, predicted finish time 124678s
705000 entries inserted, progress 32.1998%, batch time 377.736s, passed time 40352.9s, predicted finish time 125320s
708000 entries inserted, progress 32.3368%, batch time 382.342s, passed time 40735.3s, predicted finish time 125972s
711000 entries inserted, progress 32.4738%, batch time 379.968s, passed time 41115.2s, predicted finish time 126610s
714000 entries inserted, progress 32.6108%, batch time 383.045s, passed time 41498.3s, predicted finish time 127253s
717000 entries inserted, progress 32.7478%, batch time 387.597s, passed time 41885.9s, predicted finish time 127904s
720000 entries inserted, progress 32.8849%, batch time 386.655s, passed time 42272.5s, predicted finish time 128547s
723000 entries inserted, progress 33.0219%, batch time 388.635s, passed time 42661.2s, predicted finish time 129190s
726000 entries inserted, progress 33.1589%, batch time 390.997s, passed time 43052.2s, predicted finish time 129836s
729000 entries inserted, progress 33.2959%, batch time 390.866s, passed time 43443s, predicted finish time 130475s
732000 entries inserted, progress 33.4329%, batch time 391.253s, passed time 43834.3s, predicted finish time 131111s
735000 entries inserted, progress 33.57%, batch time 395.813s, passed time 44230.1s, predicted finish time 131755s
738000 entries inserted, progress 33.707%, batch time 396.139s, passed time 44626.2s, predicted finish time 132394s
741000 entries inserted, progress 33.844%, batch time 397.973s, passed time 45024.2s, predicted finish time 133034s
744000 entries inserted, progress 33.981%, batch time 401.2s, passed time 45425.4s, predicted finish time 133679s
747000 entries inserted, progress 34.118%, batch time 404.282s, passed time 45829.7s, predicted finish time 134327s
750000 entries inserted, progress 34.2551%, batch time 403.137s, passed time 46232.8s, predicted finish time 134966s
753000 entries inserted, progress 34.3921%, batch time 406.346s, passed time 46639.2s, predicted finish time 135610s
756000 entries inserted, progress 34.5291%, batch time 408.129s, passed time 47047.3s, predicted finish time 136254s
759000 entries inserted, progress 34.6661%, batch time 408.372s, passed time 47455.7s, predicted finish time 136893s
762000 entries inserted, progress 34.8031%, batch time 410.104s, passed time 47865.8s, predicted finish time 137533s
765000 entries inserted, progress 34.9402%, batch time 411.873s, passed time 48277.7s, predicted finish time 138172s
768000 entries inserted, progress 35.0772%, batch time 413.414s, passed time 48691.1s, predicted finish time 138811s
771000 entries inserted, progress 35.2142%, batch time 416.733s, passed time 49107.8s, predicted finish time 139454s
774000 entries inserted, progress 35.3512%, batch time 416.998s, passed time 49524.8s, predicted finish time 140093s
777000 entries inserted, progress 35.4883%, batch time 418.865s, passed time 49943.7s, predicted finish time 140733s
780000 entries inserted, progress 35.6253%, batch time 421.989s, passed time 50365.6s, predicted finish time 141376s
783000 entries inserted, progress 35.7623%, batch time 422.314s, passed time 50788s, predicted finish time 142015s
786000 entries inserted, progress 35.8993%, batch time 424.054s, passed time 51212s, predicted finish time 142654s
789000 entries inserted, progress 36.0363%, batch time 428.427s, passed time 51640.4s, predicted finish time 143301s
792000 entries inserted, progress 36.1734%, batch time 435.303s, passed time 52075.7s, predicted finish time 143961s
795000 entries inserted, progress 36.3104%, batch time 433.753s, passed time 52509.5s, predicted finish time 144613s
798000 entries inserted, progress 36.4474%, batch time 437.158s, passed time 52946.7s, predicted finish time 145269s
801000 entries inserted, progress 36.5844%, batch time 439.251s, passed time 53385.9s, predicted finish time 145925s
804000 entries inserted, progress 36.7214%, batch time 439.286s, passed time 53825.2s, predicted finish time 146577s
807000 entries inserted, progress 36.8585%, batch time 440.974s, passed time 54266.2s, predicted finish time 147228s
810000 entries inserted, progress 36.9955%, batch time 444.48s, passed time 54710.6s, predicted finish time 147885s
813000 entries inserted, progress 37.1325%, batch time 442.993s, passed time 55153.6s, predicted finish time 148532s
816000 entries inserted, progress 37.2695%, batch time 447.955s, passed time 55601.6s, predicted finish time 149188s
819000 entries inserted, progress 37.4065%, batch time 448.223s, passed time 56049.8s, predicted finish time 149839s
822000 entries inserted, progress 37.5436%, batch time 451.719s, passed time 56501.5s, predicted finish time 150496s
825000 entries inserted, progress 37.6806%, batch time 451.87s, passed time 56953.4s, predicted finish time 151148s
828000 entries inserted, progress 37.8176%, batch time 455.334s, passed time 57408.7s, predicted finish time 151804s
831000 entries inserted, progress 37.9546%, batch time 458.876s, passed time 57867.6s, predicted finish time 152465s
834000 entries inserted, progress 38.0916%, batch time 458.916s, passed time 58326.5s, predicted finish time 153121s
837000 entries inserted, progress 38.2287%, batch time 459.029s, passed time 58785.6s, predicted finish time 153773s
840000 entries inserted, progress 38.3657%, batch time 460.876s, passed time 59246.4s, predicted finish time 154425s
843000 entries inserted, progress 38.5027%, batch time 462.713s, passed time 59709.2s, predicted finish time 155078s
846000 entries inserted, progress 38.6397%, batch time 464.512s, passed time 60173.7s, predicted finish time 155730s
849000 entries inserted, progress 38.7767%, batch time 468.031s, passed time 60641.7s, predicted finish time 156387s
852000 entries inserted, progress 38.9138%, batch time 466.254s, passed time 61107.9s, predicted finish time 157034s
855000 entries inserted, progress 39.0508%, batch time 461.997s, passed time 61569.9s, predicted finish time 157666s
858000 entries inserted, progress 39.1878%, batch time 465.498s, passed time 62035.4s, predicted finish time 158303s
861000 entries inserted, progress 39.3248%, batch time 468.976s, passed time 62504.4s, predicted finish time 158944s
864000 entries inserted, progress 39.4618%, batch time 474.767s, passed time 62979.2s, predicted finish time 159595s
867000 entries inserted, progress 39.5989%, batch time 475.221s, passed time 63454.4s, predicted finish time 160243s
870000 entries inserted, progress 39.7359%, batch time 473.62s, passed time 63928s, predicted finish time 160882s
873000 entries inserted, progress 39.8729%, batch time 477.096s, passed time 64405.1s, predicted finish time 161526s
876000 entries inserted, progress 40.0099%, batch time 482.405s, passed time 64887.5s, predicted finish time 162178s
879000 entries inserted, progress 40.1469%, batch time 480.763s, passed time 65368.3s, predicted finish time 162822s
882000 entries inserted, progress 40.284%, batch time 482.664s, passed time 65851s, predicted finish time 163467s
885000 entries inserted, progress 40.421%, batch time 485.951s, passed time 66336.9s, predicted finish time 164115s
888000 entries inserted, progress 40.558%, batch time 485.847s, passed time 66822.8s, predicted finish time 164758s
891000 entries inserted, progress 40.695%, batch time 486.019s, passed time 67308.8s, predicted finish time 165398s
894000 entries inserted, progress 40.832%, batch time 493.233s, passed time 67802s, predicted finish time 166051s
897000 entries inserted, progress 40.9691%, batch time 491.561s, passed time 68293.6s, predicted finish time 166695s
900000 entries inserted, progress 41.1061%, batch time 493.093s, passed time 68786.7s, predicted finish time 167339s
903000 entries inserted, progress 41.2431%, batch time 496.584s, passed time 69283.2s, predicted finish time 167987s
906000 entries inserted, progress 41.3801%, batch time 496.555s, passed time 69779.8s, predicted finish time 168631s
909000 entries inserted, progress 41.5171%, batch time 498.479s, passed time 70278.3s, predicted finish time 169275s
912000 entries inserted, progress 41.6542%, batch time 500.182s, passed time 70778.5s, predicted finish time 169919s
915000 entries inserted, progress 41.7912%, batch time 502.11s, passed time 71280.6s, predicted finish time 170563s
918000 entries inserted, progress 41.9282%, batch time 505.545s, passed time 71786.1s, predicted finish time 171212s
921000 entries inserted, progress 42.0652%, batch time 507.219s, passed time 72293.3s, predicted finish time 171860s
924000 entries inserted, progress 42.2022%, batch time 507.321s, passed time 72800.7s, predicted finish time 172504s
927000 entries inserted, progress 42.3393%, batch time 513.186s, passed time 73313.8s, predicted finish time 173158s
930000 entries inserted, progress 42.4763%, batch time 510.743s, passed time 73824.6s, predicted finish time 173802s
933000 entries inserted, progress 42.6133%, batch time 510.664s, passed time 74335.2s, predicted finish time 174441s
936000 entries inserted, progress 42.7503%, batch time 516.095s, passed time 74851.3s, predicted finish time 175089s
939000 entries inserted, progress 42.8873%, batch time 516.025s, passed time 75367.4s, predicted finish time 175733s
942000 entries inserted, progress 43.0244%, batch time 582.971s, passed time 75950.3s, predicted finish time 176528s
945000 entries inserted, progress 43.1614%, batch time 609.074s, passed time 76559.4s, predicted finish time 177379s
948000 entries inserted, progress 43.2984%, batch time 614.232s, passed time 77173.6s, predicted finish time 178236s
951000 entries inserted, progress 43.4354%, batch time 615.209s, passed time 77788.9s, predicted finish time 179091s
954000 entries inserted, progress 43.5724%, batch time 618.405s, passed time 78407.3s, predicted finish time 179947s
957000 entries inserted, progress 43.7095%, batch time 623.496s, passed time 79030.8s, predicted finish time 180809s
960000 entries inserted, progress 43.8465%, batch time 624.412s, passed time 79655.2s, predicted finish time 181668s
963000 entries inserted, progress 43.9835%, batch time 625.386s, passed time 80280.6s, predicted finish time 182524s
966000 entries inserted, progress 44.1205%, batch time 633.615s, passed time 80914.2s, predicted finish time 183393s
969000 entries inserted, progress 44.2575%, batch time 634.503s, passed time 81548.7s, predicted finish time 184259s
972000 entries inserted, progress 44.3946%, batch time 637.933s, passed time 82186.6s, predicted finish time 185127s
975000 entries inserted, progress 44.5316%, batch time 645.918s, passed time 82832.5s, predicted finish time 186008s
978000 entries inserted, progress 44.6686%, batch time 644.669s, passed time 83477.2s, predicted finish time 186881s
981000 entries inserted, progress 44.8056%, batch time 647.816s, passed time 84125s, predicted finish time 187755s
984000 entries inserted, progress 44.9427%, batch time 651.284s, passed time 84776.3s, predicted finish time 188632s
987000 entries inserted, progress 45.0797%, batch time 657.324s, passed time 85433.6s, predicted finish time 189517s
990000 entries inserted, progress 45.2167%, batch time 657.852s, passed time 86091.5s, predicted finish time 190397s
993000 entries inserted, progress 45.3537%, batch time 660.761s, passed time 86752.2s, predicted finish time 191279s
996000 entries inserted, progress 45.4907%, batch time 664.497s, passed time 87416.7s, predicted finish time 192164s
999000 entries inserted, progress 45.6278%, batch time 668.179s, passed time 88084.9s, predicted finish time 193051s
1002000 entries inserted, progress 45.7648%, batch time 671.566s, passed time 88756.5s, predicted finish time 193940s
1005000 entries inserted, progress 45.9018%, batch time 675.68s, passed time 89432.1s, predicted finish time 194833s
1008000 entries inserted, progress 46.0388%, batch time 682.02s, passed time 90114.2s, predicted finish time 195735s
1011000 entries inserted, progress 46.1758%, batch time 683.454s, passed time 90797.6s, predicted finish time 196634s
1014000 entries inserted, progress 46.3129%, batch time 692.022s, passed time 91489.6s, predicted finish time 197547s
1017000 entries inserted, progress 46.4499%, batch time 687.982s, passed time 92177.6s, predicted finish time 198445s
1020000 entries inserted, progress 46.5869%, batch time 696.804s, passed time 92874.4s, predicted finish time 199357s
1023000 entries inserted, progress 46.7239%, batch time 698.231s, passed time 93572.7s, predicted finish time 200267s
1026000 entries inserted, progress 46.8609%, batch time 701.779s, passed time 94274.4s, predicted finish time 201179s
1029000 entries inserted, progress 46.998%, batch time 705.021s, passed time 94979.5s, predicted finish time 202093s
1032000 entries inserted, progress 47.135%, batch time 710.442s, passed time 95689.9s, predicted finish time 203012s
1035000 entries inserted, progress 47.272%, batch time 713.051s, passed time 96403s, predicted finish time 203932s
1038000 entries inserted, progress 47.409%, batch time 713.086s, passed time 97116s, predicted finish time 204847s
1041000 entries inserted, progress 47.546%, batch time 715.063s, passed time 97831.1s, predicted finish time 205761s
1044000 entries inserted, progress 47.6831%, batch time 720.388s, passed time 98551.5s, predicted finish time 206680s
1047000 entries inserted, progress 47.8201%, batch time 720.257s, passed time 99271.7s, predicted finish time 207594s
1050000 entries inserted, progress 47.9571%, batch time 722.344s, passed time 99994.1s, predicted finish time 208507s
1053000 entries inserted, progress 48.0941%, batch time 724.604s, passed time 100719s, predicted finish time 209420s
1056000 entries inserted, progress 48.2311%, batch time 727.068s, passed time 101446s, predicted finish time 210332s
1059000 entries inserted, progress 48.3682%, batch time 730.752s, passed time 102177s, predicted finish time 211247s
1062000 entries inserted, progress 48.5052%, batch time 731.143s, passed time 102908s, predicted finish time 212158s
1065000 entries inserted, progress 48.6422%, batch time 736.851s, passed time 103645s, predicted finish time 213075s
1068000 entries inserted, progress 48.7792%, batch time 736.48s, passed time 104381s, predicted finish time 213986s
1071000 entries inserted, progress 48.9162%, batch time 741.845s, passed time 105123s, predicted finish time 214904s
1074000 entries inserted, progress 49.0533%, batch time 741.781s, passed time 105865s, predicted finish time 215815s
1077000 entries inserted, progress 49.1903%, batch time 744.485s, passed time 106609s, predicted finish time 216728s
1080000 entries inserted, progress 49.3273%, batch time 750.248s, passed time 107359s, predicted finish time 217647s
1083000 entries inserted, progress 49.4643%, batch time 749.973s, passed time 108109s, predicted finish time 218560s
1086000 entries inserted, progress 49.6013%, batch time 751.477s, passed time 108861s, predicted finish time 219471s
1089000 entries inserted, progress 49.7384%, batch time 753.283s, passed time 109614s, predicted finish time 220381s
1092000 entries inserted, progress 49.8754%, batch time 758.47s, passed time 110373s, predicted finish time 221296s
1095000 entries inserted, progress 50.0124%, batch time 760.788s, passed time 111133s, predicted finish time 222211s
1098000 entries inserted, progress 50.1494%, batch time 760.64s, passed time 111894s, predicted finish time 223121s
1101000 entries inserted, progress 50.2864%, batch time 759.292s, passed time 112653s, predicted finish time 224023s
1104000 entries inserted, progress 50.4235%, batch time 765.177s, passed time 113418s, predicted finish time 224932s
1107000 entries inserted, progress 50.5605%, batch time 762.711s, passed time 114181s, predicted finish time 225831s
1110000 entries inserted, progress 50.6975%, batch time 768.139s, passed time 114949s, predicted finish time 226735s
1113000 entries inserted, progress 50.8345%, batch time 773.271s, passed time 115723s, predicted finish time 227645s
1116000 entries inserted, progress 50.9715%, batch time 775.288s, passed time 116498s, predicted finish time 228554s
1119000 entries inserted, progress 51.1086%, batch time 772.109s, passed time 117270s, predicted finish time 229452s
1122000 entries inserted, progress 51.2456%, batch time 777.253s, passed time 118047s, predicted finish time 230356s
1125000 entries inserted, progress 51.3826%, batch time 779.693s, passed time 118827s, predicted finish time 231259s
1128000 entries inserted, progress 51.5196%, batch time 785.061s, passed time 119612s, predicted finish time 232168s
1131000 entries inserted, progress 51.6566%, batch time 784.974s, passed time 120397s, predicted finish time 233071s
1134000 entries inserted, progress 51.7937%, batch time 787.089s, passed time 121184s, predicted finish time 233974s
1137000 entries inserted, progress 51.9307%, batch time 789.472s, passed time 121974s, predicted finish time 234877s
1140000 entries inserted, progress 52.0677%, batch time 791.342s, passed time 122765s, predicted finish time 235779s
1143000 entries inserted, progress 52.2047%, batch time 796.83s, passed time 123562s, predicted finish time 236687s
1146000 entries inserted, progress 52.3417%, batch time 795.716s, passed time 124357s, predicted finish time 237587s
1149000 entries inserted, progress 52.4788%, batch time 798.03s, passed time 125155s, predicted finish time 238488s
1152000 entries inserted, progress 52.6158%, batch time 800.509s, passed time 125956s, predicted finish time 239388s
1155000 entries inserted, progress 52.7528%, batch time 805.664s, passed time 126762s, predicted finish time 240293s
1158000 entries inserted, progress 52.8898%, batch time 804.942s, passed time 127567s, predicted finish time 241193s
1161000 entries inserted, progress 53.0268%, batch time 807.213s, passed time 128374s, predicted finish time 242092s
1164000 entries inserted, progress 53.1639%, batch time 815.073s, passed time 129189s, predicted finish time 243001s
1167000 entries inserted, progress 53.3009%, batch time 814.539s, passed time 130003s, predicted finish time 243904s
1170000 entries inserted, progress 53.4379%, batch time 813.74s, passed time 130817s, predicted finish time 244802s
1173000 entries inserted, progress 53.5749%, batch time 819.208s, passed time 131636s, predicted finish time 245705s
1176000 entries inserted, progress 53.7119%, batch time 818.614s, passed time 132455s, predicted finish time 246602s
1179000 entries inserted, progress 53.849%, batch time 823.673s, passed time 133279s, predicted finish time 247504s
1182000 entries inserted, progress 53.986%, batch time 822.565s, passed time 134101s, predicted finish time 248400s
1185000 entries inserted, progress 54.123%, batch time 825.361s, passed time 134927s, predicted finish time 249296s
1188000 entries inserted, progress 54.26%, batch time 830.845s, passed time 135757s, predicted finish time 250198s
1191000 entries inserted, progress 54.397%, batch time 832.978s, passed time 136590s, predicted finish time 251099s
1194000 entries inserted, progress 54.5341%, batch time 832.296s, passed time 137423s, predicted finish time 251994s
1197000 entries inserted, progress 54.6711%, batch time 837.271s, passed time 138260s, predicted finish time 252894s
1200000 entries inserted, progress 54.8081%, batch time 836.319s, passed time 139096s, predicted finish time 253787s
1203000 entries inserted, progress 54.9451%, batch time 838.655s, passed time 139935s, predicted finish time 254681s
1206000 entries inserted, progress 55.0822%, batch time 840.585s, passed time 140775s, predicted finish time 255573s
1209000 entries inserted, progress 55.2192%, batch time 842.492s, passed time 141618s, predicted finish time 256465s
1212000 entries inserted, progress 55.3562%, batch time 848.022s, passed time 142466s, predicted finish time 257362s
1215000 entries inserted, progress 55.4932%, batch time 847.077s, passed time 143313s, predicted finish time 258253s
1218000 entries inserted, progress 55.6302%, batch time 848.638s, passed time 144162s, predicted finish time 259143s
1221000 entries inserted, progress 55.7673%, batch time 847.076s, passed time 145009s, predicted finish time 260025s
1224000 entries inserted, progress 55.9043%, batch time 852.693s, passed time 145861s, predicted finish time 260913s
1227000 entries inserted, progress 56.0413%, batch time 851.263s, passed time 146713s, predicted finish time 261794s
1230000 entries inserted, progress 56.1783%, batch time 856.758s, passed time 147569s, predicted finish time 262680s
1233000 entries inserted, progress 56.3153%, batch time 855.559s, passed time 148425s, predicted finish time 263560s
1236000 entries inserted, progress 56.4524%, batch time 858.074s, passed time 149283s, predicted finish time 264441s
1239000 entries inserted, progress 56.5894%, batch time 863.803s, passed time 150147s, predicted finish time 265327s
1242000 entries inserted, progress 56.7264%, batch time 862.646s, passed time 151010s, predicted finish time 266207s
1245000 entries inserted, progress 56.8634%, batch time 865.032s, passed time 151875s, predicted finish time 267086s
1248000 entries inserted, progress 57.0004%, batch time 866.652s, passed time 152741s, predicted finish time 267965s
1251000 entries inserted, progress 57.1375%, batch time 872.391s, passed time 153614s, predicted finish time 268849s
1254000 entries inserted, progress 57.2745%, batch time 871.667s, passed time 154485s, predicted finish time 269728s
1257000 entries inserted, progress 57.4115%, batch time 873.493s, passed time 155359s, predicted finish time 270606s
1260000 entries inserted, progress 57.5485%, batch time 876.014s, passed time 156235s, predicted finish time 271483s
1263000 entries inserted, progress 57.6855%, batch time 878.515s, passed time 157113s, predicted finish time 272362s
1266000 entries inserted, progress 57.8226%, batch time 880.749s, passed time 157994s, predicted finish time 273239s
1269000 entries inserted, progress 57.9596%, batch time 885.778s, passed time 158880s, predicted finish time 274122s
1272000 entries inserted, progress 58.0966%, batch time 885.226s, passed time 159765s, predicted finish time 274999s
1275000 entries inserted, progress 58.2336%, batch time 887.483s, passed time 160653s, predicted finish time 275876s
1278000 entries inserted, progress 58.3706%, batch time 893.203s, passed time 161546s, predicted finish time 276758s
1281000 entries inserted, progress 58.5077%, batch time 891.903s, passed time 162438s, predicted finish time 277635s
1284000 entries inserted, progress 58.6447%, batch time 896.838s, passed time 163335s, predicted finish time 278515s
1287000 entries inserted, progress 58.7817%, batch time 895.805s, passed time 164230s, predicted finish time 279390s
1290000 entries inserted, progress 58.9187%, batch time 901.692s, passed time 165132s, predicted finish time 280271s
1293000 entries inserted, progress 59.0557%, batch time 900.108s, passed time 166032s, predicted finish time 281145s
1296000 entries inserted, progress 59.1928%, batch time 902.355s, passed time 166934s, predicted finish time 282018s
1299000 entries inserted, progress 59.3298%, batch time 904.738s, passed time 167839s, predicted finish time 282892s
1302000 entries inserted, progress 59.4668%, batch time 906.075s, passed time 168745s, predicted finish time 283764s
1305000 entries inserted, progress 59.6038%, batch time 911.597s, passed time 169657s, predicted finish time 284641s
1308000 entries inserted, progress 59.7408%, batch time 910.242s, passed time 170567s, predicted finish time 285512s
1311000 entries inserted, progress 59.8779%, batch time 912.585s, passed time 171480s, predicted finish time 286382s
1314000 entries inserted, progress 60.0149%, batch time 907.589s, passed time 172387s, predicted finish time 287241s
1317000 entries inserted, progress 60.1519%, batch time 907.985s, passed time 173295s, predicted finish time 288096s
1320000 entries inserted, progress 60.2889%, batch time 914.564s, passed time 174210s, predicted finish time 288958s
1323000 entries inserted, progress 60.4259%, batch time 917.585s, passed time 175127s, predicted finish time 289821s
1326000 entries inserted, progress 60.563%, batch time 916.631s, passed time 176044s, predicted finish time 290679s
1329000 entries inserted, progress 60.7%, batch time 919.279s, passed time 176963s, predicted finish time 291538s
1332000 entries inserted, progress 60.837%, batch time 925.406s, passed time 177889s, predicted finish time 292402s
1335000 entries inserted, progress 60.974%, batch time 923.919s, passed time 178813s, predicted finish time 293260s
1338000 entries inserted, progress 61.111%, batch time 925.967s, passed time 179739s, predicted finish time 294118s
1341000 entries inserted, progress 61.2481%, batch time 928.45s, passed time 180667s, predicted finish time 294976s
1344000 entries inserted, progress 61.3851%, batch time 930.706s, passed time 181598s, predicted finish time 295834s
1347000 entries inserted, progress 61.5221%, batch time 936.557s, passed time 182534s, predicted finish time 296697s
1350000 entries inserted, progress 61.6591%, batch time 935.486s, passed time 183470s, predicted finish time 297555s
1353000 entries inserted, progress 61.7961%, batch time 937.282s, passed time 184407s, predicted finish time 298412s
1356000 entries inserted, progress 61.9332%, batch time 939.811s, passed time 185347s, predicted finish time 299269s
1359000 entries inserted, progress 62.0702%, batch time 941.939s, passed time 186289s, predicted finish time 300126s
1362000 entries inserted, progress 62.2072%, batch time 947.398s, passed time 187236s, predicted finish time 300988s
1365000 entries inserted, progress 62.3442%, batch time 946.455s, passed time 188183s, predicted finish time 301844s
1368000 entries inserted, progress 62.4812%, batch time 951.472s, passed time 189134s, predicted finish time 302705s
1371000 entries inserted, progress 62.6183%, batch time 950.078s, passed time 190084s, predicted finish time 303560s
1374000 entries inserted, progress 62.7553%, batch time 952.196s, passed time 191036s, predicted finish time 304415s
1377000 entries inserted, progress 62.8923%, batch time 954.3s, passed time 191991s, predicted finish time 305269s
1380000 entries inserted, progress 63.0293%, batch time 956.765s, passed time 192948s, predicted finish time 306123s
1383000 entries inserted, progress 63.1663%, batch time 958.554s, passed time 193906s, predicted finish time 306977s
1386000 entries inserted, progress 63.3034%, batch time 960.856s, passed time 194867s, predicted finish time 307830s
1389000 entries inserted, progress 63.4404%, batch time 962.64s, passed time 195830s, predicted finish time 308683s
1392000 entries inserted, progress 63.5774%, batch time 964.915s, passed time 196795s, predicted finish time 309535s
1395000 entries inserted, progress 63.7144%, batch time 974.014s, passed time 197769s, predicted finish time 310398s
1398000 entries inserted, progress 63.8514%, batch time 968.825s, passed time 198737s, predicted finish time 311249s
1401000 entries inserted, progress 63.9885%, batch time 971.012s, passed time 199708s, predicted finish time 312100s
1404000 entries inserted, progress 64.1255%, batch time 973.315s, passed time 200682s, predicted finish time 312951s
1407000 entries inserted, progress 64.2625%, batch time 975.871s, passed time 201658s, predicted finish time 313803s
1410000 entries inserted, progress 64.3995%, batch time 977.688s, passed time 202635s, predicted finish time 314653s
1413000 entries inserted, progress 64.5365%, batch time 983.07s, passed time 203618s, predicted finish time 315508s
1416000 entries inserted, progress 64.6736%, batch time 981.353s, passed time 204600s, predicted finish time 316357s
1419000 entries inserted, progress 64.8106%, batch time 987.219s, passed time 205587s, predicted finish time 317212s
1422000 entries inserted, progress 64.9476%, batch time 985.87s, passed time 206573s, predicted finish time 318060s
1425000 entries inserted, progress 65.0846%, batch time 991.47s, passed time 207564s, predicted finish time 318914s
1428000 entries inserted, progress 65.2217%, batch time 989.894s, passed time 208554s, predicted finish time 319762s
1431000 entries inserted, progress 65.3587%, batch time 991.966s, passed time 209546s, predicted finish time 320609s
1434000 entries inserted, progress 65.4957%, batch time 993.925s, passed time 210540s, predicted finish time 321456s
1437000 entries inserted, progress 65.6327%, batch time 995.796s, passed time 211536s, predicted finish time 322302s
1440000 entries inserted, progress 65.7697%, batch time 997.816s, passed time 212534s, predicted finish time 323148s
1443000 entries inserted, progress 65.9068%, batch time 999.727s, passed time 213533s, predicted finish time 323993s
1446000 entries inserted, progress 66.0438%, batch time 1005.71s, passed time 214539s, predicted finish time 324843s
1449000 entries inserted, progress 66.1808%, batch time 1008s, passed time 215547s, predicted finish time 325694s
1452000 entries inserted, progress 66.3178%, batch time 1006.68s, passed time 216554s, predicted finish time 326539s
1455000 entries inserted, progress 66.4548%, batch time 1008.87s, passed time 217563s, predicted finish time 327384s
1458000 entries inserted, progress 66.5919%, batch time 1010.07s, passed time 218573s, predicted finish time 328227s
1461000 entries inserted, progress 66.7289%, batch time 1012.29s, passed time 219585s, predicted finish time 329070s
1464000 entries inserted, progress 66.8659%, batch time 1014.36s, passed time 220599s, predicted finish time 329913s
1467000 entries inserted, progress 67.0029%, batch time 1020.36s, passed time 221620s, predicted finish time 330761s
1470000 entries inserted, progress 67.1399%, batch time 1018.91s, passed time 222639s, predicted finish time 331604s
1473000 entries inserted, progress 67.277%, batch time 1020.32s, passed time 223659s, predicted finish time 332445s
1476000 entries inserted, progress 67.414%, batch time 1025.97s, passed time 224685s, predicted finish time 333291s
1479000 entries inserted, progress 67.551%, batch time 1024.24s, passed time 225709s, predicted finish time 334131s
1482000 entries inserted, progress 67.688%, batch time 1026.22s, passed time 226735s, predicted finish time 334971s
1485000 entries inserted, progress 67.825%, batch time 1025.65s, passed time 227761s, predicted finish time 335806s
1488000 entries inserted, progress 67.9621%, batch time 1019.86s, passed time 228781s, predicted finish time 336630s
1491000 entries inserted, progress 68.0991%, batch time 1022.86s, passed time 229804s, predicted finish time 337455s
1494000 entries inserted, progress 68.2361%, batch time 1025.67s, passed time 230829s, predicted finish time 338280s
1497000 entries inserted, progress 68.3731%, batch time 1031.61s, passed time 231861s, predicted finish time 339111s
1500000 entries inserted, progress 68.5101%, batch time 1033.88s, passed time 232895s, predicted finish time 339942s
1503000 entries inserted, progress 68.6472%, batch time 1032.14s, passed time 233927s, predicted finish time 340767s
1506000 entries inserted, progress 68.7842%, batch time 1034.52s, passed time 234962s, predicted finish time 341592s
1509000 entries inserted, progress 68.9212%, batch time 1037.47s, passed time 235999s, predicted finish time 342418s
1512000 entries inserted, progress 69.0582%, batch time 1039.79s, passed time 237039s, predicted finish time 343245s
1515000 entries inserted, progress 69.1952%, batch time 1033.66s, passed time 238072s, predicted finish time 344059s
1518000 entries inserted, progress 69.3323%, batch time 1029.29s, passed time 239102s, predicted finish time 344863s
1521000 entries inserted, progress 69.4693%, batch time 1035.69s, passed time 240137s, predicted finish time 345674s
1524000 entries inserted, progress 69.6063%, batch time 1034.39s, passed time 241172s, predicted finish time 346480s
1527000 entries inserted, progress 69.7433%, batch time 1045.31s, passed time 242217s, predicted finish time 347298s
1530000 entries inserted, progress 69.8803%, batch time 1039.69s, passed time 243257s, predicted finish time 348105s
1533000 entries inserted, progress 70.0174%, batch time 1042.12s, passed time 244299s, predicted finish time 348912s
1536000 entries inserted, progress 70.1544%, batch time 1044.51s, passed time 245343s, predicted finish time 349719s
1539000 entries inserted, progress 70.2914%, batch time 1046.85s, passed time 246390s, predicted finish time 350527s
1542000 entries inserted, progress 70.4284%, batch time 1056.81s, passed time 247447s, predicted finish time 351345s
1545000 entries inserted, progress 70.5654%, batch time 1051.69s, passed time 248499s, predicted finish time 352153s
1548000 entries inserted, progress 70.7025%, batch time 1053.83s, passed time 249553s, predicted finish time 352961s
1551000 entries inserted, progress 70.8395%, batch time 1055.9s, passed time 250609s, predicted finish time 353769s
1554000 entries inserted, progress 70.9765%, batch time 1058.11s, passed time 251667s, predicted finish time 354577s
1557000 entries inserted, progress 71.1135%, batch time 1060.31s, passed time 252727s, predicted finish time 355385s
1560000 entries inserted, progress 71.2505%, batch time 1062.28s, passed time 253789s, predicted finish time 356192s
1563000 entries inserted, progress 71.3876%, batch time 1068.71s, passed time 254858s, predicted finish time 357006s
1566000 entries inserted, progress 71.5246%, batch time 1066.79s, passed time 255925s, predicted finish time 357813s
1569000 entries inserted, progress 71.6616%, batch time 1069.12s, passed time 256994s, predicted finish time 358621s
1572000 entries inserted, progress 71.7986%, batch time 1071.7s, passed time 258066s, predicted finish time 359429s
1575000 entries inserted, progress 71.9356%, batch time 1073.62s, passed time 259139s, predicted finish time 360237s
1578000 entries inserted, progress 72.0727%, batch time 1080.02s, passed time 260219s, predicted finish time 361051s
1581000 entries inserted, progress 72.2097%, batch time 1078.43s, passed time 261298s, predicted finish time 361859s
1584000 entries inserted, progress 72.3467%, batch time 1081.02s, passed time 262379s, predicted finish time 362668s
1587000 entries inserted, progress 72.4837%, batch time 1083.14s, passed time 263462s, predicted finish time 363477s
1590000 entries inserted, progress 72.6207%, batch time 1089.82s, passed time 264552s, predicted finish time 364292s
1593000 entries inserted, progress 72.7578%, batch time 1088.01s, passed time 265640s, predicted finish time 365101s
1596000 entries inserted, progress 72.8948%, batch time 1089.95s, passed time 266730s, predicted finish time 365910s
1599000 entries inserted, progress 73.0318%, batch time 1091.74s, passed time 267821s, predicted finish time 366718s
1602000 entries inserted, progress 73.1688%, batch time 1094.31s, passed time 268916s, predicted finish time 367527s
1605000 entries inserted, progress 73.3058%, batch time 1100.44s, passed time 270016s, predicted finish time 368342s
1608000 entries inserted, progress 73.4429%, batch time 1098.09s, passed time 271114s, predicted finish time 369149s
1611000 entries inserted, progress 73.5799%, batch time 1099.86s, passed time 272214s, predicted finish time 369957s
1614000 entries inserted, progress 73.7169%, batch time 1101.91s, passed time 273316s, predicted finish time 370764s
1617000 entries inserted, progress 73.8539%, batch time 1107.56s, passed time 274423s, predicted finish time 371576s
1620000 entries inserted, progress 73.9909%, batch time 1110s, passed time 275533s, predicted finish time 372388s
1623000 entries inserted, progress 74.128%, batch time 1107.75s, passed time 276641s, predicted finish time 373194s
1626000 entries inserted, progress 74.265%, batch time 1109.87s, passed time 277751s, predicted finish time 374000s
1629000 entries inserted, progress 74.402%, batch time 1111.89s, passed time 278863s, predicted finish time 374805s
1632000 entries inserted, progress 74.539%, batch time 1113.97s, passed time 279977s, predicted finish time 375611s
1635000 entries inserted, progress 74.676%, batch time 1115.87s, passed time 281093s, predicted finish time 376416s
1638000 entries inserted, progress 74.8131%, batch time 1118.35s, passed time 282211s, predicted finish time 377221s
1641000 entries inserted, progress 74.9501%, batch time 1124.53s, passed time 283336s, predicted finish time 378032s
1644000 entries inserted, progress 75.0871%, batch time 1122.38s, passed time 284458s, predicted finish time 378837s
1647000 entries inserted, progress 75.2241%, batch time 1124.43s, passed time 285582s, predicted finish time 379642s
1650000 entries inserted, progress 75.3612%, batch time 1126.38s, passed time 286709s, predicted finish time 380446s
1653000 entries inserted, progress 75.4982%, batch time 1132.43s, passed time 287841s, predicted finish time 381256s
1656000 entries inserted, progress 75.6352%, batch time 1130.68s, passed time 288972s, predicted finish time 382060s
1659000 entries inserted, progress 75.7722%, batch time 1129.45s, passed time 290101s, predicted finish time 382860s
1662000 entries inserted, progress 75.9092%, batch time 1129.71s, passed time 291231s, predicted finish time 383657s
1665000 entries inserted, progress 76.0463%, batch time 1136.29s, passed time 292367s, predicted finish time 384460s
1668000 entries inserted, progress 76.1833%, batch time 1134.63s, passed time 293502s, predicted finish time 385258s
1671000 entries inserted, progress 76.3203%, batch time 1140.47s, passed time 294643s, predicted finish time 386060s
1674000 entries inserted, progress 76.4573%, batch time 1144.51s, passed time 295787s, predicted finish time 386865s
1677000 entries inserted, progress 76.5943%, batch time 1146.87s, passed time 296934s, predicted finish time 387671s
1680000 entries inserted, progress 76.7314%, batch time 1148.95s, passed time 298083s, predicted finish time 388476s
1683000 entries inserted, progress 76.8684%, batch time 1155.32s, passed time 299238s, predicted finish time 389286s
1686000 entries inserted, progress 77.0054%, batch time 1153.27s, passed time 300391s, predicted finish time 390091s
1689000 entries inserted, progress 77.1424%, batch time 1155.51s, passed time 301547s, predicted finish time 390896s
1692000 entries inserted, progress 77.2794%, batch time 1161.81s, passed time 302709s, predicted finish time 391707s
1695000 entries inserted, progress 77.4165%, batch time 1159.51s, passed time 303868s, predicted finish time 392511s
1698000 entries inserted, progress 77.5535%, batch time 1161.66s, passed time 305030s, predicted finish time 393315s
1701000 entries inserted, progress 77.6905%, batch time 1167.79s, passed time 306198s, predicted finish time 394125s
1704000 entries inserted, progress 77.8275%, batch time 1165.36s, passed time 307363s, predicted finish time 394928s
1707000 entries inserted, progress 77.9645%, batch time 1167.73s, passed time 308531s, predicted finish time 395732s
1710000 entries inserted, progress 78.1016%, batch time 1169.47s, passed time 309700s, predicted finish time 396535s
1713000 entries inserted, progress 78.2386%, batch time 1171.76s, passed time 310872s, predicted finish time 397338s
1716000 entries inserted, progress 78.3756%, batch time 1173.95s, passed time 312046s, predicted finish time 398142s
1719000 entries inserted, progress 78.5126%, batch time 1184.35s, passed time 313230s, predicted finish time 398955s
1722000 entries inserted, progress 78.6496%, batch time 1177.66s, passed time 314408s, predicted finish time 399757s
1725000 entries inserted, progress 78.7867%, batch time 1180.22s, passed time 315588s, predicted finish time 400560s
1728000 entries inserted, progress 78.9237%, batch time 1182.09s, passed time 316770s, predicted finish time 401363s
1731000 entries inserted, progress 79.0607%, batch time 1188.54s, passed time 317959s, predicted finish time 402170s
1734000 entries inserted, progress 79.1977%, batch time 1186.57s, passed time 319145s, predicted finish time 402973s
1737000 entries inserted, progress 79.3347%, batch time 1192.85s, passed time 320338s, predicted finish time 403780s
1740000 entries inserted, progress 79.4718%, batch time 1190.68s, passed time 321529s, predicted finish time 404582s
1743000 entries inserted, progress 79.6088%, batch time 1192.33s, passed time 322721s, predicted finish time 405384s
1746000 entries inserted, progress 79.7458%, batch time 1194.35s, passed time 323916s, predicted finish time 406185s
1749000 entries inserted, progress 79.8828%, batch time 1196.19s, passed time 325112s, predicted finish time 406986s
1752000 entries inserted, progress 80.0198%, batch time 1202.75s, passed time 326315s, predicted finish time 407792s
1755000 entries inserted, progress 80.1569%, batch time 1200.17s, passed time 327515s, predicted finish time 408592s
1758000 entries inserted, progress 80.2939%, batch time 1202.21s, passed time 328717s, predicted finish time 409392s
1761000 entries inserted, progress 80.4309%, batch time 1204.45s, passed time 329921s, predicted finish time 410192s
1764000 entries inserted, progress 80.5679%, batch time 1206.31s, passed time 331128s, predicted finish time 410992s
1767000 entries inserted, progress 80.7049%, batch time 1212.57s, passed time 332340s, predicted finish time 411796s
1770000 entries inserted, progress 80.842%, batch time 1210.31s, passed time 333551s, predicted finish time 412596s
1773000 entries inserted, progress 80.979%, batch time 1212.32s, passed time 334763s, predicted finish time 413395s
1776000 entries inserted, progress 81.116%, batch time 1215.06s, passed time 335978s, predicted finish time 414194s
1779000 entries inserted, progress 81.253%, batch time 1217.2s, passed time 337195s, predicted finish time 414994s
1782000 entries inserted, progress 81.39%, batch time 1223.4s, passed time 338419s, predicted finish time 415798s
1785000 entries inserted, progress 81.5271%, batch time 1220.98s, passed time 339640s, predicted finish time 416597s
1788000 entries inserted, progress 81.6641%, batch time 1222.97s, passed time 340863s, predicted finish time 417396s
1791000 entries inserted, progress 81.8011%, batch time 1229.64s, passed time 342092s, predicted finish time 418200s
1794000 entries inserted, progress 81.9381%, batch time 1226.91s, passed time 343319s, predicted finish time 418998s
1797000 entries inserted, progress 82.0751%, batch time 1233.34s, passed time 344552s, predicted finish time 419801s
1800000 entries inserted, progress 82.2122%, batch time 1230.69s, passed time 345783s, predicted finish time 420598s
1803000 entries inserted, progress 82.3492%, batch time 1232.5s, passed time 347016s, predicted finish time 421395s
1806000 entries inserted, progress 82.4862%, batch time 1234.58s, passed time 348250s, predicted finish time 422192s
1809000 entries inserted, progress 82.6232%, batch time 1235.88s, passed time 349486s, predicted finish time 422987s
1812000 entries inserted, progress 82.7602%, batch time 1242.18s, passed time 350728s, predicted finish time 423788s
1815000 entries inserted, progress 82.8973%, batch time 1239.55s, passed time 351968s, predicted finish time 424583s
1818000 entries inserted, progress 83.0343%, batch time 1243.4s, passed time 353211s, predicted finish time 425380s
1821000 entries inserted, progress 83.1713%, batch time 1241.82s, passed time 354453s, predicted finish time 426172s
1824000 entries inserted, progress 83.3083%, batch time 1243.78s, passed time 355697s, predicted finish time 426964s
1827000 entries inserted, progress 83.4453%, batch time 1246.14s, passed time 356943s, predicted finish time 427756s
1830000 entries inserted, progress 83.5824%, batch time 1252.67s, passed time 358196s, predicted finish time 428554s
1833000 entries inserted, progress 83.7194%, batch time 1252.22s, passed time 359448s, predicted finish time 429348s
1836000 entries inserted, progress 83.8564%, batch time 1252.69s, passed time 360701s, predicted finish time 430140s
1839000 entries inserted, progress 83.9934%, batch time 1254.75s, passed time 361955s, predicted finish time 430933s
1842000 entries inserted, progress 84.1304%, batch time 1256.9s, passed time 363212s, predicted finish time 431725s
1845000 entries inserted, progress 84.2675%, batch time 1263.85s, passed time 364476s, predicted finish time 432523s
1848000 entries inserted, progress 84.4045%, batch time 1260.87s, passed time 365737s, predicted finish time 433314s
1851000 entries inserted, progress 84.5415%, batch time 1267.37s, passed time 367004s, predicted finish time 434111s
1854000 entries inserted, progress 84.6785%, batch time 1265.17s, passed time 368269s, predicted finish time 434903s
1857000 entries inserted, progress 84.8156%, batch time 1266.89s, passed time 369536s, predicted finish time 435694s
1860000 entries inserted, progress 84.9526%, batch time 1268.89s, passed time 370805s, predicted finish time 436485s
1863000 entries inserted, progress 85.0896%, batch time 1275.46s, passed time 372081s, predicted finish time 437281s
1866000 entries inserted, progress 85.2266%, batch time 1272.93s, passed time 373354s, predicted finish time 438071s
1869000 entries inserted, progress 85.3636%, batch time 1275.17s, passed time 374629s, predicted finish time 438862s
1872000 entries inserted, progress 85.5007%, batch time 1277.31s, passed time 375906s, predicted finish time 439653s
1875000 entries inserted, progress 85.6377%, batch time 1283.74s, passed time 377190s, predicted finish time 440448s
1878000 entries inserted, progress 85.7747%, batch time 1281.46s, passed time 378471s, predicted finish time 441239s
1881000 entries inserted, progress 85.9117%, batch time 1283.94s, passed time 379755s, predicted finish time 442029s
1884000 entries inserted, progress 86.0487%, batch time 1285.4s, passed time 381041s, predicted finish time 442819s
1887000 entries inserted, progress 86.1858%, batch time 1287.18s, passed time 382328s, predicted finish time 443609s
1890000 entries inserted, progress 86.3228%, batch time 1293.76s, passed time 383622s, predicted finish time 444403s
1893000 entries inserted, progress 86.4598%, batch time 1291.11s, passed time 384913s, predicted finish time 445192s
1896000 entries inserted, progress 86.5968%, batch time 1293.28s, passed time 386206s, predicted finish time 445981s
1899000 entries inserted, progress 86.7338%, batch time 1294.96s, passed time 387501s, predicted finish time 446770s
1902000 entries inserted, progress 86.8709%, batch time 1296.83s, passed time 388798s, predicted finish time 447558s
1905000 entries inserted, progress 87.0079%, batch time 1303.17s, passed time 390101s, predicted finish time 448351s
1908000 entries inserted, progress 87.1449%, batch time 1300.74s, passed time 391402s, predicted finish time 449139s
