[2023-05-20 19:20:07.199] [info] Retrieval method_name RtreeItemOnly, dataset_name yelp-256d, topk 100
[2023-05-20 19:20:07.200] [info] dataset_dir /home/zhengbian/Dataset/ReverseMIPS
[2023-05-20 19:20:07.200] [info] index_dir /home/zhengbian/reverse-k-ranks/index
[2023-05-20 19:20:22.050] [info] n_data_item 159585, n_query_item 1000, n_user 2189457, vec_dim 256
[2023-05-20 19:20:22.050] [info] input parameter: stop_time 21600s
159585 entries created
3000 entries inserted, progress 1.87988%, batch time 96.5564s, passed time 96.5564s, predicted finish time 5134.61s
6000 entries inserted, progress 3.75975%, batch time 110.159s, passed time 206.715s, predicted finish time 5497.19s
9000 entries inserted, progress 5.63963%, batch time 111.521s, passed time 318.236s, predicted finish time 5642.23s
12000 entries inserted, progress 7.5195%, batch time 116.5s, passed time 434.736s, predicted finish time 5780.97s
15000 entries inserted, progress 9.39938%, batch time 119.384s, passed time 554.121s, predicted finish time 5894.9s
18000 entries inserted, progress 11.2793%, batch time 121.964s, passed time 676.085s, predicted finish time 5993.72s
21000 entries inserted, progress 13.1591%, batch time 123.426s, passed time 799.511s, predicted finish time 6075.42s
24000 entries inserted, progress 15.039%, batch time 125.57s, passed time 925.081s, predicted finish time 6150.95s
27000 entries inserted, progress 16.9189%, batch time 125.331s, passed time 1050.41s, predicted finish time 6208.28s
30000 entries inserted, progress 18.7988%, batch time 124.775s, passed time 1175.19s, predicted finish time 6251.2s
33000 entries inserted, progress 20.6786%, batch time 127.295s, passed time 1302.48s, predicted finish time 6298.5s
36000 entries inserted, progress 22.5585%, batch time 132.449s, passed time 1434.93s, predicted finish time 6360.75s
39000 entries inserted, progress 24.4384%, batch time 131.534s, passed time 1566.47s, predicted finish time 6409.69s
42000 entries inserted, progress 26.3183%, batch time 132.535s, passed time 1699s, predicted finish time 6455.44s
45000 entries inserted, progress 28.1981%, batch time 138.381s, passed time 1837.38s, predicted finish time 6515.82s
48000 entries inserted, progress 30.078%, batch time 140.735s, passed time 1978.12s, predicted finish time 6576.48s
51000 entries inserted, progress 31.9579%, batch time 139.223s, passed time 2117.34s, predicted finish time 6625.28s
54000 entries inserted, progress 33.8378%, batch time 139.224s, passed time 2256.56s, predicted finish time 6668.65s
57000 entries inserted, progress 35.7176%, batch time 136.847s, passed time 2393.41s, predicted finish time 6700.8s
60000 entries inserted, progress 37.5975%, batch time 132.472s, passed time 2525.88s, predicted finish time 6718.1s
63000 entries inserted, progress 39.4774%, batch time 133.616s, passed time 2659.5s, predicted finish time 6736.66s
66000 entries inserted, progress 41.3573%, batch time 134.318s, passed time 2793.82s, predicted finish time 6755.22s
69000 entries inserted, progress 43.2371%, batch time 138.378s, passed time 2932.19s, predicted finish time 6781.56s
72000 entries inserted, progress 45.117%, batch time 140.272s, passed time 3072.46s, predicted finish time 6809.9s
75000 entries inserted, progress 46.9969%, batch time 137.126s, passed time 3209.59s, predicted finish time 6829.28s
78000 entries inserted, progress 48.8768%, batch time 133.813s, passed time 3343.4s, predicted finish time 6840.39s
81000 entries inserted, progress 50.7567%, batch time 145.145s, passed time 3488.55s, predicted finish time 6873s
84000 entries inserted, progress 52.6365%, batch time 143.877s, passed time 3632.43s, predicted finish time 6900.88s
87000 entries inserted, progress 54.5164%, batch time 145.587s, passed time 3778.01s, predicted finish time 6929.97s
90000 entries inserted, progress 56.3963%, batch time 142.91s, passed time 3920.92s, predicted finish time 6952.37s
93000 entries inserted, progress 58.2762%, batch time 138.977s, passed time 4059.9s, predicted finish time 6966.58s
96000 entries inserted, progress 60.156%, batch time 140.711s, passed time 4200.61s, predicted finish time 6982.79s
99000 entries inserted, progress 62.0359%, batch time 153.536s, passed time 4354.15s, predicted finish time 7018.68s
102000 entries inserted, progress 63.9158%, batch time 153.797s, passed time 4507.94s, predicted finish time 7052.88s
105000 entries inserted, progress 65.7957%, batch time 152.562s, passed time 4660.51s, predicted finish time 7083.24s
108000 entries inserted, progress 67.6755%, batch time 157.697s, passed time 4818.2s, predicted finish time 7119.5s
111000 entries inserted, progress 69.5554%, batch time 151.261s, passed time 4969.46s, predicted finish time 7144.55s
114000 entries inserted, progress 71.4353%, batch time 155.854s, passed time 5125.32s, predicted finish time 7174.71s
117000 entries inserted, progress 73.3152%, batch time 153.092s, passed time 5278.41s, predicted finish time 7199.55s
120000 entries inserted, progress 75.195%, batch time 156.335s, passed time 5434.75s, predicted finish time 7227.47s
123000 entries inserted, progress 77.0749%, batch time 153.465s, passed time 5588.21s, predicted finish time 7250.3s
126000 entries inserted, progress 78.9548%, batch time 144.442s, passed time 5732.65s, predicted finish time 7260.62s
129000 entries inserted, progress 80.8347%, batch time 147.108s, passed time 5879.76s, predicted finish time 7273.75s
132000 entries inserted, progress 82.7145%, batch time 165.016s, passed time 6044.78s, predicted finish time 7307.94s
135000 entries inserted, progress 84.5944%, batch time 163.795s, passed time 6208.57s, predicted finish time 7339.17s
138000 entries inserted, progress 86.4743%, batch time 160.705s, passed time 6369.28s, predicted finish time 7365.46s
141000 entries inserted, progress 88.3542%, batch time 163.406s, passed time 6532.68s, predicted finish time 7393.69s
144000 entries inserted, progress 90.234%, batch time 164.568s, passed time 6697.25s, predicted finish time 7422.04s
147000 entries inserted, progress 92.1139%, batch time 160.367s, passed time 6857.62s, predicted finish time 7444.66s
150000 entries inserted, progress 93.9938%, batch time 161.77s, passed time 7019.39s, predicted finish time 7467.88s
153000 entries inserted, progress 95.8737%, batch time 160.24s, passed time 7179.63s, predicted finish time 7488.58s
156000 entries inserted, progress 97.7535%, batch time 162.177s, passed time 7341.8s, predicted finish time 7510.48s
159000 entries inserted, progress 99.6334%, batch time 159.832s, passed time 7501.64s, predicted finish time 7529.19s
159585 entries created
[2023-05-20 21:26:09.189] [info] finish preprocess and save the index
[2023-05-21 03:26:09.206] [info] total retrieval time larger than stop time inside Rtree method, retrieval exit
[2023-05-21 03:26:09.206] [info] finish queryID 315, single_query_retrieval_time 21600.02s, ip_cost 842795267, n_proc_query 0.31
[2023-05-21 03:26:09.206] [info] total retrieval time larger than stop time, retrieval exit
[2023-05-21 03:26:09.207] [info] total retrieval time larger than stop time inside Rtree method, retrieval exit
[2023-05-21 03:26:09.207] [info] finish queryID 690, single_query_retrieval_time 21600.02s, ip_cost 3307587531, n_proc_query 0.16
[2023-05-21 03:26:09.207] [info] total retrieval time larger than stop time, retrieval exit
[2023-05-21 03:26:09.208] [info] total retrieval time larger than stop time inside Rtree method, retrieval exit
[2023-05-21 03:26:09.208] [info] finish queryID 628, single_query_retrieval_time 21600.02s, ip_cost 2221478027, n_proc_query 0.22
[2023-05-21 03:26:09.208] [info] total retrieval time larger than stop time, retrieval exit
[2023-05-21 03:26:09.208] [info] total retrieval time larger than stop time inside Rtree method, retrieval exit
[2023-05-21 03:26:09.208] [info] finish queryID 504, single_query_retrieval_time 21600.02s, ip_cost 1884703316, n_proc_query 0.24
[2023-05-21 03:26:09.208] [info] total retrieval time larger than stop time, retrieval exit
[2023-05-21 03:26:09.209] [info] total retrieval time larger than stop time inside Rtree method, retrieval exit
[2023-05-21 03:26:09.209] [info] finish queryID 938, single_query_retrieval_time 21600.02s, ip_cost 4087373467, n_proc_query 0.12
[2023-05-21 03:26:09.209] [info] total retrieval time larger than stop time, retrieval exit
[2023-05-21 03:26:09.210] [info] total retrieval time larger than stop time inside Rtree method, retrieval exit
[2023-05-21 03:26:09.210] [info] finish queryID 441, single_query_retrieval_time 21600.02s, ip_cost 3465894526, n_proc_query 0.15
[2023-05-21 03:26:09.210] [info] total retrieval time larger than stop time, retrieval exit
[2023-05-21 03:26:09.210] [info] total retrieval time larger than stop time inside Rtree method, retrieval exit
[2023-05-21 03:26:09.210] [info] finish queryID 126, single_query_retrieval_time 21600.02s, ip_cost 2909221290, n_proc_query 0.20
[2023-05-21 03:26:09.210] [info] total retrieval time larger than stop time, retrieval exit
[2023-05-21 03:26:09.213] [info] total retrieval time larger than stop time inside Rtree method, retrieval exit
[2023-05-21 03:26:09.213] [info] finish queryID 752, single_query_retrieval_time 21600.02s, ip_cost 2843874403, n_proc_query 0.18
[2023-05-21 03:26:09.213] [info] total retrieval time larger than stop time, retrieval exit
[2023-05-21 03:26:09.214] [info] total retrieval time larger than stop time inside Rtree method, retrieval exit
[2023-05-21 03:26:09.214] [info] finish queryID 63, single_query_retrieval_time 21600.02s, ip_cost 1610710975, n_proc_query 0.34
[2023-05-21 03:26:09.214] [info] total retrieval time larger than stop time, retrieval exit
[2023-05-21 03:26:09.220] [info] total retrieval time larger than stop time inside Rtree method, retrieval exit
[2023-05-21 03:26:09.220] [info] finish queryID 189, single_query_retrieval_time 21600.03s, ip_cost 1475957857, n_proc_query 0.26
[2023-05-21 03:26:09.220] [info] total retrieval time larger than stop time, retrieval exit
[2023-05-21 03:26:09.225] [info] total retrieval time larger than stop time inside Rtree method, retrieval exit
[2023-05-21 03:26:09.225] [info] finish queryID 566, single_query_retrieval_time 21600.04s, ip_cost 5222693142, n_proc_query 0.04
[2023-05-21 03:26:09.225] [info] total retrieval time larger than stop time, retrieval exit
[2023-05-21 03:26:09.231] [info] total retrieval time larger than stop time inside Rtree method, retrieval exit
[2023-05-21 03:26:09.231] [info] finish queryID 876, single_query_retrieval_time 21600.04s, ip_cost 4306761663, n_proc_query 0.11
[2023-05-21 03:26:09.231] [info] total retrieval time larger than stop time, retrieval exit
[2023-05-21 03:26:09.260] [info] total retrieval time larger than stop time inside Rtree method, retrieval exit
[2023-05-21 03:26:09.260] [info] finish queryID 0, single_query_retrieval_time 21600.07s, ip_cost 3295885375, n_proc_query 0.16
[2023-05-21 03:26:09.260] [info] total retrieval time larger than stop time, retrieval exit
[2023-05-21 03:26:09.268] [info] total retrieval time larger than stop time inside Rtree method, retrieval exit
[2023-05-21 03:26:09.268] [info] finish queryID 378, single_query_retrieval_time 21600.08s, ip_cost 3820833936, n_proc_query 0.12
[2023-05-21 03:26:09.268] [info] total retrieval time larger than stop time, retrieval exit
[2023-05-21 03:26:09.269] [info] total retrieval time larger than stop time inside Rtree method, retrieval exit
[2023-05-21 03:26:09.269] [info] finish queryID 814, single_query_retrieval_time 21600.08s, ip_cost 5610910175, n_proc_query 0.03
[2023-05-21 03:26:09.269] [info] total retrieval time larger than stop time, retrieval exit
[2023-05-21 03:26:09.303] [info] total retrieval time larger than stop time inside Rtree method, retrieval exit
[2023-05-21 03:26:09.303] [info] finish queryID 252, single_query_retrieval_time 21600.11s, ip_cost 5525782391, n_proc_query 0.03
[2023-05-21 03:26:09.303] [info] total retrieval time larger than stop time, retrieval exit
[2023-05-21 03:26:09.303] [info] finish top-100
[2023-05-21 03:26:09.303] [info] top100 retrieval time: total 21600.114s, n_proc_query 2.680
	total single query retrieval time 345600.633s, total ip cost 52432463341
	maximum ip cost 4058456318.56, proportion 12.919
[2023-05-21 03:26:09.303] [info] build index time: total 7547.139034794s
top100 retrieval time: total 21600.114s, n_proc_query 2.680
	total single query retrieval time 345600.633s, total ip cost 52432463341
	maximum ip cost 4058456318.56, proportion 12.919
