[2023-06-01 22:34:24.409] [info] Retrieval method_name RtreeItemOnly, dataset_name movielens-1b-150d, topk 10
[2023-06-01 22:34:24.409] [info] dataset_dir /home/zhengbian/Dataset/ReverseMIPS
[2023-06-01 22:34:24.409] [info] index_dir /home/zhengbian/reverse-k-ranks/index
[2023-06-01 22:34:27.638] [info] n_data_item 272038, n_query_item 1000, n_user 2197225, vec_dim 150
[2023-06-01 22:34:27.638] [info] input parameter: stop_time 28800s
272038 entries created
272038 entries created
[2023-06-02 00:05:45.603] [info] finish preprocess and save the index
[2023-06-02 00:15:19.321] [info] finish queryID 0, single_query_retrieval_time 573.72s, ip_cost 126232728, n_proc_query 1.00
[2023-06-02 00:24:16.645] [info] finish queryID 1, single_query_retrieval_time 537.32s, ip_cost 79996968, n_proc_query 2.00
[2023-06-02 00:33:34.441] [info] finish queryID 2, single_query_retrieval_time 557.80s, ip_cost 91452416, n_proc_query 3.00
[2023-06-02 00:44:10.831] [info] finish queryID 3, single_query_retrieval_time 636.39s, ip_cost 136896493, n_proc_query 4.00
[2023-06-02 01:02:26.651] [info] finish queryID 4, single_query_retrieval_time 1095.82s, ip_cost 380655138, n_proc_query 5.00
[2023-06-02 01:12:06.649] [info] finish queryID 5, single_query_retrieval_time 580.00s, ip_cost 175251319, n_proc_query 6.00
[2023-06-02 01:21:36.361] [info] finish queryID 6, single_query_retrieval_time 569.71s, ip_cost 190605722, n_proc_query 7.00
[2023-06-02 01:30:40.607] [info] finish queryID 7, single_query_retrieval_time 544.25s, ip_cost 136265836, n_proc_query 8.00
[2023-06-02 01:39:52.846] [info] finish queryID 8, single_query_retrieval_time 552.24s, ip_cost 117457678, n_proc_query 9.00
[2023-06-02 01:48:36.537] [info] finish queryID 9, single_query_retrieval_time 523.69s, ip_cost 168320222, n_proc_query 10.00
[2023-06-02 01:58:21.339] [info] finish queryID 10, single_query_retrieval_time 584.80s, ip_cost 106852050, n_proc_query 11.00
[2023-06-02 02:06:42.102] [info] finish queryID 11, single_query_retrieval_time 500.76s, ip_cost 76436303, n_proc_query 12.00
[2023-06-02 02:15:31.946] [info] finish queryID 12, single_query_retrieval_time 529.84s, ip_cost 120249295, n_proc_query 13.00
[2023-06-02 02:27:30.774] [info] finish queryID 13, single_query_retrieval_time 718.83s, ip_cost 170907940, n_proc_query 14.00
[2023-06-02 02:36:59.474] [info] finish queryID 14, single_query_retrieval_time 568.70s, ip_cost 126866638, n_proc_query 15.00
[2023-06-02 02:45:49.265] [info] finish queryID 15, single_query_retrieval_time 529.79s, ip_cost 153054413, n_proc_query 16.00
[2023-06-02 02:54:51.446] [info] finish queryID 16, single_query_retrieval_time 542.18s, ip_cost 120919854, n_proc_query 17.00
[2023-06-02 03:03:52.667] [info] finish queryID 17, single_query_retrieval_time 541.22s, ip_cost 111301428, n_proc_query 18.00
[2023-06-02 03:13:40.193] [info] finish queryID 18, single_query_retrieval_time 587.53s, ip_cost 117289867, n_proc_query 19.00
[2023-06-02 03:23:14.114] [info] finish queryID 19, single_query_retrieval_time 573.92s, ip_cost 147501421, n_proc_query 20.00
[2023-06-02 03:36:38.822] [info] finish queryID 20, single_query_retrieval_time 804.71s, ip_cost 195176570, n_proc_query 21.00
[2023-06-02 03:48:09.425] [info] finish queryID 21, single_query_retrieval_time 690.60s, ip_cost 155692413, n_proc_query 22.00
[2023-06-02 04:00:37.533] [info] finish queryID 22, single_query_retrieval_time 748.11s, ip_cost 196127682, n_proc_query 23.00
[2023-06-02 04:09:41.768] [info] finish queryID 23, single_query_retrieval_time 544.23s, ip_cost 207845092, n_proc_query 24.00
[2023-06-02 04:19:01.682] [info] finish queryID 24, single_query_retrieval_time 559.91s, ip_cost 116165665, n_proc_query 25.00
[2023-06-02 04:33:50.881] [info] finish queryID 25, single_query_retrieval_time 889.20s, ip_cost 325896892, n_proc_query 26.00
[2023-06-02 04:43:19.787] [info] finish queryID 26, single_query_retrieval_time 568.91s, ip_cost 94439129, n_proc_query 27.00
[2023-06-02 04:53:45.191] [info] finish queryID 27, single_query_retrieval_time 625.40s, ip_cost 104045234, n_proc_query 28.00
[2023-06-02 05:03:32.750] [info] finish queryID 28, single_query_retrieval_time 587.56s, ip_cost 120741039, n_proc_query 29.00
[2023-06-02 05:12:30.181] [info] finish queryID 29, single_query_retrieval_time 537.43s, ip_cost 130521522, n_proc_query 30.00
[2023-06-02 05:23:42.188] [info] finish queryID 30, single_query_retrieval_time 672.01s, ip_cost 166748747, n_proc_query 31.00
[2023-06-02 05:32:27.891] [info] finish queryID 31, single_query_retrieval_time 525.70s, ip_cost 106073813, n_proc_query 32.00
[2023-06-02 05:41:53.444] [info] finish queryID 32, single_query_retrieval_time 565.55s, ip_cost 201829638, n_proc_query 33.00
[2023-06-02 05:53:29.345] [info] finish queryID 33, single_query_retrieval_time 695.90s, ip_cost 191244884, n_proc_query 34.00
[2023-06-02 06:04:15.678] [info] finish queryID 34, single_query_retrieval_time 646.33s, ip_cost 191794479, n_proc_query 35.00
[2023-06-02 06:13:39.522] [info] finish queryID 35, single_query_retrieval_time 563.84s, ip_cost 94166512, n_proc_query 36.00
[2023-06-02 06:22:12.064] [info] finish queryID 36, single_query_retrieval_time 512.54s, ip_cost 80235402, n_proc_query 37.00
[2023-06-02 06:32:58.832] [info] finish queryID 37, single_query_retrieval_time 646.77s, ip_cost 155216086, n_proc_query 38.00
[2023-06-02 06:42:16.499] [info] finish queryID 38, single_query_retrieval_time 557.67s, ip_cost 92313269, n_proc_query 39.00
[2023-06-02 06:50:59.920] [info] finish queryID 39, single_query_retrieval_time 523.42s, ip_cost 162531390, n_proc_query 40.00
[2023-06-02 07:00:24.489] [info] finish queryID 40, single_query_retrieval_time 564.57s, ip_cost 191033367, n_proc_query 41.00
[2023-06-02 07:09:43.553] [info] finish queryID 41, single_query_retrieval_time 559.06s, ip_cost 131898921, n_proc_query 42.00
[2023-06-02 07:26:34.746] [info] finish queryID 42, single_query_retrieval_time 1011.19s, ip_cost 253014821, n_proc_query 43.00
[2023-06-02 07:35:54.384] [info] finish queryID 43, single_query_retrieval_time 559.64s, ip_cost 97714814, n_proc_query 44.00
[2023-06-02 07:45:41.625] [info] finish queryID 44, single_query_retrieval_time 587.24s, ip_cost 111644132, n_proc_query 45.00
[2023-06-02 07:58:04.434] [info] finish queryID 45, single_query_retrieval_time 742.81s, ip_cost 192120345, n_proc_query 46.00
[2023-06-02 08:07:31.711] [info] finish queryID 46, single_query_retrieval_time 567.28s, ip_cost 151954918, n_proc_query 47.00
[2023-06-02 08:07:31.711] [info] total retrieval time larger than stop time, retrieval exit
[2023-06-02 08:07:31.711] [info] finish top-10
[2023-06-02 08:07:31.711] [info] top10 retrieval time: total 28906.108s, n_proc_query 47.000
	total single query retrieval time 28906.104s, total ip cost 7072700505
[2023-06-02 08:07:31.711] [info] build index time: total 5477.965742109s
top10 retrieval time: total 28906.108s, n_proc_query 47.000
	total single query retrieval time 28906.104s, total ip cost 7072700505
