[2023-06-02 08:07:34.769] [info] Retrieval method_name RtreeItemOnly, dataset_name yahoomusic_big-150d, topk 10
[2023-06-02 08:07:34.769] [info] dataset_dir /home/zhengbian/Dataset/ReverseMIPS
[2023-06-02 08:07:34.769] [info] index_dir /home/zhengbian/reverse-k-ranks/index
[2023-06-02 08:07:37.268] [info] n_data_item 135736, n_query_item 1000, n_user 1823179, vec_dim 150
[2023-06-02 08:07:37.268] [info] input parameter: stop_time 28800s
135736 entries created
135736 entries created
[2023-06-02 08:46:40.818] [info] finish preprocess and save the index
[2023-06-02 08:52:52.805] [info] finish queryID 0, single_query_retrieval_time 371.99s, ip_cost 146742800, n_proc_query 1.00
[2023-06-02 08:57:07.971] [info] finish queryID 1, single_query_retrieval_time 255.17s, ip_cost 110919161, n_proc_query 2.00
[2023-06-02 09:00:39.085] [info] finish queryID 2, single_query_retrieval_time 211.11s, ip_cost 75659008, n_proc_query 3.00
[2023-06-02 09:06:12.738] [info] finish queryID 3, single_query_retrieval_time 333.65s, ip_cost 138679580, n_proc_query 4.00
[2023-06-02 09:13:01.859] [info] finish queryID 4, single_query_retrieval_time 409.12s, ip_cost 169693446, n_proc_query 5.00
[2023-06-02 09:17:30.914] [info] finish queryID 5, single_query_retrieval_time 269.05s, ip_cost 117881080, n_proc_query 6.00
[2023-06-02 09:23:09.269] [info] finish queryID 6, single_query_retrieval_time 338.35s, ip_cost 138834991, n_proc_query 7.00
[2023-06-02 09:26:35.938] [info] finish queryID 7, single_query_retrieval_time 206.67s, ip_cost 82559090, n_proc_query 8.00
[2023-06-02 09:30:12.703] [info] finish queryID 8, single_query_retrieval_time 216.77s, ip_cost 87492493, n_proc_query 9.00
[2023-06-02 09:39:17.532] [info] finish queryID 9, single_query_retrieval_time 544.83s, ip_cost 212141218, n_proc_query 10.00
[2023-06-02 09:43:00.590] [info] finish queryID 10, single_query_retrieval_time 223.06s, ip_cost 100080450, n_proc_query 11.00
[2023-06-02 09:46:32.137] [info] finish queryID 11, single_query_retrieval_time 211.55s, ip_cost 64034833, n_proc_query 12.00
[2023-06-02 09:50:45.924] [info] finish queryID 12, single_query_retrieval_time 253.79s, ip_cost 111962418, n_proc_query 13.00
[2023-06-02 09:55:09.909] [info] finish queryID 13, single_query_retrieval_time 263.98s, ip_cost 125646040, n_proc_query 14.00
[2023-06-02 09:58:33.328] [info] finish queryID 14, single_query_retrieval_time 203.42s, ip_cost 73628169, n_proc_query 15.00
[2023-06-02 10:11:24.752] [info] finish queryID 15, single_query_retrieval_time 771.42s, ip_cost 299528169, n_proc_query 16.00
[2023-06-02 10:14:58.447] [info] finish queryID 16, single_query_retrieval_time 213.70s, ip_cost 69921937, n_proc_query 17.00
[2023-06-02 10:18:17.520] [info] finish queryID 17, single_query_retrieval_time 199.07s, ip_cost 58349941, n_proc_query 18.00
[2023-06-02 10:28:58.598] [info] finish queryID 18, single_query_retrieval_time 641.08s, ip_cost 238356970, n_proc_query 19.00
[2023-06-02 10:35:37.198] [info] finish queryID 19, single_query_retrieval_time 398.60s, ip_cost 162499728, n_proc_query 20.00
[2023-06-02 10:39:25.577] [info] finish queryID 20, single_query_retrieval_time 228.38s, ip_cost 77771977, n_proc_query 21.00
[2023-06-02 10:48:30.552] [info] finish queryID 21, single_query_retrieval_time 544.98s, ip_cost 203542391, n_proc_query 22.00
[2023-06-02 10:52:42.001] [info] finish queryID 22, single_query_retrieval_time 251.45s, ip_cost 108724858, n_proc_query 23.00
[2023-06-02 10:57:32.154] [info] finish queryID 23, single_query_retrieval_time 290.15s, ip_cost 125706735, n_proc_query 24.00
[2023-06-02 11:01:19.177] [info] finish queryID 24, single_query_retrieval_time 227.02s, ip_cost 101726251, n_proc_query 25.00
[2023-06-02 11:06:04.796] [info] finish queryID 25, single_query_retrieval_time 285.62s, ip_cost 124046257, n_proc_query 26.00
[2023-06-02 11:11:26.573] [info] finish queryID 26, single_query_retrieval_time 321.78s, ip_cost 129259189, n_proc_query 27.00
[2023-06-02 11:14:52.766] [info] finish queryID 27, single_query_retrieval_time 206.19s, ip_cost 72273185, n_proc_query 28.00
[2023-06-02 11:18:10.780] [info] finish queryID 28, single_query_retrieval_time 198.01s, ip_cost 44768315, n_proc_query 29.00
[2023-06-02 11:24:55.070] [info] finish queryID 29, single_query_retrieval_time 404.29s, ip_cost 169251014, n_proc_query 30.00
[2023-06-02 11:28:27.057] [info] finish queryID 30, single_query_retrieval_time 211.99s, ip_cost 65840327, n_proc_query 31.00
[2023-06-02 11:32:17.784] [info] finish queryID 31, single_query_retrieval_time 230.73s, ip_cost 95507699, n_proc_query 32.00
[2023-06-02 11:35:49.249] [info] finish queryID 32, single_query_retrieval_time 211.47s, ip_cost 95881481, n_proc_query 33.00
[2023-06-02 11:51:44.914] [info] finish queryID 33, single_query_retrieval_time 955.66s, ip_cost 328245052, n_proc_query 34.00
[2023-06-02 11:57:38.596] [info] finish queryID 34, single_query_retrieval_time 353.68s, ip_cost 151254382, n_proc_query 35.00
[2023-06-02 12:02:12.767] [info] finish queryID 35, single_query_retrieval_time 274.17s, ip_cost 119779950, n_proc_query 36.00
[2023-06-02 12:06:22.568] [info] finish queryID 36, single_query_retrieval_time 249.80s, ip_cost 112391791, n_proc_query 37.00
[2023-06-02 12:12:17.454] [info] finish queryID 37, single_query_retrieval_time 354.89s, ip_cost 142148684, n_proc_query 38.00
[2023-06-02 12:16:03.520] [info] finish queryID 38, single_query_retrieval_time 226.07s, ip_cost 102778821, n_proc_query 39.00
[2023-06-02 12:20:36.398] [info] finish queryID 39, single_query_retrieval_time 272.88s, ip_cost 118939173, n_proc_query 40.00
[2023-06-02 12:26:42.698] [info] finish queryID 40, single_query_retrieval_time 366.30s, ip_cost 148825401, n_proc_query 41.00
[2023-06-02 12:51:48.554] [info] finish queryID 41, single_query_retrieval_time 1505.86s, ip_cost 484904719, n_proc_query 42.00
[2023-06-02 12:58:15.976] [info] finish queryID 42, single_query_retrieval_time 387.42s, ip_cost 167687699, n_proc_query 43.00
[2023-06-02 13:01:43.117] [info] finish queryID 43, single_query_retrieval_time 207.14s, ip_cost 76664456, n_proc_query 44.00
[2023-06-02 13:06:20.474] [info] finish queryID 44, single_query_retrieval_time 277.36s, ip_cost 123206523, n_proc_query 45.00
[2023-06-02 13:10:52.536] [info] finish queryID 45, single_query_retrieval_time 272.06s, ip_cost 116424552, n_proc_query 46.00
[2023-06-02 13:14:13.551] [info] finish queryID 46, single_query_retrieval_time 201.02s, ip_cost 61448416, n_proc_query 47.00
[2023-06-02 13:18:15.013] [info] finish queryID 47, single_query_retrieval_time 241.46s, ip_cost 106432133, n_proc_query 48.00
[2023-06-02 13:24:50.096] [info] finish queryID 48, single_query_retrieval_time 395.08s, ip_cost 176126641, n_proc_query 49.00
[2023-06-02 13:30:23.368] [info] finish queryID 49, single_query_retrieval_time 333.27s, ip_cost 157151294, n_proc_query 50.00
[2023-06-02 13:33:43.524] [info] finish queryID 50, single_query_retrieval_time 200.16s, ip_cost 47611882, n_proc_query 51.00
[2023-06-02 13:37:45.581] [info] finish queryID 51, single_query_retrieval_time 242.06s, ip_cost 107897604, n_proc_query 52.00
[2023-06-02 13:42:15.031] [info] finish queryID 52, single_query_retrieval_time 269.45s, ip_cost 117286978, n_proc_query 53.00
[2023-06-02 13:46:28.186] [info] finish queryID 53, single_query_retrieval_time 253.15s, ip_cost 112980289, n_proc_query 54.00
[2023-06-02 13:59:03.335] [info] finish queryID 54, single_query_retrieval_time 755.15s, ip_cost 264560439, n_proc_query 55.00
[2023-06-02 15:14:10.972] [info] finish queryID 55, single_query_retrieval_time 4507.64s, ip_cost 1418135611, n_proc_query 56.00
[2023-06-02 15:18:09.382] [info] finish queryID 56, single_query_retrieval_time 238.41s, ip_cost 108310196, n_proc_query 57.00
[2023-06-02 15:22:03.453] [info] finish queryID 57, single_query_retrieval_time 234.07s, ip_cost 106359858, n_proc_query 58.00
[2023-06-02 15:25:43.201] [info] finish queryID 58, single_query_retrieval_time 219.75s, ip_cost 100296348, n_proc_query 59.00
[2023-06-02 15:28:59.167] [info] finish queryID 59, single_query_retrieval_time 195.97s, ip_cost 36408866, n_proc_query 60.00
[2023-06-02 15:34:52.876] [info] finish queryID 60, single_query_retrieval_time 353.71s, ip_cost 152655292, n_proc_query 61.00
[2023-06-02 15:44:13.775] [info] finish queryID 61, single_query_retrieval_time 560.90s, ip_cost 214714027, n_proc_query 62.00
[2023-06-02 15:51:42.726] [info] finish queryID 62, single_query_retrieval_time 448.95s, ip_cost 177880716, n_proc_query 63.00
[2023-06-02 15:56:10.529] [info] finish queryID 63, single_query_retrieval_time 267.80s, ip_cost 118723344, n_proc_query 64.00
[2023-06-02 16:02:44.476] [info] finish queryID 64, single_query_retrieval_time 393.95s, ip_cost 152979559, n_proc_query 65.00
[2023-06-02 16:10:20.538] [info] finish queryID 65, single_query_retrieval_time 456.06s, ip_cost 179265926, n_proc_query 66.00
[2023-06-02 16:13:47.132] [info] finish queryID 66, single_query_retrieval_time 206.59s, ip_cost 48799096, n_proc_query 67.00
[2023-06-02 16:18:03.028] [info] finish queryID 67, single_query_retrieval_time 255.90s, ip_cost 111714189, n_proc_query 68.00
[2023-06-02 16:21:16.962] [info] finish queryID 68, single_query_retrieval_time 193.93s, ip_cost 36695280, n_proc_query 69.00
[2023-06-02 16:25:24.001] [info] finish queryID 69, single_query_retrieval_time 247.04s, ip_cost 110873970, n_proc_query 70.00
[2023-06-02 16:29:24.314] [info] finish queryID 70, single_query_retrieval_time 240.31s, ip_cost 104948681, n_proc_query 71.00
[2023-06-02 16:32:55.703] [info] finish queryID 71, single_query_retrieval_time 211.39s, ip_cost 64608574, n_proc_query 72.00
[2023-06-02 16:39:10.648] [info] finish queryID 72, single_query_retrieval_time 374.95s, ip_cost 142557361, n_proc_query 73.00
[2023-06-02 16:57:26.437] [info] finish queryID 73, single_query_retrieval_time 1095.79s, ip_cost 363714665, n_proc_query 74.00
[2023-06-02 16:57:26.437] [info] total retrieval time larger than stop time, retrieval exit
[2023-06-02 16:57:26.437] [info] finish top-10
[2023-06-02 16:57:26.437] [info] top10 retrieval time: total 29445.619s, n_proc_query 74.000
	total single query retrieval time 29445.614s, total ip cost 11093299639
[2023-06-02 16:57:26.437] [info] build index time: total 2343.550002912s
top10 retrieval time: total 29445.619s, n_proc_query 74.000
	total single query retrieval time 29445.614s, total ip cost 11093299639
