nohup: ignoring input
[2023-06-06 14:36:01.059] [info] Retrieval method_name GridIndex, dataset_name amazon-home-kitchen-150d, topk 100
[2023-06-06 14:36:01.059] [info] dataset_dir /home/zhengbian/Dataset/ReverseMIPS
[2023-06-06 14:36:01.059] [info] index_dir /home/zhengbian/reverse-k-ranks/index
[2023-06-06 14:36:12.064] [info] n_data_item 409243, n_query_item 1000, n_user 2511610, vec_dim 150
[2023-06-06 14:36:12.064] [info] input parameter: stop_time 7200s
[2023-06-06 14:36:12.142] [info] GridIndex min_codeword 41, codeword 64
[2023-06-06 14:36:15.160] [info] finish preprocess and save the index
[2023-06-06 16:59:15.712] [info] finish queryID 0, current_total_retrieval_time 8580.55s, single_query_retrieval_time 8580.55s, prune_ratio 1.00, ip_cost 413972626, appr_ip_cost 10939714323
[2023-06-06 16:59:15.712] [info] total retrieval time larger than stop time, retrieval exit
[2023-06-06 16:59:15.826] [info] finish top-100
[2023-06-06 16:59:15.826] [info] top100 retrieval time: total 8580.551s, n_proc_query 1.00
	accumulate query inner product time 0.324s, accumulate refinement time 8580.551s
	early prune ratio 0.9995, total IP cost 413972626, total appr IP cost 10939714323
	maximum ip cost 1364139096, proportion 0.303
[2023-06-06 16:59:15.826] [info] build index time: total 3.096689192s
top100 retrieval time: total 8580.551s, n_proc_query 1.00
	accumulate query inner product time 0.324s, accumulate refinement time 8580.551s
	early prune ratio 0.9995, total IP cost 413972626, total appr IP cost 10939714323
	maximum ip cost 1364139096, proportion 0.303
[2023-06-06 16:59:17.433] [info] Retrieval method_name GridIndex, dataset_name amazon-home-kitchen-150d, topk 150
[2023-06-06 16:59:17.433] [info] dataset_dir /home/zhengbian/Dataset/ReverseMIPS
[2023-06-06 16:59:17.433] [info] index_dir /home/zhengbian/reverse-k-ranks/index
[2023-06-06 16:59:24.910] [info] n_data_item 409243, n_query_item 1000, n_user 2511610, vec_dim 150
[2023-06-06 16:59:24.910] [info] input parameter: stop_time 7200s
[2023-06-06 16:59:25.000] [info] GridIndex min_codeword 41, codeword 64
[2023-06-06 16:59:27.960] [info] finish preprocess and save the index
[2023-06-06 19:45:43.634] [info] finish queryID 0, current_total_retrieval_time 9975.67s, single_query_retrieval_time 9975.67s, prune_ratio 1.00, ip_cost 572283198, appr_ip_cost 12665488989
[2023-06-06 19:45:43.634] [info] total retrieval time larger than stop time, retrieval exit
[2023-06-06 19:45:43.635] [info] finish top-150
[2023-06-06 19:45:43.635] [info] top150 retrieval time: total 9975.673s, n_proc_query 1.00
	accumulate query inner product time 0.314s, accumulate refinement time 9975.673s
	early prune ratio 0.9993, total IP cost 572283198, total appr IP cost 12665488989
	maximum ip cost 1364139096, proportion 0.420
[2023-06-06 19:45:43.635] [info] build index time: total 3.049727127s
top150 retrieval time: total 9975.673s, n_proc_query 1.00
	accumulate query inner product time 0.314s, accumulate refinement time 9975.673s
	early prune ratio 0.9993, total IP cost 572283198, total appr IP cost 12665488989
	maximum ip cost 1364139096, proportion 0.420
[2023-06-06 19:45:45.203] [info] Retrieval method_name GridIndex, dataset_name amazon-home-kitchen-150d, topk 200
[2023-06-06 19:45:45.203] [info] dataset_dir /home/zhengbian/Dataset/ReverseMIPS
[2023-06-06 19:45:45.203] [info] index_dir /home/zhengbian/reverse-k-ranks/index
[2023-06-06 19:45:52.510] [info] n_data_item 409243, n_query_item 1000, n_user 2511610, vec_dim 150
[2023-06-06 19:45:52.510] [info] input parameter: stop_time 7200s
[2023-06-06 19:45:52.591] [info] GridIndex min_codeword 41, codeword 64
[2023-06-06 19:45:55.546] [info] finish preprocess and save the index
[2023-06-06 22:51:04.381] [info] finish queryID 0, current_total_retrieval_time 11108.83s, single_query_retrieval_time 11108.83s, prune_ratio 1.00, ip_cost 710468787, appr_ip_cost 14115969656
[2023-06-06 22:51:04.381] [info] total retrieval time larger than stop time, retrieval exit
[2023-06-06 22:51:04.382] [info] finish top-200
[2023-06-06 22:51:04.382] [info] top200 retrieval time: total 11108.834s, n_proc_query 1.00
	accumulate query inner product time 0.320s, accumulate refinement time 11108.834s
	early prune ratio 0.9991, total IP cost 710468787, total appr IP cost 14115969656
	maximum ip cost 1364139096, proportion 0.521
[2023-06-06 22:51:04.382] [info] build index time: total 3.036386026s
top200 retrieval time: total 11108.834s, n_proc_query 1.00
	accumulate query inner product time 0.320s, accumulate refinement time 11108.834s
	early prune ratio 0.9991, total IP cost 710468787, total appr IP cost 14115969656
	maximum ip cost 1364139096, proportion 0.521
[2023-06-06 22:51:05.998] [info] Retrieval method_name GridIndex, dataset_name yelp-256d, topk 100
[2023-06-06 22:51:05.998] [info] dataset_dir /home/zhengbian/Dataset/ReverseMIPS
[2023-06-06 22:51:05.998] [info] index_dir /home/zhengbian/reverse-k-ranks/index
[2023-06-06 22:51:14.876] [info] n_data_item 159585, n_query_item 1000, n_user 2189457, vec_dim 256
[2023-06-06 22:51:14.876] [info] input parameter: stop_time 21600s
[2023-06-06 22:51:14.974] [info] GridIndex min_codeword 47, codeword 64
[2023-06-06 22:51:19.002] [info] finish preprocess and save the index
[2023-06-07 00:30:32.983] [info] finish queryID 0, current_total_retrieval_time 5953.98s, single_query_retrieval_time 5953.98s, prune_ratio 1.00, ip_cost 224651966, appr_ip_cost 3941902425
[2023-06-07 13:55:22.978] [info] finish queryID 1, current_total_retrieval_time 54243.98s, single_query_retrieval_time 48289.99s, prune_ratio 1.00, ip_cost 2458053482, appr_ip_cost 29922722106
[2023-06-07 13:55:22.978] [info] total retrieval time larger than stop time, retrieval exit
[2023-06-07 13:55:22.978] [info] finish top-100
[2023-06-07 13:55:22.978] [info] top100 retrieval time: total 54243.975s, n_proc_query 2.00
	accumulate query inner product time 1.747s, accumulate refinement time 54243.975s
	early prune ratio 0.9995, total IP cost 2682705448, total appr IP cost 33864624531
	maximum ip cost 3028667652, proportion 0.886
[2023-06-07 13:55:22.978] [info] build index time: total 4.125741105s
top100 retrieval time: total 54243.975s, n_proc_query 2.00
	accumulate query inner product time 1.747s, accumulate refinement time 54243.975s
	early prune ratio 0.9995, total IP cost 2682705448, total appr IP cost 33864624531
	maximum ip cost 3028667652, proportion 0.886
