nohup: ignoring input
[2023-06-05 13:08:54.460] [info] Retrieval method_name GridIndex, dataset_name amazon-home-kitchen-32d, topk 100
[2023-06-05 13:08:54.460] [info] dataset_dir /home/zhengbian/Dataset/ReverseMIPS
[2023-06-05 13:08:54.460] [info] index_dir /home/zhengbian/reverse-k-ranks/index
[2023-06-05 13:09:00.736] [info] n_data_item 409243, n_query_item 1000, n_user 2511610, vec_dim 32
[2023-06-05 13:09:00.736] [info] input parameter: stop_time 21600s
[2023-06-05 13:09:00.749] [info] GridIndex min_codeword 27, codeword 32
[2023-06-05 13:09:01.765] [info] finish preprocess and save the index
[2023-06-05 14:38:24.268] [info] finish queryID 0, current_total_retrieval_time 5362.50s, single_query_retrieval_time 5362.50s, prune_ratio 1.00, ip_cost 1263098106, appr_ip_cost 27866496342
[2023-06-05 16:09:01.966] [info] finish queryID 1, current_total_retrieval_time 10800.20s, single_query_retrieval_time 5437.70s, prune_ratio 1.00, ip_cost 1079966342, appr_ip_cost 28581541223
[2023-06-05 16:14:54.967] [info] finish queryID 2, current_total_retrieval_time 11153.20s, single_query_retrieval_time 353.00s, prune_ratio 1.00, ip_cost 166498548, appr_ip_cost 2053578146
[2023-06-05 20:19:45.420] [info] finish queryID 3, current_total_retrieval_time 25843.65s, single_query_retrieval_time 14690.45s, prune_ratio 1.00, ip_cost 15527718690, appr_ip_cost 76223944732
[2023-06-05 20:19:45.420] [info] total retrieval time larger than stop time, retrieval exit
[2023-06-05 20:19:45.420] [info] finish top-100
[2023-06-05 20:19:45.420] [info] top100 retrieval time: total 25843.654s, n_proc_query 4.00
	accumulate query inner product time 0.543s, accumulate refinement time 25843.653s
	early prune ratio 0.9994, total IP cost 18037281686, total appr IP cost 134725560443
	maximum ip cost 5456556384, proportion 3.306
[2023-06-05 20:19:45.420] [info] build index time: total 1.029479685s
top100 retrieval time: total 25843.654s, n_proc_query 4.00
	accumulate query inner product time 0.543s, accumulate refinement time 25843.653s
	early prune ratio 0.9994, total IP cost 18037281686, total appr IP cost 134725560443
	maximum ip cost 5456556384, proportion 3.306
[2023-06-05 20:19:46.023] [info] Retrieval method_name GridIndex, dataset_name amazon-home-kitchen-64d, topk 100
[2023-06-05 20:19:46.023] [info] dataset_dir /home/zhengbian/Dataset/ReverseMIPS
[2023-06-05 20:19:46.023] [info] index_dir /home/zhengbian/reverse-k-ranks/index
[2023-06-05 20:19:52.519] [info] n_data_item 409243, n_query_item 1000, n_user 2511610, vec_dim 64
[2023-06-05 20:19:52.519] [info] input parameter: stop_time 21600s
[2023-06-05 20:19:52.546] [info] GridIndex min_codeword 33, codeword 64
[2023-06-05 20:19:54.067] [info] finish preprocess and save the index
[2023-06-06 02:39:13.557] [info] finish queryID 0, current_total_retrieval_time 22759.49s, single_query_retrieval_time 22759.49s, prune_ratio 1.00, ip_cost 418688376, appr_ip_cost 61309140289
[2023-06-06 02:39:13.557] [info] total retrieval time larger than stop time, retrieval exit
[2023-06-06 02:39:13.557] [info] finish top-100
[2023-06-06 02:39:13.557] [info] top100 retrieval time: total 22759.488s, n_proc_query 1.00
	accumulate query inner product time 0.122s, accumulate refinement time 22759.488s
	early prune ratio 0.9995, total IP cost 418688376, total appr IP cost 61309140289
	maximum ip cost 1364139096, proportion 0.307
[2023-06-06 02:39:13.557] [info] build index time: total 1.548103715s
top100 retrieval time: total 22759.488s, n_proc_query 1.00
	accumulate query inner product time 0.122s, accumulate refinement time 22759.488s
	early prune ratio 0.9995, total IP cost 418688376, total appr IP cost 61309140289
	maximum ip cost 1364139096, proportion 0.307
[2023-06-06 02:39:14.464] [info] Retrieval method_name GridIndex, dataset_name amazon-home-kitchen-128d, topk 100
[2023-06-06 02:39:14.464] [info] dataset_dir /home/zhengbian/Dataset/ReverseMIPS
[2023-06-06 02:39:14.464] [info] index_dir /home/zhengbian/reverse-k-ranks/index
[2023-06-06 02:39:21.650] [info] n_data_item 409243, n_query_item 1000, n_user 2511610, vec_dim 128
[2023-06-06 02:39:21.650] [info] input parameter: stop_time 21600s
[2023-06-06 02:39:21.704] [info] GridIndex min_codeword 39, codeword 64
[2023-06-06 02:39:24.310] [info] finish preprocess and save the index
[2023-06-06 03:19:27.000] [info] finish queryID 0, current_total_retrieval_time 2402.69s, single_query_retrieval_time 2402.69s, prune_ratio 1.00, ip_cost 112990109, appr_ip_cost 3780717148
[2023-06-06 03:46:35.548] [info] finish queryID 1, current_total_retrieval_time 4031.24s, single_query_retrieval_time 1628.55s, prune_ratio 1.00, ip_cost 170989495, appr_ip_cost 2596430338
