nohup: ignoring input
[2023-06-06 14:32:07.567] [info] Retrieval method_name GridIndex, dataset_name movielens-1b-150d, topk 100
[2023-06-06 14:32:07.567] [info] dataset_dir /home/zhengbian/Dataset/ReverseMIPS
[2023-06-06 14:32:07.568] [info] index_dir /home/zhengbian/reverse-k-ranks/index
[2023-06-06 14:32:18.284] [info] n_data_item 272038, n_query_item 1000, n_user 2197225, vec_dim 150
[2023-06-06 14:32:18.284] [info] input parameter: stop_time 14400s
[2023-06-06 14:32:18.340] [info] GridIndex min_codeword 41, codeword 64
[2023-06-06 14:32:23.926] [info] finish preprocess and save the index
[2023-06-06 19:33:11.468] [info] finish queryID 0, current_total_retrieval_time 18047.54s, single_query_retrieval_time 18047.54s, prune_ratio 1.00, ip_cost 991203216, appr_ip_cost 25140410961
[2023-06-06 19:33:11.468] [info] total retrieval time larger than stop time, retrieval exit
[2023-06-06 19:33:11.515] [info] finish top-100
[2023-06-06 19:33:11.515] [info] top100 retrieval time: total 18047.541s, n_proc_query 1.00
	accumulate query inner product time 0.341s, accumulate refinement time 18047.541s
	early prune ratio 0.9995, total IP cost 991203216, total appr IP cost 25140410961
	maximum ip cost 730437631, proportion 1.357
[2023-06-06 19:33:11.515] [info] build index time: total 5.641590094s
top100 retrieval time: total 18047.541s, n_proc_query 1.00
	accumulate query inner product time 0.341s, accumulate refinement time 18047.541s
	early prune ratio 0.9995, total IP cost 991203216, total appr IP cost 25140410961
	maximum ip cost 730437631, proportion 1.357
[2023-06-06 19:33:13.207] [info] Retrieval method_name GridIndex, dataset_name movielens-1b-150d, topk 150
[2023-06-06 19:33:13.208] [info] dataset_dir /home/zhengbian/Dataset/ReverseMIPS
[2023-06-06 19:33:13.208] [info] index_dir /home/zhengbian/reverse-k-ranks/index
[2023-06-06 19:33:21.680] [info] n_data_item 272038, n_query_item 1000, n_user 2197225, vec_dim 150
[2023-06-06 19:33:21.680] [info] input parameter: stop_time 14400s
[2023-06-06 19:33:21.764] [info] GridIndex min_codeword 41, codeword 64
[2023-06-06 19:33:25.066] [info] finish preprocess and save the index
[2023-06-07 00:34:36.071] [info] finish queryID 0, current_total_retrieval_time 18071.00s, single_query_retrieval_time 18071.00s, prune_ratio 1.00, ip_cost 1405012854, appr_ip_cost 25139198150
[2023-06-07 00:34:36.071] [info] total retrieval time larger than stop time, retrieval exit
[2023-06-07 00:34:36.072] [info] finish top-150
[2023-06-07 00:34:36.072] [info] top150 retrieval time: total 18071.004s, n_proc_query 1.00
	accumulate query inner product time 0.331s, accumulate refinement time 18071.003s
	early prune ratio 0.9992, total IP cost 1405012854, total appr IP cost 25139198150
	maximum ip cost 730437631, proportion 1.924
[2023-06-07 00:34:36.072] [info] build index time: total 3.386241782s
top150 retrieval time: total 18071.004s, n_proc_query 1.00
	accumulate query inner product time 0.331s, accumulate refinement time 18071.003s
	early prune ratio 0.9992, total IP cost 1405012854, total appr IP cost 25139198150
	maximum ip cost 730437631, proportion 1.924
[2023-06-07 00:34:37.883] [info] Retrieval method_name GridIndex, dataset_name movielens-1b-150d, topk 200
[2023-06-07 00:34:37.883] [info] dataset_dir /home/zhengbian/Dataset/ReverseMIPS
[2023-06-07 00:34:37.883] [info] index_dir /home/zhengbian/reverse-k-ranks/index
[2023-06-07 00:34:45.986] [info] n_data_item 272038, n_query_item 1000, n_user 2197225, vec_dim 150
[2023-06-07 00:34:45.986] [info] input parameter: stop_time 14400s
[2023-06-07 00:34:46.047] [info] GridIndex min_codeword 41, codeword 64
[2023-06-07 00:34:49.687] [info] finish preprocess and save the index
[2023-06-07 05:35:12.369] [info] finish queryID 0, current_total_retrieval_time 18022.68s, single_query_retrieval_time 18022.68s, prune_ratio 1.00, ip_cost 1776936972, appr_ip_cost 25175086847
[2023-06-07 05:35:12.369] [info] total retrieval time larger than stop time, retrieval exit
[2023-06-07 05:35:12.370] [info] finish top-200
[2023-06-07 05:35:12.370] [info] top200 retrieval time: total 18022.680s, n_proc_query 1.00
	accumulate query inner product time 0.433s, accumulate refinement time 18022.680s
	early prune ratio 0.9990, total IP cost 1776936972, total appr IP cost 25175086847
	maximum ip cost 730437631, proportion 2.433
[2023-06-07 05:35:12.370] [info] build index time: total 3.700753854s
top200 retrieval time: total 18022.680s, n_proc_query 1.00
	accumulate query inner product time 0.433s, accumulate refinement time 18022.680s
	early prune ratio 0.9990, total IP cost 1776936972, total appr IP cost 25175086847
	maximum ip cost 730437631, proportion 2.433
[2023-06-07 05:35:14.074] [info] Retrieval method_name GridIndex, dataset_name yelp-64d, topk 100
[2023-06-07 05:35:14.074] [info] dataset_dir /home/zhengbian/Dataset/ReverseMIPS
[2023-06-07 05:35:14.074] [info] index_dir /home/zhengbian/reverse-k-ranks/index
[2023-06-07 05:35:21.443] [info] n_data_item 159585, n_query_item 1000, n_user 2189457, vec_dim 64
[2023-06-07 05:35:21.443] [info] input parameter: stop_time 21600s
[2023-06-07 05:35:21.468] [info] GridIndex min_codeword 33, codeword 64
[2023-06-07 05:35:23.122] [info] finish preprocess and save the index
[2023-06-07 05:48:54.987] [info] finish queryID 0, current_total_retrieval_time 811.86s, single_query_retrieval_time 811.86s, prune_ratio 1.00, ip_cost 95024535, appr_ip_cost 1337791187
[2023-06-07 05:54:08.298] [info] finish queryID 1, current_total_retrieval_time 1125.17s, single_query_retrieval_time 313.31s, prune_ratio 1.00, ip_cost 56053887, appr_ip_cost 491725457
[2023-06-07 06:07:55.413] [info] finish queryID 2, current_total_retrieval_time 1952.29s, single_query_retrieval_time 827.11s, prune_ratio 1.00, ip_cost 104071884, appr_ip_cost 1289044582
[2023-06-07 06:16:39.265] [info] finish queryID 3, current_total_retrieval_time 2476.14s, single_query_retrieval_time 523.85s, prune_ratio 1.00, ip_cost 57829870, appr_ip_cost 906518066
[2023-06-07 06:49:58.661] [info] finish queryID 4, current_total_retrieval_time 4475.54s, single_query_retrieval_time 1999.40s, prune_ratio 1.00, ip_cost 149737892, appr_ip_cost 3374107427
[2023-06-07 07:02:38.460] [info] finish queryID 5, current_total_retrieval_time 5235.34s, single_query_retrieval_time 759.80s, prune_ratio 1.00, ip_cost 99840823, appr_ip_cost 1184925987
[2023-06-07 07:08:25.067] [info] finish queryID 6, current_total_retrieval_time 5581.94s, single_query_retrieval_time 346.61s, prune_ratio 1.00, ip_cost 27941724, appr_ip_cost 556609930
[2023-06-07 07:30:33.861] [info] finish queryID 7, current_total_retrieval_time 6910.74s, single_query_retrieval_time 1328.79s, prune_ratio 1.00, ip_cost 92175863, appr_ip_cost 2177736903
[2023-06-07 07:35:38.199] [info] finish queryID 8, current_total_retrieval_time 7215.08s, single_query_retrieval_time 304.34s, prune_ratio 1.00, ip_cost 60172088, appr_ip_cost 466816074
[2023-06-07 07:44:46.477] [info] finish queryID 9, current_total_retrieval_time 7763.35s, single_query_retrieval_time 548.28s, prune_ratio 1.00, ip_cost 65161653, appr_ip_cost 933400022
[2023-06-07 07:54:04.670] [info] finish queryID 10, current_total_retrieval_time 8321.55s, single_query_retrieval_time 558.19s, prune_ratio 1.00, ip_cost 78123911, appr_ip_cost 851082968
[2023-06-07 08:24:07.687] [info] finish queryID 11, current_total_retrieval_time 10124.56s, single_query_retrieval_time 1803.02s, prune_ratio 1.00, ip_cost 92328331, appr_ip_cost 2850179067
[2023-06-07 08:33:45.176] [info] finish queryID 12, current_total_retrieval_time 10702.05s, single_query_retrieval_time 577.49s, prune_ratio 1.00, ip_cost 76443691, appr_ip_cost 939447573
[2023-06-07 08:43:08.307] [info] finish queryID 13, current_total_retrieval_time 11265.18s, single_query_retrieval_time 563.13s, prune_ratio 1.00, ip_cost 59339572, appr_ip_cost 953253650
[2023-06-07 08:49:28.790] [info] finish queryID 14, current_total_retrieval_time 11645.67s, single_query_retrieval_time 380.48s, prune_ratio 1.00, ip_cost 58621735, appr_ip_cost 593603731
[2023-06-07 09:18:26.817] [info] finish queryID 15, current_total_retrieval_time 13383.69s, single_query_retrieval_time 1738.03s, prune_ratio 1.00, ip_cost 139786037, appr_ip_cost 2709163011
[2023-06-07 09:22:17.452] [info] finish queryID 16, current_total_retrieval_time 13614.33s, single_query_retrieval_time 230.64s, prune_ratio 1.00, ip_cost 40523521, appr_ip_cost 368090974
[2023-06-07 09:30:43.716] [info] finish queryID 17, current_total_retrieval_time 14120.59s, single_query_retrieval_time 506.26s, prune_ratio 1.00, ip_cost 68121717, appr_ip_cost 822765266
[2023-06-07 09:32:55.413] [info] finish queryID 18, current_total_retrieval_time 14252.29s, single_query_retrieval_time 131.70s, prune_ratio 1.00, ip_cost 36672045, appr_ip_cost 210358524
[2023-06-07 09:36:00.960] [info] finish queryID 19, current_total_retrieval_time 14437.84s, single_query_retrieval_time 185.55s, prune_ratio 1.00, ip_cost 38138355, appr_ip_cost 292750245
[2023-06-07 09:59:06.025] [info] finish queryID 20, current_total_retrieval_time 15822.90s, single_query_retrieval_time 1385.06s, prune_ratio 1.00, ip_cost 61207759, appr_ip_cost 2319161917
[2023-06-07 10:01:18.203] [info] finish queryID 21, current_total_retrieval_time 15955.08s, single_query_retrieval_time 132.18s, prune_ratio 1.00, ip_cost 38424039, appr_ip_cost 206043695
[2023-06-07 12:44:12.346] [info] finish queryID 22, current_total_retrieval_time 25729.22s, single_query_retrieval_time 9774.14s, prune_ratio 1.00, ip_cost 22944893965, appr_ip_cost 15007799970
[2023-06-07 12:44:12.346] [info] total retrieval time larger than stop time, retrieval exit
[2023-06-07 12:44:12.346] [info] finish top-100
[2023-06-07 12:44:12.346] [info] top100 retrieval time: total 25729.223s, n_proc_query 23.00
	accumulate query inner product time 8.219s, accumulate refinement time 25729.220s
	early prune ratio 0.9992, total IP cost 24540634897, total appr IP cost 40842376226
	maximum ip cost 34829677998, proportion 0.705
[2023-06-07 12:44:12.346] [info] build index time: total 1.678957819s
top100 retrieval time: total 25729.223s, n_proc_query 23.00
	accumulate query inner product time 8.219s, accumulate refinement time 25729.220s
	early prune ratio 0.9992, total IP cost 24540634897, total appr IP cost 40842376226
	maximum ip cost 34829677998, proportion 0.705
[2023-06-07 12:44:13.364] [info] Retrieval method_name GridIndex, dataset_name yelp-512d, topk 100
[2023-06-07 12:44:13.364] [info] dataset_dir /home/zhengbian/Dataset/ReverseMIPS
[2023-06-07 12:44:13.364] [info] index_dir /home/zhengbian/reverse-k-ranks/index
[2023-06-07 12:44:31.997] [info] n_data_item 159585, n_query_item 1000, n_user 2189457, vec_dim 512
[2023-06-07 12:44:31.997] [info] input parameter: stop_time 21600s
[2023-06-07 12:44:32.232] [info] GridIndex min_codeword 55, codeword 64
[2023-06-07 12:44:49.509] [info] finish preprocess and save the index
[2023-06-07 14:35:55.212] [info] finish queryID 0, current_total_retrieval_time 6665.70s, single_query_retrieval_time 6665.70s, prune_ratio 1.00, ip_cost 411427842, appr_ip_cost 1512642569
[2023-06-07 20:39:52.225] [info] finish queryID 1, current_total_retrieval_time 28502.71s, single_query_retrieval_time 21837.01s, prune_ratio 1.00, ip_cost 1561961401, appr_ip_cost 4736287805
[2023-06-07 20:39:52.225] [info] total retrieval time larger than stop time, retrieval exit
[2023-06-07 20:39:52.225] [info] finish top-100
[2023-06-07 20:39:52.225] [info] top100 retrieval time: total 28502.715s, n_proc_query 2.00
	accumulate query inner product time 5.486s, accumulate refinement time 28502.714s
	early prune ratio 0.9994, total IP cost 1973389243, total appr IP cost 6248930374
	maximum ip cost 3028667652, proportion 0.652
[2023-06-07 20:39:52.225] [info] build index time: total 17.512278002s
top100 retrieval time: total 28502.715s, n_proc_query 2.00
	accumulate query inner product time 5.486s, accumulate refinement time 28502.714s
	early prune ratio 0.9994, total IP cost 1973389243, total appr IP cost 6248930374
	maximum ip cost 3028667652, proportion 0.652
