nohup: ignoring input
[2023-06-06 14:33:52.811] [info] Retrieval method_name GridIndex, dataset_name yelp-150d, topk 150
[2023-06-06 14:33:52.811] [info] dataset_dir /home/zhengbian/Dataset/ReverseMIPS
[2023-06-06 14:33:52.811] [info] index_dir /home/zhengbian/reverse-k-ranks/index
[2023-06-06 14:33:59.271] [info] n_data_item 159585, n_query_item 1000, n_user 2189457, vec_dim 150
[2023-06-06 14:33:59.271] [info] input parameter: stop_time 14400s
[2023-06-06 14:33:59.326] [info] GridIndex min_codeword 41, codeword 64
[2023-06-06 14:34:01.874] [info] finish preprocess and save the index
[2023-06-06 15:31:45.890] [info] finish queryID 0, current_total_retrieval_time 3464.01s, single_query_retrieval_time 3464.01s, prune_ratio 1.00, ip_cost 97879664, appr_ip_cost 3962809144
[2023-06-06 15:53:54.987] [info] finish queryID 1, current_total_retrieval_time 4793.11s, single_query_retrieval_time 1329.10s, prune_ratio 1.00, ip_cost 130184313, appr_ip_cost 1434328392
[2023-06-06 16:30:15.387] [info] finish queryID 2, current_total_retrieval_time 6973.51s, single_query_retrieval_time 2180.40s, prune_ratio 1.00, ip_cost 136222859, appr_ip_cost 2424590421
[2023-06-06 17:39:10.991] [info] finish queryID 3, current_total_retrieval_time 11109.12s, single_query_retrieval_time 4135.60s, prune_ratio 1.00, ip_cost 223659055, appr_ip_cost 4546282391
[2023-06-06 18:09:51.088] [info] finish queryID 4, current_total_retrieval_time 12949.21s, single_query_retrieval_time 1840.10s, prune_ratio 1.00, ip_cost 126000328, appr_ip_cost 2037516083
[2023-06-06 18:36:39.589] [info] finish queryID 5, current_total_retrieval_time 14557.71s, single_query_retrieval_time 1608.50s, prune_ratio 1.00, ip_cost 118001102, appr_ip_cost 1789672273
[2023-06-06 18:36:39.589] [info] total retrieval time larger than stop time, retrieval exit
[2023-06-06 18:36:39.599] [info] finish top-150
[2023-06-06 18:36:39.599] [info] top150 retrieval time: total 14557.714s, n_proc_query 6.00
	accumulate query inner product time 3.594s, accumulate refinement time 14557.713s
	early prune ratio 0.9992, total IP cost 831947321, total appr IP cost 16195198704
	maximum ip cost 9086002956, proportion 0.092
[2023-06-06 18:36:39.599] [info] build index time: total 2.603063553s
top150 retrieval time: total 14557.714s, n_proc_query 6.00
	accumulate query inner product time 3.594s, accumulate refinement time 14557.713s
	early prune ratio 0.9992, total IP cost 831947321, total appr IP cost 16195198704
	maximum ip cost 9086002956, proportion 0.092
[2023-06-06 18:36:40.878] [info] Retrieval method_name GridIndex, dataset_name yelp-150d, topk 200
[2023-06-06 18:36:40.878] [info] dataset_dir /home/zhengbian/Dataset/ReverseMIPS
[2023-06-06 18:36:40.878] [info] index_dir /home/zhengbian/reverse-k-ranks/index
[2023-06-06 18:36:46.852] [info] n_data_item 159585, n_query_item 1000, n_user 2189457, vec_dim 150
[2023-06-06 18:36:46.852] [info] input parameter: stop_time 14400s
[2023-06-06 18:36:46.909] [info] GridIndex min_codeword 41, codeword 64
[2023-06-06 18:36:49.386] [info] finish preprocess and save the index
[2023-06-06 19:42:36.664] [info] finish queryID 0, current_total_retrieval_time 3947.28s, single_query_retrieval_time 3947.28s, prune_ratio 1.00, ip_cost 132341880, appr_ip_cost 4511102689
[2023-06-06 20:08:54.365] [info] finish queryID 1, current_total_retrieval_time 5524.98s, single_query_retrieval_time 1577.70s, prune_ratio 1.00, ip_cost 170923729, appr_ip_cost 1690272651
[2023-06-06 20:51:16.762] [info] finish queryID 2, current_total_retrieval_time 8067.37s, single_query_retrieval_time 2542.40s, prune_ratio 1.00, ip_cost 178331778, appr_ip_cost 2827198236
[2023-06-06 22:10:02.974] [info] finish queryID 3, current_total_retrieval_time 12793.59s, single_query_retrieval_time 4726.21s, prune_ratio 1.00, ip_cost 291076027, appr_ip_cost 5215717666
[2023-06-06 22:44:26.161] [info] finish queryID 4, current_total_retrieval_time 14856.77s, single_query_retrieval_time 2063.19s, prune_ratio 1.00, ip_cost 163216554, appr_ip_cost 2276827265
[2023-06-06 22:44:26.161] [info] total retrieval time larger than stop time, retrieval exit
[2023-06-06 22:44:26.161] [info] finish top-200
[2023-06-06 22:44:26.161] [info] top200 retrieval time: total 14856.774s, n_proc_query 5.00
	accumulate query inner product time 2.932s, accumulate refinement time 14856.773s
	early prune ratio 0.9990, total IP cost 935889968, total appr IP cost 16521118507
	maximum ip cost 7571669130, proportion 0.124
[2023-06-06 22:44:26.161] [info] build index time: total 2.533982865s
top200 retrieval time: total 14856.774s, n_proc_query 5.00
	accumulate query inner product time 2.932s, accumulate refinement time 14856.773s
	early prune ratio 0.9990, total IP cost 935889968, total appr IP cost 16521118507
	maximum ip cost 7571669130, proportion 0.124
[2023-06-06 22:44:27.451] [info] Retrieval method_name GridIndex, dataset_name yelp-128d, topk 100
[2023-06-06 22:44:27.451] [info] dataset_dir /home/zhengbian/Dataset/ReverseMIPS
[2023-06-06 22:44:27.451] [info] index_dir /home/zhengbian/reverse-k-ranks/index
[2023-06-06 22:44:33.695] [info] n_data_item 159585, n_query_item 1000, n_user 2189457, vec_dim 128
[2023-06-06 22:44:33.695] [info] input parameter: stop_time 21600s
[2023-06-06 22:44:33.743] [info] GridIndex min_codeword 39, codeword 64
[2023-06-06 22:44:35.982] [info] finish preprocess and save the index
[2023-06-06 23:29:46.679] [info] finish queryID 0, current_total_retrieval_time 2710.70s, single_query_retrieval_time 2710.70s, prune_ratio 1.00, ip_cost 138178470, appr_ip_cost 3521123072
[2023-06-07 00:05:57.468] [info] finish queryID 1, current_total_retrieval_time 4881.49s, single_query_retrieval_time 2170.79s, prune_ratio 1.00, ip_cost 108885451, appr_ip_cost 2875053601
[2023-06-07 00:34:31.268] [info] finish queryID 2, current_total_retrieval_time 6595.29s, single_query_retrieval_time 1713.80s, prune_ratio 1.00, ip_cost 123182559, appr_ip_cost 2171073177
[2023-06-07 03:15:52.587] [info] finish queryID 3, current_total_retrieval_time 16276.60s, single_query_retrieval_time 9681.32s, prune_ratio 1.00, ip_cost 171639885, appr_ip_cost 12047902936
[2023-06-07 03:32:16.246] [info] finish queryID 4, current_total_retrieval_time 17260.26s, single_query_retrieval_time 983.66s, prune_ratio 1.00, ip_cost 79755126, appr_ip_cost 1267185767
[2023-06-07 04:28:17.107] [info] finish queryID 5, current_total_retrieval_time 20621.12s, single_query_retrieval_time 3360.86s, prune_ratio 1.00, ip_cost 170239785, appr_ip_cost 4180594875
[2023-06-07 05:49:55.769] [info] finish queryID 6, current_total_retrieval_time 25519.79s, single_query_retrieval_time 4898.66s, prune_ratio 1.00, ip_cost 243709925, appr_ip_cost 6219250421
[2023-06-07 05:49:55.769] [info] total retrieval time larger than stop time, retrieval exit
[2023-06-07 05:49:55.769] [info] finish top-100
[2023-06-07 05:49:55.769] [info] top100 retrieval time: total 25519.786s, n_proc_query 7.00
	accumulate query inner product time 3.905s, accumulate refinement time 25519.785s
	early prune ratio 0.9994, total IP cost 1035591201, total appr IP cost 32282183849
	maximum ip cost 10600336782, proportion 0.098
[2023-06-07 05:49:55.769] [info] build index time: total 2.286769291s
top100 retrieval time: total 25519.786s, n_proc_query 7.00
	accumulate query inner product time 3.905s, accumulate refinement time 25519.785s
	early prune ratio 0.9994, total IP cost 1035591201, total appr IP cost 32282183849
	maximum ip cost 10600336782, proportion 0.098
