nohup: ignoring input
[2023-06-05 13:08:25.531] [info] Retrieval method_name GridIndex, dataset_name yelp-150d, topk 10
[2023-06-05 13:08:25.531] [info] dataset_dir /home/zhengbian/Dataset/ReverseMIPS
[2023-06-05 13:08:25.531] [info] index_dir /home/zhengbian/reverse-k-ranks/index
[2023-06-05 13:08:33.568] [info] n_data_item 159585, n_query_item 1000, n_user 2189457, vec_dim 150
[2023-06-05 13:08:33.568] [info] input parameter: stop_time 21600s
[2023-06-05 13:08:33.627] [info] GridIndex min_codeword 41, codeword 64
[2023-06-05 13:08:39.134] [info] finish preprocess and save the index
[2023-06-05 13:18:43.518] [info] finish queryID 0, current_total_retrieval_time 604.38s, single_query_retrieval_time 604.38s, prune_ratio 1.00, ip_cost 9445464, appr_ip_cost 486418039
[2023-06-05 13:20:16.661] [info] finish queryID 1, current_total_retrieval_time 697.53s, single_query_retrieval_time 93.14s, prune_ratio 1.00, ip_cost 10194186, appr_ip_cost 66987639
[2023-06-05 13:25:13.083] [info] finish queryID 2, current_total_retrieval_time 993.95s, single_query_retrieval_time 296.42s, prune_ratio 1.00, ip_cost 12299207, appr_ip_cost 230035248
[2023-06-05 13:38:56.317] [info] finish queryID 3, current_total_retrieval_time 1817.18s, single_query_retrieval_time 823.23s, prune_ratio 1.00, ip_cost 24829217, appr_ip_cost 622439612
[2023-06-05 13:44:03.561] [info] finish queryID 4, current_total_retrieval_time 2124.43s, single_query_retrieval_time 307.24s, prune_ratio 1.00, ip_cost 12160607, appr_ip_cost 231097591
[2023-06-05 13:47:14.139] [info] finish queryID 5, current_total_retrieval_time 2315.00s, single_query_retrieval_time 190.58s, prune_ratio 1.00, ip_cost 11467511, appr_ip_cost 147382478
[2023-06-05 13:55:31.061] [info] finish queryID 6, current_total_retrieval_time 2811.93s, single_query_retrieval_time 496.92s, prune_ratio 1.00, ip_cost 20493763, appr_ip_cost 350810978
[2023-06-05 14:05:07.653] [info] finish queryID 7, current_total_retrieval_time 3388.52s, single_query_retrieval_time 576.59s, prune_ratio 1.00, ip_cost 15029410, appr_ip_cost 449670134
[2023-06-05 14:28:58.946] [info] finish queryID 8, current_total_retrieval_time 4819.81s, single_query_retrieval_time 1431.29s, prune_ratio 1.00, ip_cost 33695971, appr_ip_cost 1048115194
[2023-06-05 14:32:50.948] [info] finish queryID 9, current_total_retrieval_time 5051.81s, single_query_retrieval_time 232.00s, prune_ratio 1.00, ip_cost 11137667, appr_ip_cost 159695167
[2023-06-05 14:54:38.215] [info] finish queryID 10, current_total_retrieval_time 6359.08s, single_query_retrieval_time 1307.27s, prune_ratio 1.00, ip_cost 32909212, appr_ip_cost 984369522
[2023-06-05 15:09:13.373] [info] finish queryID 11, current_total_retrieval_time 7234.24s, single_query_retrieval_time 875.16s, prune_ratio 1.00, ip_cost 22439522, appr_ip_cost 703855307
[2023-06-05 15:11:48.932] [info] finish queryID 12, current_total_retrieval_time 7389.80s, single_query_retrieval_time 155.56s, prune_ratio 1.00, ip_cost 8798949, appr_ip_cost 121073478
[2023-06-05 15:35:08.547] [info] finish queryID 13, current_total_retrieval_time 8789.41s, single_query_retrieval_time 1399.61s, prune_ratio 1.00, ip_cost 36814422, appr_ip_cost 995508700
[2023-06-05 15:50:49.900] [info] finish queryID 14, current_total_retrieval_time 9730.77s, single_query_retrieval_time 941.35s, prune_ratio 1.00, ip_cost 28057832, appr_ip_cost 707281026
[2023-06-05 15:54:54.877] [info] finish queryID 15, current_total_retrieval_time 9975.74s, single_query_retrieval_time 244.98s, prune_ratio 1.00, ip_cost 13111136, appr_ip_cost 174332745
[2023-06-05 16:03:10.130] [info] finish queryID 16, current_total_retrieval_time 10471.00s, single_query_retrieval_time 495.25s, prune_ratio 1.00, ip_cost 23621396, appr_ip_cost 346711963
[2023-06-05 16:36:14.128] [info] finish queryID 17, current_total_retrieval_time 12454.99s, single_query_retrieval_time 1984.00s, prune_ratio 1.00, ip_cost 28519862, appr_ip_cost 1340442123
[2023-06-05 17:11:37.483] [info] finish queryID 18, current_total_retrieval_time 14578.35s, single_query_retrieval_time 2123.36s, prune_ratio 1.00, ip_cost 35841593, appr_ip_cost 1428289311
[2023-06-05 17:24:13.476] [info] finish queryID 19, current_total_retrieval_time 15334.34s, single_query_retrieval_time 755.99s, prune_ratio 1.00, ip_cost 21786775, appr_ip_cost 546522308
[2023-06-05 18:24:44.271] [info] finish queryID 20, current_total_retrieval_time 18965.14s, single_query_retrieval_time 3630.80s, prune_ratio 1.00, ip_cost 4497817, appr_ip_cost 2692953588
[2023-06-05 20:42:17.663] [info] finish queryID 21, current_total_retrieval_time 27218.53s, single_query_retrieval_time 8253.39s, prune_ratio 1.00, ip_cost 202803814, appr_ip_cost 5930708341
[2023-06-05 20:42:17.663] [info] total retrieval time larger than stop time, retrieval exit
[2023-06-05 20:42:17.663] [info] finish top-10
[2023-06-05 20:42:17.663] [info] top10 retrieval time: total 27218.528s, n_proc_query 22.00
	accumulate query inner product time 20.589s, accumulate refinement time 27218.525s
	early prune ratio 0.9996, total IP cost 619955333, total appr IP cost 19764700492
	maximum ip cost 33315344172, proportion 0.019
[2023-06-05 20:42:17.663] [info] build index time: total 5.566730561s
top10 retrieval time: total 27218.528s, n_proc_query 22.00
	accumulate query inner product time 20.589s, accumulate refinement time 27218.525s
	early prune ratio 0.9996, total IP cost 619955333, total appr IP cost 19764700492
	maximum ip cost 33315344172, proportion 0.019
[2023-06-05 20:42:19.167] [info] Retrieval method_name GridIndex, dataset_name yelp-150d, topk 50
[2023-06-05 20:42:19.167] [info] dataset_dir /home/zhengbian/Dataset/ReverseMIPS
[2023-06-05 20:42:19.167] [info] index_dir /home/zhengbian/reverse-k-ranks/index
[2023-06-05 20:42:27.264] [info] n_data_item 159585, n_query_item 1000, n_user 2189457, vec_dim 150
[2023-06-05 20:42:27.264] [info] input parameter: stop_time 21600s
[2023-06-05 20:42:27.304] [info] GridIndex min_codeword 41, codeword 64
[2023-06-05 20:42:30.507] [info] finish preprocess and save the index
[2023-06-05 21:01:31.376] [info] finish queryID 0, current_total_retrieval_time 1140.87s, single_query_retrieval_time 1140.87s, prune_ratio 1.00, ip_cost 34602252, appr_ip_cost 894646146
