[2023-05-23 20:31:51.726] [info] Retrieval method_name RtreeItemOnly, dataset_name yelp-2d, topk 100
[2023-05-23 20:31:51.726] [info] dataset_dir /home/zhengbian/Dataset/ReverseMIPS
[2023-05-23 20:31:51.726] [info] index_dir /home/zhengbian/reverse-k-ranks/index
[2023-05-23 20:31:57.820] [info] n_data_item 159585, n_query_item 1000, n_user 2189457, vec_dim 2
[2023-05-23 20:31:57.820] [info] input parameter: stop_time 32400s
159585 entries created
3000 entries inserted, progress 1.87988%, batch time 0.459595s, passed time 0.459595s, predicted finish time 24.44s
6000 entries inserted, progress 3.75975%, batch time 0.697434s, passed time 1.15703s, predicted finish time 30.769s
9000 entries inserted, progress 5.63963%, batch time 0.812466s, passed time 1.96949s, predicted finish time 34.9185s
12000 entries inserted, progress 7.5195%, batch time 0.965315s, passed time 2.93481s, predicted finish time 39.0261s
15000 entries inserted, progress 9.39938%, batch time 1.03586s, passed time 3.97067s, predicted finish time 42.2412s
18000 entries inserted, progress 11.2793%, batch time 1.10778s, passed time 5.07845s, predicted finish time 45.0222s
21000 entries inserted, progress 13.1591%, batch time 1.32335s, passed time 6.40181s, predicted finish time 48.6468s
24000 entries inserted, progress 15.039%, batch time 1.54098s, passed time 7.94278s, predicted finish time 52.8123s
27000 entries inserted, progress 16.9189%, batch time 1.54749s, passed time 9.49027s, predicted finish time 56.0907s
30000 entries inserted, progress 18.7988%, batch time 1.34153s, passed time 10.8318s, predicted finish time 57.6179s
33000 entries inserted, progress 20.6786%, batch time 1.16731s, passed time 11.9991s, predicted finish time 58.0249s
36000 entries inserted, progress 22.5585%, batch time 1.35493s, passed time 13.354s, predicted finish time 59.1957s
39000 entries inserted, progress 24.4384%, batch time 1.49579s, passed time 14.8498s, predicted finish time 60.7628s
42000 entries inserted, progress 26.3183%, batch time 1.41563s, passed time 16.2655s, predicted finish time 61.8015s
45000 entries inserted, progress 28.1981%, batch time 1.26035s, passed time 17.5258s, predicted finish time 62.151s
48000 entries inserted, progress 30.078%, batch time 1.3444s, passed time 18.8702s, predicted finish time 62.7363s
51000 entries inserted, progress 31.9579%, batch time 1.43609s, passed time 20.3063s, predicted finish time 63.5396s
54000 entries inserted, progress 33.8378%, batch time 1.56032s, passed time 21.8666s, predicted finish time 64.6208s
57000 entries inserted, progress 35.7176%, batch time 1.17201s, passed time 23.0386s, predicted finish time 64.501s
60000 entries inserted, progress 37.5975%, batch time 1.18809s, passed time 24.2267s, predicted finish time 64.436s
63000 entries inserted, progress 39.4774%, batch time 1.22651s, passed time 25.4532s, predicted finish time 64.4745s
66000 entries inserted, progress 41.3573%, batch time 1.59803s, passed time 27.0513s, predicted finish time 65.4078s
69000 entries inserted, progress 43.2371%, batch time 1.78555s, passed time 28.8368s, predicted finish time 66.6936s
72000 entries inserted, progress 45.117%, batch time 1.97493s, passed time 30.8118s, predicted finish time 68.292s
75000 entries inserted, progress 46.9969%, batch time 1.94761s, passed time 32.7594s, predicted finish time 69.7045s
78000 entries inserted, progress 48.8768%, batch time 1.79947s, passed time 34.5588s, predicted finish time 70.7052s
81000 entries inserted, progress 50.7567%, batch time 1.84401s, passed time 36.4029s, predicted finish time 71.7195s
84000 entries inserted, progress 52.6365%, batch time 2.01183s, passed time 38.4147s, predicted finish time 72.9802s
87000 entries inserted, progress 54.5164%, batch time 2.3055s, passed time 40.7202s, predicted finish time 74.6926s
90000 entries inserted, progress 56.3963%, batch time 2.05431s, passed time 42.7745s, predicted finish time 75.8455s
93000 entries inserted, progress 58.2762%, batch time 1.83057s, passed time 44.6051s, predicted finish time 76.54s
96000 entries inserted, progress 60.156%, batch time 1.99563s, passed time 46.6007s, predicted finish time 77.4655s
99000 entries inserted, progress 62.0359%, batch time 2.05435s, passed time 48.655s, predicted finish time 78.4297s
102000 entries inserted, progress 63.9158%, batch time 2.27035s, passed time 50.9254s, predicted finish time 79.675s
105000 entries inserted, progress 65.7957%, batch time 2.27996s, passed time 53.2054s, predicted finish time 80.8638s
108000 entries inserted, progress 67.6755%, batch time 2.10845s, passed time 55.3138s, predicted finish time 81.7331s
111000 entries inserted, progress 69.5554%, batch time 1.88874s, passed time 57.2026s, predicted finish time 82.2395s
114000 entries inserted, progress 71.4353%, batch time 1.79982s, passed time 59.0024s, predicted finish time 82.5948s
117000 entries inserted, progress 73.3152%, batch time 1.91358s, passed time 60.916s, predicted finish time 83.0871s
120000 entries inserted, progress 75.195%, batch time 1.92867s, passed time 62.8446s, predicted finish time 83.5748s
123000 entries inserted, progress 77.0749%, batch time 1.91741s, passed time 64.762s, predicted finish time 84.0241s
126000 entries inserted, progress 78.9548%, batch time 2.3626s, passed time 67.1246s, predicted finish time 85.0159s
129000 entries inserted, progress 80.8347%, batch time 2.66783s, passed time 69.7925s, predicted finish time 86.3391s
132000 entries inserted, progress 82.7145%, batch time 2.61196s, passed time 72.4044s, predicted finish time 87.5346s
135000 entries inserted, progress 84.5944%, batch time 2.68698s, passed time 75.0914s, predicted finish time 88.7657s
138000 entries inserted, progress 86.4743%, batch time 2.84031s, passed time 77.9317s, predicted finish time 90.1206s
141000 entries inserted, progress 88.3542%, batch time 2.62754s, passed time 80.5592s, predicted finish time 91.177s
144000 entries inserted, progress 90.234%, batch time 1.93439s, passed time 82.4936s, predicted finish time 91.4212s
147000 entries inserted, progress 92.1139%, batch time 1.89765s, passed time 84.3913s, predicted finish time 91.6156s
150000 entries inserted, progress 93.9938%, batch time 2.08501s, passed time 86.4763s, predicted finish time 92.0015s
153000 entries inserted, progress 95.8737%, batch time 2.25583s, passed time 88.7321s, predicted finish time 92.5505s
156000 entries inserted, progress 97.7535%, batch time 2.39534s, passed time 91.1275s, predicted finish time 93.221s
159000 entries inserted, progress 99.6334%, batch time 2.4852s, passed time 93.6127s, predicted finish time 93.9565s
159585 entries created
[2023-05-23 20:33:32.989] [info] finish preprocess and save the index
[2023-05-23 20:37:54.088] [info] finish queryID 441, single_query_retrieval_time 261.08s, ip_cost 2187975251, n_proc_query 1.00
[2023-05-23 20:38:28.491] [info] finish queryID 483, single_query_retrieval_time 295.49s, ip_cost 2855533358, n_proc_query 1.00
[2023-05-23 20:41:05.484] [info] finish queryID 672, single_query_retrieval_time 452.48s, ip_cost 4834393428, n_proc_query 1.00
[2023-05-23 20:43:45.667] [info] finish queryID 42, single_query_retrieval_time 612.66s, ip_cost 6514300027, n_proc_query 1.00
[2023-05-23 20:44:52.966] [info] finish queryID 567, single_query_retrieval_time 679.96s, ip_cost 7549863808, n_proc_query 1.00
[2023-05-23 20:46:46.456] [info] finish queryID 168, single_query_retrieval_time 793.45s, ip_cost 7204412356, n_proc_query 1.00
[2023-05-23 20:47:30.319] [info] finish queryID 462, single_query_retrieval_time 837.31s, ip_cost 8542420260, n_proc_query 1.00
[2023-05-23 20:55:08.323] [info] finish queryID 336, single_query_retrieval_time 1295.32s, ip_cost 12510466249, n_proc_query 1.00
[2023-05-23 20:56:11.823] [info] finish queryID 568, single_query_retrieval_time 678.86s, ip_cost 6349857206, n_proc_query 2.00
[2023-05-23 20:56:31.463] [info] finish queryID 357, single_query_retrieval_time 1378.46s, ip_cost 13044876865, n_proc_query 1.00
[2023-05-23 20:56:33.352] [info] finish queryID 840, single_query_retrieval_time 1380.35s, ip_cost 13939847857, n_proc_query 1.00
[2023-05-23 21:02:00.742] [info] finish queryID 463, single_query_retrieval_time 870.42s, ip_cost 8019131629, n_proc_query 2.00
[2023-05-23 21:02:16.063] [info] finish queryID 756, single_query_retrieval_time 1723.06s, ip_cost 19444135510, n_proc_query 1.00
[2023-05-23 21:06:04.650] [info] finish queryID 464, single_query_retrieval_time 243.91s, ip_cost 2632514402, n_proc_query 3.00
[2023-05-23 21:07:30.106] [info] finish queryID 819, single_query_retrieval_time 2037.10s, ip_cost 23858200120, n_proc_query 1.00
[2023-05-23 21:07:55.321] [info] finish queryID 980, single_query_retrieval_time 2062.32s, ip_cost 24240788570, n_proc_query 1.00
[2023-05-23 21:15:42.467] [info] finish queryID 231, single_query_retrieval_time 2529.46s, ip_cost 30596337889, n_proc_query 1.00
[2023-05-23 21:16:16.370] [info] finish queryID 337, single_query_retrieval_time 1268.05s, ip_cost 12931652009, n_proc_query 2.00
[2023-05-23 21:20:50.850] [info] finish queryID 777, single_query_retrieval_time 2837.85s, ip_cost 35288135034, n_proc_query 1.00
[2023-05-23 21:22:15.051] [info] finish queryID 820, single_query_retrieval_time 884.94s, ip_cost 7844834910, n_proc_query 2.00
[2023-05-23 21:23:25.035] [info] finish queryID 880, single_query_retrieval_time 2992.03s, ip_cost 32094101374, n_proc_query 1.00
[2023-05-23 21:23:51.520] [info] finish queryID 147, single_query_retrieval_time 3018.52s, ip_cost 38274875962, n_proc_query 1.00
[2023-05-23 21:23:54.082] [info] finish queryID 210, single_query_retrieval_time 3021.08s, ip_cost 28658185238, n_proc_query 1.00
[2023-05-23 21:29:00.888] [info] finish queryID 778, single_query_retrieval_time 490.04s, ip_cost 4946572493, n_proc_query 2.00
[2023-05-23 21:52:10.453] [info] finish queryID 673, single_query_retrieval_time 4264.97s, ip_cost 58600677478, n_proc_query 2.00
[2023-05-23 21:56:22.400] [info] finish queryID 779, single_query_retrieval_time 1641.51s, ip_cost 18694927089, n_proc_query 3.00
[2023-05-23 22:10:18.033] [info] finish queryID 569, single_query_retrieval_time 4446.21s, ip_cost 44391913661, n_proc_query 3.00
[2023-05-23 22:10:27.214] [info] finish queryID 105, single_query_retrieval_time 5814.21s, ip_cost 84553659136, n_proc_query 1.00
[2023-05-23 22:10:34.067] [info] finish queryID 189, single_query_retrieval_time 5821.06s, ip_cost 77629689244, n_proc_query 1.00
[2023-05-23 22:12:38.079] [info] finish queryID 190, single_query_retrieval_time 124.01s, ip_cost 751374818, n_proc_query 2.00
[2023-05-23 22:15:57.148] [info] finish queryID 920, single_query_retrieval_time 6144.14s, ip_cost 90615764833, n_proc_query 1.00
[2023-05-23 22:16:22.771] [info] finish queryID 315, single_query_retrieval_time 6169.77s, ip_cost 71466862648, n_proc_query 1.00
[2023-05-23 22:16:58.550] [info] finish queryID 693, single_query_retrieval_time 6205.55s, ip_cost 89462067661, n_proc_query 1.00
[2023-05-23 22:18:18.760] [info] finish queryID 694, single_query_retrieval_time 80.21s, ip_cost 363471271, n_proc_query 2.00
[2023-05-23 22:28:40.584] [info] finish queryID 504, single_query_retrieval_time 6907.58s, ip_cost 93388705783, n_proc_query 1.00
[2023-05-23 22:30:56.841] [info] finish queryID 546, single_query_retrieval_time 7043.84s, ip_cost 102597153227, n_proc_query 1.00
[2023-05-23 22:31:43.652] [info] finish queryID 860, single_query_retrieval_time 7090.65s, ip_cost 83539998423, n_proc_query 1.00
[2023-05-23 22:33:27.724] [info] finish queryID 695, single_query_retrieval_time 908.96s, ip_cost 8117257415, n_proc_query 3.00
[2023-05-23 22:35:40.424] [info] finish queryID 630, single_query_retrieval_time 7327.42s, ip_cost 109856630314, n_proc_query 1.00
[2023-05-23 22:41:58.472] [info] finish queryID 861, single_query_retrieval_time 614.82s, ip_cost 4931894393, n_proc_query 2.00
[2023-05-23 22:42:55.683] [info] finish queryID 921, single_query_retrieval_time 1618.54s, ip_cost 15985477855, n_proc_query 2.00
[2023-05-23 22:49:13.673] [info] finish queryID 232, single_query_retrieval_time 5611.21s, ip_cost 77685280926, n_proc_query 2.00
[2023-05-23 22:54:43.843] [info] finish queryID 609, single_query_retrieval_time 8470.84s, ip_cost 121219054504, n_proc_query 1.00
[2023-05-23 22:59:29.483] [info] finish queryID 981, single_query_retrieval_time 6694.16s, ip_cost 99529989482, n_proc_query 2.00
[2023-05-23 23:01:26.000] [info] finish queryID 378, single_query_retrieval_time 8873.00s, ip_cost 104594758614, n_proc_query 1.00
[2023-05-23 23:05:48.044] [info] finish queryID 191, single_query_retrieval_time 3189.97s, ip_cost 38595753202, n_proc_query 3.00
[2023-05-23 23:06:40.546] [info] finish queryID 696, single_query_retrieval_time 1992.82s, ip_cost 21317748532, n_proc_query 4.00
[2023-05-23 23:07:01.901] [info] finish queryID 900, single_query_retrieval_time 9208.90s, ip_cost 124460403987, n_proc_query 1.00
[2023-05-23 23:08:37.963] [info] finish queryID 169, single_query_retrieval_time 8511.51s, ip_cost 128524177205, n_proc_query 2.00
[2023-05-23 23:12:12.515] [info] finish queryID 192, single_query_retrieval_time 384.47s, ip_cost 3014265622, n_proc_query 4.00
[2023-05-23 23:12:56.001] [info] finish queryID 901, single_query_retrieval_time 354.10s, ip_cost 3436620508, n_proc_query 2.00
[2023-05-23 23:17:19.098] [info] finish queryID 505, single_query_retrieval_time 2918.51s, ip_cost 34368479594, n_proc_query 2.00
[2023-05-23 23:18:35.266] [info] finish queryID 193, single_query_retrieval_time 382.75s, ip_cost 3555495481, n_proc_query 5.00
[2023-05-23 23:19:49.249] [info] finish queryID 570, single_query_retrieval_time 4171.22s, ip_cost 55597275112, n_proc_query 4.00
[2023-05-23 23:22:17.276] [info] finish queryID 697, single_query_retrieval_time 936.73s, ip_cost 7982916158, n_proc_query 5.00
[2023-05-23 23:24:59.518] [info] finish queryID 379, single_query_retrieval_time 1413.52s, ip_cost 13604287344, n_proc_query 2.00
[2023-05-23 23:27:41.901] [info] finish queryID 780, single_query_retrieval_time 5479.50s, ip_cost 76434144563, n_proc_query 4.00
[2023-05-23 23:29:37.009] [info] finish queryID 126, single_query_retrieval_time 10564.00s, ip_cost 158165125393, n_proc_query 1.00
[2023-05-23 23:33:55.938] [info] finish queryID 757, single_query_retrieval_time 9099.87s, ip_cost 136865369292, n_proc_query 2.00
[2023-05-23 23:39:58.140] [info] finish queryID 380, single_query_retrieval_time 898.62s, ip_cost 7353420448, n_proc_query 3.00
[2023-05-23 23:40:58.936] [info] finish queryID 525, single_query_retrieval_time 11245.93s, ip_cost 171846204756, n_proc_query 1.00
[2023-05-23 23:41:32.149] [info] finish queryID 588, single_query_retrieval_time 11279.15s, ip_cost 169202825565, n_proc_query 1.00
[2023-05-23 23:41:32.266] [info] finish queryID 148, single_query_retrieval_time 8260.75s, ip_cost 94717977893, n_proc_query 2.00
[2023-05-23 23:46:43.557] [info] finish queryID 358, single_query_retrieval_time 10212.09s, ip_cost 148533792264, n_proc_query 2.00
[2023-05-23 23:46:54.716] [info] finish queryID 63, single_query_retrieval_time 11601.71s, ip_cost 155017043688, n_proc_query 1.00
[2023-05-23 23:48:40.948] [info] finish queryID 982, single_query_retrieval_time 2951.47s, ip_cost 34227730839, n_proc_query 3.00
[2023-05-23 23:49:58.977] [info] finish queryID 781, single_query_retrieval_time 1337.08s, ip_cost 13045830712, n_proc_query 5.00
[2023-05-23 23:51:45.677] [info] finish queryID 127, single_query_retrieval_time 1328.67s, ip_cost 12267025812, n_proc_query 2.00
[2023-05-23 23:51:56.837] [info] finish queryID 233, single_query_retrieval_time 3763.16s, ip_cost 46951962929, n_proc_query 3.00
[2023-05-23 23:58:18.678] [info] finish queryID 881, single_query_retrieval_time 9293.64s, ip_cost 131713202302, n_proc_query 2.00
[2023-05-23 23:59:58.603] [info] finish queryID 442, single_query_retrieval_time 12124.52s, ip_cost 159325535892, n_proc_query 2.00
[2023-05-24 00:05:30.588] [info] finish queryID 782, single_query_retrieval_time 931.61s, ip_cost 9494053927, n_proc_query 6.00
[2023-05-24 00:09:39.598] [info] finish queryID 128, single_query_retrieval_time 1073.92s, ip_cost 9627767869, n_proc_query 3.00
[2023-05-24 00:09:39.711] [info] finish queryID 714, single_query_retrieval_time 12966.71s, ip_cost 197479337443, n_proc_query 1.00
[2023-05-24 00:10:27.878] [info] finish queryID 674, single_query_retrieval_time 8297.43s, ip_cost 113412314324, n_proc_query 3.00
[2023-05-24 00:15:05.801] [info] finish queryID 399, single_query_retrieval_time 13292.80s, ip_cost 181880655555, n_proc_query 1.00
[2023-05-24 00:18:24.836] [info] finish queryID 294, single_query_retrieval_time 13491.83s, ip_cost 185410663005, n_proc_query 1.00
[2023-05-24 00:19:44.886] [info] finish queryID 841, single_query_retrieval_time 12191.53s, ip_cost 177934174461, n_proc_query 2.00
[2023-05-24 00:23:58.586] [info] finish queryID 484, single_query_retrieval_time 13530.09s, ip_cost 183792025419, n_proc_query 2.00
[2023-05-24 00:24:42.312] [info] finish queryID 234, single_query_retrieval_time 1965.47s, ip_cost 21200338862, n_proc_query 4.00
[2023-05-24 00:26:05.579] [info] finish queryID 675, single_query_retrieval_time 937.70s, ip_cost 9226025996, n_proc_query 4.00
[2023-05-24 00:27:05.356] [info] finish queryID 252, single_query_retrieval_time 14012.35s, ip_cost 210329244291, n_proc_query 1.00
[2023-05-24 00:31:37.389] [info] finish queryID 983, single_query_retrieval_time 2576.44s, ip_cost 30757883422, n_proc_query 4.00
[2023-05-24 00:31:41.917] [info] finish queryID 443, single_query_retrieval_time 1903.31s, ip_cost 21536051759, n_proc_query 3.00
[2023-05-24 00:31:51.098] [info] finish queryID 485, single_query_retrieval_time 472.51s, ip_cost 3794943519, n_proc_query 3.00
[2023-05-24 00:34:26.206] [info] finish queryID 676, single_query_retrieval_time 500.63s, ip_cost 4837924322, n_proc_query 5.00
[2023-05-24 00:35:30.844] [info] finish queryID 400, single_query_retrieval_time 1225.04s, ip_cost 11900210728, n_proc_query 2.00
[2023-05-24 00:37:15.359] [info] finish queryID 0, single_query_retrieval_time 14622.35s, ip_cost 222181170907, n_proc_query 1.00
[2023-05-24 00:43:04.909] [info] finish queryID 783, single_query_retrieval_time 2254.32s, ip_cost 26584960317, n_proc_query 7.00
[2023-05-24 00:43:21.078] [info] finish queryID 359, single_query_retrieval_time 3397.52s, ip_cost 42359580972, n_proc_query 3.00
[2023-05-24 00:45:00.146] [info] finish queryID 235, single_query_retrieval_time 1217.83s, ip_cost 12744840538, n_proc_query 5.00
[2023-05-24 00:46:08.037] [info] finish queryID 798, single_query_retrieval_time 15155.03s, ip_cost 232824394186, n_proc_query 1.00
[2023-05-24 00:46:31.758] [info] finish queryID 401, single_query_retrieval_time 660.91s, ip_cost 6009233080, n_proc_query 3.00
[2023-05-24 00:48:33.577] [info] finish queryID 735, single_query_retrieval_time 15300.57s, ip_cost 224258718107, n_proc_query 1.00
[2023-05-24 00:51:06.350] [info] finish queryID 799, single_query_retrieval_time 298.31s, ip_cost 2991693880, n_proc_query 2.00
[2023-05-24 00:52:06.376] [info] finish queryID 842, single_query_retrieval_time 1941.49s, ip_cost 21123569445, n_proc_query 3.00
[2023-05-24 00:54:25.114] [info] finish queryID 420, single_query_retrieval_time 15652.11s, ip_cost 240103957909, n_proc_query 1.00
[2023-05-24 00:54:34.500] [info] finish queryID 402, single_query_retrieval_time 482.74s, ip_cost 4781561237, n_proc_query 4.00
[2023-05-24 00:56:44.048] [info] finish queryID 273, single_query_retrieval_time 15791.04s, ip_cost 230393812131, n_proc_query 1.00
[2023-05-24 00:57:06.408] [info] finish queryID 984, single_query_retrieval_time 1529.02s, ip_cost 15250684251, n_proc_query 5.00
[2023-05-24 00:59:33.331] [info] finish queryID 84, single_query_retrieval_time 15960.33s, ip_cost 240867776531, n_proc_query 1.00
[2023-05-24 01:00:11.691] [info] finish queryID 589, single_query_retrieval_time 4719.54s, ip_cost 62680385736, n_proc_query 2.00
[2023-05-24 01:00:31.200] [info] finish queryID 129, single_query_retrieval_time 3051.60s, ip_cost 33689782040, n_proc_query 4.00
[2023-05-24 01:02:11.793] [info] finish queryID 403, single_query_retrieval_time 457.29s, ip_cost 4530183633, n_proc_query 5.00
[2023-05-24 01:03:08.717] [info] finish queryID 444, single_query_retrieval_time 1886.80s, ip_cost 20841247575, n_proc_query 4.00
[2023-05-24 01:03:23.238] [info] finish queryID 651, single_query_retrieval_time 16190.23s, ip_cost 244873888384, n_proc_query 1.00
[2023-05-24 01:04:35.669] [info] finish queryID 862, single_query_retrieval_time 8557.20s, ip_cost 127162715459, n_proc_query 3.00
[2023-05-24 01:04:59.266] [info] finish queryID 821, single_query_retrieval_time 13364.22s, ip_cost 203580676777, n_proc_query 3.00
[2023-05-24 01:06:21.592] [info] finish queryID 43, single_query_retrieval_time 15755.92s, ip_cost 229108018312, n_proc_query 2.00
[2023-05-24 01:08:48.494] [info] finish queryID 960, single_query_retrieval_time 16515.49s, ip_cost 252967162440, n_proc_query 1.00
[2023-05-24 01:09:54.907] [info] finish queryID 194, single_query_retrieval_time 6679.64s, ip_cost 75698604452, n_proc_query 6.00
[2023-05-24 01:11:50.741] [info] finish queryID 961, single_query_retrieval_time 182.25s, ip_cost 1120233717, n_proc_query 2.00
[2023-05-24 01:12:31.263] [info] finish queryID 21, single_query_retrieval_time 16738.26s, ip_cost 251354311450, n_proc_query 1.00
[2023-05-24 01:16:14.743] [info] finish queryID 940, single_query_retrieval_time 16961.74s, ip_cost 254874683093, n_proc_query 1.00
[2023-05-24 01:20:36.318] [info] finish queryID 211, single_query_retrieval_time 14202.24s, ip_cost 207530016018, n_proc_query 2.00
[2023-05-24 01:22:06.712] [info] finish queryID 421, single_query_retrieval_time 1661.60s, ip_cost 18761032925, n_proc_query 2.00
[2023-05-24 01:22:38.986] [info] finish queryID 962, single_query_retrieval_time 648.24s, ip_cost 4994448904, n_proc_query 3.00
[2023-05-24 01:26:47.420] [info] finish queryID 758, single_query_retrieval_time 6771.48s, ip_cost 77063921629, n_proc_query 3.00
[2023-05-24 01:35:42.172] [info] finish queryID 170, single_query_retrieval_time 8824.21s, ip_cost 112421072757, n_proc_query 3.00
[2023-05-24 01:41:41.815] [info] finish queryID 506, single_query_retrieval_time 8662.72s, ip_cost 127301313194, n_proc_query 3.00
[2023-05-24 01:48:58.905] [info] finish queryID 985, single_query_retrieval_time 3112.50s, ip_cost 40072331884, n_proc_query 6.00
[2023-05-24 01:49:10.727] [info] finish queryID 465, single_query_retrieval_time 16986.08s, ip_cost 255192442234, n_proc_query 4.00
[2023-05-24 01:51:00.838] [info] finish queryID 338, single_query_retrieval_time 16484.47s, ip_cost 250147718057, n_proc_query 3.00
[2023-05-24 01:54:42.538] [info] finish queryID 677, single_query_retrieval_time 4816.33s, ip_cost 65883129233, n_proc_query 6.00
[2023-05-24 02:06:11.292] [info] finish queryID 106, single_query_retrieval_time 14144.08s, ip_cost 216555243875, n_proc_query 2.00
[2023-05-24 02:08:29.162] [info] finish queryID 236, single_query_retrieval_time 5009.02s, ip_cost 70892470654, n_proc_query 6.00
[2023-05-24 02:11:43.282] [info] finish queryID 963, single_query_retrieval_time 2944.30s, ip_cost 36705417748, n_proc_query 4.00
[2023-05-24 02:13:51.378] [info] finish queryID 571, single_query_retrieval_time 10442.13s, ip_cost 163167038390, n_proc_query 5.00
[2023-05-24 02:14:36.046] [info] finish queryID 590, single_query_retrieval_time 4464.35s, ip_cost 62156776479, n_proc_query 3.00
[2023-05-24 02:14:57.210] [info] finish queryID 316, single_query_retrieval_time 14314.44s, ip_cost 208583675518, n_proc_query 2.00
[2023-05-24 02:17:04.248] [info] finish queryID 64, single_query_retrieval_time 9009.53s, ip_cost 111333779605, n_proc_query 2.00
[2023-05-24 02:22:26.086] [info] finish queryID 149, single_query_retrieval_time 9653.82s, ip_cost 122778493726, n_proc_query 3.00
[2023-05-24 02:25:36.007] [info] finish queryID 631, single_query_retrieval_time 13795.58s, ip_cost 206203654404, n_proc_query 2.00
[2023-05-24 02:26:54.256] [info] finish queryID 941, single_query_retrieval_time 4239.51s, ip_cost 51737905443, n_proc_query 2.00
[2023-05-24 02:31:27.015] [info] finish queryID 295, single_query_retrieval_time 7982.18s, ip_cost 106630333394, n_proc_query 2.00
[2023-05-24 02:37:52.255] [info] finish queryID 922, single_query_retrieval_time 14096.57s, ip_cost 219261541531, n_proc_query 3.00
[2023-05-24 02:39:55.489] [info] finish queryID 678, single_query_retrieval_time 2712.95s, ip_cost 34610739907, n_proc_query 7.00
[2023-05-24 02:41:27.432] [info] finish queryID 296, single_query_retrieval_time 600.42s, ip_cost 5675233494, n_proc_query 3.00
[2023-05-24 02:52:14.115] [info] finish queryID 237, single_query_retrieval_time 2624.95s, ip_cost 30405128161, n_proc_query 7.00
[2023-05-24 02:56:03.947] [info] finish queryID 445, single_query_retrieval_time 6775.23s, ip_cost 97440228012, n_proc_query 5.00
[2023-05-24 03:01:05.290] [info] finish queryID 882, single_query_retrieval_time 10966.61s, ip_cost 146560052692, n_proc_query 3.00
[2023-05-24 03:01:25.579] [info] finish queryID 923, single_query_retrieval_time 1413.32s, ip_cost 13530774189, n_proc_query 4.00
[2023-05-24 03:02:02.314] [info] finish queryID 679, single_query_retrieval_time 1326.82s, ip_cost 12837432711, n_proc_query 8.00
[2023-05-24 03:05:21.798] [info] finish queryID 652, single_query_retrieval_time 7318.56s, ip_cost 100631415430, n_proc_query 2.00
[2023-05-24 03:10:14.266] [info] finish queryID 526, single_query_retrieval_time 12555.33s, ip_cost 193136305014, n_proc_query 2.00
[2023-05-24 03:12:05.800] [info] finish queryID 130, single_query_retrieval_time 7894.60s, ip_cost 91393044970, n_proc_query 5.00
[2023-05-24 03:13:46.478] [info] finish queryID 360, single_query_retrieval_time 9025.40s, ip_cost 124177224032, n_proc_query 4.00
[2023-05-24 03:13:54.448] [info] finish queryID 547, single_query_retrieval_time 16977.61s, ip_cost 265687105063, n_proc_query 2.00
[2023-05-24 03:14:08.355] [info] finish queryID 212, single_query_retrieval_time 6812.04s, ip_cost 78192714543, n_proc_query 3.00
[2023-05-24 03:14:28.873] [info] finish queryID 610, single_query_retrieval_time 15585.03s, ip_cost 242083176876, n_proc_query 2.00
[2023-05-24 03:15:30.073] [info] finish queryID 863, single_query_retrieval_time 7854.40s, ip_cost 110590525042, n_proc_query 4.00
[2023-05-24 03:23:22.540] [info] finish queryID 171, single_query_retrieval_time 6460.37s, ip_cost 97283370571, n_proc_query 4.00
[2023-05-24 03:27:28.228] [info] finish queryID 784, single_query_retrieval_time 9863.32s, ip_cost 151827871789, n_proc_query 8.00
[2023-05-24 03:28:39.285] [info] finish queryID 486, single_query_retrieval_time 10608.19s, ip_cost 150442416674, n_proc_query 4.00
[2023-05-24 03:28:48.017] [info] finish queryID 964, single_query_retrieval_time 4624.73s, ip_cost 63135078566, n_proc_query 5.00
[2023-05-24 03:29:07.243] [info] finish queryID 736, single_query_retrieval_time 9633.67s, ip_cost 121858614317, n_proc_query 2.00
[2023-05-24 03:32:01.260] [info] finish queryID 883, single_query_retrieval_time 1855.97s, ip_cost 19535657542, n_proc_query 4.00
[2023-05-24 03:33:08.265] [info] finish queryID 422, single_query_retrieval_time 7861.55s, ip_cost 119137722967, n_proc_query 3.00
[2023-05-24 03:38:00.875] [info] finish queryID 698, single_query_retrieval_time 15343.60s, ip_cost 235726130211, n_proc_query 6.00
[2023-05-24 03:39:08.444] [info] finish queryID 446, single_query_retrieval_time 2584.50s, ip_cost 32642885208, n_proc_query 6.00
[2023-05-24 03:39:11.397] [info] finish queryID 274, single_query_retrieval_time 9747.35s, ip_cost 127345771282, n_proc_query 2.00
[2023-05-24 03:40:23.163] [info] finish queryID 884, single_query_retrieval_time 501.90s, ip_cost 5050395121, n_proc_query 5.00
[2023-05-24 03:41:14.270] [info] finish queryID 902, single_query_retrieval_time 16098.27s, ip_cost 245381054906, n_proc_query 3.00
[2023-05-24 03:43:36.073] [info] finish queryID 572, single_query_retrieval_time 5384.69s, ip_cost 74323218840, n_proc_query 6.00
[2023-05-24 03:46:34.238] [info] finish queryID 864, single_query_retrieval_time 1864.17s, ip_cost 18935320782, n_proc_query 5.00
[2023-05-24 03:51:39.406] [info] finish queryID 885, single_query_retrieval_time 676.24s, ip_cost 6148880042, n_proc_query 6.00
[2023-05-24 03:52:03.429] [info] finish queryID 699, single_query_retrieval_time 842.55s, ip_cost 8566459189, n_proc_query 7.00
[2023-05-24 03:54:09.415] [info] finish queryID 253, single_query_retrieval_time 12424.06s, ip_cost 175162941110, n_proc_query 2.00
[2023-05-24 03:54:33.867] [info] finish queryID 591, single_query_retrieval_time 5997.82s, ip_cost 69054320245, n_proc_query 4.00
[2023-05-24 03:57:19.103] [info] finish queryID 715, single_query_retrieval_time 13659.39s, ip_cost 197164508317, n_proc_query 2.00
[2023-05-24 03:58:24.220] [info] finish queryID 986, single_query_retrieval_time 7765.31s, ip_cost 111029242783, n_proc_query 7.00
[2023-05-24 03:58:55.654] [info] finish queryID 700, single_query_retrieval_time 412.22s, ip_cost 4224163349, n_proc_query 8.00
[2023-05-24 03:59:40.034] [info] finish queryID 85, single_query_retrieval_time 10806.70s, ip_cost 140547672361, n_proc_query 2.00
[2023-05-24 04:05:04.559] [info] finish queryID 548, single_query_retrieval_time 3070.11s, ip_cost 37497144127, n_proc_query 3.00
[2023-05-24 04:09:51.583] [info] finish queryID 701, single_query_retrieval_time 655.93s, ip_cost 6272897981, n_proc_query 9.00
[2023-05-24 04:10:25.272] [info] finish queryID 942, single_query_retrieval_time 6211.02s, ip_cost 80119685686, n_proc_query 3.00
[2023-05-24 04:16:57.806] [info] finish queryID 822, single_query_retrieval_time 11518.54s, ip_cost 174580222440, n_proc_query 4.00
[2023-05-24 04:17:42.149] [info] finish queryID 573, single_query_retrieval_time 2046.08s, ip_cost 21806465896, n_proc_query 7.00
[2023-05-24 04:21:36.604] [info] finish queryID 965, single_query_retrieval_time 3168.59s, ip_cost 39557101129, n_proc_query 6.00
[2023-05-24 04:24:22.382] [info] finish queryID 131, single_query_retrieval_time 4336.58s, ip_cost 56985842026, n_proc_query 6.00
[2023-05-24 04:25:05.648] [info] finish queryID 381, single_query_retrieval_time 17107.51s, ip_cost 268410376002, n_proc_query 4.00
[2023-05-24 04:26:52.043] [info] finish queryID 943, single_query_retrieval_time 986.77s, ip_cost 10564805977, n_proc_query 4.00
[2023-05-24 04:29:13.971] [info] finish queryID 487, single_query_retrieval_time 3634.69s, ip_cost 46177446225, n_proc_query 5.00
[2023-05-24 04:29:20.578] [info] finish queryID 987, single_query_retrieval_time 1856.36s, ip_cost 17787868278, n_proc_query 8.00
[2023-05-24 04:32:33.907] [info] finish queryID 404, single_query_retrieval_time 12622.11s, ip_cost 185762315855, n_proc_query 6.00
[2023-05-24 04:33:04.350] [info] finish queryID 988, single_query_retrieval_time 223.77s, ip_cost 1289760113, n_proc_query 9.00
[2023-05-24 04:33:14.133] [info] finish queryID 44, single_query_retrieval_time 12412.54s, ip_cost 177088281828, n_proc_query 3.00
[2023-05-24 04:35:58.625] [info] finish queryID 966, single_query_retrieval_time 862.02s, ip_cost 8654929808, n_proc_query 7.00
[2023-05-24 04:38:31.839] [info] finish queryID 361, single_query_retrieval_time 5085.36s, ip_cost 58065920750, n_proc_query 5.00
[2023-05-24 04:44:33.799] [info] finish queryID 45, single_query_retrieval_time 679.67s, ip_cost 6551572780, n_proc_query 4.00
[2023-05-24 04:45:32.576] [info] finish queryID 716, single_query_retrieval_time 2893.47s, ip_cost 33522029936, n_proc_query 3.00
[2023-05-24 04:47:44.632] [info] finish queryID 1, single_query_retrieval_time 15029.27s, ip_cost 225662104587, n_proc_query 2.00
[2023-05-24 04:51:30.550] [info] finish queryID 2, single_query_retrieval_time 225.92s, ip_cost 1322108039, n_proc_query 3.00
[2023-05-24 04:54:35.835] [info] finish queryID 759, single_query_retrieval_time 12468.41s, ip_cost 190339383061, n_proc_query 4.00
[2023-05-24 04:56:50.066] [info] finish queryID 22, single_query_retrieval_time 13458.80s, ip_cost 196059491345, n_proc_query 2.00
[2023-05-24 04:56:54.288] [info] finish queryID 405, single_query_retrieval_time 1460.38s, ip_cost 12911808261, n_proc_query 7.00
[2023-05-24 04:59:46.903] [info] finish queryID 843, single_query_retrieval_time 14860.53s, ip_cost 221501300514, n_proc_query 4.00
[2023-05-24 05:03:20.980] [info] finish queryID 297, single_query_retrieval_time 8513.55s, ip_cost 99506319790, n_proc_query 4.00
[2023-05-24 05:08:10.933] [info] finish queryID 150, single_query_retrieval_time 9944.85s, ip_cost 128851460082, n_proc_query 4.00
[2023-05-24 05:08:51.647] [info] finish queryID 382, single_query_retrieval_time 2626.00s, ip_cost 29488106715, n_proc_query 5.00
[2023-05-24 05:10:37.647] [info] finish queryID 886, single_query_retrieval_time 4738.24s, ip_cost 50618602423, n_proc_query 7.00
[2023-05-24 05:10:56.440] [info] finish queryID 737, single_query_retrieval_time 6109.20s, ip_cost 84237329629, n_proc_query 3.00
[2023-05-24 05:14:10.120] [info] finish queryID 195, single_query_retrieval_time 14655.21s, ip_cost 216140333510, n_proc_query 7.00
[2023-05-24 05:16:17.106] [info] finish queryID 800, single_query_retrieval_time 15910.76s, ip_cost 248171638277, n_proc_query 3.00
[2023-05-24 05:19:36.897] [info] finish queryID 196, single_query_retrieval_time 326.78s, ip_cost 3425200953, n_proc_query 8.00
[2023-05-24 05:24:50.408] [info] finish queryID 738, single_query_retrieval_time 833.97s, ip_cost 7889610010, n_proc_query 4.00
[2023-05-24 05:25:29.798] [info] finish queryID 197, single_query_retrieval_time 352.90s, ip_cost 3296458632, n_proc_query 9.00
[2023-05-24 05:27:07.993] [info] finish queryID 801, single_query_retrieval_time 650.89s, ip_cost 5516535527, n_proc_query 4.00
[2023-05-24 05:28:39.328] [info] finish queryID 785, single_query_retrieval_time 7271.10s, ip_cost 94672955020, n_proc_query 9.00
[2023-05-24 05:34:10.439] [info] finish queryID 466, single_query_retrieval_time 13499.71s, ip_cost 209433717763, n_proc_query 5.00
[2023-05-24 05:34:10.439] [info] total retrieval time larger than stop time, retrieval exit
[2023-05-24 05:34:20.871] [info] finish queryID 944, single_query_retrieval_time 4048.83s, ip_cost 52364431624, n_proc_query 5.00
[2023-05-24 05:34:20.871] [info] total retrieval time larger than stop time, retrieval exit
[2023-05-24 05:34:43.691] [info] finish queryID 198, single_query_retrieval_time 553.89s, ip_cost 4713109940, n_proc_query 10.00
[2023-05-24 05:34:43.691] [info] total retrieval time larger than stop time, retrieval exit
[2023-05-24 05:38:46.441] [info] finish queryID 717, single_query_retrieval_time 3193.87s, ip_cost 39429199481, n_proc_query 4.00
[2023-05-24 05:38:46.441] [info] total retrieval time larger than stop time, retrieval exit
[2023-05-24 05:39:57.252] [info] finish queryID 317, single_query_retrieval_time 12300.04s, ip_cost 182339518689, n_proc_query 3.00
[2023-05-24 05:39:57.252] [info] total retrieval time larger than stop time, retrieval exit
[2023-05-24 05:40:18.394] [info] finish queryID 680, single_query_retrieval_time 9496.08s, ip_cost 127717328834, n_proc_query 9.00
[2023-05-24 05:40:18.394] [info] total retrieval time larger than stop time, retrieval exit
[2023-05-24 05:43:02.526] [info] finish queryID 339, single_query_retrieval_time 13921.69s, ip_cost 204552764602, n_proc_query 4.00
[2023-05-24 05:43:02.526] [info] total retrieval time larger than stop time, retrieval exit
[2023-05-24 05:49:10.592] [info] finish queryID 488, single_query_retrieval_time 4796.62s, ip_cost 65698195008, n_proc_query 6.00
[2023-05-24 05:49:10.592] [info] total retrieval time larger than stop time, retrieval exit
[2023-05-24 05:49:32.659] [info] finish queryID 739, single_query_retrieval_time 1482.25s, ip_cost 14839149008, n_proc_query 5.00
[2023-05-24 05:49:32.659] [info] total retrieval time larger than stop time, retrieval exit
[2023-05-24 05:50:38.322] [info] finish queryID 549, single_query_retrieval_time 6333.76s, ip_cost 95965688869, n_proc_query 4.00
[2023-05-24 05:50:38.322] [info] total retrieval time larger than stop time, retrieval exit
[2023-05-24 05:52:22.580] [info] finish queryID 362, single_query_retrieval_time 4430.74s, ip_cost 60426867996, n_proc_query 6.00
[2023-05-24 05:52:22.580] [info] total retrieval time larger than stop time, retrieval exit
[2023-05-24 05:53:22.663] [info] finish queryID 172, single_query_retrieval_time 9000.12s, ip_cost 130629403495, n_proc_query 5.00
[2023-05-24 05:53:22.663] [info] total retrieval time larger than stop time, retrieval exit
[2023-05-24 05:56:39.341] [info] finish queryID 989, single_query_retrieval_time 5014.99s, ip_cost 72809714551, n_proc_query 10.00
[2023-05-24 05:56:39.341] [info] total retrieval time larger than stop time, retrieval exit
[2023-05-24 05:59:05.133] [info] finish queryID 65, single_query_retrieval_time 13320.89s, ip_cost 209145362923, n_proc_query 3.00
[2023-05-24 05:59:05.134] [info] total retrieval time larger than stop time, retrieval exit
[2023-05-24 06:00:29.276] [info] finish queryID 254, single_query_retrieval_time 7579.86s, ip_cost 112543267434, n_proc_query 3.00
[2023-05-24 06:00:29.276] [info] total retrieval time larger than stop time, retrieval exit
[2023-05-24 06:00:52.768] [info] finish queryID 298, single_query_retrieval_time 3451.79s, ip_cost 47599849019, n_proc_query 5.00
[2023-05-24 06:00:52.768] [info] total retrieval time larger than stop time, retrieval exit
[2023-05-24 06:01:07.211] [info] finish queryID 653, single_query_retrieval_time 10545.41s, ip_cost 140010456104, n_proc_query 3.00
[2023-05-24 06:01:07.211] [info] total retrieval time larger than stop time, retrieval exit
[2023-05-24 06:02:48.679] [info] finish queryID 107, single_query_retrieval_time 14197.39s, ip_cost 221157887703, n_proc_query 3.00
[2023-05-24 06:02:48.679] [info] total retrieval time larger than stop time, retrieval exit
[2023-05-24 06:07:13.237] [info] finish queryID 967, single_query_retrieval_time 5474.61s, ip_cost 79627483310, n_proc_query 8.00
[2023-05-24 06:07:13.237] [info] total retrieval time larger than stop time, retrieval exit
[2023-05-24 06:11:44.471] [info] finish queryID 507, single_query_retrieval_time 16202.66s, ip_cost 252142942442, n_proc_query 4.00
[2023-05-24 06:11:44.471] [info] total retrieval time larger than stop time, retrieval exit
[2023-05-24 06:12:47.239] [info] finish queryID 592, single_query_retrieval_time 8293.37s, ip_cost 104395001578, n_proc_query 5.00
[2023-05-24 06:12:47.239] [info] total retrieval time larger than stop time, retrieval exit
[2023-05-24 06:19:08.763] [info] finish queryID 423, single_query_retrieval_time 9960.50s, ip_cost 163411178933, n_proc_query 4.00
[2023-05-24 06:19:08.764] [info] total retrieval time larger than stop time, retrieval exit
[2023-05-24 06:19:12.784] [info] finish queryID 238, single_query_retrieval_time 12418.67s, ip_cost 197346196095, n_proc_query 8.00
[2023-05-24 06:19:12.784] [info] total retrieval time larger than stop time, retrieval exit
[2023-05-24 06:27:37.853] [info] finish queryID 632, single_query_retrieval_time 14521.85s, ip_cost 234589907236, n_proc_query 3.00
[2023-05-24 06:27:37.853] [info] total retrieval time larger than stop time, retrieval exit
[2023-05-24 06:29:06.493] [info] finish queryID 844, single_query_retrieval_time 5359.59s, ip_cost 85074708577, n_proc_query 5.00
[2023-05-24 06:29:06.493] [info] total retrieval time larger than stop time, retrieval exit
[2023-05-24 06:32:13.583] [info] finish queryID 447, single_query_retrieval_time 10385.14s, ip_cost 162666675452, n_proc_query 7.00
[2023-05-24 06:32:13.583] [info] total retrieval time larger than stop time, retrieval exit
[2023-05-24 06:33:57.943] [info] finish queryID 527, single_query_retrieval_time 12223.68s, ip_cost 191952184867, n_proc_query 3.00
[2023-05-24 06:33:57.943] [info] total retrieval time larger than stop time, retrieval exit
[2023-05-24 06:39:31.726] [info] finish queryID 213, single_query_retrieval_time 12323.37s, ip_cost 204061942239, n_proc_query 4.00
[2023-05-24 06:39:31.726] [info] total retrieval time larger than stop time, retrieval exit
[2023-05-24 06:40:18.210] [info] finish queryID 611, single_query_retrieval_time 12349.34s, ip_cost 191479854534, n_proc_query 3.00
[2023-05-24 06:40:18.210] [info] total retrieval time larger than stop time, retrieval exit
[2023-05-24 06:40:32.403] [info] finish queryID 924, single_query_retrieval_time 13146.82s, ip_cost 224402699263, n_proc_query 5.00
[2023-05-24 06:40:32.403] [info] total retrieval time larger than stop time, retrieval exit
[2023-05-24 06:45:53.870] [info] finish queryID 86, single_query_retrieval_time 9973.84s, ip_cost 164528721050, n_proc_query 3.00
[2023-05-24 06:45:53.871] [info] total retrieval time larger than stop time, retrieval exit
[2023-05-24 06:50:23.669] [info] finish queryID 903, single_query_retrieval_time 11349.40s, ip_cost 185725138231, n_proc_query 4.00
[2023-05-24 06:50:23.669] [info] total retrieval time larger than stop time, retrieval exit
[2023-05-24 06:50:31.612] [info] finish queryID 46, single_query_retrieval_time 7557.81s, ip_cost 125808072498, n_proc_query 5.00
[2023-05-24 06:50:31.612] [info] total retrieval time larger than stop time, retrieval exit
[2023-05-24 06:52:56.298] [info] finish queryID 383, single_query_retrieval_time 6244.65s, ip_cost 92506598280, n_proc_query 6.00
[2023-05-24 06:52:56.298] [info] total retrieval time larger than stop time, retrieval exit
[2023-05-24 07:10:44.392] [info] finish queryID 406, single_query_retrieval_time 8030.10s, ip_cost 150139525043, n_proc_query 8.00
[2023-05-24 07:10:44.392] [info] total retrieval time larger than stop time, retrieval exit
[2023-05-24 07:18:04.255] [info] finish queryID 574, single_query_retrieval_time 10822.11s, ip_cost 199551322642, n_proc_query 8.00
[2023-05-24 07:18:04.255] [info] total retrieval time larger than stop time, retrieval exit
[2023-05-24 07:18:59.920] [info] finish queryID 275, single_query_retrieval_time 13188.52s, ip_cost 231179087755, n_proc_query 3.00
[2023-05-24 07:18:59.920] [info] total retrieval time larger than stop time, retrieval exit
[2023-05-24 07:23:29.711] [info] finish queryID 760, single_query_retrieval_time 8933.88s, ip_cost 167535796714, n_proc_query 5.00
[2023-05-24 07:23:29.711] [info] total retrieval time larger than stop time, retrieval exit
[2023-05-24 07:25:48.111] [info] finish queryID 132, single_query_retrieval_time 10885.73s, ip_cost 190838798267, n_proc_query 7.00
[2023-05-24 07:25:48.111] [info] total retrieval time larger than stop time, retrieval exit
[2023-05-24 07:28:04.252] [info] finish queryID 865, single_query_retrieval_time 13290.01s, ip_cost 236445764751, n_proc_query 6.00
[2023-05-24 07:28:04.252] [info] total retrieval time larger than stop time, retrieval exit
[2023-05-24 07:32:10.734] [info] finish queryID 823, single_query_retrieval_time 11712.93s, ip_cost 207585860637, n_proc_query 5.00
[2023-05-24 07:32:10.734] [info] total retrieval time larger than stop time, retrieval exit
[2023-05-24 07:35:54.360] [info] finish queryID 151, single_query_retrieval_time 8863.43s, ip_cost 174728893218, n_proc_query 5.00
[2023-05-24 07:35:54.360] [info] total retrieval time larger than stop time, retrieval exit
[2023-05-24 07:38:51.516] [info] finish queryID 23, single_query_retrieval_time 9721.45s, ip_cost 172416315962, n_proc_query 3.00
[2023-05-24 07:38:51.517] [info] total retrieval time larger than stop time, retrieval exit
[2023-05-24 07:45:09.072] [info] finish queryID 702, single_query_retrieval_time 12917.49s, ip_cost 239104109760, n_proc_query 10.00
[2023-05-24 07:45:09.073] [info] total retrieval time larger than stop time, retrieval exit
[2023-05-24 07:54:07.745] [info] finish queryID 3, single_query_retrieval_time 10957.19s, ip_cost 219775786590, n_proc_query 4.00
[2023-05-24 07:54:07.745] [info] total retrieval time larger than stop time, retrieval exit
[2023-05-24 08:16:24.563] [info] finish queryID 887, single_query_retrieval_time 11146.92s, ip_cost 216971096420, n_proc_query 8.00
[2023-05-24 08:16:24.563] [info] total retrieval time larger than stop time, retrieval exit
[2023-05-24 08:52:08.079] [info] finish queryID 802, single_query_retrieval_time 12300.09s, ip_cost 254077482777, n_proc_query 5.00
[2023-05-24 08:52:08.079] [info] total retrieval time larger than stop time, retrieval exit
[2023-05-24 09:19:59.678] [info] finish queryID 786, single_query_retrieval_time 13880.35s, ip_cost 292537065191, n_proc_query 10.00
[2023-05-24 09:19:59.678] [info] total retrieval time larger than stop time, retrieval exit
[2023-05-24 09:19:59.678] [info] finish top-100
[2023-05-24 09:19:59.678] [info] top100 retrieval time: total 45986.674s, n_proc_query 257.000
	total single query retrieval time 1740251.168s, total ip cost 25431172187611
	maximum ip cost 389183793282.00, proportion 65.345
[2023-05-24 09:19:59.678] [info] build index time: total 95.169537045s
top100 retrieval time: total 45986.674s, n_proc_query 257.000
	total single query retrieval time 1740251.168s, total ip cost 25431172187611
	maximum ip cost 389183793282.00, proportion 65.345
