nohup: ignoring input
[2023-05-23 12:53:59.809] [info] Retrieval method_name RtreeItemOnly, dataset_name yelp-8d, topk 100
[2023-05-23 12:53:59.809] [info] dataset_dir /home/zhengbian/Dataset/ReverseMIPS
[2023-05-23 12:53:59.809] [info] index_dir /home/zhengbian/reverse-k-ranks/index
[2023-05-23 12:54:06.132] [info] n_data_item 159585, n_query_item 1000, n_user 2189457, vec_dim 8
[2023-05-23 12:54:06.133] [info] input parameter: stop_time 30600s
159585 entries created
3000 entries inserted, progress 1.87988%, batch time 1.21469s, passed time 1.21469s, predicted finish time 64.5941s
6000 entries inserted, progress 3.75975%, batch time 1.92517s, passed time 3.13986s, predicted finish time 83.4985s
9000 entries inserted, progress 5.63963%, batch time 2.26658s, passed time 5.40644s, predicted finish time 95.8545s
12000 entries inserted, progress 7.5195%, batch time 2.23347s, passed time 7.63991s, predicted finish time 101.593s
15000 entries inserted, progress 9.39938%, batch time 2.79702s, passed time 10.4369s, predicted finish time 111.031s
18000 entries inserted, progress 11.2793%, batch time 2.66173s, passed time 13.0987s, predicted finish time 116.124s
21000 entries inserted, progress 13.1591%, batch time 3.06085s, passed time 16.1595s, predicted finish time 122.795s
24000 entries inserted, progress 15.039%, batch time 3.64779s, passed time 19.8073s, predicted finish time 131.701s
27000 entries inserted, progress 16.9189%, batch time 3.56147s, passed time 23.3688s, predicted finish time 138.117s
30000 entries inserted, progress 18.7988%, batch time 3.85378s, passed time 27.2225s, predicted finish time 144.806s
33000 entries inserted, progress 20.6786%, batch time 3.59677s, passed time 30.8193s, predicted finish time 149.035s
36000 entries inserted, progress 22.5585%, batch time 3.56946s, passed time 34.3888s, predicted finish time 152.438s
39000 entries inserted, progress 24.4384%, batch time 3.61545s, passed time 38.0042s, predicted finish time 155.506s
42000 entries inserted, progress 26.3183%, batch time 4.69131s, passed time 42.6955s, predicted finish time 162.224s
45000 entries inserted, progress 28.1981%, batch time 4.43959s, passed time 47.1351s, predicted finish time 167.153s
48000 entries inserted, progress 30.078%, batch time 4.34757s, passed time 51.4827s, predicted finish time 171.16s
51000 entries inserted, progress 31.9579%, batch time 4.7686s, passed time 56.2513s, predicted finish time 176.013s
54000 entries inserted, progress 33.8378%, batch time 4.96771s, passed time 61.219s, predicted finish time 180.916s
57000 entries inserted, progress 35.7176%, batch time 5.23374s, passed time 66.4527s, predicted finish time 186.047s
60000 entries inserted, progress 37.5975%, batch time 5.61863s, passed time 72.0714s, predicted finish time 191.689s
63000 entries inserted, progress 39.4774%, batch time 4.48935s, passed time 76.5607s, predicted finish time 193.933s
66000 entries inserted, progress 41.3573%, batch time 4.54019s, passed time 81.1009s, predicted finish time 196.095s
69000 entries inserted, progress 43.2371%, batch time 4.85732s, passed time 85.9582s, predicted finish time 198.804s
72000 entries inserted, progress 45.117%, batch time 4.90834s, passed time 90.8666s, predicted finish time 201.399s
75000 entries inserted, progress 46.9969%, batch time 6.72812s, passed time 97.5947s, predicted finish time 207.659s
78000 entries inserted, progress 48.8768%, batch time 6.71556s, passed time 104.31s, predicted finish time 213.412s
81000 entries inserted, progress 50.7567%, batch time 7.22412s, passed time 111.534s, predicted finish time 219.741s
84000 entries inserted, progress 52.6365%, batch time 7.64883s, passed time 119.183s, predicted finish time 226.424s
87000 entries inserted, progress 54.5164%, batch time 7.97087s, passed time 127.154s, predicted finish time 233.237s
90000 entries inserted, progress 56.3963%, batch time 7.30193s, passed time 134.456s, predicted finish time 238.41s
93000 entries inserted, progress 58.2762%, batch time 7.5787s, passed time 142.035s, predicted finish time 243.724s
96000 entries inserted, progress 60.156%, batch time 7.45761s, passed time 149.492s, predicted finish time 248.505s
99000 entries inserted, progress 62.0359%, batch time 8.10846s, passed time 157.601s, predicted finish time 254.045s
102000 entries inserted, progress 63.9158%, batch time 6.31627s, passed time 163.917s, predicted finish time 256.455s
105000 entries inserted, progress 65.7957%, batch time 6.30028s, passed time 170.217s, predicted finish time 258.704s
108000 entries inserted, progress 67.6755%, batch time 9.4069s, passed time 179.624s, predicted finish time 265.417s
111000 entries inserted, progress 69.5554%, batch time 9.4414s, passed time 189.066s, predicted finish time 271.818s
114000 entries inserted, progress 71.4353%, batch time 10.2989s, passed time 199.365s, predicted finish time 279.082s
117000 entries inserted, progress 73.3152%, batch time 10.6989s, passed time 210.063s, predicted finish time 286.519s
120000 entries inserted, progress 75.195%, batch time 7.14994s, passed time 217.213s, predicted finish time 288.864s
123000 entries inserted, progress 77.0749%, batch time 7.50132s, passed time 224.715s, predicted finish time 291.551s
126000 entries inserted, progress 78.9548%, batch time 6.84385s, passed time 231.559s, predicted finish time 293.278s
129000 entries inserted, progress 80.8347%, batch time 6.91365s, passed time 238.472s, predicted finish time 295.01s
132000 entries inserted, progress 82.7145%, batch time 7.43774s, passed time 245.91s, predicted finish time 297.297s
135000 entries inserted, progress 84.5944%, batch time 7.73946s, passed time 253.649s, predicted finish time 299.84s
138000 entries inserted, progress 86.4743%, batch time 7.34589s, passed time 260.995s, predicted finish time 301.816s
141000 entries inserted, progress 88.3542%, batch time 6.90507s, passed time 267.9s, predicted finish time 303.21s
144000 entries inserted, progress 90.234%, batch time 12.1494s, passed time 280.05s, predicted finish time 310.357s
147000 entries inserted, progress 92.1139%, batch time 13.8453s, passed time 293.895s, predicted finish time 319.054s
150000 entries inserted, progress 93.9938%, batch time 13.9627s, passed time 307.858s, predicted finish time 327.528s
153000 entries inserted, progress 95.8737%, batch time 14.0808s, passed time 321.939s, predicted finish time 335.792s
156000 entries inserted, progress 97.7535%, batch time 11.9319s, passed time 333.87s, predicted finish time 341.541s
159000 entries inserted, progress 99.6334%, batch time 11.1615s, passed time 345.032s, predicted finish time 346.299s
159585 entries created
[2023-05-23 12:59:55.198] [info] finish preprocess and save the index
[2023-05-23 13:13:56.664] [info] finish queryID 273, single_query_retrieval_time 841.45s, ip_cost 952579668, n_proc_query 1.00
[2023-05-23 13:18:35.697] [info] finish queryID 231, single_query_retrieval_time 1120.48s, ip_cost 1744371086, n_proc_query 1.00
[2023-05-23 13:23:13.074] [info] finish queryID 42, single_query_retrieval_time 1397.86s, ip_cost 2823087107, n_proc_query 1.00
[2023-05-23 13:23:27.646] [info] finish queryID 420, single_query_retrieval_time 1412.43s, ip_cost 1908029785, n_proc_query 1.00
[2023-05-23 13:24:00.087] [info] finish queryID 960, single_query_retrieval_time 1444.87s, ip_cost 1278157973, n_proc_query 1.00
[2023-05-23 13:25:31.814] [info] finish queryID 378, single_query_retrieval_time 1536.60s, ip_cost 2529543672, n_proc_query 1.00
[2023-05-23 13:26:48.457] [info] finish queryID 735, single_query_retrieval_time 1613.24s, ip_cost 4027380025, n_proc_query 1.00
[2023-05-23 13:27:21.638] [info] finish queryID 294, single_query_retrieval_time 1646.42s, ip_cost 3283403093, n_proc_query 1.00
[2023-05-23 13:30:41.246] [info] finish queryID 756, single_query_retrieval_time 1846.03s, ip_cost 4260831124, n_proc_query 1.00
[2023-05-23 13:31:52.785] [info] finish queryID 880, single_query_retrieval_time 1917.57s, ip_cost 850653173, n_proc_query 1.00
[2023-05-23 13:34:01.185] [info] finish queryID 980, single_query_retrieval_time 2045.97s, ip_cost 2697449313, n_proc_query 1.00
[2023-05-23 13:36:50.892] [info] finish queryID 940, single_query_retrieval_time 2215.68s, ip_cost 4090455923, n_proc_query 1.00
[2023-05-23 13:36:52.787] [info] finish queryID 651, single_query_retrieval_time 2217.57s, ip_cost 3712392299, n_proc_query 1.00
[2023-05-23 13:39:33.349] [info] finish queryID 336, single_query_retrieval_time 2378.13s, ip_cost 6398972482, n_proc_query 1.00
[2023-05-23 13:40:58.754] [info] finish queryID 961, single_query_retrieval_time 1018.67s, ip_cost 1191859733, n_proc_query 2.00
[2023-05-23 13:41:25.115] [info] finish queryID 819, single_query_retrieval_time 2489.90s, ip_cost 6828375118, n_proc_query 1.00
[2023-05-23 13:43:17.390] [info] finish queryID 736, single_query_retrieval_time 988.93s, ip_cost 1091634171, n_proc_query 2.00
[2023-05-23 13:43:30.802] [info] finish queryID 777, single_query_retrieval_time 2615.59s, ip_cost 5700538398, n_proc_query 1.00
[2023-05-23 13:43:31.890] [info] finish queryID 567, single_query_retrieval_time 2616.67s, ip_cost 4046054633, n_proc_query 1.00
[2023-05-23 13:45:20.723] [info] finish queryID 232, single_query_retrieval_time 1605.03s, ip_cost 4000473561, n_proc_query 2.00
[2023-05-23 13:45:23.417] [info] finish queryID 21, single_query_retrieval_time 2728.20s, ip_cost 5972740123, n_proc_query 1.00
[2023-05-23 13:46:17.642] [info] finish queryID 757, single_query_retrieval_time 936.40s, ip_cost 1973264229, n_proc_query 2.00
[2023-05-23 13:46:19.902] [info] finish queryID 43, single_query_retrieval_time 1386.83s, ip_cost 1989145912, n_proc_query 2.00
[2023-05-23 13:47:11.721] [info] finish queryID 337, single_query_retrieval_time 458.37s, ip_cost 668516677, n_proc_query 2.00
[2023-05-23 13:49:55.626] [info] finish queryID 630, single_query_retrieval_time 3000.41s, ip_cost 5617737007, n_proc_query 1.00
[2023-05-23 13:50:05.029] [info] finish queryID 840, single_query_retrieval_time 3009.81s, ip_cost 5206324445, n_proc_query 1.00
[2023-05-23 13:51:01.408] [info] finish queryID 315, single_query_retrieval_time 3066.19s, ip_cost 6467687331, n_proc_query 1.00
[2023-05-23 13:52:06.060] [info] finish queryID 900, single_query_retrieval_time 3130.84s, ip_cost 6158086224, n_proc_query 1.00
[2023-05-23 13:52:17.642] [info] finish queryID 609, single_query_retrieval_time 3142.43s, ip_cost 6141685820, n_proc_query 1.00
[2023-05-23 13:52:54.866] [info] finish queryID 63, single_query_retrieval_time 3179.65s, ip_cost 6085160059, n_proc_query 1.00
[2023-05-23 13:56:43.284] [info] finish queryID 860, single_query_retrieval_time 3408.07s, ip_cost 9207315942, n_proc_query 1.00
[2023-05-23 14:01:11.454] [info] finish queryID 126, single_query_retrieval_time 3676.24s, ip_cost 8714125021, n_proc_query 1.00
[2023-05-23 14:02:08.407] [info] finish queryID 189, single_query_retrieval_time 3733.19s, ip_cost 10096273853, n_proc_query 1.00
[2023-05-23 14:04:09.922] [info] finish queryID 941, single_query_retrieval_time 1639.03s, ip_cost 1519746410, n_proc_query 2.00
[2023-05-23 14:04:12.960] [info] finish queryID 820, single_query_retrieval_time 1367.85s, ip_cost 2214925662, n_proc_query 2.00
[2023-05-23 14:09:00.896] [info] finish queryID 483, single_query_retrieval_time 4145.68s, ip_cost 11000064705, n_proc_query 1.00
[2023-05-23 14:09:03.880] [info] finish queryID 920, single_query_retrieval_time 4148.66s, ip_cost 12191917660, n_proc_query 1.00
[2023-05-23 14:09:19.119] [info] finish queryID 441, single_query_retrieval_time 4163.90s, ip_cost 11686629164, n_proc_query 1.00
[2023-05-23 14:09:32.462] [info] finish queryID 525, single_query_retrieval_time 4177.24s, ip_cost 12585243652, n_proc_query 1.00
[2023-05-23 14:16:56.600] [info] finish queryID 778, single_query_retrieval_time 2005.80s, ip_cost 2448454381, n_proc_query 2.00
[2023-05-23 14:18:13.734] [info] finish queryID 568, single_query_retrieval_time 2081.84s, ip_cost 3649497226, n_proc_query 2.00
[2023-05-23 14:23:02.223] [info] finish queryID 399, single_query_retrieval_time 4987.01s, ip_cost 15804679237, n_proc_query 1.00
[2023-05-23 14:23:51.921] [info] finish queryID 127, single_query_retrieval_time 1360.47s, ip_cost 2149540189, n_proc_query 2.00
[2023-05-23 14:24:25.505] [info] finish queryID 546, single_query_retrieval_time 5070.29s, ip_cost 16187981439, n_proc_query 1.00
[2023-05-23 14:25:17.073] [info] finish queryID 210, single_query_retrieval_time 5121.86s, ip_cost 15786479185, n_proc_query 1.00
[2023-05-23 14:28:24.134] [info] finish queryID 714, single_query_retrieval_time 5308.92s, ip_cost 16785431313, n_proc_query 1.00
[2023-05-23 14:28:51.625] [info] finish queryID 233, single_query_retrieval_time 2610.90s, ip_cost 5164256249, n_proc_query 3.00
[2023-05-23 14:29:03.827] [info] finish queryID 357, single_query_retrieval_time 5348.61s, ip_cost 15054017609, n_proc_query 1.00
[2023-05-23 14:29:43.283] [info] finish queryID 758, single_query_retrieval_time 2605.64s, ip_cost 3932517429, n_proc_query 3.00
[2023-05-23 14:31:48.272] [info] finish queryID 379, single_query_retrieval_time 3976.46s, ip_cost 11195456062, n_proc_query 2.00
[2023-05-23 14:33:07.871] [info] finish queryID 442, single_query_retrieval_time 1428.75s, ip_cost 1776998717, n_proc_query 2.00
[2023-05-23 14:33:17.210] [info] finish queryID 190, single_query_retrieval_time 1868.80s, ip_cost 3321443927, n_proc_query 2.00
[2023-05-23 14:34:25.780] [info] finish queryID 841, single_query_retrieval_time 2660.75s, ip_cost 4491518808, n_proc_query 2.00
[2023-05-23 14:34:59.939] [info] finish queryID 0, single_query_retrieval_time 5704.72s, ip_cost 18829295439, n_proc_query 1.00
[2023-05-23 14:38:07.025] [info] finish queryID 737, single_query_retrieval_time 3289.64s, ip_cost 6026648747, n_proc_query 3.00
[2023-05-23 14:39:03.874] [info] finish queryID 652, single_query_retrieval_time 3731.09s, ip_cost 8905493462, n_proc_query 2.00
[2023-05-23 14:40:44.730] [info] finish queryID 693, single_query_retrieval_time 6049.51s, ip_cost 17643753437, n_proc_query 1.00
[2023-05-23 14:41:17.426] [info] finish queryID 672, single_query_retrieval_time 6082.21s, ip_cost 18542376010, n_proc_query 1.00
[2023-05-23 14:42:33.523] [info] finish queryID 942, single_query_retrieval_time 2303.60s, ip_cost 3210013137, n_proc_query 3.00
[2023-05-23 14:43:10.933] [info] finish queryID 147, single_query_retrieval_time 6195.72s, ip_cost 19664489525, n_proc_query 1.00
[2023-05-23 14:43:28.882] [info] finish queryID 504, single_query_retrieval_time 6213.67s, ip_cost 21161820726, n_proc_query 1.00
[2023-05-23 14:44:49.944] [info] finish queryID 22, single_query_retrieval_time 3566.53s, ip_cost 9659553731, n_proc_query 2.00
[2023-05-23 14:47:55.014] [info] finish queryID 252, single_query_retrieval_time 6479.80s, ip_cost 21859570959, n_proc_query 1.00
[2023-05-23 14:56:12.483] [info] finish queryID 128, single_query_retrieval_time 1940.56s, ip_cost 2162921672, n_proc_query 3.00
[2023-05-23 14:58:58.061] [info] finish queryID 400, single_query_retrieval_time 2155.84s, ip_cost 4528522570, n_proc_query 2.00
[2023-05-23 14:59:25.456] [info] finish queryID 861, single_query_retrieval_time 3762.17s, ip_cost 9672745786, n_proc_query 2.00
[2023-05-23 15:04:08.157] [info] finish queryID 234, single_query_retrieval_time 2116.53s, ip_cost 3791573977, n_proc_query 4.00
[2023-05-23 15:04:26.059] [info] finish queryID 338, single_query_retrieval_time 4634.34s, ip_cost 13578854619, n_proc_query 3.00
[2023-05-23 15:04:37.973] [info] finish queryID 798, single_query_retrieval_time 7482.76s, ip_cost 26494828716, n_proc_query 1.00
[2023-05-23 15:05:34.761] [info] finish queryID 921, single_query_retrieval_time 3390.88s, ip_cost 6974160475, n_proc_query 2.00
[2023-05-23 15:06:49.241] [info] finish queryID 64, single_query_retrieval_time 4434.37s, ip_cost 11116154780, n_proc_query 2.00
[2023-05-23 15:13:05.311] [info] finish queryID 129, single_query_retrieval_time 1012.83s, ip_cost 1693948053, n_proc_query 4.00
[2023-05-23 15:18:49.595] [info] finish queryID 211, single_query_retrieval_time 3212.52s, ip_cost 4310148313, n_proc_query 2.00
[2023-05-23 15:24:15.241] [info] finish queryID 148, single_query_retrieval_time 2464.31s, ip_cost 1952990274, n_proc_query 2.00
[2023-05-23 15:24:39.652] [info] finish queryID 526, single_query_retrieval_time 4507.19s, ip_cost 11918036272, n_proc_query 2.00
[2023-05-23 15:26:27.701] [info] finish queryID 191, single_query_retrieval_time 3190.49s, ip_cost 6323297430, n_proc_query 3.00
[2023-05-23 15:26:55.921] [info] finish queryID 881, single_query_retrieval_time 6903.14s, ip_cost 21748738064, n_proc_query 2.00
[2023-05-23 15:29:09.979] [info] finish queryID 44, single_query_retrieval_time 6170.08s, ip_cost 17580646708, n_proc_query 3.00
[2023-05-23 15:30:00.450] [info] finish queryID 23, single_query_retrieval_time 2710.51s, ip_cost 3465395585, n_proc_query 3.00
[2023-05-23 15:37:16.205] [info] finish queryID 901, single_query_retrieval_time 6310.14s, ip_cost 18966589011, n_proc_query 2.00
[2023-05-23 15:39:19.246] [info] finish queryID 799, single_query_retrieval_time 2081.27s, ip_cost 3563193620, n_proc_query 2.00
[2023-05-23 15:42:25.542] [info] finish queryID 253, single_query_retrieval_time 3270.53s, ip_cost 7803789711, n_proc_query 2.00
[2023-05-23 15:43:51.305] [info] finish queryID 65, single_query_retrieval_time 2222.06s, ip_cost 1814816033, n_proc_query 3.00
[2023-05-23 15:45:23.639] [info] finish queryID 380, single_query_retrieval_time 4415.37s, ip_cost 13064392811, n_proc_query 3.00
[2023-05-23 15:45:31.637] [info] finish queryID 610, single_query_retrieval_time 6793.99s, ip_cost 22539843445, n_proc_query 2.00
[2023-05-23 15:45:34.011] [info] finish queryID 235, single_query_retrieval_time 2485.85s, ip_cost 3521750219, n_proc_query 5.00
[2023-05-23 15:47:50.255] [info] finish queryID 527, single_query_retrieval_time 1390.60s, ip_cost 620564623, n_proc_query 3.00
[2023-05-23 15:49:06.701] [info] finish queryID 84, single_query_retrieval_time 10151.48s, ip_cost 37023417674, n_proc_query 1.00
[2023-05-23 15:50:07.148] [info] finish queryID 569, single_query_retrieval_time 5513.41s, ip_cost 15357220611, n_proc_query 3.00
[2023-05-23 15:51:14.557] [info] finish queryID 443, single_query_retrieval_time 4686.69s, ip_cost 13599901086, n_proc_query 3.00
[2023-05-23 15:55:17.709] [info] finish queryID 547, single_query_retrieval_time 5452.20s, ip_cost 15353746282, n_proc_query 2.00
[2023-05-23 15:55:55.116] [info] finish queryID 505, single_query_retrieval_time 4346.23s, ip_cost 10861168506, n_proc_query 2.00
[2023-05-23 15:58:19.525] [info] finish queryID 842, single_query_retrieval_time 5033.74s, ip_cost 13270752045, n_proc_query 3.00
[2023-05-23 15:58:22.098] [info] finish queryID 24, single_query_retrieval_time 1701.65s, ip_cost 2958551007, n_proc_query 4.00
[2023-05-23 15:58:23.419] [info] finish queryID 168, single_query_retrieval_time 10708.20s, ip_cost 35852437773, n_proc_query 1.00
[2023-05-23 16:02:13.818] [info] finish queryID 653, single_query_retrieval_time 4989.94s, ip_cost 14016583462, n_proc_query 3.00
[2023-05-23 16:06:56.801] [info] finish queryID 631, single_query_retrieval_time 8221.18s, ip_cost 28035673193, n_proc_query 2.00
[2023-05-23 16:08:34.561] [info] finish queryID 738, single_query_retrieval_time 5427.54s, ip_cost 13987627229, n_proc_query 4.00
[2023-05-23 16:16:57.680] [info] finish queryID 45, single_query_retrieval_time 2867.70s, ip_cost 7329560436, n_proc_query 4.00
[2023-05-23 16:17:10.388] [info] finish queryID 862, single_query_retrieval_time 4664.93s, ip_cost 11906028479, n_proc_query 3.00
[2023-05-23 16:17:43.373] [info] finish queryID 821, single_query_retrieval_time 8010.41s, ip_cost 27550343949, n_proc_query 3.00
[2023-05-23 16:18:04.383] [info] finish queryID 981, single_query_retrieval_time 9843.20s, ip_cost 33872791548, n_proc_query 2.00
[2023-05-23 16:20:03.316] [info] finish queryID 236, single_query_retrieval_time 2069.30s, ip_cost 637932455, n_proc_query 6.00
[2023-05-23 16:20:05.721] [info] finish queryID 381, single_query_retrieval_time 2082.08s, ip_cost 4871255863, n_proc_query 4.00
[2023-05-23 16:22:47.061] [info] finish queryID 401, single_query_retrieval_time 5029.00s, ip_cost 14498187255, n_proc_query 3.00
[2023-05-23 16:22:59.746] [info] finish queryID 654, single_query_retrieval_time 1245.93s, ip_cost 1840883434, n_proc_query 4.00
[2023-05-23 16:23:36.133] [info] finish queryID 506, single_query_retrieval_time 1661.02s, ip_cost 3845524589, n_proc_query 3.00
[2023-05-23 16:23:50.766] [info] finish queryID 528, single_query_retrieval_time 2160.51s, ip_cost 2925202222, n_proc_query 4.00
[2023-05-23 16:24:12.577] [info] finish queryID 882, single_query_retrieval_time 3436.66s, ip_cost 5304835814, n_proc_query 3.00
[2023-05-23 16:28:11.161] [info] finish queryID 800, single_query_retrieval_time 2931.91s, ip_cost 3403142156, n_proc_query 3.00
[2023-05-23 16:32:14.026] [info] finish queryID 85, single_query_retrieval_time 2587.32s, ip_cost 5926858547, n_proc_query 2.00
[2023-05-23 16:33:17.380] [info] finish queryID 192, single_query_retrieval_time 4009.68s, ip_cost 9946614934, n_proc_query 4.00
[2023-05-23 16:33:30.274] [info] finish queryID 922, single_query_retrieval_time 5275.51s, ip_cost 13903368249, n_proc_query 3.00
[2023-05-23 16:35:26.313] [info] finish queryID 982, single_query_retrieval_time 1041.93s, ip_cost 1946384440, n_proc_query 3.00
[2023-05-23 16:39:16.203] [info] finish queryID 843, single_query_retrieval_time 2456.68s, ip_cost 3542545960, n_proc_query 4.00
[2023-05-23 16:41:28.254] [info] finish queryID 254, single_query_retrieval_time 3542.71s, ip_cost 6742058435, n_proc_query 3.00
[2023-05-23 16:42:25.136] [info] finish queryID 694, single_query_retrieval_time 7300.41s, ip_cost 23838147427, n_proc_query 2.00
[2023-05-23 16:43:08.146] [info] finish queryID 863, single_query_retrieval_time 1557.76s, ip_cost 1830370692, n_proc_query 4.00
[2023-05-23 16:52:42.971] [info] finish queryID 46, single_query_retrieval_time 2145.29s, ip_cost 3130198636, n_proc_query 5.00
[2023-05-23 16:55:12.557] [info] finish queryID 588, single_query_retrieval_time 14117.34s, ip_cost 52172777242, n_proc_query 1.00
[2023-05-23 16:55:56.444] [info] finish queryID 25, single_query_retrieval_time 3454.35s, ip_cost 6218731993, n_proc_query 5.00
[2023-05-23 16:57:25.912] [info] finish queryID 484, single_query_retrieval_time 10105.02s, ip_cost 35632310107, n_proc_query 2.00
[2023-05-23 16:57:47.583] [info] finish queryID 295, single_query_retrieval_time 12625.95s, ip_cost 44298541124, n_proc_query 2.00
[2023-05-23 16:58:52.477] [info] finish queryID 923, single_query_retrieval_time 1522.20s, ip_cost 1227606002, n_proc_query 4.00
[2023-05-23 16:59:14.065] [info] finish queryID 1, single_query_retrieval_time 8654.13s, ip_cost 29300962778, n_proc_query 2.00
[2023-05-23 17:05:15.273] [info] finish queryID 402, single_query_retrieval_time 2548.21s, ip_cost 4052371848, n_proc_query 4.00
[2023-05-23 17:05:43.769] [info] finish queryID 943, single_query_retrieval_time 8590.25s, ip_cost 27021532393, n_proc_query 4.00
[2023-05-23 17:10:02.227] [info] finish queryID 86, single_query_retrieval_time 2268.20s, ip_cost 4342437710, n_proc_query 3.00
[2023-05-23 17:10:50.865] [info] finish queryID 570, single_query_retrieval_time 4843.72s, ip_cost 14200580348, n_proc_query 4.00
[2023-05-23 17:14:38.293] [info] finish queryID 358, single_query_retrieval_time 9934.47s, ip_cost 34782626519, n_proc_query 2.00
[2023-05-23 17:15:55.824] [info] finish queryID 105, single_query_retrieval_time 15360.61s, ip_cost 48167207314, n_proc_query 1.00
[2023-05-23 17:16:46.591] [info] finish queryID 444, single_query_retrieval_time 5132.03s, ip_cost 15190648601, n_proc_query 4.00
[2023-05-23 17:16:55.155] [info] finish queryID 193, single_query_retrieval_time 2617.77s, ip_cost 4521093521, n_proc_query 5.00
[2023-05-23 17:17:18.830] [info] finish queryID 274, single_query_retrieval_time 14602.17s, ip_cost 54813206585, n_proc_query 2.00
[2023-05-23 17:17:50.962] [info] finish queryID 902, single_query_retrieval_time 6034.76s, ip_cost 17925235434, n_proc_query 3.00
[2023-05-23 17:20:49.726] [info] finish queryID 421, single_query_retrieval_time 14242.08s, ip_cost 53035539371, n_proc_query 2.00
[2023-05-23 17:21:09.528] [info] finish queryID 739, single_query_retrieval_time 4354.97s, ip_cost 9667971556, n_proc_query 5.00
[2023-05-23 17:21:36.533] [info] finish queryID 822, single_query_retrieval_time 3833.16s, ip_cost 7248622102, n_proc_query 4.00
[2023-05-23 17:23:29.461] [info] finish queryID 296, single_query_retrieval_time 1541.88s, ip_cost 2313942315, n_proc_query 3.00
[2023-05-23 17:27:31.440] [info] finish queryID 589, single_query_retrieval_time 1938.88s, ip_cost 2494073057, n_proc_query 2.00
[2023-05-23 17:30:07.663] [info] finish queryID 507, single_query_retrieval_time 3991.53s, ip_cost 7168731441, n_proc_query 4.00
[2023-05-23 17:36:09.282] [info] finish queryID 844, single_query_retrieval_time 3413.08s, ip_cost 8468951553, n_proc_query 5.00
[2023-05-23 17:37:23.131] [info] finish queryID 548, single_query_retrieval_time 6125.42s, ip_cost 17241664773, n_proc_query 3.00
[2023-05-23 17:37:31.992] [info] finish queryID 382, single_query_retrieval_time 4646.27s, ip_cost 11212712111, n_proc_query 5.00
[2023-05-23 17:38:25.885] [info] finish queryID 66, single_query_retrieval_time 6874.58s, ip_cost 21593520975, n_proc_query 4.00
[2023-05-23 17:41:18.345] [info] finish queryID 130, single_query_retrieval_time 8893.03s, ip_cost 29355430956, n_proc_query 5.00
[2023-05-23 17:42:25.234] [info] finish queryID 655, single_query_retrieval_time 4765.49s, ip_cost 13899443822, n_proc_query 5.00
[2023-05-23 17:42:52.298] [info] finish queryID 695, single_query_retrieval_time 3627.16s, ip_cost 10025829141, n_proc_query 3.00
[2023-05-23 17:46:53.837] [info] finish queryID 962, single_query_retrieval_time 14755.08s, ip_cost 54737238245, n_proc_query 3.00
[2023-05-23 17:47:04.280] [info] finish queryID 169, single_query_retrieval_time 6520.86s, ip_cost 19809365062, n_proc_query 2.00
[2023-05-23 17:47:22.157] [info] finish queryID 2, single_query_retrieval_time 2888.09s, ip_cost 3143842987, n_proc_query 3.00
[2023-05-23 17:49:12.089] [info] finish queryID 924, single_query_retrieval_time 3019.61s, ip_cost 5350542968, n_proc_query 5.00
[2023-05-23 17:51:25.440] [info] finish queryID 422, single_query_retrieval_time 1835.71s, ip_cost 4025054995, n_proc_query 3.00
[2023-05-23 17:52:30.861] [info] finish queryID 87, single_query_retrieval_time 2548.63s, ip_cost 4993501529, n_proc_query 4.00
[2023-05-23 17:52:53.889] [info] finish queryID 571, single_query_retrieval_time 2523.02s, ip_cost 5733880761, n_proc_query 5.00
[2023-05-23 17:57:58.487] [info] finish queryID 26, single_query_retrieval_time 3722.04s, ip_cost 10617775204, n_proc_query 6.00
[2023-05-23 17:58:09.517] [info] finish queryID 131, single_query_retrieval_time 1011.17s, ip_cost 1162189245, n_proc_query 6.00
[2023-05-23 18:01:39.616] [info] finish queryID 944, single_query_retrieval_time 3355.85s, ip_cost 5731595437, n_proc_query 5.00
[2023-05-23 18:04:01.044] [info] finish queryID 170, single_query_retrieval_time 1016.76s, ip_cost 1183671742, n_proc_query 3.00
[2023-05-23 18:04:21.047] [info] finish queryID 823, single_query_retrieval_time 2564.51s, ip_cost 4587232026, n_proc_query 5.00
[2023-05-23 18:08:47.187] [info] finish queryID 632, single_query_retrieval_time 7310.39s, ip_cost 21933137966, n_proc_query 3.00
[2023-05-23 18:08:49.403] [info] finish queryID 47, single_query_retrieval_time 4566.43s, ip_cost 11732466011, n_proc_query 6.00
[2023-05-23 18:13:40.015] [info] finish queryID 715, single_query_retrieval_time 13515.88s, ip_cost 47849636216, n_proc_query 2.00
[2023-05-23 18:16:24.706] [info] finish queryID 297, single_query_retrieval_time 3175.24s, ip_cost 5279090078, n_proc_query 4.00
[2023-05-23 18:17:00.970] [info] finish queryID 275, single_query_retrieval_time 3582.14s, ip_cost 5514382541, n_proc_query 3.00
[2023-05-23 18:17:28.398] [info] finish queryID 611, single_query_retrieval_time 9116.76s, ip_cost 31760309014, n_proc_query 3.00
