[2023-05-06 23:46:23.417] [info] Retrieval method_name SimpferPP, dataset_name amazon-home-kitchen-150d, topk 200
[2023-05-06 23:46:23.417] [info] dataset_dir /home/zhengbian/Dataset/ReverseMIPS
[2023-05-06 23:46:23.417] [info] index_dir /home/zhengbian/reverse-k-ranks/index
[2023-05-06 23:46:28.705] [info] n_data_item 409243, n_query_item 1000, n_user 2511610, vec_dim 150
[2023-05-06 23:46:28.706] [info] input parameter: simpfer_k_max 501, stop_time 126000s
[2023-05-06 23:46:30.115] [info] finish transform user
[2023-05-06 23:46:30.362] [info] finish transform data item
[2023-05-06 23:59:10.374] [info] finish simpfer preprocessing
[2023-05-06 23:59:28.676] [info] finish preprocess and save the index
[2023-05-06 23:59:28.726] [info] queryID 0, result_size 0, rtk_topk 1, accu_ip_cost 4292, accu_query_time 0.05s,
[2023-05-06 23:59:28.730] [info] queryID 0, result_size 0, rtk_topk 2, accu_ip_cost 7955, accu_query_time 0.05s,
[2023-05-06 23:59:28.734] [info] queryID 0, result_size 0, rtk_topk 4, accu_ip_cost 13542, accu_query_time 0.06s,
[2023-05-06 23:59:28.738] [info] queryID 0, result_size 0, rtk_topk 8, accu_ip_cost 23828, accu_query_time 0.06s,
[2023-05-06 23:59:28.742] [info] queryID 0, result_size 0, rtk_topk 16, accu_ip_cost 41107, accu_query_time 0.07s,
[2023-05-06 23:59:28.749] [info] queryID 0, result_size 0, rtk_topk 32, accu_ip_cost 69190, accu_query_time 0.07s,
[2023-05-06 23:59:28.758] [info] queryID 0, result_size 0, rtk_topk 64, accu_ip_cost 115736, accu_query_time 0.08s,
[2023-05-06 23:59:28.773] [info] queryID 0, result_size 0, rtk_topk 128, accu_ip_cost 190106, accu_query_time 0.10s,
[2023-05-06 23:59:28.795] [info] queryID 0, result_size 0, rtk_topk 256, accu_ip_cost 294890, accu_query_time 0.12s,
[2023-05-07 01:28:44.984] [info] queryID 0, result_size 106784, rtk_topk 512, accu_ip_cost 1665197430, accu_query_time 5356.31s,
[2023-05-07 01:28:44.984] [info] queryID 0, result_size 106784, rtk_topk 512, ip_cost 1665197430, query_time 5356.31s, total_ip_cost 1665197430, total_retrieval_time 5356.31s
[2023-05-07 01:28:45.069] [info] queryID 1, result_size 0, rtk_topk 1, accu_ip_cost 167758, accu_query_time 0.08s,
[2023-05-07 01:28:45.103] [info] queryID 1, result_size 0, rtk_topk 2, accu_ip_cost 249676, accu_query_time 0.12s,
[2023-05-07 01:28:45.136] [info] queryID 1, result_size 0, rtk_topk 4, accu_ip_cost 371887, accu_query_time 0.15s,
[2023-05-07 01:28:45.177] [info] queryID 1, result_size 0, rtk_topk 8, accu_ip_cost 515706, accu_query_time 0.19s,
[2023-05-07 01:28:45.227] [info] queryID 1, result_size 0, rtk_topk 16, accu_ip_cost 698893, accu_query_time 0.24s,
[2023-05-07 01:28:45.292] [info] queryID 1, result_size 0, rtk_topk 32, accu_ip_cost 925777, accu_query_time 0.31s,
[2023-05-07 01:28:45.366] [info] queryID 1, result_size 0, rtk_topk 64, accu_ip_cost 1174010, accu_query_time 0.38s,
[2023-05-07 01:28:45.460] [info] queryID 1, result_size 0, rtk_topk 128, accu_ip_cost 1433565, accu_query_time 0.48s,
[2023-05-07 01:28:45.571] [info] queryID 1, result_size 0, rtk_topk 256, accu_ip_cost 1680688, accu_query_time 0.59s,
[2023-05-07 02:57:14.061] [info] queryID 1, result_size 568078, rtk_topk 512, accu_ip_cost 1665197430, accu_query_time 5309.08s,
[2023-05-07 02:57:14.061] [info] queryID 1, result_size 568078, rtk_topk 512, ip_cost 1665197430, query_time 5309.08s, total_ip_cost 3330394860, total_retrieval_time 10665.38s
[2023-05-07 02:57:14.142] [info] queryID 2, result_size 0, rtk_topk 1, accu_ip_cost 135161, accu_query_time 0.08s,
[2023-05-07 02:57:14.162] [info] queryID 2, result_size 0, rtk_topk 2, accu_ip_cost 204018, accu_query_time 0.10s,
[2023-05-07 02:57:14.193] [info] queryID 2, result_size 0, rtk_topk 4, accu_ip_cost 311170, accu_query_time 0.13s,
[2023-05-07 02:57:14.231] [info] queryID 2, result_size 0, rtk_topk 8, accu_ip_cost 435601, accu_query_time 0.17s,
[2023-05-07 02:57:14.280] [info] queryID 2, result_size 0, rtk_topk 16, accu_ip_cost 605024, accu_query_time 0.22s,
[2023-05-07 02:57:14.342] [info] queryID 2, result_size 0, rtk_topk 32, accu_ip_cost 813075, accu_query_time 0.28s,
[2023-05-07 02:57:14.418] [info] queryID 2, result_size 0, rtk_topk 64, accu_ip_cost 1056609, accu_query_time 0.35s,
[2023-05-07 02:57:14.513] [info] queryID 2, result_size 0, rtk_topk 128, accu_ip_cost 1315646, accu_query_time 0.45s,
[2023-05-07 02:57:14.630] [info] queryID 2, result_size 0, rtk_topk 256, accu_ip_cost 1575053, accu_query_time 0.57s,
[2023-05-07 04:27:06.513] [info] queryID 2, result_size 1357040, rtk_topk 512, accu_ip_cost 1665197430, accu_query_time 5392.45s,
[2023-05-07 04:27:06.513] [info] queryID 2, result_size 1357040, rtk_topk 512, ip_cost 1665197430, query_time 5392.45s, total_ip_cost 4995592290, total_retrieval_time 16057.83s
[2023-05-07 04:27:06.591] [info] queryID 3, result_size 0, rtk_topk 1, accu_ip_cost 95275, accu_query_time 0.06s,
[2023-05-07 04:27:06.607] [info] queryID 3, result_size 0, rtk_topk 2, accu_ip_cost 148259, accu_query_time 0.08s,
[2023-05-07 04:27:06.630] [info] queryID 3, result_size 0, rtk_topk 4, accu_ip_cost 233100, accu_query_time 0.10s,
[2023-05-07 04:27:06.659] [info] queryID 3, result_size 0, rtk_topk 8, accu_ip_cost 333074, accu_query_time 0.13s,
[2023-05-07 04:27:06.699] [info] queryID 3, result_size 0, rtk_topk 16, accu_ip_cost 475931, accu_query_time 0.17s,
[2023-05-07 04:27:06.751] [info] queryID 3, result_size 0, rtk_topk 32, accu_ip_cost 658896, accu_query_time 0.22s,
[2023-05-07 04:27:06.816] [info] queryID 3, result_size 0, rtk_topk 64, accu_ip_cost 882413, accu_query_time 0.29s,
[2023-05-07 04:27:06.902] [info] queryID 3, result_size 0, rtk_topk 128, accu_ip_cost 1135863, accu_query_time 0.38s,
[2023-05-07 04:27:07.010] [info] queryID 3, result_size 0, rtk_topk 256, accu_ip_cost 1402707, accu_query_time 0.48s,
[2023-05-07 05:56:33.611] [info] queryID 3, result_size 1539031, rtk_topk 512, accu_ip_cost 1665197430, accu_query_time 5367.08s,
[2023-05-07 05:56:33.611] [info] queryID 3, result_size 1539031, rtk_topk 512, ip_cost 1665197430, query_time 5367.08s, total_ip_cost 6660789720, total_retrieval_time 21424.92s
[2023-05-07 05:56:33.682] [info] queryID 4, result_size 0, rtk_topk 1, accu_ip_cost 11803, accu_query_time 0.06s,
[2023-05-07 05:56:33.687] [info] queryID 4, result_size 0, rtk_topk 2, accu_ip_cost 19092, accu_query_time 0.06s,
[2023-05-07 05:56:33.692] [info] queryID 4, result_size 0, rtk_topk 4, accu_ip_cost 33596, accu_query_time 0.07s,
[2023-05-07 05:56:33.700] [info] queryID 4, result_size 0, rtk_topk 8, accu_ip_cost 55648, accu_query_time 0.07s,
[2023-05-07 05:56:33.711] [info] queryID 4, result_size 0, rtk_topk 16, accu_ip_cost 90169, accu_query_time 0.09s,
[2023-05-07 05:56:33.728] [info] queryID 4, result_size 0, rtk_topk 32, accu_ip_cost 145632, accu_query_time 0.10s,
[2023-05-07 05:56:33.754] [info] queryID 4, result_size 0, rtk_topk 64, accu_ip_cost 230732, accu_query_time 0.13s,
[2023-05-07 05:56:33.793] [info] queryID 4, result_size 0, rtk_topk 128, accu_ip_cost 352240, accu_query_time 0.17s,
[2023-05-07 05:56:33.852] [info] queryID 4, result_size 0, rtk_topk 256, accu_ip_cost 521071, accu_query_time 0.23s,
[2023-05-07 07:25:28.830] [info] queryID 4, result_size 213079, rtk_topk 512, accu_ip_cost 1665197430, accu_query_time 5335.20s,
[2023-05-07 07:25:28.830] [info] queryID 4, result_size 213079, rtk_topk 512, ip_cost 1665197430, query_time 5335.20s, total_ip_cost 8325987150, total_retrieval_time 26760.12s
[2023-05-07 07:25:28.883] [info] queryID 5, result_size 0, rtk_topk 1, accu_ip_cost 18759, accu_query_time 0.05s,
[2023-05-07 07:25:28.888] [info] queryID 5, result_size 0, rtk_topk 2, accu_ip_cost 32227, accu_query_time 0.06s,
[2023-05-07 07:25:28.896] [info] queryID 5, result_size 0, rtk_topk 4, accu_ip_cost 55241, accu_query_time 0.07s,
[2023-05-07 07:25:28.907] [info] queryID 5, result_size 0, rtk_topk 8, accu_ip_cost 87838, accu_query_time 0.08s,
[2023-05-07 07:25:28.923] [info] queryID 5, result_size 0, rtk_topk 16, accu_ip_cost 139342, accu_query_time 0.09s,
[2023-05-07 07:25:28.946] [info] queryID 5, result_size 0, rtk_topk 32, accu_ip_cost 218041, accu_query_time 0.11s,
[2023-05-07 07:25:28.980] [info] queryID 5, result_size 0, rtk_topk 64, accu_ip_cost 330373, accu_query_time 0.15s,
[2023-05-07 07:25:29.030] [info] queryID 5, result_size 0, rtk_topk 128, accu_ip_cost 487919, accu_query_time 0.20s,
[2023-05-07 07:25:29.101] [info] queryID 5, result_size 0, rtk_topk 256, accu_ip_cost 688681, accu_query_time 0.27s,
[2023-05-07 08:53:52.032] [info] queryID 5, result_size 250345, rtk_topk 512, accu_ip_cost 1665197430, accu_query_time 5303.20s,
[2023-05-07 08:53:52.032] [info] queryID 5, result_size 250345, rtk_topk 512, ip_cost 1665197430, query_time 5303.20s, total_ip_cost 9991184580, total_retrieval_time 32063.32s
[2023-05-07 08:53:52.087] [info] queryID 6, result_size 0, rtk_topk 1, accu_ip_cost 14541, accu_query_time 0.05s,
[2023-05-07 08:53:52.092] [info] queryID 6, result_size 0, rtk_topk 2, accu_ip_cost 24420, accu_query_time 0.06s,
[2023-05-07 08:53:52.099] [info] queryID 6, result_size 0, rtk_topk 4, accu_ip_cost 42624, accu_query_time 0.06s,
[2023-05-07 08:53:52.108] [info] queryID 6, result_size 0, rtk_topk 8, accu_ip_cost 69412, accu_query_time 0.07s,
[2023-05-07 08:53:52.121] [info] queryID 6, result_size 0, rtk_topk 16, accu_ip_cost 110889, accu_query_time 0.09s,
[2023-05-07 08:53:52.143] [info] queryID 6, result_size 0, rtk_topk 32, accu_ip_cost 180079, accu_query_time 0.11s,
[2023-05-07 08:53:52.172] [info] queryID 6, result_size 0, rtk_topk 64, accu_ip_cost 275132, accu_query_time 0.14s,
[2023-05-07 08:53:52.217] [info] queryID 6, result_size 0, rtk_topk 128, accu_ip_cost 411884, accu_query_time 0.18s,
[2023-05-07 08:53:52.285] [info] queryID 6, result_size 0, rtk_topk 256, accu_ip_cost 600584, accu_query_time 0.25s,
[2023-05-07 10:22:38.377] [info] queryID 6, result_size 243773, rtk_topk 512, accu_ip_cost 1665197430, accu_query_time 5326.34s,
[2023-05-07 10:22:38.377] [info] queryID 6, result_size 243773, rtk_topk 512, ip_cost 1665197430, query_time 5326.34s, total_ip_cost 11656382010, total_retrieval_time 37389.66s
[2023-05-07 10:22:38.435] [info] queryID 7, result_size 0, rtk_topk 1, accu_ip_cost 30155, accu_query_time 0.06s,
[2023-05-07 10:22:38.442] [info] queryID 7, result_size 0, rtk_topk 2, accu_ip_cost 48840, accu_query_time 0.06s,
[2023-05-07 10:22:38.453] [info] queryID 7, result_size 0, rtk_topk 4, accu_ip_cost 82399, accu_query_time 0.07s,
[2023-05-07 10:22:38.467] [info] queryID 7, result_size 0, rtk_topk 8, accu_ip_cost 129870, accu_query_time 0.09s,
[2023-05-07 10:22:38.487] [info] queryID 7, result_size 0, rtk_topk 16, accu_ip_cost 198616, accu_query_time 0.11s,
[2023-05-07 10:22:38.516] [info] queryID 7, result_size 0, rtk_topk 32, accu_ip_cost 299959, accu_query_time 0.14s,
[2023-05-07 10:22:38.558] [info] queryID 7, result_size 0, rtk_topk 64, accu_ip_cost 443482, accu_query_time 0.18s,
[2023-05-07 10:22:38.619] [info] queryID 7, result_size 0, rtk_topk 128, accu_ip_cost 631368, accu_query_time 0.24s,
[2023-05-07 10:22:38.701] [info] queryID 7, result_size 0, rtk_topk 256, accu_ip_cost 859621, accu_query_time 0.32s,
[2023-05-07 11:51:39.420] [info] queryID 7, result_size 241111, rtk_topk 512, accu_ip_cost 1665197430, accu_query_time 5341.04s,
[2023-05-07 11:51:39.420] [info] queryID 7, result_size 241111, rtk_topk 512, ip_cost 1665197430, query_time 5341.04s, total_ip_cost 13321579440, total_retrieval_time 42730.71s
[2023-05-07 11:51:39.492] [info] queryID 8, result_size 0, rtk_topk 1, accu_ip_cost 91020, accu_query_time 0.07s,
[2023-05-07 11:51:39.508] [info] queryID 8, result_size 0, rtk_topk 2, accu_ip_cost 141636, accu_query_time 0.09s,
[2023-05-07 11:51:39.533] [info] queryID 8, result_size 0, rtk_topk 4, accu_ip_cost 223369, accu_query_time 0.11s,
[2023-05-07 11:51:39.563] [info] queryID 8, result_size 0, rtk_topk 8, accu_ip_cost 321456, accu_query_time 0.14s,
[2023-05-07 11:51:39.603] [info] queryID 8, result_size 0, rtk_topk 16, accu_ip_cost 459355, accu_query_time 0.18s,
[2023-05-07 11:51:39.659] [info] queryID 8, result_size 0, rtk_topk 32, accu_ip_cost 641580, accu_query_time 0.24s,
[2023-05-07 11:51:39.728] [info] queryID 8, result_size 0, rtk_topk 64, accu_ip_cost 861619, accu_query_time 0.31s,
[2023-05-07 11:51:39.817] [info] queryID 8, result_size 0, rtk_topk 128, accu_ip_cost 1112701, accu_query_time 0.40s,
[2023-05-07 11:51:39.928] [info] queryID 8, result_size 0, rtk_topk 256, accu_ip_cost 1379841, accu_query_time 0.51s,
[2023-05-07 13:20:37.919] [info] queryID 8, result_size 1133511, rtk_topk 512, accu_ip_cost 1665197430, accu_query_time 5338.50s,
[2023-05-07 13:20:37.920] [info] queryID 8, result_size 1133511, rtk_topk 512, ip_cost 1665197430, query_time 5338.50s, total_ip_cost 14986776870, total_retrieval_time 48069.20s
[2023-05-07 13:20:37.988] [info] queryID 9, result_size 0, rtk_topk 1, accu_ip_cost 0, accu_query_time 0.05s,
[2023-05-07 13:20:37.991] [info] queryID 9, result_size 0, rtk_topk 2, accu_ip_cost 0, accu_query_time 0.06s,
[2023-05-07 13:20:37.993] [info] queryID 9, result_size 0, rtk_topk 4, accu_ip_cost 0, accu_query_time 0.06s,
[2023-05-07 13:20:37.996] [info] queryID 9, result_size 0, rtk_topk 8, accu_ip_cost 0, accu_query_time 0.06s,
[2023-05-07 13:20:37.998] [info] queryID 9, result_size 0, rtk_topk 16, accu_ip_cost 0, accu_query_time 0.06s,
[2023-05-07 13:20:38.001] [info] queryID 9, result_size 0, rtk_topk 32, accu_ip_cost 0, accu_query_time 0.07s,
[2023-05-07 13:20:38.004] [info] queryID 9, result_size 0, rtk_topk 64, accu_ip_cost 0, accu_query_time 0.07s,
[2023-05-07 13:20:38.008] [info] queryID 9, result_size 0, rtk_topk 128, accu_ip_cost 0, accu_query_time 0.07s,
[2023-05-07 13:20:38.014] [info] queryID 9, result_size 0, rtk_topk 256, accu_ip_cost 0, accu_query_time 0.08s,
[2023-05-07 14:49:38.118] [info] queryID 9, result_size 20684, rtk_topk 512, accu_ip_cost 1665197430, accu_query_time 5340.18s,
[2023-05-07 14:49:38.118] [info] queryID 9, result_size 20684, rtk_topk 512, ip_cost 1665197430, query_time 5340.18s, total_ip_cost 16651974300, total_retrieval_time 53409.39s
[2023-05-07 14:49:38.200] [info] queryID 10, result_size 0, rtk_topk 1, accu_ip_cost 0, accu_query_time 0.08s,
[2023-05-07 14:49:38.203] [info] queryID 10, result_size 0, rtk_topk 2, accu_ip_cost 0, accu_query_time 0.08s,
[2023-05-07 14:49:38.205] [info] queryID 10, result_size 0, rtk_topk 4, accu_ip_cost 333, accu_query_time 0.09s,
[2023-05-07 14:49:38.208] [info] queryID 10, result_size 0, rtk_topk 8, accu_ip_cost 555, accu_query_time 0.09s,
[2023-05-07 14:49:38.211] [info] queryID 10, result_size 0, rtk_topk 16, accu_ip_cost 1554, accu_query_time 0.09s,
[2023-05-07 14:49:38.214] [info] queryID 10, result_size 0, rtk_topk 32, accu_ip_cost 3145, accu_query_time 0.10s,
[2023-05-07 14:49:38.219] [info] queryID 10, result_size 0, rtk_topk 64, accu_ip_cost 6142, accu_query_time 0.10s,
[2023-05-07 14:49:38.225] [info] queryID 10, result_size 0, rtk_topk 128, accu_ip_cost 11248, accu_query_time 0.11s,
[2023-05-07 14:49:38.236] [info] queryID 10, result_size 0, rtk_topk 256, accu_ip_cost 20461, accu_query_time 0.12s,
[2023-05-07 16:18:40.097] [info] queryID 10, result_size 72926, rtk_topk 512, accu_ip_cost 1665197430, accu_query_time 5341.98s,
[2023-05-07 16:18:40.097] [info] queryID 10, result_size 72926, rtk_topk 512, ip_cost 1665197430, query_time 5341.98s, total_ip_cost 18317171730, total_retrieval_time 58751.37s
[2023-05-07 16:18:40.161] [info] queryID 11, result_size 0, rtk_topk 1, accu_ip_cost 56869, accu_query_time 0.06s,
[2023-05-07 16:18:40.172] [info] queryID 11, result_size 0, rtk_topk 2, accu_ip_cost 90946, accu_query_time 0.07s,
[2023-05-07 16:18:40.188] [info] queryID 11, result_size 0, rtk_topk 4, accu_ip_cost 146816, accu_query_time 0.09s,
[2023-05-07 16:18:40.210] [info] queryID 11, result_size 0, rtk_topk 8, accu_ip_cost 220224, accu_query_time 0.11s,
[2023-05-07 16:18:40.241] [info] queryID 11, result_size 0, rtk_topk 16, accu_ip_cost 323232, accu_query_time 0.14s,
[2023-05-07 16:18:40.283] [info] queryID 11, result_size 0, rtk_topk 32, accu_ip_cost 470307, accu_query_time 0.19s,
[2023-05-07 16:18:40.339] [info] queryID 11, result_size 0, rtk_topk 64, accu_ip_cost 656861, accu_query_time 0.24s,
[2023-05-07 16:18:40.417] [info] queryID 11, result_size 0, rtk_topk 128, accu_ip_cost 883190, accu_query_time 0.32s,
[2023-05-07 16:18:40.520] [info] queryID 11, result_size 0, rtk_topk 256, accu_ip_cost 1149849, accu_query_time 0.42s,
[2023-05-07 17:47:34.354] [info] queryID 11, result_size 700315, rtk_topk 512, accu_ip_cost 1665197430, accu_query_time 5334.26s,
[2023-05-07 17:47:34.354] [info] queryID 11, result_size 700315, rtk_topk 512, ip_cost 1665197430, query_time 5334.26s, total_ip_cost 19982369160, total_retrieval_time 64085.62s
[2023-05-07 17:47:34.414] [info] queryID 12, result_size 0, rtk_topk 1, accu_ip_cost 28490, accu_query_time 0.06s,
[2023-05-07 17:47:34.421] [info] queryID 12, result_size 0, rtk_topk 2, accu_ip_cost 45695, accu_query_time 0.06s,
[2023-05-07 17:47:34.431] [info] queryID 12, result_size 0, rtk_topk 4, accu_ip_cost 77404, accu_query_time 0.07s,
[2023-05-07 17:47:34.445] [info] queryID 12, result_size 0, rtk_topk 8, accu_ip_cost 123358, accu_query_time 0.09s,
[2023-05-07 17:47:34.465] [info] queryID 12, result_size 0, rtk_topk 16, accu_ip_cost 190439, accu_query_time 0.11s,
[2023-05-07 17:47:34.494] [info] queryID 12, result_size 0, rtk_topk 32, accu_ip_cost 287379, accu_query_time 0.14s,
[2023-05-07 17:47:34.535] [info] queryID 12, result_size 0, rtk_topk 64, accu_ip_cost 424575, accu_query_time 0.18s,
[2023-05-07 17:47:34.596] [info] queryID 12, result_size 0, rtk_topk 128, accu_ip_cost 608761, accu_query_time 0.24s,
[2023-05-07 17:47:34.678] [info] queryID 12, result_size 0, rtk_topk 256, accu_ip_cost 835053, accu_query_time 0.32s,
[2023-05-07 19:17:39.501] [info] queryID 12, result_size 347211, rtk_topk 512, accu_ip_cost 1665197430, accu_query_time 5405.14s,
[2023-05-07 19:17:39.501] [info] queryID 12, result_size 347211, rtk_topk 512, ip_cost 1665197430, query_time 5405.14s, total_ip_cost 21647566590, total_retrieval_time 69490.77s
[2023-05-07 19:17:39.562] [info] queryID 13, result_size 0, rtk_topk 1, accu_ip_cost 44733, accu_query_time 0.06s,
[2023-05-07 19:17:39.571] [info] queryID 13, result_size 0, rtk_topk 2, accu_ip_cost 71188, accu_query_time 0.07s,
[2023-05-07 19:17:39.585] [info] queryID 13, result_size 0, rtk_topk 4, accu_ip_cost 117327, accu_query_time 0.08s,
[2023-05-07 19:17:39.605] [info] queryID 13, result_size 0, rtk_topk 8, accu_ip_cost 178303, accu_query_time 0.10s,
[2023-05-07 19:17:39.631] [info] queryID 13, result_size 0, rtk_topk 16, accu_ip_cost 267066, accu_query_time 0.13s,
[2023-05-07 19:17:39.668] [info] queryID 13, result_size 0, rtk_topk 32, accu_ip_cost 394938, accu_query_time 0.16s,
[2023-05-07 19:17:39.719] [info] queryID 13, result_size 0, rtk_topk 64, accu_ip_cost 566692, accu_query_time 0.22s,
[2023-05-07 19:17:39.790] [info] queryID 13, result_size 0, rtk_topk 128, accu_ip_cost 776186, accu_query_time 0.29s,
[2023-05-07 19:17:39.886] [info] queryID 13, result_size 0, rtk_topk 256, accu_ip_cost 1031301, accu_query_time 0.38s,
[2023-05-07 20:47:06.952] [info] queryID 13, result_size 278211, rtk_topk 512, accu_ip_cost 1665197430, accu_query_time 5367.45s,
[2023-05-07 20:47:06.952] [info] queryID 13, result_size 278211, rtk_topk 512, ip_cost 1665197430, query_time 5367.45s, total_ip_cost 23312764020, total_retrieval_time 74858.21s
[2023-05-07 20:47:07.078] [info] queryID 14, result_size 0, rtk_topk 1, accu_ip_cost 17908, accu_query_time 0.12s,
[2023-05-07 20:47:07.086] [info] queryID 14, result_size 0, rtk_topk 2, accu_ip_cost 30932, accu_query_time 0.13s,
[2023-05-07 20:47:07.097] [info] queryID 14, result_size 0, rtk_topk 4, accu_ip_cost 53243, accu_query_time 0.14s,
[2023-05-07 20:47:07.112] [info] queryID 14, result_size 0, rtk_topk 8, accu_ip_cost 85063, accu_query_time 0.16s,
[2023-05-07 20:47:07.135] [info] queryID 14, result_size 0, rtk_topk 16, accu_ip_cost 134717, accu_query_time 0.18s,
[2023-05-07 20:47:07.168] [info] queryID 14, result_size 0, rtk_topk 32, accu_ip_cost 211122, accu_query_time 0.21s,
[2023-05-07 20:47:07.215] [info] queryID 14, result_size 0, rtk_topk 64, accu_ip_cost 321123, accu_query_time 0.26s,
[2023-05-07 20:47:07.289] [info] queryID 14, result_size 0, rtk_topk 128, accu_ip_cost 475746, accu_query_time 0.33s,
[2023-05-07 20:47:07.393] [info] queryID 14, result_size 0, rtk_topk 256, accu_ip_cost 675361, accu_query_time 0.44s,
[2023-05-07 22:16:11.090] [info] queryID 14, result_size 298836, rtk_topk 512, accu_ip_cost 1665197430, accu_query_time 5344.13s,
[2023-05-07 22:16:11.090] [info] queryID 14, result_size 298836, rtk_topk 512, ip_cost 1665197430, query_time 5344.14s, total_ip_cost 24977961450, total_retrieval_time 80202.35s
[2023-05-07 22:16:11.225] [info] queryID 15, result_size 0, rtk_topk 1, accu_ip_cost 210197, accu_query_time 0.13s,
[2023-05-07 22:16:11.265] [info] queryID 15, result_size 0, rtk_topk 2, accu_ip_cost 304288, accu_query_time 0.17s,
[2023-05-07 22:16:11.322] [info] queryID 15, result_size 0, rtk_topk 4, accu_ip_cost 443593, accu_query_time 0.23s,
[2023-05-07 22:16:11.392] [info] queryID 15, result_size 0, rtk_topk 8, accu_ip_cost 605135, accu_query_time 0.30s,
[2023-05-07 22:16:11.477] [info] queryID 15, result_size 0, rtk_topk 16, accu_ip_cost 805490, accu_query_time 0.38s,
[2023-05-07 22:16:11.582] [info] queryID 15, result_size 0, rtk_topk 32, accu_ip_cost 1044843, accu_query_time 0.49s,
[2023-05-07 22:16:11.701] [info] queryID 15, result_size 0, rtk_topk 64, accu_ip_cost 1299107, accu_query_time 0.61s,
[2023-05-07 22:16:11.847] [info] queryID 15, result_size 0, rtk_topk 128, accu_ip_cost 1549375, accu_query_time 0.75s,
[2023-05-07 22:16:12.022] [info] queryID 15, result_size 0, rtk_topk 256, accu_ip_cost 1785139, accu_query_time 0.93s,
[2023-05-07 23:45:47.352] [info] queryID 15, result_size 2090385, rtk_topk 512, accu_ip_cost 1665197430, accu_query_time 5376.26s,
[2023-05-07 23:45:47.352] [info] queryID 15, result_size 2090385, rtk_topk 512, ip_cost 1665197430, query_time 5376.26s, total_ip_cost 26643158880, total_retrieval_time 85578.61s
[2023-05-07 23:45:47.443] [info] queryID 16, result_size 0, rtk_topk 1, accu_ip_cost 108928, accu_query_time 0.07s,
[2023-05-07 23:45:47.461] [info] queryID 16, result_size 0, rtk_topk 2, accu_ip_cost 167129, accu_query_time 0.09s,
[2023-05-07 23:45:47.487] [info] queryID 16, result_size 0, rtk_topk 4, accu_ip_cost 259407, accu_query_time 0.12s,
[2023-05-07 23:45:47.519] [info] queryID 16, result_size 0, rtk_topk 8, accu_ip_cost 369038, accu_query_time 0.15s,
[2023-05-07 23:45:47.561] [info] queryID 16, result_size 0, rtk_topk 16, accu_ip_cost 520479, accu_query_time 0.19s,
[2023-05-07 23:45:47.618] [info] queryID 16, result_size 0, rtk_topk 32, accu_ip_cost 713804, accu_query_time 0.25s,
[2023-05-07 23:45:47.689] [info] queryID 16, result_size 0, rtk_topk 64, accu_ip_cost 946312, accu_query_time 0.32s,
[2023-05-07 23:45:47.782] [info] queryID 16, result_size 0, rtk_topk 128, accu_ip_cost 1207088, accu_query_time 0.41s,
[2023-05-07 23:45:47.893] [info] queryID 16, result_size 0, rtk_topk 256, accu_ip_cost 1469825, accu_query_time 0.52s,
[2023-05-08 01:14:48.885] [info] queryID 16, result_size 1237318, rtk_topk 512, accu_ip_cost 1665197430, accu_query_time 5341.51s,
[2023-05-08 01:14:48.885] [info] queryID 16, result_size 1237318, rtk_topk 512, ip_cost 1665197430, query_time 5341.51s, total_ip_cost 28308356310, total_retrieval_time 90920.12s
[2023-05-08 01:14:48.962] [info] queryID 17, result_size 0, rtk_topk 1, accu_ip_cost 38850, accu_query_time 0.06s,
[2023-05-08 01:14:48.971] [info] queryID 17, result_size 0, rtk_topk 2, accu_ip_cost 62012, accu_query_time 0.07s,
[2023-05-08 01:14:48.984] [info] queryID 17, result_size 0, rtk_topk 4, accu_ip_cost 103933, accu_query_time 0.09s,
[2023-05-08 01:14:49.001] [info] queryID 17, result_size 0, rtk_topk 8, accu_ip_cost 159544, accu_query_time 0.10s,
[2023-05-08 01:14:49.026] [info] queryID 17, result_size 0, rtk_topk 16, accu_ip_cost 242498, accu_query_time 0.13s,
[2023-05-08 01:14:49.061] [info] queryID 17, result_size 0, rtk_topk 32, accu_ip_cost 358345, accu_query_time 0.16s,
[2023-05-08 01:14:49.112] [info] queryID 17, result_size 0, rtk_topk 64, accu_ip_cost 524068, accu_query_time 0.21s,
[2023-05-08 01:14:49.180] [info] queryID 17, result_size 0, rtk_topk 128, accu_ip_cost 722499, accu_query_time 0.28s,
[2023-05-08 01:14:49.274] [info] queryID 17, result_size 0, rtk_topk 256, accu_ip_cost 969659, accu_query_time 0.38s,
[2023-05-08 02:45:25.518] [info] queryID 17, result_size 512080, rtk_topk 512, accu_ip_cost 1665197430, accu_query_time 5436.62s,
[2023-05-08 02:45:25.518] [info] queryID 17, result_size 512080, rtk_topk 512, ip_cost 1665197430, query_time 5436.62s, total_ip_cost 29973553740, total_retrieval_time 96356.74s
[2023-05-08 02:45:25.600] [info] queryID 18, result_size 0, rtk_topk 1, accu_ip_cost 131905, accu_query_time 0.08s,
[2023-05-08 02:45:25.621] [info] queryID 18, result_size 0, rtk_topk 2, accu_ip_cost 199319, accu_query_time 0.10s,
[2023-05-08 02:45:25.651] [info] queryID 18, result_size 0, rtk_topk 4, accu_ip_cost 303659, accu_query_time 0.13s,
[2023-05-08 02:45:25.688] [info] queryID 18, result_size 0, rtk_topk 8, accu_ip_cost 426499, accu_query_time 0.17s,
[2023-05-08 02:45:25.737] [info] queryID 18, result_size 0, rtk_topk 16, accu_ip_cost 594183, accu_query_time 0.22s,
[2023-05-08 02:45:25.800] [info] queryID 18, result_size 3, rtk_topk 32, accu_ip_cost 799348, accu_query_time 0.28s,
[2023-05-08 02:45:25.877] [info] queryID 18, result_size 23, rtk_topk 64, accu_ip_cost 1041328, accu_query_time 0.36s,
[2023-05-08 02:45:25.977] [info] queryID 18, result_size 106, rtk_topk 128, accu_ip_cost 1301845, accu_query_time 0.46s,
[2023-05-08 02:45:26.096] [info] queryID 18, result_size 287, rtk_topk 256, accu_ip_cost 1561918, accu_query_time 0.58s,
[2023-05-08 02:45:26.096] [info] queryID 18, result_size 287, rtk_topk 256, ip_cost 1561918, query_time 0.58s, total_ip_cost 29975115658, total_retrieval_time 96357.32s
[2023-05-08 02:45:26.100] [info] queryID 19, result_size 0, rtk_topk 1, accu_ip_cost 42254, accu_query_time 0.00s,
[2023-05-08 02:45:26.104] [info] queryID 19, result_size 0, rtk_topk 2, accu_ip_cost 67081, accu_query_time 0.01s,
[2023-05-08 02:45:26.108] [info] queryID 19, result_size 0, rtk_topk 4, accu_ip_cost 111925, accu_query_time 0.01s,
[2023-05-08 02:45:26.114] [info] queryID 19, result_size 0, rtk_topk 8, accu_ip_cost 170422, accu_query_time 0.02s,
[2023-05-08 02:45:26.122] [info] queryID 19, result_size 0, rtk_topk 16, accu_ip_cost 257076, accu_query_time 0.03s,
[2023-05-08 02:45:26.132] [info] queryID 19, result_size 0, rtk_topk 32, accu_ip_cost 379953, accu_query_time 0.04s,
[2023-05-08 02:45:26.145] [info] queryID 19, result_size 0, rtk_topk 64, accu_ip_cost 547600, accu_query_time 0.05s,
[2023-05-08 02:45:26.163] [info] queryID 19, result_size 0, rtk_topk 128, accu_ip_cost 753801, accu_query_time 0.07s,
[2023-05-08 02:45:26.187] [info] queryID 19, result_size 0, rtk_topk 256, accu_ip_cost 1005734, accu_query_time 0.09s,
[2023-05-08 04:14:15.140] [info] queryID 19, result_size 695374, rtk_topk 512, accu_ip_cost 1665197430, accu_query_time 5329.04s,
[2023-05-08 04:14:15.140] [info] queryID 19, result_size 695374, rtk_topk 512, ip_cost 1665197430, query_time 5329.04s, total_ip_cost 31640313088, total_retrieval_time 101686.36s
[2023-05-08 04:14:15.204] [info] queryID 20, result_size 0, rtk_topk 1, accu_ip_cost 20831, accu_query_time 0.06s,
[2023-05-08 04:14:15.211] [info] queryID 20, result_size 0, rtk_topk 2, accu_ip_cost 34854, accu_query_time 0.07s,
[2023-05-08 04:14:15.219] [info] queryID 20, result_size 0, rtk_topk 4, accu_ip_cost 59977, accu_query_time 0.08s,
[2023-05-08 04:14:15.231] [info] queryID 20, result_size 0, rtk_topk 8, accu_ip_cost 95164, accu_query_time 0.09s,
[2023-05-08 04:14:15.247] [info] queryID 20, result_size 0, rtk_topk 16, accu_ip_cost 150368, accu_query_time 0.10s,
[2023-05-08 04:14:15.272] [info] queryID 20, result_size 0, rtk_topk 32, accu_ip_cost 232471, accu_query_time 0.13s,
[2023-05-08 04:14:15.307] [info] queryID 20, result_size 0, rtk_topk 64, accu_ip_cost 351944, accu_query_time 0.16s,
[2023-05-08 04:14:15.361] [info] queryID 20, result_size 0, rtk_topk 128, accu_ip_cost 515484, accu_query_time 0.22s,
[2023-05-08 04:14:15.435] [info] queryID 20, result_size 1, rtk_topk 256, accu_ip_cost 722351, accu_query_time 0.29s,
[2023-05-08 05:43:25.324] [info] queryID 20, result_size 56052, rtk_topk 512, accu_ip_cost 1665197430, accu_query_time 5350.18s,
[2023-05-08 05:43:25.324] [info] queryID 20, result_size 56052, rtk_topk 512, ip_cost 1665197430, query_time 5350.18s, total_ip_cost 33305510518, total_retrieval_time 107036.54s
[2023-05-08 05:43:25.384] [info] queryID 21, result_size 0, rtk_topk 1, accu_ip_cost 16058, accu_query_time 0.06s,
[2023-05-08 05:43:25.389] [info] queryID 21, result_size 0, rtk_topk 2, accu_ip_cost 27528, accu_query_time 0.06s,
[2023-05-08 05:43:25.397] [info] queryID 21, result_size 0, rtk_topk 4, accu_ip_cost 48063, accu_query_time 0.07s,
[2023-05-08 05:43:25.406] [info] queryID 21, result_size 0, rtk_topk 8, accu_ip_cost 76960, accu_query_time 0.08s,
[2023-05-08 05:43:25.420] [info] queryID 21, result_size 0, rtk_topk 16, accu_ip_cost 121915, accu_query_time 0.10s,
[2023-05-08 05:43:25.442] [info] queryID 21, result_size 0, rtk_topk 32, accu_ip_cost 195767, accu_query_time 0.12s,
[2023-05-08 05:43:25.473] [info] queryID 21, result_size 0, rtk_topk 64, accu_ip_cost 296777, accu_query_time 0.15s,
[2023-05-08 05:43:25.522] [info] queryID 21, result_size 0, rtk_topk 128, accu_ip_cost 443075, accu_query_time 0.20s,
[2023-05-08 05:43:25.591] [info] queryID 21, result_size 0, rtk_topk 256, accu_ip_cost 635919, accu_query_time 0.27s,
[2023-05-08 07:15:27.817] [info] queryID 21, result_size 241136, rtk_topk 512, accu_ip_cost 1665197430, accu_query_time 5522.49s,
[2023-05-08 07:15:27.817] [info] queryID 21, result_size 241136, rtk_topk 512, ip_cost 1665197430, query_time 5522.49s, total_ip_cost 34970707948, total_retrieval_time 112559.03s
[2023-05-08 07:15:27.873] [info] queryID 22, result_size 0, rtk_topk 1, accu_ip_cost 0, accu_query_time 0.05s,
[2023-05-08 07:15:27.876] [info] queryID 22, result_size 0, rtk_topk 2, accu_ip_cost 0, accu_query_time 0.06s,
[2023-05-08 07:15:27.878] [info] queryID 22, result_size 0, rtk_topk 4, accu_ip_cost 0, accu_query_time 0.06s,
[2023-05-08 07:15:27.881] [info] queryID 22, result_size 0, rtk_topk 8, accu_ip_cost 0, accu_query_time 0.06s,
[2023-05-08 07:15:27.884] [info] queryID 22, result_size 0, rtk_topk 16, accu_ip_cost 0, accu_query_time 0.06s,
[2023-05-08 07:15:27.886] [info] queryID 22, result_size 0, rtk_topk 32, accu_ip_cost 0, accu_query_time 0.07s,
[2023-05-08 07:15:27.889] [info] queryID 22, result_size 0, rtk_topk 64, accu_ip_cost 0, accu_query_time 0.07s,
[2023-05-08 07:15:27.893] [info] queryID 22, result_size 0, rtk_topk 128, accu_ip_cost 0, accu_query_time 0.07s,
[2023-05-08 07:15:27.900] [info] queryID 22, result_size 0, rtk_topk 256, accu_ip_cost 0, accu_query_time 0.08s,
[2023-05-08 08:45:24.527] [info] queryID 22, result_size 23088, rtk_topk 512, accu_ip_cost 1665197430, accu_query_time 5396.71s,
[2023-05-08 08:45:24.527] [info] queryID 22, result_size 23088, rtk_topk 512, ip_cost 1665197430, query_time 5396.71s, total_ip_cost 36635905378, total_retrieval_time 117955.74s
[2023-05-08 08:45:24.587] [info] queryID 23, result_size 0, rtk_topk 1, accu_ip_cost 21053, accu_query_time 0.06s,
[2023-05-08 08:45:24.594] [info] queryID 23, result_size 0, rtk_topk 2, accu_ip_cost 35779, accu_query_time 0.07s,
[2023-05-08 08:45:24.603] [info] queryID 23, result_size 0, rtk_topk 4, accu_ip_cost 61087, accu_query_time 0.08s,
[2023-05-08 08:45:24.614] [info] queryID 23, result_size 0, rtk_topk 8, accu_ip_cost 96940, accu_query_time 0.09s,
[2023-05-08 08:45:24.632] [info] queryID 23, result_size 0, rtk_topk 16, accu_ip_cost 153328, accu_query_time 0.10s,
[2023-05-08 08:45:24.658] [info] queryID 23, result_size 0, rtk_topk 32, accu_ip_cost 236097, accu_query_time 0.13s,
[2023-05-08 08:45:24.695] [info] queryID 23, result_size 0, rtk_topk 64, accu_ip_cost 356976, accu_query_time 0.17s,
[2023-05-08 08:45:24.751] [info] queryID 23, result_size 0, rtk_topk 128, accu_ip_cost 521737, accu_query_time 0.22s,
[2023-05-08 08:45:24.827] [info] queryID 23, result_size 0, rtk_topk 256, accu_ip_cost 730898, accu_query_time 0.30s,
[2023-05-08 10:14:30.688] [info] queryID 23, result_size 360522, rtk_topk 512, accu_ip_cost 1665197430, accu_query_time 5346.16s,
[2023-05-08 10:14:30.688] [info] queryID 23, result_size 360522, rtk_topk 512, ip_cost 1665197430, query_time 5346.16s, total_ip_cost 38301102808, total_retrieval_time 123301.90s
[2023-05-08 10:14:30.756] [info] queryID 24, result_size 0, rtk_topk 1, accu_ip_cost 68376, accu_query_time 0.06s,
[2023-05-08 10:14:30.769] [info] queryID 24, result_size 0, rtk_topk 2, accu_ip_cost 107929, accu_query_time 0.08s,
[2023-05-08 10:14:30.787] [info] queryID 24, result_size 0, rtk_topk 4, accu_ip_cost 171532, accu_query_time 0.10s,
[2023-05-08 10:14:30.813] [info] queryID 24, result_size 0, rtk_topk 8, accu_ip_cost 256410, accu_query_time 0.12s,
[2023-05-08 10:14:30.846] [info] queryID 24, result_size 0, rtk_topk 16, accu_ip_cost 369630, accu_query_time 0.15s,
[2023-05-08 10:14:30.894] [info] queryID 24, result_size 0, rtk_topk 32, accu_ip_cost 532874, accu_query_time 0.20s,
[2023-05-08 10:14:30.953] [info] queryID 24, result_size 0, rtk_topk 64, accu_ip_cost 729677, accu_query_time 0.26s,
[2023-05-08 10:14:31.035] [info] queryID 24, result_size 0, rtk_topk 128, accu_ip_cost 969252, accu_query_time 0.34s,
[2023-05-08 10:14:31.139] [info] queryID 24, result_size 0, rtk_topk 256, accu_ip_cost 1239833, accu_query_time 0.45s,
[2023-05-08 11:45:21.575] [info] queryID 24, result_size 322315, rtk_topk 512, accu_ip_cost 1665197430, accu_query_time 5450.88s,
[2023-05-08 11:45:21.575] [info] queryID 24, result_size 322315, rtk_topk 512, ip_cost 1665197430, query_time 5450.88s, total_ip_cost 39966300238, total_retrieval_time 128752.79s
[2023-05-08 11:45:21.578] [info] total retrieval time larger than stop time, retrieval exit
[2023-05-08 11:45:21.579] [info] finish top-200
[2023-05-08 11:45:21.579] [info] top200 retrieval:
	total IP cost 39966300238, total time 128752.786s, n_proc_query 25
[2023-05-08 11:45:21.579] [info] build index time: total 779.970666359s
top200 retrieval:
	total IP cost 39966300238, total time 128752.786s, n_proc_query 25
