[2023-05-06 23:46:23.417] [info] Retrieval method_name SimpferPP, dataset_name amazon-home-kitchen-150d, topk 200
[2023-05-06 23:46:23.417] [info] dataset_dir /home/zhengbian/Dataset/ReverseMIPS
[2023-05-06 23:46:23.417] [info] index_dir /home/zhengbian/reverse-k-ranks/index
[2023-05-06 23:46:28.705] [info] n_data_item 409243, n_query_item 1000, n_user 2511610, vec_dim 150
[2023-05-06 23:46:28.706] [info] input parameter: simpfer_k_max 501, stop_time 126000s
[2023-05-06 23:46:30.115] [info] finish transform user
[2023-05-06 23:46:30.362] [info] finish transform data item
[2023-05-06 23:59:10.374] [info] finish simpfer preprocessing
[2023-05-06 23:59:28.676] [info] finish preprocess and save the index
[2023-05-08 02:45:25.600] [info] queryID 18, result_size 0, rtk_topk 1, accu_ip_cost 131905, accu_query_time 0.08s,
[2023-05-08 02:45:25.621] [info] queryID 18, result_size 0, rtk_topk 2, accu_ip_cost 199319, accu_query_time 0.10s,
[2023-05-08 02:45:25.651] [info] queryID 18, result_size 0, rtk_topk 4, accu_ip_cost 303659, accu_query_time 0.13s,
[2023-05-08 02:45:25.688] [info] queryID 18, result_size 0, rtk_topk 8, accu_ip_cost 426499, accu_query_time 0.17s,
[2023-05-08 02:45:25.737] [info] queryID 18, result_size 0, rtk_topk 16, accu_ip_cost 594183, accu_query_time 0.22s,
[2023-05-08 02:45:25.800] [info] queryID 18, result_size 3, rtk_topk 32, accu_ip_cost 799348, accu_query_time 0.28s,
[2023-05-08 02:45:25.877] [info] queryID 18, result_size 23, rtk_topk 64, accu_ip_cost 1041328, accu_query_time 0.36s,
[2023-05-08 02:45:25.977] [info] queryID 18, result_size 106, rtk_topk 128, accu_ip_cost 1301845, accu_query_time 0.46s,
[2023-05-08 02:45:26.096] [info] queryID 18, result_size 287, rtk_topk 256, accu_ip_cost 1561918, accu_query_time 0.58s,
[2023-05-08 02:45:26.096] [info] queryID 18, result_size 287, rtk_topk 256, ip_cost 1561918, query_time 0.58s, total_ip_cost 29975115658, total_retrieval_time 96357.32s
[2023-05-08 11:45:21.578] [info] total retrieval time larger than stop time, retrieval exit
[2023-05-08 11:45:21.579] [info] finish top-200
[2023-05-08 11:45:21.579] [info] top200 retrieval:
	total IP cost 39966300238, total time 128752.786s, n_proc_query 25
[2023-05-08 11:45:21.579] [info] build index time: total 779.970666359s
top200 retrieval:
	total IP cost 39966300238, total time 128752.786s, n_proc_query 25
