[2023-05-06 11:32:25.817] [info] Retrieval method_name SimpferPP, dataset_name movielens-1b-150d, topk 200
[2023-05-06 11:32:25.817] [info] dataset_dir /home/zhengbian/Dataset/ReverseMIPS
[2023-05-06 11:32:25.817] [info] index_dir /home/zhengbian/reverse-k-ranks/index
[2023-05-06 11:32:30.419] [info] n_data_item 272038, n_query_item 1000, n_user 2197225, vec_dim 150
[2023-05-06 11:32:30.479] [info] input parameter: simpfer_k_max 588, stop_time 126000s
[2023-05-06 11:32:31.668] [info] finish transform user
[2023-05-06 11:32:31.844] [info] finish transform data item
[2023-05-06 16:43:59.462] [info] finish simpfer preprocessing
[2023-05-06 16:44:12.809] [info] finish preprocess and save the index
[2023-05-06 16:44:13.246] [info] queryID 0, result_size 30, rtk_topk 1, accu_ip_cost 2197224, accu_query_time 0.44s,
[2023-05-06 16:44:13.303] [info] queryID 0, result_size 49, rtk_topk 2, accu_ip_cost 2197224, accu_query_time 0.49s,
[2023-05-06 16:44:13.361] [info] queryID 0, result_size 87, rtk_topk 4, accu_ip_cost 2197224, accu_query_time 0.55s,
[2023-05-06 16:44:13.420] [info] queryID 0, result_size 122, rtk_topk 8, accu_ip_cost 2197224, accu_query_time 0.61s,
[2023-05-06 16:44:13.481] [info] queryID 0, result_size 187, rtk_topk 16, accu_ip_cost 2197224, accu_query_time 0.67s,
[2023-05-06 16:44:15.897] [info] queryID 0, result_size 318, rtk_topk 32, accu_ip_cost 2197224, accu_query_time 3.09s,
[2023-05-06 16:44:15.897] [info] queryID 0, result_size 318, rtk_topk 32, ip_cost 2197224, query_time 3.09s, total_ip_cost 2197224, total_retrieval_time 3.09s
[2023-05-06 16:44:16.060] [info] queryID 1, result_size 2, rtk_topk 1, accu_ip_cost 2197224, accu_query_time 0.16s,
[2023-05-06 16:44:16.117] [info] queryID 1, result_size 2, rtk_topk 2, accu_ip_cost 2197224, accu_query_time 0.22s,
[2023-05-06 16:44:16.179] [info] queryID 1, result_size 2, rtk_topk 4, accu_ip_cost 2197224, accu_query_time 0.28s,
[2023-05-06 16:44:16.248] [info] queryID 1, result_size 3, rtk_topk 8, accu_ip_cost 2197224, accu_query_time 0.35s,
[2023-05-06 16:44:16.309] [info] queryID 1, result_size 15, rtk_topk 16, accu_ip_cost 2197224, accu_query_time 0.41s,
[2023-05-06 16:44:16.377] [info] queryID 1, result_size 26, rtk_topk 32, accu_ip_cost 2197224, accu_query_time 0.48s,
[2023-05-06 16:44:16.455] [info] queryID 1, result_size 44, rtk_topk 64, accu_ip_cost 2197224, accu_query_time 0.56s,
[2023-05-06 16:44:16.544] [info] queryID 1, result_size 76, rtk_topk 128, accu_ip_cost 2197224, accu_query_time 0.65s,
[2023-05-06 16:44:16.646] [info] queryID 1, result_size 148, rtk_topk 256, accu_ip_cost 2197224, accu_query_time 0.75s,
[2023-05-06 16:44:16.792] [info] queryID 1, result_size 267, rtk_topk 512, accu_ip_cost 2197224, accu_query_time 0.89s,
[2023-05-06 16:44:16.792] [info] queryID 1, result_size 267, rtk_topk 512, ip_cost 2197224, query_time 0.89s, total_ip_cost 4394448, total_retrieval_time 3.98s
[2023-05-06 16:44:16.850] [info] queryID 2, result_size 9, rtk_topk 1, accu_ip_cost 2197224, accu_query_time 0.06s,
[2023-05-06 16:44:16.928] [info] queryID 2, result_size 14, rtk_topk 2, accu_ip_cost 2197224, accu_query_time 0.14s,
[2023-05-06 16:44:17.012] [info] queryID 2, result_size 16, rtk_topk 4, accu_ip_cost 2197224, accu_query_time 0.22s,
[2023-05-06 16:44:17.096] [info] queryID 2, result_size 37, rtk_topk 8, accu_ip_cost 2197224, accu_query_time 0.30s,
[2023-05-06 16:44:17.179] [info] queryID 2, result_size 72, rtk_topk 16, accu_ip_cost 2197224, accu_query_time 0.39s,
[2023-05-06 16:44:17.237] [info] queryID 2, result_size 134, rtk_topk 32, accu_ip_cost 2197224, accu_query_time 0.45s,
[2023-05-06 16:44:17.322] [info] queryID 2, result_size 255, rtk_topk 64, accu_ip_cost 2197224, accu_query_time 0.53s,
[2023-05-06 16:44:17.322] [info] queryID 2, result_size 255, rtk_topk 64, ip_cost 2197224, query_time 0.53s, total_ip_cost 6591672, total_retrieval_time 4.51s
[2023-05-06 16:44:17.400] [info] queryID 3, result_size 20, rtk_topk 1, accu_ip_cost 2197224, accu_query_time 0.08s,
[2023-05-06 16:44:17.458] [info] queryID 3, result_size 28, rtk_topk 2, accu_ip_cost 2197224, accu_query_time 0.14s,
[2023-05-06 16:44:17.516] [info] queryID 3, result_size 34, rtk_topk 4, accu_ip_cost 2197224, accu_query_time 0.19s,
[2023-05-06 16:44:17.574] [info] queryID 3, result_size 45, rtk_topk 8, accu_ip_cost 2197224, accu_query_time 0.25s,
[2023-05-06 16:44:17.632] [info] queryID 3, result_size 90, rtk_topk 16, accu_ip_cost 2197224, accu_query_time 0.31s,
[2023-05-06 16:44:17.690] [info] queryID 3, result_size 148, rtk_topk 32, accu_ip_cost 2197224, accu_query_time 0.37s,
[2023-05-06 16:44:20.117] [info] queryID 3, result_size 258, rtk_topk 64, accu_ip_cost 2197224, accu_query_time 2.79s,
[2023-05-06 16:44:20.117] [info] queryID 3, result_size 258, rtk_topk 64, ip_cost 2197224, query_time 2.79s, total_ip_cost 8788896, total_retrieval_time 7.31s
[2023-05-06 16:44:20.249] [info] queryID 4, result_size 119, rtk_topk 1, accu_ip_cost 2197224, accu_query_time 0.13s,
[2023-05-06 16:44:20.317] [info] queryID 4, result_size 257, rtk_topk 2, accu_ip_cost 2197224, accu_query_time 0.20s,
[2023-05-06 16:44:20.317] [info] queryID 4, result_size 257, rtk_topk 2, ip_cost 2197224, query_time 0.20s, total_ip_cost 10986120, total_retrieval_time 7.51s
[2023-05-06 16:44:20.384] [info] queryID 5, result_size 24, rtk_topk 1, accu_ip_cost 2197224, accu_query_time 0.07s,
[2023-05-06 16:44:20.446] [info] queryID 5, result_size 29, rtk_topk 2, accu_ip_cost 2197224, accu_query_time 0.13s,
[2023-05-06 16:44:20.504] [info] queryID 5, result_size 61, rtk_topk 4, accu_ip_cost 2197224, accu_query_time 0.19s,
[2023-05-06 16:44:20.567] [info] queryID 5, result_size 88, rtk_topk 8, accu_ip_cost 2197224, accu_query_time 0.25s,
[2023-05-06 16:44:20.628] [info] queryID 5, result_size 216, rtk_topk 16, accu_ip_cost 2197224, accu_query_time 0.31s,
[2023-05-06 16:44:20.628] [info] queryID 5, result_size 216, rtk_topk 16, ip_cost 2197224, query_time 0.31s, total_ip_cost 13183344, total_retrieval_time 7.82s
[2023-05-06 16:44:20.690] [info] queryID 6, result_size 40, rtk_topk 1, accu_ip_cost 2197224, accu_query_time 0.06s,
[2023-05-06 16:44:20.753] [info] queryID 6, result_size 70, rtk_topk 2, accu_ip_cost 2197224, accu_query_time 0.12s,
[2023-05-06 16:44:20.811] [info] queryID 6, result_size 121, rtk_topk 4, accu_ip_cost 2197224, accu_query_time 0.18s,
[2023-05-06 16:44:20.873] [info] queryID 6, result_size 224, rtk_topk 8, accu_ip_cost 2197224, accu_query_time 0.24s,
[2023-05-06 16:44:20.873] [info] queryID 6, result_size 224, rtk_topk 8, ip_cost 2197224, query_time 0.24s, total_ip_cost 15380568, total_retrieval_time 8.06s
[2023-05-06 16:44:20.931] [info] queryID 7, result_size 24, rtk_topk 1, accu_ip_cost 2197224, accu_query_time 0.06s,
[2023-05-06 16:44:20.993] [info] queryID 7, result_size 43, rtk_topk 2, accu_ip_cost 2197224, accu_query_time 0.12s,
[2023-05-06 16:44:21.053] [info] queryID 7, result_size 95, rtk_topk 4, accu_ip_cost 2197224, accu_query_time 0.18s,
[2023-05-06 16:44:23.897] [info] queryID 7, result_size 185, rtk_topk 8, accu_ip_cost 2197224, accu_query_time 3.02s,
[2023-05-06 16:44:26.749] [info] queryID 7, result_size 315, rtk_topk 16, accu_ip_cost 2197224, accu_query_time 5.88s,
[2023-05-06 16:44:26.749] [info] queryID 7, result_size 315, rtk_topk 16, ip_cost 2197224, query_time 5.88s, total_ip_cost 17577792, total_retrieval_time 13.94s
[2023-05-06 16:44:26.899] [info] queryID 8, result_size 25, rtk_topk 1, accu_ip_cost 2197224, accu_query_time 0.15s,
[2023-05-06 16:44:26.960] [info] queryID 8, result_size 37, rtk_topk 2, accu_ip_cost 2197224, accu_query_time 0.21s,
[2023-05-06 16:44:27.022] [info] queryID 8, result_size 49, rtk_topk 4, accu_ip_cost 2197224, accu_query_time 0.27s,
[2023-05-06 16:44:27.084] [info] queryID 8, result_size 94, rtk_topk 8, accu_ip_cost 2197224, accu_query_time 0.33s,
[2023-05-06 16:44:30.053] [info] queryID 8, result_size 171, rtk_topk 16, accu_ip_cost 2197224, accu_query_time 3.30s,
[2023-05-06 16:44:33.953] [info] queryID 8, result_size 371, rtk_topk 32, accu_ip_cost 2197224, accu_query_time 7.20s,
[2023-05-06 16:44:33.953] [info] queryID 8, result_size 371, rtk_topk 32, ip_cost 2197224, query_time 7.20s, total_ip_cost 19775016, total_retrieval_time 21.14s
[2023-05-06 16:44:34.102] [info] queryID 9, result_size 19, rtk_topk 1, accu_ip_cost 2197224, accu_query_time 0.15s,
[2023-05-06 16:44:34.162] [info] queryID 9, result_size 142, rtk_topk 2, accu_ip_cost 2197224, accu_query_time 0.21s,
[2023-05-06 16:44:37.898] [info] queryID 9, result_size 345, rtk_topk 4, accu_ip_cost 2197224, accu_query_time 3.94s,
[2023-05-06 16:44:37.898] [info] queryID 9, result_size 345, rtk_topk 4, ip_cost 2197224, query_time 3.94s, total_ip_cost 21972240, total_retrieval_time 25.09s
[2023-05-06 16:44:38.017] [info] queryID 10, result_size 8, rtk_topk 1, accu_ip_cost 2197224, accu_query_time 0.12s,
[2023-05-06 16:44:38.077] [info] queryID 10, result_size 8, rtk_topk 2, accu_ip_cost 2197224, accu_query_time 0.18s,
[2023-05-06 16:44:38.138] [info] queryID 10, result_size 10, rtk_topk 4, accu_ip_cost 2197224, accu_query_time 0.24s,
[2023-05-06 16:44:38.195] [info] queryID 10, result_size 19, rtk_topk 8, accu_ip_cost 2197224, accu_query_time 0.30s,
[2023-05-06 16:44:38.257] [info] queryID 10, result_size 26, rtk_topk 16, accu_ip_cost 2197224, accu_query_time 0.36s,
[2023-05-06 16:44:38.315] [info] queryID 10, result_size 30, rtk_topk 32, accu_ip_cost 2197224, accu_query_time 0.42s,
[2023-05-06 16:44:38.385] [info] queryID 10, result_size 62, rtk_topk 64, accu_ip_cost 2197224, accu_query_time 0.49s,
[2023-05-06 16:44:38.466] [info] queryID 10, result_size 110, rtk_topk 128, accu_ip_cost 2197224, accu_query_time 0.57s,
[2023-05-06 16:44:38.568] [info] queryID 10, result_size 198, rtk_topk 256, accu_ip_cost 2197224, accu_query_time 0.67s,
[2023-05-06 16:44:42.445] [info] queryID 10, result_size 402, rtk_topk 512, accu_ip_cost 2197224, accu_query_time 4.55s,
[2023-05-06 16:44:42.445] [info] queryID 10, result_size 402, rtk_topk 512, ip_cost 2197224, query_time 4.55s, total_ip_cost 24169464, total_retrieval_time 29.64s
[2023-05-06 16:44:42.578] [info] queryID 11, result_size 3, rtk_topk 1, accu_ip_cost 2197224, accu_query_time 0.13s,
[2023-05-06 16:44:42.635] [info] queryID 11, result_size 17, rtk_topk 2, accu_ip_cost 2197224, accu_query_time 0.19s,
[2023-05-06 16:44:42.692] [info] queryID 11, result_size 46, rtk_topk 4, accu_ip_cost 2197224, accu_query_time 0.25s,
[2023-05-06 16:44:42.750] [info] queryID 11, result_size 95, rtk_topk 8, accu_ip_cost 2197224, accu_query_time 0.31s,
[2023-05-06 16:44:42.808] [info] queryID 11, result_size 185, rtk_topk 16, accu_ip_cost 2197224, accu_query_time 0.36s,
[2023-05-06 16:44:46.301] [info] queryID 11, result_size 351, rtk_topk 32, accu_ip_cost 2197224, accu_query_time 3.86s,
[2023-05-06 16:44:46.301] [info] queryID 11, result_size 351, rtk_topk 32, ip_cost 2197224, query_time 3.86s, total_ip_cost 26366688, total_retrieval_time 33.49s
[2023-05-06 16:44:46.379] [info] queryID 12, result_size 19, rtk_topk 1, accu_ip_cost 2197224, accu_query_time 0.08s,
[2023-05-06 16:44:46.436] [info] queryID 12, result_size 34, rtk_topk 2, accu_ip_cost 2197224, accu_query_time 0.14s,
[2023-05-06 16:44:46.496] [info] queryID 12, result_size 55, rtk_topk 4, accu_ip_cost 2197224, accu_query_time 0.19s,
[2023-05-06 16:44:46.555] [info] queryID 12, result_size 207, rtk_topk 8, accu_ip_cost 2197224, accu_query_time 0.25s,
[2023-05-06 16:44:46.555] [info] queryID 12, result_size 207, rtk_topk 8, ip_cost 2197224, query_time 0.25s, total_ip_cost 28563912, total_retrieval_time 33.75s
[2023-05-06 16:44:46.617] [info] queryID 13, result_size 30, rtk_topk 1, accu_ip_cost 2197224, accu_query_time 0.06s,
[2023-05-06 16:44:46.677] [info] queryID 13, result_size 30, rtk_topk 2, accu_ip_cost 2197224, accu_query_time 0.12s,
[2023-05-06 16:44:46.734] [info] queryID 13, result_size 41, rtk_topk 4, accu_ip_cost 2197224, accu_query_time 0.18s,
[2023-05-06 16:44:46.794] [info] queryID 13, result_size 46, rtk_topk 8, accu_ip_cost 2197224, accu_query_time 0.24s,
[2023-05-06 16:44:46.852] [info] queryID 13, result_size 70, rtk_topk 16, accu_ip_cost 2197224, accu_query_time 0.30s,
[2023-05-06 16:44:46.917] [info] queryID 13, result_size 139, rtk_topk 32, accu_ip_cost 2197224, accu_query_time 0.36s,
[2023-05-06 16:44:50.395] [info] queryID 13, result_size 297, rtk_topk 64, accu_ip_cost 2197224, accu_query_time 3.84s,
[2023-05-06 16:44:50.395] [info] queryID 13, result_size 297, rtk_topk 64, ip_cost 2197224, query_time 3.84s, total_ip_cost 30761136, total_retrieval_time 37.59s
[2023-05-06 16:44:50.498] [info] queryID 14, result_size 24, rtk_topk 1, accu_ip_cost 2197224, accu_query_time 0.10s,
[2023-05-06 16:44:50.555] [info] queryID 14, result_size 24, rtk_topk 2, accu_ip_cost 2197224, accu_query_time 0.16s,
[2023-05-06 16:44:50.613] [info] queryID 14, result_size 52, rtk_topk 4, accu_ip_cost 2197224, accu_query_time 0.22s,
[2023-05-06 16:44:50.671] [info] queryID 14, result_size 89, rtk_topk 8, accu_ip_cost 2197224, accu_query_time 0.28s,
[2023-05-06 16:44:50.730] [info] queryID 14, result_size 124, rtk_topk 16, accu_ip_cost 2197224, accu_query_time 0.33s,
[2023-05-06 16:44:50.788] [info] queryID 14, result_size 238, rtk_topk 32, accu_ip_cost 2197224, accu_query_time 0.39s,
[2023-05-06 16:44:50.788] [info] queryID 14, result_size 238, rtk_topk 32, ip_cost 2197224, query_time 0.39s, total_ip_cost 32958360, total_retrieval_time 37.98s
[2023-05-06 16:44:50.846] [info] queryID 15, result_size 12, rtk_topk 1, accu_ip_cost 2197224, accu_query_time 0.06s,
[2023-05-06 16:44:50.905] [info] queryID 15, result_size 45, rtk_topk 2, accu_ip_cost 2197224, accu_query_time 0.12s,
[2023-05-06 16:44:50.963] [info] queryID 15, result_size 116, rtk_topk 4, accu_ip_cost 2197224, accu_query_time 0.18s,
[2023-05-06 16:44:54.010] [info] queryID 15, result_size 282, rtk_topk 8, accu_ip_cost 2197224, accu_query_time 3.22s,
[2023-05-06 16:44:54.010] [info] queryID 15, result_size 282, rtk_topk 8, ip_cost 2197224, query_time 3.22s, total_ip_cost 35155584, total_retrieval_time 41.20s
[2023-05-06 16:44:54.162] [info] queryID 16, result_size 23, rtk_topk 1, accu_ip_cost 2197224, accu_query_time 0.15s,
[2023-05-06 16:44:54.223] [info] queryID 16, result_size 40, rtk_topk 2, accu_ip_cost 2197224, accu_query_time 0.21s,
[2023-05-06 16:44:54.279] [info] queryID 16, result_size 94, rtk_topk 4, accu_ip_cost 2197224, accu_query_time 0.27s,
[2023-05-06 16:44:54.336] [info] queryID 16, result_size 143, rtk_topk 8, accu_ip_cost 2197224, accu_query_time 0.33s,
[2023-05-06 16:44:54.393] [info] queryID 16, result_size 278, rtk_topk 16, accu_ip_cost 2197224, accu_query_time 0.38s,
[2023-05-06 16:44:54.393] [info] queryID 16, result_size 278, rtk_topk 16, ip_cost 2197224, query_time 0.38s, total_ip_cost 37352808, total_retrieval_time 41.58s
[2023-05-06 16:44:54.450] [info] queryID 17, result_size 17, rtk_topk 1, accu_ip_cost 2197224, accu_query_time 0.06s,
[2023-05-06 16:44:54.507] [info] queryID 17, result_size 25, rtk_topk 2, accu_ip_cost 2197224, accu_query_time 0.11s,
[2023-05-06 16:44:54.564] [info] queryID 17, result_size 61, rtk_topk 4, accu_ip_cost 2197224, accu_query_time 0.17s,
[2023-05-06 16:44:54.621] [info] queryID 17, result_size 116, rtk_topk 8, accu_ip_cost 2197224, accu_query_time 0.23s,
[2023-05-06 16:44:54.678] [info] queryID 17, result_size 210, rtk_topk 16, accu_ip_cost 2197224, accu_query_time 0.29s,
[2023-05-06 16:44:54.678] [info] queryID 17, result_size 210, rtk_topk 16, ip_cost 2197224, query_time 0.29s, total_ip_cost 39550032, total_retrieval_time 41.87s
[2023-05-06 16:44:54.735] [info] queryID 18, result_size 15, rtk_topk 1, accu_ip_cost 2197224, accu_query_time 0.06s,
[2023-05-06 16:44:54.792] [info] queryID 18, result_size 15, rtk_topk 2, accu_ip_cost 2197224, accu_query_time 0.11s,
[2023-05-06 16:44:54.849] [info] queryID 18, result_size 17, rtk_topk 4, accu_ip_cost 2197224, accu_query_time 0.17s,
[2023-05-06 16:44:54.908] [info] queryID 18, result_size 17, rtk_topk 8, accu_ip_cost 2197224, accu_query_time 0.23s,
[2023-05-06 16:44:54.965] [info] queryID 18, result_size 19, rtk_topk 16, accu_ip_cost 2197224, accu_query_time 0.29s,
[2023-05-06 16:44:55.022] [info] queryID 18, result_size 58, rtk_topk 32, accu_ip_cost 2197224, accu_query_time 0.34s,
[2023-05-06 16:44:55.078] [info] queryID 18, result_size 104, rtk_topk 64, accu_ip_cost 2197224, accu_query_time 0.40s,
[2023-05-06 16:44:55.148] [info] queryID 18, result_size 275, rtk_topk 128, accu_ip_cost 2197224, accu_query_time 0.47s,
[2023-05-06 16:44:55.148] [info] queryID 18, result_size 275, rtk_topk 128, ip_cost 2197224, query_time 0.47s, total_ip_cost 41747256, total_retrieval_time 42.34s
[2023-05-06 16:44:55.234] [info] queryID 19, result_size 20, rtk_topk 1, accu_ip_cost 2197224, accu_query_time 0.09s,
[2023-05-06 16:44:55.290] [info] queryID 19, result_size 31, rtk_topk 2, accu_ip_cost 2197224, accu_query_time 0.14s,
[2023-05-06 16:44:55.347] [info] queryID 19, result_size 36, rtk_topk 4, accu_ip_cost 2197224, accu_query_time 0.20s,
[2023-05-06 16:44:55.403] [info] queryID 19, result_size 69, rtk_topk 8, accu_ip_cost 2197224, accu_query_time 0.26s,
[2023-05-06 16:44:55.519] [info] queryID 19, result_size 120, rtk_topk 16, accu_ip_cost 2197224, accu_query_time 0.37s,
[2023-05-06 16:44:58.783] [info] queryID 19, result_size 302, rtk_topk 32, accu_ip_cost 2197224, accu_query_time 3.64s,
[2023-05-06 16:44:58.783] [info] queryID 19, result_size 302, rtk_topk 32, ip_cost 2197224, query_time 3.64s, total_ip_cost 43944480, total_retrieval_time 45.97s
[2023-05-06 16:44:58.839] [info] queryID 20, result_size 1, rtk_topk 1, accu_ip_cost 2197224, accu_query_time 0.06s,
[2023-05-06 16:44:58.896] [info] queryID 20, result_size 1, rtk_topk 2, accu_ip_cost 2197224, accu_query_time 0.11s,
[2023-05-06 16:44:58.953] [info] queryID 20, result_size 1, rtk_topk 4, accu_ip_cost 2197224, accu_query_time 0.17s,
[2023-05-06 16:44:59.011] [info] queryID 20, result_size 1, rtk_topk 8, accu_ip_cost 2197224, accu_query_time 0.23s,
[2023-05-06 16:44:59.068] [info] queryID 20, result_size 1, rtk_topk 16, accu_ip_cost 2197224, accu_query_time 0.28s,
[2023-05-06 16:44:59.125] [info] queryID 20, result_size 1, rtk_topk 32, accu_ip_cost 2197224, accu_query_time 0.34s,
[2023-05-06 16:44:59.182] [info] queryID 20, result_size 1, rtk_topk 64, accu_ip_cost 2197224, accu_query_time 0.40s,
[2023-05-06 16:44:59.239] [info] queryID 20, result_size 4, rtk_topk 128, accu_ip_cost 2197224, accu_query_time 0.46s,
[2023-05-06 16:44:59.301] [info] queryID 20, result_size 9, rtk_topk 256, accu_ip_cost 2197224, accu_query_time 0.52s,
[2023-05-06 16:44:59.373] [info] queryID 20, result_size 12, rtk_topk 512, accu_ip_cost 2197224, accu_query_time 0.59s,
[2023-05-06 18:50:51.892] [info] queryID 20, result_size 2165250, rtk_topk 1024, accu_ip_cost 2581739375, accu_query_time 7553.11s,
[2023-05-06 18:50:51.892] [info] queryID 20, result_size 2165250, rtk_topk 1024, ip_cost 2581739375, query_time 7553.11s, total_ip_cost 2625683855, total_retrieval_time 7599.08s
[2023-05-06 18:50:52.545] [info] queryID 21, result_size 4, rtk_topk 1, accu_ip_cost 2197224, accu_query_time 0.61s,
[2023-05-06 18:50:52.601] [info] queryID 21, result_size 4, rtk_topk 2, accu_ip_cost 2197224, accu_query_time 0.67s,
[2023-05-06 18:50:52.657] [info] queryID 21, result_size 5, rtk_topk 4, accu_ip_cost 2197224, accu_query_time 0.72s,
[2023-05-06 18:50:52.714] [info] queryID 21, result_size 8, rtk_topk 8, accu_ip_cost 2197224, accu_query_time 0.78s,
[2023-05-06 18:50:52.770] [info] queryID 21, result_size 11, rtk_topk 16, accu_ip_cost 2197224, accu_query_time 0.84s,
[2023-05-06 18:50:52.828] [info] queryID 21, result_size 12, rtk_topk 32, accu_ip_cost 2197224, accu_query_time 0.90s,
[2023-05-06 18:50:52.889] [info] queryID 21, result_size 16, rtk_topk 64, accu_ip_cost 2197224, accu_query_time 0.96s,
[2023-05-06 18:50:52.958] [info] queryID 21, result_size 23, rtk_topk 128, accu_ip_cost 2197224, accu_query_time 1.03s,
[2023-05-06 18:50:53.048] [info] queryID 21, result_size 43, rtk_topk 256, accu_ip_cost 2197224, accu_query_time 1.12s,
[2023-05-06 18:50:53.190] [info] queryID 21, result_size 78, rtk_topk 512, accu_ip_cost 2197224, accu_query_time 1.26s,
[2023-05-06 20:56:27.175] [info] queryID 21, result_size 2186992, rtk_topk 1024, accu_ip_cost 2581739375, accu_query_time 7535.24s,
[2023-05-06 20:56:27.175] [info] queryID 21, result_size 2186992, rtk_topk 1024, ip_cost 2581739375, query_time 7535.24s, total_ip_cost 5207423230, total_retrieval_time 15134.32s
[2023-05-06 20:56:27.822] [info] queryID 22, result_size 2, rtk_topk 1, accu_ip_cost 2191968, accu_query_time 0.61s,
[2023-05-06 20:56:27.877] [info] queryID 22, result_size 2, rtk_topk 2, accu_ip_cost 2197224, accu_query_time 0.66s,
[2023-05-06 20:56:27.932] [info] queryID 22, result_size 2, rtk_topk 4, accu_ip_cost 2197224, accu_query_time 0.72s,
[2023-05-06 20:56:27.988] [info] queryID 22, result_size 2, rtk_topk 8, accu_ip_cost 2197224, accu_query_time 0.78s,
[2023-05-06 20:56:28.044] [info] queryID 22, result_size 3, rtk_topk 16, accu_ip_cost 2197224, accu_query_time 0.83s,
[2023-05-06 20:56:28.102] [info] queryID 22, result_size 3, rtk_topk 32, accu_ip_cost 2197224, accu_query_time 0.89s,
[2023-05-06 20:56:28.163] [info] queryID 22, result_size 3, rtk_topk 64, accu_ip_cost 2197224, accu_query_time 0.95s,
[2023-05-06 20:56:28.233] [info] queryID 22, result_size 4, rtk_topk 128, accu_ip_cost 2197224, accu_query_time 1.02s,
[2023-05-06 20:56:28.323] [info] queryID 22, result_size 9, rtk_topk 256, accu_ip_cost 2197224, accu_query_time 1.11s,
[2023-05-06 20:56:28.467] [info] queryID 22, result_size 24, rtk_topk 512, accu_ip_cost 2197224, accu_query_time 1.25s,
[2023-05-06 23:03:05.120] [info] queryID 22, result_size 2189494, rtk_topk 1024, accu_ip_cost 2581739375, accu_query_time 7597.91s,
[2023-05-06 23:03:05.120] [info] queryID 22, result_size 2189494, rtk_topk 1024, ip_cost 2581739375, query_time 7597.91s, total_ip_cost 7789162605, total_retrieval_time 22732.23s
[2023-05-06 23:03:05.778] [info] queryID 23, result_size 41, rtk_topk 1, accu_ip_cost 2197224, accu_query_time 0.62s,
[2023-05-06 23:03:05.832] [info] queryID 23, result_size 172, rtk_topk 2, accu_ip_cost 2197224, accu_query_time 0.67s,
[2023-05-06 23:03:05.886] [info] queryID 23, result_size 338, rtk_topk 4, accu_ip_cost 2197224, accu_query_time 0.73s,
[2023-05-06 23:03:05.886] [info] queryID 23, result_size 338, rtk_topk 4, ip_cost 2197224, query_time 0.73s, total_ip_cost 7791359829, total_retrieval_time 22732.96s
[2023-05-06 23:03:05.942] [info] queryID 24, result_size 10, rtk_topk 1, accu_ip_cost 2197224, accu_query_time 0.06s,
[2023-05-06 23:03:05.997] [info] queryID 24, result_size 10, rtk_topk 2, accu_ip_cost 2197224, accu_query_time 0.11s,
[2023-05-06 23:03:06.052] [info] queryID 24, result_size 14, rtk_topk 4, accu_ip_cost 2197224, accu_query_time 0.17s,
[2023-05-06 23:03:06.108] [info] queryID 24, result_size 30, rtk_topk 8, accu_ip_cost 2197224, accu_query_time 0.22s,
[2023-05-06 23:03:06.164] [info] queryID 24, result_size 46, rtk_topk 16, accu_ip_cost 2197224, accu_query_time 0.28s,
[2023-05-06 23:03:06.222] [info] queryID 24, result_size 84, rtk_topk 32, accu_ip_cost 2197224, accu_query_time 0.34s,
[2023-05-06 23:03:06.284] [info] queryID 24, result_size 171, rtk_topk 64, accu_ip_cost 2197224, accu_query_time 0.40s,
[2023-05-06 23:03:06.355] [info] queryID 24, result_size 381, rtk_topk 128, accu_ip_cost 2197224, accu_query_time 0.47s,
[2023-05-06 23:03:06.355] [info] queryID 24, result_size 381, rtk_topk 128, ip_cost 2197224, query_time 0.47s, total_ip_cost 7793557053, total_retrieval_time 22733.43s
[2023-05-06 23:03:06.408] [info] queryID 25, result_size 56, rtk_topk 1, accu_ip_cost 2197224, accu_query_time 0.05s,
[2023-05-06 23:03:06.463] [info] queryID 25, result_size 124, rtk_topk 2, accu_ip_cost 2197224, accu_query_time 0.11s,
[2023-05-06 23:03:06.518] [info] queryID 25, result_size 196, rtk_topk 4, accu_ip_cost 2197224, accu_query_time 0.16s,
[2023-05-06 23:03:06.573] [info] queryID 25, result_size 474, rtk_topk 8, accu_ip_cost 2197224, accu_query_time 0.22s,
[2023-05-06 23:03:06.573] [info] queryID 25, result_size 474, rtk_topk 8, ip_cost 2197224, query_time 0.22s, total_ip_cost 7795754277, total_retrieval_time 22733.65s
[2023-05-06 23:03:06.628] [info] queryID 26, result_size 5, rtk_topk 1, accu_ip_cost 2197224, accu_query_time 0.06s,
[2023-05-06 23:03:06.683] [info] queryID 26, result_size 6, rtk_topk 2, accu_ip_cost 2197224, accu_query_time 0.11s,
[2023-05-06 23:03:06.739] [info] queryID 26, result_size 13, rtk_topk 4, accu_ip_cost 2197224, accu_query_time 0.17s,
[2023-05-06 23:03:06.794] [info] queryID 26, result_size 16, rtk_topk 8, accu_ip_cost 2197224, accu_query_time 0.22s,
[2023-05-06 23:03:06.849] [info] queryID 26, result_size 32, rtk_topk 16, accu_ip_cost 2197224, accu_query_time 0.28s,
[2023-05-06 23:03:06.904] [info] queryID 26, result_size 40, rtk_topk 32, accu_ip_cost 2197224, accu_query_time 0.33s,
[2023-05-06 23:03:06.960] [info] queryID 26, result_size 81, rtk_topk 64, accu_ip_cost 2197224, accu_query_time 0.39s,
[2023-05-06 23:03:07.016] [info] queryID 26, result_size 150, rtk_topk 128, accu_ip_cost 2197224, accu_query_time 0.44s,
[2023-05-06 23:03:07.111] [info] queryID 26, result_size 282, rtk_topk 256, accu_ip_cost 2197224, accu_query_time 0.54s,
[2023-05-06 23:03:07.111] [info] queryID 26, result_size 282, rtk_topk 256, ip_cost 2197224, query_time 0.54s, total_ip_cost 7797951501, total_retrieval_time 22734.19s
[2023-05-06 23:03:07.165] [info] queryID 27, result_size 1, rtk_topk 1, accu_ip_cost 2197224, accu_query_time 0.05s,
[2023-05-06 23:03:07.219] [info] queryID 27, result_size 1, rtk_topk 2, accu_ip_cost 2197224, accu_query_time 0.11s,
[2023-05-06 23:03:07.274] [info] queryID 27, result_size 1, rtk_topk 4, accu_ip_cost 2197224, accu_query_time 0.16s,
[2023-05-06 23:03:07.329] [info] queryID 27, result_size 1, rtk_topk 8, accu_ip_cost 2197224, accu_query_time 0.22s,
[2023-05-06 23:03:07.384] [info] queryID 27, result_size 1, rtk_topk 16, accu_ip_cost 2197224, accu_query_time 0.27s,
[2023-05-06 23:03:07.439] [info] queryID 27, result_size 4, rtk_topk 32, accu_ip_cost 2197224, accu_query_time 0.33s,
[2023-05-06 23:03:07.494] [info] queryID 27, result_size 5, rtk_topk 64, accu_ip_cost 2197224, accu_query_time 0.38s,
[2023-05-06 23:03:07.550] [info] queryID 27, result_size 11, rtk_topk 128, accu_ip_cost 2197224, accu_query_time 0.44s,
[2023-05-06 23:03:07.605] [info] queryID 27, result_size 21, rtk_topk 256, accu_ip_cost 2197224, accu_query_time 0.49s,
[2023-05-06 23:03:07.757] [info] queryID 27, result_size 46, rtk_topk 512, accu_ip_cost 2197224, accu_query_time 0.65s,
[2023-05-07 01:09:20.643] [info] queryID 27, result_size 2185748, rtk_topk 1024, accu_ip_cost 2581739375, accu_query_time 7573.53s,
[2023-05-07 01:09:20.643] [info] queryID 27, result_size 2185748, rtk_topk 1024, ip_cost 2581739375, query_time 7573.53s, total_ip_cost 10379690876, total_retrieval_time 30307.72s
[2023-05-07 01:09:21.312] [info] queryID 28, result_size 12, rtk_topk 1, accu_ip_cost 2197224, accu_query_time 0.63s,
[2023-05-07 01:09:21.367] [info] queryID 28, result_size 12, rtk_topk 2, accu_ip_cost 2197224, accu_query_time 0.68s,
[2023-05-07 01:09:21.422] [info] queryID 28, result_size 12, rtk_topk 4, accu_ip_cost 2197224, accu_query_time 0.74s,
[2023-05-07 01:09:21.477] [info] queryID 28, result_size 12, rtk_topk 8, accu_ip_cost 2197224, accu_query_time 0.79s,
[2023-05-07 01:09:21.533] [info] queryID 28, result_size 23, rtk_topk 16, accu_ip_cost 2197224, accu_query_time 0.85s,
[2023-05-07 01:09:21.590] [info] queryID 28, result_size 47, rtk_topk 32, accu_ip_cost 2197224, accu_query_time 0.91s,
[2023-05-07 01:09:21.652] [info] queryID 28, result_size 94, rtk_topk 64, accu_ip_cost 2197224, accu_query_time 0.97s,
[2023-05-07 01:09:21.724] [info] queryID 28, result_size 209, rtk_topk 128, accu_ip_cost 2197224, accu_query_time 1.04s,
[2023-05-07 01:09:21.724] [info] queryID 28, result_size 209, rtk_topk 128, ip_cost 2197224, query_time 1.04s, total_ip_cost 10381888100, total_retrieval_time 30308.76s
[2023-05-07 01:09:21.777] [info] queryID 29, result_size 20, rtk_topk 1, accu_ip_cost 2197224, accu_query_time 0.05s,
[2023-05-07 01:09:21.831] [info] queryID 29, result_size 45, rtk_topk 2, accu_ip_cost 2197224, accu_query_time 0.11s,
[2023-05-07 01:09:21.886] [info] queryID 29, result_size 75, rtk_topk 4, accu_ip_cost 2197224, accu_query_time 0.16s,
[2023-05-07 01:09:21.940] [info] queryID 29, result_size 128, rtk_topk 8, accu_ip_cost 2197224, accu_query_time 0.22s,
[2023-05-07 01:09:21.995] [info] queryID 29, result_size 245, rtk_topk 16, accu_ip_cost 2197224, accu_query_time 0.27s,
[2023-05-07 01:09:21.995] [info] queryID 29, result_size 245, rtk_topk 16, ip_cost 2197224, query_time 0.27s, total_ip_cost 10384085324, total_retrieval_time 30309.03s
[2023-05-07 01:09:22.046] [info] queryID 30, result_size 10, rtk_topk 1, accu_ip_cost 2084256, accu_query_time 0.05s,
[2023-05-07 01:09:22.101] [info] queryID 30, result_size 10, rtk_topk 2, accu_ip_cost 2197224, accu_query_time 0.11s,
[2023-05-07 01:09:22.156] [info] queryID 30, result_size 10, rtk_topk 4, accu_ip_cost 2197224, accu_query_time 0.16s,
[2023-05-07 01:09:22.210] [info] queryID 30, result_size 10, rtk_topk 8, accu_ip_cost 2197224, accu_query_time 0.22s,
[2023-05-07 01:09:22.265] [info] queryID 30, result_size 15, rtk_topk 16, accu_ip_cost 2197224, accu_query_time 0.27s,
[2023-05-07 01:09:22.319] [info] queryID 30, result_size 22, rtk_topk 32, accu_ip_cost 2197224, accu_query_time 0.32s,
[2023-05-07 01:09:22.374] [info] queryID 30, result_size 33, rtk_topk 64, accu_ip_cost 2197224, accu_query_time 0.38s,
[2023-05-07 01:09:22.429] [info] queryID 30, result_size 90, rtk_topk 128, accu_ip_cost 2197224, accu_query_time 0.43s,
[2023-05-07 01:09:22.524] [info] queryID 30, result_size 195, rtk_topk 256, accu_ip_cost 2197224, accu_query_time 0.53s,
[2023-05-07 01:09:22.680] [info] queryID 30, result_size 455, rtk_topk 512, accu_ip_cost 2197224, accu_query_time 0.68s,
[2023-05-07 01:09:22.680] [info] queryID 30, result_size 455, rtk_topk 512, ip_cost 2197224, query_time 0.68s, total_ip_cost 10386282548, total_retrieval_time 30309.71s
[2023-05-07 01:09:22.733] [info] queryID 31, result_size 13, rtk_topk 1, accu_ip_cost 2197224, accu_query_time 0.05s,
[2023-05-07 01:09:22.787] [info] queryID 31, result_size 28, rtk_topk 2, accu_ip_cost 2197224, accu_query_time 0.11s,
[2023-05-07 01:09:22.841] [info] queryID 31, result_size 53, rtk_topk 4, accu_ip_cost 2197224, accu_query_time 0.16s,
[2023-05-07 01:09:22.895] [info] queryID 31, result_size 129, rtk_topk 8, accu_ip_cost 2197224, accu_query_time 0.22s,
[2023-05-07 01:09:22.950] [info] queryID 31, result_size 252, rtk_topk 16, accu_ip_cost 2197224, accu_query_time 0.27s,
[2023-05-07 01:09:22.950] [info] queryID 31, result_size 252, rtk_topk 16, ip_cost 2197224, query_time 0.27s, total_ip_cost 10388479772, total_retrieval_time 30309.99s
[2023-05-07 01:09:23.004] [info] queryID 32, result_size 26, rtk_topk 1, accu_ip_cost 2197224, accu_query_time 0.05s,
[2023-05-07 01:09:23.059] [info] queryID 32, result_size 83, rtk_topk 2, accu_ip_cost 2197224, accu_query_time 0.11s,
[2023-05-07 01:09:23.114] [info] queryID 32, result_size 208, rtk_topk 4, accu_ip_cost 2197224, accu_query_time 0.16s,
[2023-05-07 01:09:23.114] [info] queryID 32, result_size 208, rtk_topk 4, ip_cost 2197224, query_time 0.16s, total_ip_cost 10390676996, total_retrieval_time 30310.15s
[2023-05-07 01:09:23.168] [info] queryID 33, result_size 3, rtk_topk 1, accu_ip_cost 2197224, accu_query_time 0.05s,
[2023-05-07 01:09:23.223] [info] queryID 33, result_size 3, rtk_topk 2, accu_ip_cost 2197224, accu_query_time 0.11s,
[2023-05-07 01:09:23.278] [info] queryID 33, result_size 3, rtk_topk 4, accu_ip_cost 2197224, accu_query_time 0.16s,
[2023-05-07 01:09:23.332] [info] queryID 33, result_size 3, rtk_topk 8, accu_ip_cost 2197224, accu_query_time 0.22s,
[2023-05-07 01:09:23.387] [info] queryID 33, result_size 3, rtk_topk 16, accu_ip_cost 2197224, accu_query_time 0.27s,
[2023-05-07 01:09:23.441] [info] queryID 33, result_size 4, rtk_topk 32, accu_ip_cost 2197224, accu_query_time 0.33s,
[2023-05-07 01:09:23.496] [info] queryID 33, result_size 8, rtk_topk 64, accu_ip_cost 2197224, accu_query_time 0.38s,
[2023-05-07 01:09:23.551] [info] queryID 33, result_size 15, rtk_topk 128, accu_ip_cost 2197224, accu_query_time 0.44s,
[2023-05-07 01:09:23.605] [info] queryID 33, result_size 27, rtk_topk 256, accu_ip_cost 2197224, accu_query_time 0.49s,
[2023-05-07 01:09:23.660] [info] queryID 33, result_size 62, rtk_topk 512, accu_ip_cost 2197224, accu_query_time 0.55s,
[2023-05-07 03:14:15.244] [info] queryID 33, result_size 2189643, rtk_topk 1024, accu_ip_cost 2581739375, accu_query_time 7492.13s,
[2023-05-07 03:14:15.244] [info] queryID 33, result_size 2189643, rtk_topk 1024, ip_cost 2581739375, query_time 7492.13s, total_ip_cost 12972416371, total_retrieval_time 37802.28s
[2023-05-07 03:14:15.898] [info] queryID 34, result_size 18, rtk_topk 1, accu_ip_cost 2197224, accu_query_time 0.62s,
[2023-05-07 03:14:15.951] [info] queryID 34, result_size 20, rtk_topk 2, accu_ip_cost 2197224, accu_query_time 0.67s,
[2023-05-07 03:14:16.005] [info] queryID 34, result_size 20, rtk_topk 4, accu_ip_cost 2197224, accu_query_time 0.72s,
[2023-05-07 03:14:16.060] [info] queryID 34, result_size 25, rtk_topk 8, accu_ip_cost 2197224, accu_query_time 0.78s,
[2023-05-07 03:14:16.115] [info] queryID 34, result_size 43, rtk_topk 16, accu_ip_cost 2197224, accu_query_time 0.83s,
[2023-05-07 03:14:16.172] [info] queryID 34, result_size 81, rtk_topk 32, accu_ip_cost 2197224, accu_query_time 0.89s,
[2023-05-07 03:14:16.233] [info] queryID 34, result_size 273, rtk_topk 64, accu_ip_cost 2197224, accu_query_time 0.95s,
[2023-05-07 03:14:16.233] [info] queryID 34, result_size 273, rtk_topk 64, ip_cost 2197224, query_time 0.95s, total_ip_cost 12974613595, total_retrieval_time 37803.23s
[2023-05-07 03:14:16.288] [info] queryID 35, result_size 5, rtk_topk 1, accu_ip_cost 2197224, accu_query_time 0.05s,
[2023-05-07 03:14:16.344] [info] queryID 35, result_size 5, rtk_topk 2, accu_ip_cost 2197224, accu_query_time 0.11s,
[2023-05-07 03:14:16.398] [info] queryID 35, result_size 9, rtk_topk 4, accu_ip_cost 2197224, accu_query_time 0.17s,
[2023-05-07 03:14:16.453] [info] queryID 35, result_size 12, rtk_topk 8, accu_ip_cost 2197224, accu_query_time 0.22s,
[2023-05-07 03:14:16.507] [info] queryID 35, result_size 17, rtk_topk 16, accu_ip_cost 2197224, accu_query_time 0.27s,
[2023-05-07 03:14:16.562] [info] queryID 35, result_size 36, rtk_topk 32, accu_ip_cost 2197224, accu_query_time 0.33s,
[2023-05-07 03:14:16.616] [info] queryID 35, result_size 59, rtk_topk 64, accu_ip_cost 2197224, accu_query_time 0.38s,
[2023-05-07 03:14:16.686] [info] queryID 35, result_size 112, rtk_topk 128, accu_ip_cost 2197224, accu_query_time 0.45s,
[2023-05-07 03:14:16.779] [info] queryID 35, result_size 207, rtk_topk 256, accu_ip_cost 2197224, accu_query_time 0.55s,
[2023-05-07 03:14:16.779] [info] queryID 35, result_size 207, rtk_topk 256, ip_cost 2197224, query_time 0.55s, total_ip_cost 12976810819, total_retrieval_time 37803.78s
[2023-05-07 03:14:16.832] [info] queryID 36, result_size 2, rtk_topk 1, accu_ip_cost 2197224, accu_query_time 0.05s,
[2023-05-07 03:14:16.886] [info] queryID 36, result_size 2, rtk_topk 2, accu_ip_cost 2197224, accu_query_time 0.11s,
[2023-05-07 03:14:16.940] [info] queryID 36, result_size 5, rtk_topk 4, accu_ip_cost 2197224, accu_query_time 0.16s,
[2023-05-07 03:14:16.993] [info] queryID 36, result_size 8, rtk_topk 8, accu_ip_cost 2197224, accu_query_time 0.21s,
[2023-05-07 03:14:17.047] [info] queryID 36, result_size 12, rtk_topk 16, accu_ip_cost 2197224, accu_query_time 0.27s,
[2023-05-07 03:14:17.101] [info] queryID 36, result_size 21, rtk_topk 32, accu_ip_cost 2197224, accu_query_time 0.32s,
[2023-05-07 03:14:17.156] [info] queryID 36, result_size 60, rtk_topk 64, accu_ip_cost 2197224, accu_query_time 0.38s,
[2023-05-07 03:14:17.210] [info] queryID 36, result_size 128, rtk_topk 128, accu_ip_cost 2197224, accu_query_time 0.43s,
[2023-05-07 03:14:17.264] [info] queryID 36, result_size 249, rtk_topk 256, accu_ip_cost 2197224, accu_query_time 0.49s,
[2023-05-07 03:14:17.264] [info] queryID 36, result_size 249, rtk_topk 256, ip_cost 2197224, query_time 0.49s, total_ip_cost 12979008043, total_retrieval_time 37804.26s
[2023-05-07 03:14:17.318] [info] queryID 37, result_size 2, rtk_topk 1, accu_ip_cost 2197224, accu_query_time 0.05s,
[2023-05-07 03:14:17.373] [info] queryID 37, result_size 3, rtk_topk 2, accu_ip_cost 2197224, accu_query_time 0.11s,
[2023-05-07 03:14:17.427] [info] queryID 37, result_size 5, rtk_topk 4, accu_ip_cost 2197224, accu_query_time 0.16s,
[2023-05-07 03:14:17.481] [info] queryID 37, result_size 5, rtk_topk 8, accu_ip_cost 2197224, accu_query_time 0.22s,
[2023-05-07 03:14:17.535] [info] queryID 37, result_size 7, rtk_topk 16, accu_ip_cost 2197224, accu_query_time 0.27s,
[2023-05-07 03:14:17.589] [info] queryID 37, result_size 8, rtk_topk 32, accu_ip_cost 2197224, accu_query_time 0.33s,
[2023-05-07 03:14:17.644] [info] queryID 37, result_size 14, rtk_topk 64, accu_ip_cost 2197224, accu_query_time 0.38s,
[2023-05-07 03:14:17.698] [info] queryID 37, result_size 26, rtk_topk 128, accu_ip_cost 2197224, accu_query_time 0.43s,
[2023-05-07 03:14:17.752] [info] queryID 37, result_size 56, rtk_topk 256, accu_ip_cost 2197224, accu_query_time 0.49s,
[2023-05-07 03:14:17.901] [info] queryID 37, result_size 120, rtk_topk 512, accu_ip_cost 2197224, accu_query_time 0.64s,
[2023-05-07 05:19:55.759] [info] queryID 37, result_size 2189289, rtk_topk 1024, accu_ip_cost 2581739375, accu_query_time 7538.50s,
[2023-05-07 05:19:55.759] [info] queryID 37, result_size 2189289, rtk_topk 1024, ip_cost 2581739375, query_time 7538.50s, total_ip_cost 15560747418, total_retrieval_time 45342.76s
[2023-05-07 05:19:56.651] [info] queryID 38, result_size 16, rtk_topk 1, accu_ip_cost 2190312, accu_query_time 0.86s,
[2023-05-07 05:19:56.709] [info] queryID 38, result_size 27, rtk_topk 2, accu_ip_cost 2197224, accu_query_time 0.91s,
[2023-05-07 05:19:56.763] [info] queryID 38, result_size 50, rtk_topk 4, accu_ip_cost 2197224, accu_query_time 0.97s,
[2023-05-07 05:19:56.819] [info] queryID 38, result_size 58, rtk_topk 8, accu_ip_cost 2197224, accu_query_time 1.02s,
[2023-05-07 05:19:56.876] [info] queryID 38, result_size 95, rtk_topk 16, accu_ip_cost 2197224, accu_query_time 1.08s,
[2023-05-07 05:19:56.937] [info] queryID 38, result_size 137, rtk_topk 32, accu_ip_cost 2197224, accu_query_time 1.14s,
[2023-05-07 05:19:57.006] [info] queryID 38, result_size 221, rtk_topk 64, accu_ip_cost 2197224, accu_query_time 1.21s,
[2023-05-07 05:19:57.006] [info] queryID 38, result_size 221, rtk_topk 64, ip_cost 2197224, query_time 1.21s, total_ip_cost 15562944642, total_retrieval_time 45343.97s
[2023-05-07 05:19:57.059] [info] queryID 39, result_size 15, rtk_topk 1, accu_ip_cost 2197224, accu_query_time 0.05s,
[2023-05-07 05:19:57.113] [info] queryID 39, result_size 42, rtk_topk 2, accu_ip_cost 2197224, accu_query_time 0.11s,
[2023-05-07 05:19:57.166] [info] queryID 39, result_size 144, rtk_topk 4, accu_ip_cost 2197224, accu_query_time 0.16s,
[2023-05-07 05:19:57.220] [info] queryID 39, result_size 307, rtk_topk 8, accu_ip_cost 2197224, accu_query_time 0.21s,
[2023-05-07 05:19:57.221] [info] queryID 39, result_size 307, rtk_topk 8, ip_cost 2197224, query_time 0.21s, total_ip_cost 15565141866, total_retrieval_time 45344.18s
[2023-05-07 05:19:57.277] [info] queryID 40, result_size 32, rtk_topk 1, accu_ip_cost 2197224, accu_query_time 0.06s,
[2023-05-07 05:19:57.331] [info] queryID 40, result_size 63, rtk_topk 2, accu_ip_cost 2197224, accu_query_time 0.11s,
[2023-05-07 05:19:57.385] [info] queryID 40, result_size 134, rtk_topk 4, accu_ip_cost 2197224, accu_query_time 0.16s,
[2023-05-07 05:19:57.439] [info] queryID 40, result_size 322, rtk_topk 8, accu_ip_cost 2197224, accu_query_time 0.22s,
[2023-05-07 05:19:57.439] [info] queryID 40, result_size 322, rtk_topk 8, ip_cost 2197224, query_time 0.22s, total_ip_cost 15567339090, total_retrieval_time 45344.40s
[2023-05-07 05:19:57.493] [info] queryID 41, result_size 34, rtk_topk 1, accu_ip_cost 2197224, accu_query_time 0.05s,
[2023-05-07 05:19:57.547] [info] queryID 41, result_size 72, rtk_topk 2, accu_ip_cost 2197224, accu_query_time 0.11s,
[2023-05-07 05:19:57.601] [info] queryID 41, result_size 102, rtk_topk 4, accu_ip_cost 2197224, accu_query_time 0.16s,
[2023-05-07 05:19:57.655] [info] queryID 41, result_size 236, rtk_topk 8, accu_ip_cost 2197224, accu_query_time 0.22s,
[2023-05-07 05:19:57.655] [info] queryID 41, result_size 236, rtk_topk 8, ip_cost 2197224, query_time 0.22s, total_ip_cost 15569536314, total_retrieval_time 45344.62s
[2023-05-07 05:19:57.709] [info] queryID 42, result_size 4, rtk_topk 1, accu_ip_cost 2197224, accu_query_time 0.05s,
[2023-05-07 05:19:57.763] [info] queryID 42, result_size 4, rtk_topk 2, accu_ip_cost 2197224, accu_query_time 0.11s,
[2023-05-07 05:19:57.817] [info] queryID 42, result_size 4, rtk_topk 4, accu_ip_cost 2197224, accu_query_time 0.16s,
[2023-05-07 05:19:57.871] [info] queryID 42, result_size 5, rtk_topk 8, accu_ip_cost 2197224, accu_query_time 0.22s,
[2023-05-07 05:19:57.925] [info] queryID 42, result_size 6, rtk_topk 16, accu_ip_cost 2197224, accu_query_time 0.27s,
[2023-05-07 05:19:57.979] [info] queryID 42, result_size 7, rtk_topk 32, accu_ip_cost 2197224, accu_query_time 0.32s,
[2023-05-07 05:19:58.032] [info] queryID 42, result_size 9, rtk_topk 64, accu_ip_cost 2197224, accu_query_time 0.38s,
[2023-05-07 05:19:58.118] [info] queryID 42, result_size 16, rtk_topk 128, accu_ip_cost 2197224, accu_query_time 0.46s,
[2023-05-07 05:19:58.242] [info] queryID 42, result_size 22, rtk_topk 256, accu_ip_cost 2197224, accu_query_time 0.59s,
[2023-05-07 05:19:58.447] [info] queryID 42, result_size 33, rtk_topk 512, accu_ip_cost 2197224, accu_query_time 0.79s,
[2023-05-07 07:26:28.320] [info] queryID 42, result_size 2187504, rtk_topk 1024, accu_ip_cost 2581739375, accu_query_time 7590.66s,
[2023-05-07 07:26:28.320] [info] queryID 42, result_size 2187504, rtk_topk 1024, ip_cost 2581739375, query_time 7590.66s, total_ip_cost 18151275689, total_retrieval_time 52935.28s
[2023-05-07 07:26:28.953] [info] queryID 43, result_size 8, rtk_topk 1, accu_ip_cost 2031408, accu_query_time 0.60s,
[2023-05-07 07:26:29.035] [info] queryID 43, result_size 8, rtk_topk 2, accu_ip_cost 2197224, accu_query_time 0.68s,
[2023-05-07 07:26:29.087] [info] queryID 43, result_size 13, rtk_topk 4, accu_ip_cost 2197224, accu_query_time 0.73s,
[2023-05-07 07:26:29.141] [info] queryID 43, result_size 16, rtk_topk 8, accu_ip_cost 2197224, accu_query_time 0.79s,
[2023-05-07 07:26:29.196] [info] queryID 43, result_size 30, rtk_topk 16, accu_ip_cost 2197224, accu_query_time 0.84s,
[2023-05-07 07:26:29.253] [info] queryID 43, result_size 59, rtk_topk 32, accu_ip_cost 2197224, accu_query_time 0.90s,
[2023-05-07 07:26:29.315] [info] queryID 43, result_size 102, rtk_topk 64, accu_ip_cost 2197224, accu_query_time 0.96s,
[2023-05-07 07:26:29.386] [info] queryID 43, result_size 200, rtk_topk 128, accu_ip_cost 2197224, accu_query_time 1.03s,
[2023-05-07 07:26:29.386] [info] queryID 43, result_size 200, rtk_topk 128, ip_cost 2197224, query_time 1.03s, total_ip_cost 18153472913, total_retrieval_time 52936.31s
[2023-05-07 07:26:29.439] [info] queryID 44, result_size 3, rtk_topk 1, accu_ip_cost 2197224, accu_query_time 0.05s,
[2023-05-07 07:26:29.492] [info] queryID 44, result_size 3, rtk_topk 2, accu_ip_cost 2197224, accu_query_time 0.11s,
[2023-05-07 07:26:29.545] [info] queryID 44, result_size 4, rtk_topk 4, accu_ip_cost 2197224, accu_query_time 0.16s,
[2023-05-07 07:26:29.598] [info] queryID 44, result_size 6, rtk_topk 8, accu_ip_cost 2197224, accu_query_time 0.21s,
[2023-05-07 07:26:29.651] [info] queryID 44, result_size 11, rtk_topk 16, accu_ip_cost 2197224, accu_query_time 0.26s,
[2023-05-07 07:26:29.704] [info] queryID 44, result_size 16, rtk_topk 32, accu_ip_cost 2197224, accu_query_time 0.32s,
[2023-05-07 07:26:29.758] [info] queryID 44, result_size 21, rtk_topk 64, accu_ip_cost 2197224, accu_query_time 0.37s,
[2023-05-07 07:26:29.811] [info] queryID 44, result_size 32, rtk_topk 128, accu_ip_cost 2197224, accu_query_time 0.42s,
[2023-05-07 07:26:29.906] [info] queryID 44, result_size 86, rtk_topk 256, accu_ip_cost 2197224, accu_query_time 0.52s,
[2023-05-07 07:26:30.060] [info] queryID 44, result_size 143, rtk_topk 512, accu_ip_cost 2197224, accu_query_time 0.67s,
[2023-05-07 09:32:36.301] [info] queryID 44, result_size 2190016, rtk_topk 1024, accu_ip_cost 2581739375, accu_query_time 7566.91s,
[2023-05-07 09:32:36.301] [info] queryID 44, result_size 2190016, rtk_topk 1024, ip_cost 2581739375, query_time 7566.91s, total_ip_cost 20735212288, total_retrieval_time 60503.23s
[2023-05-07 09:32:36.983] [info] queryID 45, result_size 4, rtk_topk 1, accu_ip_cost 2195784, accu_query_time 0.65s,
[2023-05-07 09:32:37.036] [info] queryID 45, result_size 4, rtk_topk 2, accu_ip_cost 2197224, accu_query_time 0.70s,
[2023-05-07 09:32:37.089] [info] queryID 45, result_size 4, rtk_topk 4, accu_ip_cost 2197224, accu_query_time 0.75s,
[2023-05-07 09:32:37.143] [info] queryID 45, result_size 4, rtk_topk 8, accu_ip_cost 2197224, accu_query_time 0.81s,
[2023-05-07 09:32:37.197] [info] queryID 45, result_size 5, rtk_topk 16, accu_ip_cost 2197224, accu_query_time 0.86s,
[2023-05-07 09:32:37.254] [info] queryID 45, result_size 8, rtk_topk 32, accu_ip_cost 2197224, accu_query_time 0.92s,
[2023-05-07 09:32:37.315] [info] queryID 45, result_size 8, rtk_topk 64, accu_ip_cost 2197224, accu_query_time 0.98s,
[2023-05-07 09:32:37.386] [info] queryID 45, result_size 17, rtk_topk 128, accu_ip_cost 2197224, accu_query_time 1.05s,
[2023-05-07 09:32:37.482] [info] queryID 45, result_size 28, rtk_topk 256, accu_ip_cost 2197224, accu_query_time 1.15s,
[2023-05-07 09:32:37.635] [info] queryID 45, result_size 65, rtk_topk 512, accu_ip_cost 2197224, accu_query_time 1.30s,
[2023-05-07 11:37:59.224] [info] queryID 45, result_size 2188667, rtk_topk 1024, accu_ip_cost 2581739375, accu_query_time 7522.89s,
[2023-05-07 11:37:59.224] [info] queryID 45, result_size 2188667, rtk_topk 1024, ip_cost 2581739375, query_time 7522.89s, total_ip_cost 23316951663, total_retrieval_time 68026.12s
[2023-05-07 11:37:59.890] [info] queryID 46, result_size 25, rtk_topk 1, accu_ip_cost 2197224, accu_query_time 0.63s,
[2023-05-07 11:37:59.941] [info] queryID 46, result_size 60, rtk_topk 2, accu_ip_cost 2197224, accu_query_time 0.68s,
[2023-05-07 11:37:59.993] [info] queryID 46, result_size 67, rtk_topk 4, accu_ip_cost 2197224, accu_query_time 0.73s,
[2023-05-07 11:38:00.047] [info] queryID 46, result_size 139, rtk_topk 8, accu_ip_cost 2197224, accu_query_time 0.79s,
[2023-05-07 11:38:00.101] [info] queryID 46, result_size 317, rtk_topk 16, accu_ip_cost 2197224, accu_query_time 0.84s,
[2023-05-07 11:38:00.101] [info] queryID 46, result_size 317, rtk_topk 16, ip_cost 2197224, query_time 0.84s, total_ip_cost 23319148887, total_retrieval_time 68026.96s
[2023-05-07 11:38:00.153] [info] queryID 47, result_size 13, rtk_topk 1, accu_ip_cost 2197224, accu_query_time 0.05s,
[2023-05-07 11:38:00.206] [info] queryID 47, result_size 13, rtk_topk 2, accu_ip_cost 2197224, accu_query_time 0.11s,
[2023-05-07 11:38:00.259] [info] queryID 47, result_size 13, rtk_topk 4, accu_ip_cost 2197224, accu_query_time 0.16s,
[2023-05-07 11:38:00.311] [info] queryID 47, result_size 15, rtk_topk 8, accu_ip_cost 2197224, accu_query_time 0.21s,
[2023-05-07 11:38:00.364] [info] queryID 47, result_size 35, rtk_topk 16, accu_ip_cost 2197224, accu_query_time 0.26s,
[2023-05-07 11:38:00.420] [info] queryID 47, result_size 47, rtk_topk 32, accu_ip_cost 2197224, accu_query_time 0.32s,
[2023-05-07 11:38:00.481] [info] queryID 47, result_size 79, rtk_topk 64, accu_ip_cost 2197224, accu_query_time 0.38s,
[2023-05-07 11:38:00.551] [info] queryID 47, result_size 179, rtk_topk 128, accu_ip_cost 2197224, accu_query_time 0.45s,
[2023-05-07 11:38:00.646] [info] queryID 47, result_size 320, rtk_topk 256, accu_ip_cost 2197224, accu_query_time 0.55s,
[2023-05-07 11:38:00.646] [info] queryID 47, result_size 320, rtk_topk 256, ip_cost 2197224, query_time 0.55s, total_ip_cost 23321346111, total_retrieval_time 68027.50s
[2023-05-07 11:38:00.699] [info] queryID 48, result_size 20, rtk_topk 1, accu_ip_cost 2197224, accu_query_time 0.05s,
[2023-05-07 11:38:00.751] [info] queryID 48, result_size 56, rtk_topk 2, accu_ip_cost 2197224, accu_query_time 0.10s,
[2023-05-07 11:38:00.803] [info] queryID 48, result_size 138, rtk_topk 4, accu_ip_cost 2197224, accu_query_time 0.16s,
[2023-05-07 11:38:00.855] [info] queryID 48, result_size 326, rtk_topk 8, accu_ip_cost 2197224, accu_query_time 0.21s,
[2023-05-07 11:38:00.855] [info] queryID 48, result_size 326, rtk_topk 8, ip_cost 2197224, query_time 0.21s, total_ip_cost 23323543335, total_retrieval_time 68027.71s
[2023-05-07 11:38:00.907] [info] queryID 49, result_size 5, rtk_topk 1, accu_ip_cost 2195244, accu_query_time 0.05s,
[2023-05-07 11:38:00.960] [info] queryID 49, result_size 5, rtk_topk 2, accu_ip_cost 2197224, accu_query_time 0.10s,
[2023-05-07 11:38:01.012] [info] queryID 49, result_size 5, rtk_topk 4, accu_ip_cost 2197224, accu_query_time 0.16s,
[2023-05-07 11:38:01.065] [info] queryID 49, result_size 5, rtk_topk 8, accu_ip_cost 2197224, accu_query_time 0.21s,
[2023-05-07 11:38:01.117] [info] queryID 49, result_size 7, rtk_topk 16, accu_ip_cost 2197224, accu_query_time 0.26s,
[2023-05-07 11:38:01.170] [info] queryID 49, result_size 11, rtk_topk 32, accu_ip_cost 2197224, accu_query_time 0.31s,
[2023-05-07 11:38:01.222] [info] queryID 49, result_size 31, rtk_topk 64, accu_ip_cost 2197224, accu_query_time 0.37s,
[2023-05-07 11:38:01.275] [info] queryID 49, result_size 57, rtk_topk 128, accu_ip_cost 2197224, accu_query_time 0.42s,
[2023-05-07 11:38:01.327] [info] queryID 49, result_size 126, rtk_topk 256, accu_ip_cost 2197224, accu_query_time 0.47s,
[2023-05-07 11:38:01.478] [info] queryID 49, result_size 248, rtk_topk 512, accu_ip_cost 2197224, accu_query_time 0.62s,
[2023-05-07 11:38:01.478] [info] queryID 49, result_size 248, rtk_topk 512, ip_cost 2197224, query_time 0.62s, total_ip_cost 23325740559, total_retrieval_time 68028.33s
[2023-05-07 11:38:01.530] [info] queryID 50, result_size 4, rtk_topk 1, accu_ip_cost 2197224, accu_query_time 0.05s,
[2023-05-07 11:38:01.582] [info] queryID 50, result_size 8, rtk_topk 2, accu_ip_cost 2197224, accu_query_time 0.10s,
[2023-05-07 11:38:01.634] [info] queryID 50, result_size 14, rtk_topk 4, accu_ip_cost 2197224, accu_query_time 0.16s,
[2023-05-07 11:38:01.686] [info] queryID 50, result_size 18, rtk_topk 8, accu_ip_cost 2197224, accu_query_time 0.21s,
[2023-05-07 11:38:01.738] [info] queryID 50, result_size 45, rtk_topk 16, accu_ip_cost 2197224, accu_query_time 0.26s,
[2023-05-07 11:38:01.791] [info] queryID 50, result_size 72, rtk_topk 32, accu_ip_cost 2197224, accu_query_time 0.31s,
[2023-05-07 11:38:01.843] [info] queryID 50, result_size 137, rtk_topk 64, accu_ip_cost 2197224, accu_query_time 0.37s,
[2023-05-07 11:38:01.897] [info] queryID 50, result_size 256, rtk_topk 128, accu_ip_cost 2197224, accu_query_time 0.42s,
[2023-05-07 11:38:01.897] [info] queryID 50, result_size 256, rtk_topk 128, ip_cost 2197224, query_time 0.42s, total_ip_cost 23327937783, total_retrieval_time 68028.75s
[2023-05-07 11:38:01.951] [info] queryID 51, result_size 3, rtk_topk 1, accu_ip_cost 2197224, accu_query_time 0.05s,
[2023-05-07 11:38:02.003] [info] queryID 51, result_size 4, rtk_topk 2, accu_ip_cost 2197224, accu_query_time 0.11s,
[2023-05-07 11:38:02.055] [info] queryID 51, result_size 4, rtk_topk 4, accu_ip_cost 2197224, accu_query_time 0.16s,
[2023-05-07 11:38:02.108] [info] queryID 51, result_size 4, rtk_topk 8, accu_ip_cost 2197224, accu_query_time 0.21s,
[2023-05-07 11:38:02.160] [info] queryID 51, result_size 9, rtk_topk 16, accu_ip_cost 2197224, accu_query_time 0.26s,
[2023-05-07 11:38:02.213] [info] queryID 51, result_size 14, rtk_topk 32, accu_ip_cost 2197224, accu_query_time 0.32s,
[2023-05-07 11:38:02.265] [info] queryID 51, result_size 18, rtk_topk 64, accu_ip_cost 2197224, accu_query_time 0.37s,
[2023-05-07 11:38:02.318] [info] queryID 51, result_size 27, rtk_topk 128, accu_ip_cost 2197224, accu_query_time 0.42s,
[2023-05-07 11:38:02.370] [info] queryID 51, result_size 54, rtk_topk 256, accu_ip_cost 2197224, accu_query_time 0.47s,
[2023-05-07 11:38:02.423] [info] queryID 51, result_size 115, rtk_topk 512, accu_ip_cost 2197224, accu_query_time 0.53s,
[2023-05-07 13:43:39.147] [info] queryID 51, result_size 2188928, rtk_topk 1024, accu_ip_cost 2581739375, accu_query_time 7537.25s,
[2023-05-07 13:43:39.147] [info] queryID 51, result_size 2188928, rtk_topk 1024, ip_cost 2581739375, query_time 7537.25s, total_ip_cost 25909677158, total_retrieval_time 75566.00s
[2023-05-07 13:43:40.145] [info] queryID 52, result_size 14, rtk_topk 1, accu_ip_cost 2197224, accu_query_time 0.96s,
[2023-05-07 13:43:40.196] [info] queryID 52, result_size 36, rtk_topk 2, accu_ip_cost 2197224, accu_query_time 1.01s,
[2023-05-07 13:43:40.245] [info] queryID 52, result_size 55, rtk_topk 4, accu_ip_cost 2197224, accu_query_time 1.06s,
[2023-05-07 13:43:40.299] [info] queryID 52, result_size 77, rtk_topk 8, accu_ip_cost 2197224, accu_query_time 1.11s,
[2023-05-07 13:43:40.356] [info] queryID 52, result_size 109, rtk_topk 16, accu_ip_cost 2197224, accu_query_time 1.17s,
[2023-05-07 13:43:40.419] [info] queryID 52, result_size 203, rtk_topk 32, accu_ip_cost 2197224, accu_query_time 1.23s,
[2023-05-07 13:43:40.419] [info] queryID 52, result_size 203, rtk_topk 32, ip_cost 2197224, query_time 1.23s, total_ip_cost 25911874382, total_retrieval_time 75567.24s
[2023-05-07 13:43:40.468] [info] queryID 53, result_size 3, rtk_topk 1, accu_ip_cost 2152440, accu_query_time 0.05s,
[2023-05-07 13:43:40.518] [info] queryID 53, result_size 3, rtk_topk 2, accu_ip_cost 2197224, accu_query_time 0.10s,
[2023-05-07 13:43:40.569] [info] queryID 53, result_size 3, rtk_topk 4, accu_ip_cost 2197224, accu_query_time 0.15s,
[2023-05-07 13:43:40.619] [info] queryID 53, result_size 8, rtk_topk 8, accu_ip_cost 2197224, accu_query_time 0.20s,
[2023-05-07 13:43:40.670] [info] queryID 53, result_size 9, rtk_topk 16, accu_ip_cost 2197224, accu_query_time 0.25s,
[2023-05-07 13:43:40.720] [info] queryID 53, result_size 18, rtk_topk 32, accu_ip_cost 2197224, accu_query_time 0.30s,
[2023-05-07 13:43:40.795] [info] queryID 53, result_size 33, rtk_topk 64, accu_ip_cost 2197224, accu_query_time 0.38s,
[2023-05-07 13:43:40.892] [info] queryID 53, result_size 72, rtk_topk 128, accu_ip_cost 2197224, accu_query_time 0.47s,
[2023-05-07 13:43:41.033] [info] queryID 53, result_size 127, rtk_topk 256, accu_ip_cost 2197224, accu_query_time 0.61s,
[2023-05-07 13:43:41.266] [info] queryID 53, result_size 232, rtk_topk 512, accu_ip_cost 2197224, accu_query_time 0.85s,
[2023-05-07 13:43:41.266] [info] queryID 53, result_size 232, rtk_topk 512, ip_cost 2197224, query_time 0.85s, total_ip_cost 25914071606, total_retrieval_time 75568.08s
[2023-05-07 13:43:41.316] [info] queryID 54, result_size 11, rtk_topk 1, accu_ip_cost 2197224, accu_query_time 0.05s,
[2023-05-07 13:43:41.366] [info] queryID 54, result_size 11, rtk_topk 2, accu_ip_cost 2197224, accu_query_time 0.10s,
[2023-05-07 13:43:41.416] [info] queryID 54, result_size 13, rtk_topk 4, accu_ip_cost 2197224, accu_query_time 0.15s,
[2023-05-07 13:43:41.466] [info] queryID 54, result_size 15, rtk_topk 8, accu_ip_cost 2197224, accu_query_time 0.20s,
[2023-05-07 13:43:41.517] [info] queryID 54, result_size 22, rtk_topk 16, accu_ip_cost 2197224, accu_query_time 0.25s,
[2023-05-07 13:43:41.567] [info] queryID 54, result_size 37, rtk_topk 32, accu_ip_cost 2197224, accu_query_time 0.30s,
[2023-05-07 13:43:41.617] [info] queryID 54, result_size 78, rtk_topk 64, accu_ip_cost 2197224, accu_query_time 0.35s,
[2023-05-07 13:43:41.667] [info] queryID 54, result_size 104, rtk_topk 128, accu_ip_cost 2197224, accu_query_time 0.40s,
[2023-05-07 13:43:41.718] [info] queryID 54, result_size 207, rtk_topk 256, accu_ip_cost 2197224, accu_query_time 0.45s,
[2023-05-07 13:43:41.718] [info] queryID 54, result_size 207, rtk_topk 256, ip_cost 2197224, query_time 0.45s, total_ip_cost 25916268830, total_retrieval_time 75568.54s
[2023-05-07 13:43:41.768] [info] queryID 55, result_size 17, rtk_topk 1, accu_ip_cost 2197224, accu_query_time 0.05s,
[2023-05-07 13:43:41.818] [info] queryID 55, result_size 23, rtk_topk 2, accu_ip_cost 2197224, accu_query_time 0.10s,
[2023-05-07 13:43:41.869] [info] queryID 55, result_size 43, rtk_topk 4, accu_ip_cost 2197224, accu_query_time 0.15s,
[2023-05-07 13:43:41.919] [info] queryID 55, result_size 67, rtk_topk 8, accu_ip_cost 2197224, accu_query_time 0.20s,
[2023-05-07 13:43:41.969] [info] queryID 55, result_size 124, rtk_topk 16, accu_ip_cost 2197224, accu_query_time 0.25s,
[2023-05-07 13:43:42.019] [info] queryID 55, result_size 201, rtk_topk 32, accu_ip_cost 2197224, accu_query_time 0.30s,
[2023-05-07 13:43:42.019] [info] queryID 55, result_size 201, rtk_topk 32, ip_cost 2197224, query_time 0.30s, total_ip_cost 25918466054, total_retrieval_time 75568.84s
[2023-05-07 13:43:42.070] [info] queryID 56, result_size 25, rtk_topk 1, accu_ip_cost 2197224, accu_query_time 0.05s,
[2023-05-07 13:43:42.120] [info] queryID 56, result_size 39, rtk_topk 2, accu_ip_cost 2197224, accu_query_time 0.10s,
[2023-05-07 13:43:42.170] [info] queryID 56, result_size 39, rtk_topk 4, accu_ip_cost 2197224, accu_query_time 0.15s,
[2023-05-07 13:43:42.220] [info] queryID 56, result_size 113, rtk_topk 8, accu_ip_cost 2197224, accu_query_time 0.20s,
[2023-05-07 13:43:42.271] [info] queryID 56, result_size 194, rtk_topk 16, accu_ip_cost 2197224, accu_query_time 0.25s,
[2023-05-07 13:43:42.321] [info] queryID 56, result_size 352, rtk_topk 32, accu_ip_cost 2197224, accu_query_time 0.30s,
[2023-05-07 13:43:42.321] [info] queryID 56, result_size 352, rtk_topk 32, ip_cost 2197224, query_time 0.30s, total_ip_cost 25920663278, total_retrieval_time 75569.14s
[2023-05-07 13:43:42.371] [info] queryID 57, result_size 5, rtk_topk 1, accu_ip_cost 2197224, accu_query_time 0.05s,
[2023-05-07 13:43:42.422] [info] queryID 57, result_size 9, rtk_topk 2, accu_ip_cost 2197224, accu_query_time 0.10s,
[2023-05-07 13:43:42.475] [info] queryID 57, result_size 13, rtk_topk 4, accu_ip_cost 2197224, accu_query_time 0.15s,
[2023-05-07 13:43:42.525] [info] queryID 57, result_size 22, rtk_topk 8, accu_ip_cost 2197224, accu_query_time 0.20s,
[2023-05-07 13:43:42.575] [info] queryID 57, result_size 48, rtk_topk 16, accu_ip_cost 2197224, accu_query_time 0.25s,
[2023-05-07 13:43:42.626] [info] queryID 57, result_size 110, rtk_topk 32, accu_ip_cost 2197224, accu_query_time 0.30s,
[2023-05-07 13:43:42.676] [info] queryID 57, result_size 203, rtk_topk 64, accu_ip_cost 2197224, accu_query_time 0.35s,
[2023-05-07 13:43:42.676] [info] queryID 57, result_size 203, rtk_topk 64, ip_cost 2197224, query_time 0.35s, total_ip_cost 25922860502, total_retrieval_time 75569.49s
[2023-05-07 13:43:42.721] [info] queryID 58, result_size 2, rtk_topk 1, accu_ip_cost 2031408, accu_query_time 0.05s,
[2023-05-07 13:43:42.772] [info] queryID 58, result_size 2, rtk_topk 2, accu_ip_cost 2197224, accu_query_time 0.10s,
[2023-05-07 13:43:42.822] [info] queryID 58, result_size 2, rtk_topk 4, accu_ip_cost 2197224, accu_query_time 0.15s,
[2023-05-07 13:43:42.872] [info] queryID 58, result_size 3, rtk_topk 8, accu_ip_cost 2197224, accu_query_time 0.20s,
[2023-05-07 13:43:42.922] [info] queryID 58, result_size 3, rtk_topk 16, accu_ip_cost 2197224, accu_query_time 0.25s,
[2023-05-07 13:43:42.972] [info] queryID 58, result_size 6, rtk_topk 32, accu_ip_cost 2197224, accu_query_time 0.30s,
[2023-05-07 13:43:43.022] [info] queryID 58, result_size 11, rtk_topk 64, accu_ip_cost 2197224, accu_query_time 0.35s,
[2023-05-07 13:43:43.072] [info] queryID 58, result_size 18, rtk_topk 128, accu_ip_cost 2197224, accu_query_time 0.40s,
[2023-05-07 13:43:43.123] [info] queryID 58, result_size 38, rtk_topk 256, accu_ip_cost 2197224, accu_query_time 0.45s,
[2023-05-07 13:43:43.173] [info] queryID 58, result_size 73, rtk_topk 512, accu_ip_cost 2197224, accu_query_time 0.50s,
[2023-05-07 15:50:42.549] [info] queryID 58, result_size 2183655, rtk_topk 1024, accu_ip_cost 2581739375, accu_query_time 7619.87s,
[2023-05-07 15:50:42.549] [info] queryID 58, result_size 2183655, rtk_topk 1024, ip_cost 2581739375, query_time 7619.87s, total_ip_cost 28504599877, total_retrieval_time 83189.37s
[2023-05-07 15:50:43.201] [info] queryID 59, result_size 24, rtk_topk 1, accu_ip_cost 2197224, accu_query_time 0.61s,
[2023-05-07 15:50:43.250] [info] queryID 59, result_size 38, rtk_topk 2, accu_ip_cost 2197224, accu_query_time 0.66s,
[2023-05-07 15:50:43.300] [info] queryID 59, result_size 53, rtk_topk 4, accu_ip_cost 2197224, accu_query_time 0.71s,
[2023-05-07 15:50:43.351] [info] queryID 59, result_size 99, rtk_topk 8, accu_ip_cost 2197224, accu_query_time 0.76s,
[2023-05-07 15:50:43.404] [info] queryID 59, result_size 186, rtk_topk 16, accu_ip_cost 2197224, accu_query_time 0.82s,
[2023-05-07 15:50:43.458] [info] queryID 59, result_size 415, rtk_topk 32, accu_ip_cost 2197224, accu_query_time 0.87s,
[2023-05-07 15:50:43.458] [info] queryID 59, result_size 415, rtk_topk 32, ip_cost 2197224, query_time 0.87s, total_ip_cost 28506797101, total_retrieval_time 83190.24s
[2023-05-07 15:50:43.509] [info] queryID 60, result_size 1, rtk_topk 1, accu_ip_cost 2197224, accu_query_time 0.05s,
[2023-05-07 15:50:43.559] [info] queryID 60, result_size 1, rtk_topk 2, accu_ip_cost 2197224, accu_query_time 0.10s,
[2023-05-07 15:50:43.609] [info] queryID 60, result_size 1, rtk_topk 4, accu_ip_cost 2197224, accu_query_time 0.15s,
[2023-05-07 15:50:43.660] [info] queryID 60, result_size 1, rtk_topk 8, accu_ip_cost 2197224, accu_query_time 0.20s,
[2023-05-07 15:50:43.710] [info] queryID 60, result_size 1, rtk_topk 16, accu_ip_cost 2197224, accu_query_time 0.25s,
[2023-05-07 15:50:43.761] [info] queryID 60, result_size 1, rtk_topk 32, accu_ip_cost 2197224, accu_query_time 0.30s,
[2023-05-07 15:50:43.820] [info] queryID 60, result_size 2, rtk_topk 64, accu_ip_cost 2197224, accu_query_time 0.36s,
[2023-05-07 15:50:43.887] [info] queryID 60, result_size 5, rtk_topk 128, accu_ip_cost 2197224, accu_query_time 0.43s,
[2023-05-07 15:50:43.979] [info] queryID 60, result_size 8, rtk_topk 256, accu_ip_cost 2197224, accu_query_time 0.52s,
[2023-05-07 15:50:44.124] [info] queryID 60, result_size 9, rtk_topk 512, accu_ip_cost 2197224, accu_query_time 0.67s,
[2023-05-07 17:57:51.359] [info] queryID 60, result_size 2166725, rtk_topk 1024, accu_ip_cost 2581739375, accu_query_time 7627.90s,
[2023-05-07 17:57:51.359] [info] queryID 60, result_size 2166725, rtk_topk 1024, ip_cost 2581739375, query_time 7627.90s, total_ip_cost 31088536476, total_retrieval_time 90818.14s
[2023-05-07 17:57:51.980] [info] queryID 61, result_size 2, rtk_topk 1, accu_ip_cost 2068092, accu_query_time 0.58s,
[2023-05-07 17:57:52.054] [info] queryID 61, result_size 2, rtk_topk 2, accu_ip_cost 2197224, accu_query_time 0.66s,
[2023-05-07 17:57:52.104] [info] queryID 61, result_size 2, rtk_topk 4, accu_ip_cost 2197224, accu_query_time 0.71s,
[2023-05-07 17:57:52.156] [info] queryID 61, result_size 2, rtk_topk 8, accu_ip_cost 2197224, accu_query_time 0.76s,
[2023-05-07 17:57:52.208] [info] queryID 61, result_size 2, rtk_topk 16, accu_ip_cost 2197224, accu_query_time 0.81s,
[2023-05-07 17:57:52.263] [info] queryID 61, result_size 2, rtk_topk 32, accu_ip_cost 2197224, accu_query_time 0.86s,
[2023-05-07 17:57:52.322] [info] queryID 61, result_size 2, rtk_topk 64, accu_ip_cost 2197224, accu_query_time 0.92s,
[2023-05-07 17:57:52.392] [info] queryID 61, result_size 3, rtk_topk 128, accu_ip_cost 2197224, accu_query_time 0.99s,
[2023-05-07 17:57:52.486] [info] queryID 61, result_size 7, rtk_topk 256, accu_ip_cost 2197224, accu_query_time 1.09s,
[2023-05-07 17:57:52.637] [info] queryID 61, result_size 11, rtk_topk 512, accu_ip_cost 2197224, accu_query_time 1.24s,
[2023-05-07 20:03:47.263] [info] queryID 61, result_size 2182234, rtk_topk 1024, accu_ip_cost 2581739375, accu_query_time 7555.86s,
[2023-05-07 20:03:47.263] [info] queryID 61, result_size 2182234, rtk_topk 1024, ip_cost 2581739375, query_time 7555.86s, total_ip_cost 33670275851, total_retrieval_time 98374.00s
[2023-05-07 20:03:47.920] [info] queryID 62, result_size 17, rtk_topk 1, accu_ip_cost 2197224, accu_query_time 0.62s,
[2023-05-07 20:03:47.969] [info] queryID 62, result_size 20, rtk_topk 2, accu_ip_cost 2197224, accu_query_time 0.67s,
[2023-05-07 20:03:48.019] [info] queryID 62, result_size 20, rtk_topk 4, accu_ip_cost 2197224, accu_query_time 0.72s,
[2023-05-07 20:03:48.071] [info] queryID 62, result_size 82, rtk_topk 8, accu_ip_cost 2197224, accu_query_time 0.77s,
[2023-05-07 20:03:48.124] [info] queryID 62, result_size 160, rtk_topk 16, accu_ip_cost 2197224, accu_query_time 0.82s,
[2023-05-07 20:03:48.179] [info] queryID 62, result_size 330, rtk_topk 32, accu_ip_cost 2197224, accu_query_time 0.88s,
[2023-05-07 20:03:48.179] [info] queryID 62, result_size 330, rtk_topk 32, ip_cost 2197224, query_time 0.88s, total_ip_cost 33672473075, total_retrieval_time 98374.88s
[2023-05-07 20:03:48.229] [info] queryID 63, result_size 35, rtk_topk 1, accu_ip_cost 2197224, accu_query_time 0.05s,
[2023-05-07 20:03:48.279] [info] queryID 63, result_size 111, rtk_topk 2, accu_ip_cost 2197224, accu_query_time 0.10s,
[2023-05-07 20:03:48.329] [info] queryID 63, result_size 240, rtk_topk 4, accu_ip_cost 2197224, accu_query_time 0.15s,
[2023-05-07 20:03:48.329] [info] queryID 63, result_size 240, rtk_topk 4, ip_cost 2197224, query_time 0.15s, total_ip_cost 33674670299, total_retrieval_time 98375.03s
[2023-05-07 20:03:48.379] [info] queryID 64, result_size 8, rtk_topk 1, accu_ip_cost 2197224, accu_query_time 0.05s,
[2023-05-07 20:03:48.429] [info] queryID 64, result_size 14, rtk_topk 2, accu_ip_cost 2197224, accu_query_time 0.10s,
[2023-05-07 20:03:48.479] [info] queryID 64, result_size 16, rtk_topk 4, accu_ip_cost 2197224, accu_query_time 0.15s,
[2023-05-07 20:03:48.530] [info] queryID 64, result_size 22, rtk_topk 8, accu_ip_cost 2197224, accu_query_time 0.20s,
[2023-05-07 20:03:48.580] [info] queryID 64, result_size 27, rtk_topk 16, accu_ip_cost 2197224, accu_query_time 0.25s,
[2023-05-07 20:03:48.630] [info] queryID 64, result_size 37, rtk_topk 32, accu_ip_cost 2197224, accu_query_time 0.30s,
[2023-05-07 20:03:48.690] [info] queryID 64, result_size 61, rtk_topk 64, accu_ip_cost 2197224, accu_query_time 0.36s,
[2023-05-07 20:03:48.761] [info] queryID 64, result_size 121, rtk_topk 128, accu_ip_cost 2197224, accu_query_time 0.43s,
[2023-05-07 20:03:48.857] [info] queryID 64, result_size 226, rtk_topk 256, accu_ip_cost 2197224, accu_query_time 0.53s,
[2023-05-07 20:03:48.857] [info] queryID 64, result_size 226, rtk_topk 256, ip_cost 2197224, query_time 0.53s, total_ip_cost 33676867523, total_retrieval_time 98375.56s
[2023-05-07 20:03:48.909] [info] queryID 65, result_size 5, rtk_topk 1, accu_ip_cost 2197224, accu_query_time 0.05s,
[2023-05-07 20:03:48.958] [info] queryID 65, result_size 5, rtk_topk 2, accu_ip_cost 2197224, accu_query_time 0.10s,
[2023-05-07 20:03:49.008] [info] queryID 65, result_size 5, rtk_topk 4, accu_ip_cost 2197224, accu_query_time 0.15s,
[2023-05-07 20:03:49.058] [info] queryID 65, result_size 5, rtk_topk 8, accu_ip_cost 2197224, accu_query_time 0.20s,
[2023-05-07 20:03:49.108] [info] queryID 65, result_size 8, rtk_topk 16, accu_ip_cost 2197224, accu_query_time 0.25s,
[2023-05-07 20:03:49.158] [info] queryID 65, result_size 17, rtk_topk 32, accu_ip_cost 2197224, accu_query_time 0.30s,
[2023-05-07 20:03:49.208] [info] queryID 65, result_size 21, rtk_topk 64, accu_ip_cost 2197224, accu_query_time 0.35s,
[2023-05-07 20:03:49.259] [info] queryID 65, result_size 34, rtk_topk 128, accu_ip_cost 2197224, accu_query_time 0.40s,
[2023-05-07 20:03:49.309] [info] queryID 65, result_size 67, rtk_topk 256, accu_ip_cost 2197224, accu_query_time 0.45s,
[2023-05-07 20:03:49.464] [info] queryID 65, result_size 160, rtk_topk 512, accu_ip_cost 2197224, accu_query_time 0.61s,
[2023-05-07 22:09:52.631] [info] queryID 65, result_size 2190030, rtk_topk 1024, accu_ip_cost 2581739375, accu_query_time 7563.77s,
[2023-05-07 22:09:52.631] [info] queryID 65, result_size 2190030, rtk_topk 1024, ip_cost 2581739375, query_time 7563.77s, total_ip_cost 36258606898, total_retrieval_time 105939.33s
[2023-05-07 22:09:53.274] [info] queryID 66, result_size 21, rtk_topk 1, accu_ip_cost 2197224, accu_query_time 0.61s,
[2023-05-07 22:09:53.323] [info] queryID 66, result_size 91, rtk_topk 2, accu_ip_cost 2197224, accu_query_time 0.65s,
[2023-05-07 22:09:53.373] [info] queryID 66, result_size 185, rtk_topk 4, accu_ip_cost 2197224, accu_query_time 0.70s,
[2023-05-07 22:09:53.425] [info] queryID 66, result_size 315, rtk_topk 8, accu_ip_cost 2197224, accu_query_time 0.76s,
[2023-05-07 22:09:53.425] [info] queryID 66, result_size 315, rtk_topk 8, ip_cost 2197224, query_time 0.76s, total_ip_cost 36260804122, total_retrieval_time 105940.09s
[2023-05-07 22:09:53.475] [info] queryID 67, result_size 3, rtk_topk 1, accu_ip_cost 2197224, accu_query_time 0.05s,
[2023-05-07 22:09:53.525] [info] queryID 67, result_size 3, rtk_topk 2, accu_ip_cost 2197224, accu_query_time 0.10s,
[2023-05-07 22:09:53.576] [info] queryID 67, result_size 4, rtk_topk 4, accu_ip_cost 2197224, accu_query_time 0.15s,
[2023-05-07 22:09:53.626] [info] queryID 67, result_size 6, rtk_topk 8, accu_ip_cost 2197224, accu_query_time 0.20s,
[2023-05-07 22:09:53.678] [info] queryID 67, result_size 8, rtk_topk 16, accu_ip_cost 2197224, accu_query_time 0.25s,
[2023-05-07 22:09:53.733] [info] queryID 67, result_size 14, rtk_topk 32, accu_ip_cost 2197224, accu_query_time 0.31s,
[2023-05-07 22:09:53.792] [info] queryID 67, result_size 28, rtk_topk 64, accu_ip_cost 2197224, accu_query_time 0.37s,
[2023-05-07 22:09:53.861] [info] queryID 67, result_size 67, rtk_topk 128, accu_ip_cost 2197224, accu_query_time 0.44s,
[2023-05-07 22:09:53.953] [info] queryID 67, result_size 132, rtk_topk 256, accu_ip_cost 2197224, accu_query_time 0.53s,
[2023-05-07 22:09:54.100] [info] queryID 67, result_size 274, rtk_topk 512, accu_ip_cost 2197224, accu_query_time 0.68s,
[2023-05-07 22:09:54.100] [info] queryID 67, result_size 274, rtk_topk 512, ip_cost 2197224, query_time 0.68s, total_ip_cost 36263001346, total_retrieval_time 105940.77s
[2023-05-07 22:09:54.150] [info] queryID 68, result_size 5, rtk_topk 1, accu_ip_cost 2197224, accu_query_time 0.05s,
[2023-05-07 22:09:54.200] [info] queryID 68, result_size 5, rtk_topk 2, accu_ip_cost 2197224, accu_query_time 0.10s,
[2023-05-07 22:09:54.250] [info] queryID 68, result_size 5, rtk_topk 4, accu_ip_cost 2197224, accu_query_time 0.15s,
[2023-05-07 22:09:54.300] [info] queryID 68, result_size 8, rtk_topk 8, accu_ip_cost 2197224, accu_query_time 0.20s,
[2023-05-07 22:09:54.350] [info] queryID 68, result_size 14, rtk_topk 16, accu_ip_cost 2197224, accu_query_time 0.25s,
[2023-05-07 22:09:54.401] [info] queryID 68, result_size 21, rtk_topk 32, accu_ip_cost 2197224, accu_query_time 0.30s,
[2023-05-07 22:09:54.451] [info] queryID 68, result_size 48, rtk_topk 64, accu_ip_cost 2197224, accu_query_time 0.35s,
[2023-05-07 22:09:54.501] [info] queryID 68, result_size 82, rtk_topk 128, accu_ip_cost 2197224, accu_query_time 0.40s,
[2023-05-07 22:09:54.551] [info] queryID 68, result_size 130, rtk_topk 256, accu_ip_cost 2197224, accu_query_time 0.45s,
[2023-05-07 22:09:54.601] [info] queryID 68, result_size 229, rtk_topk 512, accu_ip_cost 2197224, accu_query_time 0.50s,
[2023-05-07 22:09:54.601] [info] queryID 68, result_size 229, rtk_topk 512, ip_cost 2197224, query_time 0.50s, total_ip_cost 36265198570, total_retrieval_time 105941.27s
[2023-05-07 22:09:54.651] [info] queryID 69, result_size 3, rtk_topk 1, accu_ip_cost 2197224, accu_query_time 0.05s,
[2023-05-07 22:09:54.701] [info] queryID 69, result_size 4, rtk_topk 2, accu_ip_cost 2197224, accu_query_time 0.10s,
[2023-05-07 22:09:54.751] [info] queryID 69, result_size 5, rtk_topk 4, accu_ip_cost 2197224, accu_query_time 0.15s,
[2023-05-07 22:09:54.801] [info] queryID 69, result_size 7, rtk_topk 8, accu_ip_cost 2197224, accu_query_time 0.20s,
[2023-05-07 22:09:54.851] [info] queryID 69, result_size 9, rtk_topk 16, accu_ip_cost 2197224, accu_query_time 0.25s,
[2023-05-07 22:09:54.901] [info] queryID 69, result_size 15, rtk_topk 32, accu_ip_cost 2197224, accu_query_time 0.30s,
[2023-05-07 22:09:54.951] [info] queryID 69, result_size 22, rtk_topk 64, accu_ip_cost 2197224, accu_query_time 0.35s,
[2023-05-07 22:09:55.001] [info] queryID 69, result_size 34, rtk_topk 128, accu_ip_cost 2197224, accu_query_time 0.40s,
[2023-05-07 22:09:55.051] [info] queryID 69, result_size 62, rtk_topk 256, accu_ip_cost 2197224, accu_query_time 0.45s,
[2023-05-07 22:09:55.102] [info] queryID 69, result_size 112, rtk_topk 512, accu_ip_cost 2197224, accu_query_time 0.50s,
[2023-05-08 00:15:42.141] [info] queryID 69, result_size 2188891, rtk_topk 1024, accu_ip_cost 2581739375, accu_query_time 7547.54s,
[2023-05-08 00:15:42.141] [info] queryID 69, result_size 2188891, rtk_topk 1024, ip_cost 2581739375, query_time 7547.54s, total_ip_cost 38846937945, total_retrieval_time 113488.81s
[2023-05-08 00:15:42.779] [info] queryID 70, result_size 5, rtk_topk 1, accu_ip_cost 2197224, accu_query_time 0.60s,
[2023-05-08 00:15:42.827] [info] queryID 70, result_size 22, rtk_topk 2, accu_ip_cost 2197224, accu_query_time 0.65s,
[2023-05-08 00:15:42.877] [info] queryID 70, result_size 45, rtk_topk 4, accu_ip_cost 2197224, accu_query_time 0.70s,
[2023-05-08 00:15:42.929] [info] queryID 70, result_size 91, rtk_topk 8, accu_ip_cost 2197224, accu_query_time 0.75s,
[2023-05-08 00:15:42.981] [info] queryID 70, result_size 173, rtk_topk 16, accu_ip_cost 2197224, accu_query_time 0.80s,
[2023-05-08 00:15:43.036] [info] queryID 70, result_size 293, rtk_topk 32, accu_ip_cost 2197224, accu_query_time 0.86s,
[2023-05-08 00:15:43.036] [info] queryID 70, result_size 293, rtk_topk 32, ip_cost 2197224, query_time 0.86s, total_ip_cost 38849135169, total_retrieval_time 113489.66s
[2023-05-08 00:15:43.085] [info] queryID 71, result_size 1, rtk_topk 1, accu_ip_cost 2197224, accu_query_time 0.05s,
[2023-05-08 00:15:43.135] [info] queryID 71, result_size 1, rtk_topk 2, accu_ip_cost 2197224, accu_query_time 0.10s,
[2023-05-08 00:15:43.185] [info] queryID 71, result_size 1, rtk_topk 4, accu_ip_cost 2197224, accu_query_time 0.15s,
[2023-05-08 00:15:43.238] [info] queryID 71, result_size 1, rtk_topk 8, accu_ip_cost 2197224, accu_query_time 0.20s,
[2023-05-08 00:15:43.288] [info] queryID 71, result_size 1, rtk_topk 16, accu_ip_cost 2197224, accu_query_time 0.25s,
[2023-05-08 00:15:43.338] [info] queryID 71, result_size 1, rtk_topk 32, accu_ip_cost 2197224, accu_query_time 0.30s,
[2023-05-08 00:15:43.397] [info] queryID 71, result_size 1, rtk_topk 64, accu_ip_cost 2197224, accu_query_time 0.36s,
[2023-05-08 00:15:43.466] [info] queryID 71, result_size 2, rtk_topk 128, accu_ip_cost 2197224, accu_query_time 0.43s,
[2023-05-08 00:15:43.558] [info] queryID 71, result_size 5, rtk_topk 256, accu_ip_cost 2197224, accu_query_time 0.52s,
[2023-05-08 00:15:43.705] [info] queryID 71, result_size 9, rtk_topk 512, accu_ip_cost 2197224, accu_query_time 0.67s,
[2023-05-08 02:22:04.809] [info] queryID 71, result_size 2164830, rtk_topk 1024, accu_ip_cost 2581739375, accu_query_time 7581.77s,
[2023-05-08 02:22:04.809] [info] queryID 71, result_size 2164830, rtk_topk 1024, ip_cost 2581739375, query_time 7581.77s, total_ip_cost 41430874544, total_retrieval_time 121071.44s
[2023-05-08 02:22:05.482] [info] queryID 72, result_size 1, rtk_topk 1, accu_ip_cost 2197224, accu_query_time 0.64s,
[2023-05-08 02:22:05.530] [info] queryID 72, result_size 1, rtk_topk 2, accu_ip_cost 2197224, accu_query_time 0.68s,
[2023-05-08 02:22:05.580] [info] queryID 72, result_size 1, rtk_topk 4, accu_ip_cost 2197224, accu_query_time 0.73s,
[2023-05-08 02:22:05.632] [info] queryID 72, result_size 1, rtk_topk 8, accu_ip_cost 2197224, accu_query_time 0.79s,
[2023-05-08 02:22:05.684] [info] queryID 72, result_size 1, rtk_topk 16, accu_ip_cost 2197224, accu_query_time 0.84s,
[2023-05-08 02:22:05.739] [info] queryID 72, result_size 1, rtk_topk 32, accu_ip_cost 2197224, accu_query_time 0.89s,
[2023-05-08 02:22:05.799] [info] queryID 72, result_size 1, rtk_topk 64, accu_ip_cost 2197224, accu_query_time 0.95s,
[2023-05-08 02:22:05.869] [info] queryID 72, result_size 4, rtk_topk 128, accu_ip_cost 2197224, accu_query_time 1.02s,
[2023-05-08 02:22:05.965] [info] queryID 72, result_size 10, rtk_topk 256, accu_ip_cost 2197224, accu_query_time 1.12s,
[2023-05-08 02:22:06.124] [info] queryID 72, result_size 19, rtk_topk 512, accu_ip_cost 2197224, accu_query_time 1.28s,
[2023-05-08 04:28:14.881] [info] queryID 72, result_size 2188389, rtk_topk 1024, accu_ip_cost 2581739375, accu_query_time 7570.03s,
[2023-05-08 04:28:14.881] [info] queryID 72, result_size 2188389, rtk_topk 1024, ip_cost 2581739375, query_time 7570.03s, total_ip_cost 44012613919, total_retrieval_time 128641.47s
[2023-05-08 04:28:14.915] [info] total retrieval time larger than stop time, retrieval exit
[2023-05-08 04:28:14.920] [info] finish top-200
[2023-05-08 04:28:14.920] [info] top200 retrieval:
	total IP cost 44012613919, total time 128641.473s, n_proc_query 73
[2023-05-08 04:28:14.920] [info] build index time: total 18702.329831142s
top200 retrieval:
	total IP cost 44012613919, total time 128641.473s, n_proc_query 73
