[2023-05-08 04:28:43.623] [info] Retrieval method_name SimpferPP, dataset_name yelp-150d, topk 200
[2023-05-08 04:28:43.623] [info] dataset_dir /home/zhengbian/Dataset/ReverseMIPS
[2023-05-08 04:28:43.623] [info] index_dir /home/zhengbian/reverse-k-ranks/index
[2023-05-08 04:28:48.168] [info] n_data_item 159585, n_query_item 1000, n_user 2189457, vec_dim 150
[2023-05-08 04:28:48.168] [info] input parameter: simpfer_k_max 605, stop_time 39600s
[2023-05-08 04:28:49.428] [info] finish transform user
[2023-05-08 04:28:49.525] [info] finish transform data item
[2023-05-08 06:06:40.919] [info] finish simpfer preprocessing
[2023-05-08 06:06:50.749] [info] finish preprocess and save the index
[2023-05-08 06:06:50.995] [info] queryID 0, result_size 0, rtk_topk 1, accu_ip_cost 2147236, accu_query_time 0.25s,
[2023-05-08 06:06:51.054] [info] queryID 0, result_size 1, rtk_topk 2, accu_ip_cost 2162434, accu_query_time 0.30s,
[2023-05-08 06:06:51.113] [info] queryID 0, result_size 2, rtk_topk 4, accu_ip_cost 2171954, accu_query_time 0.36s,
[2023-05-08 06:06:51.171] [info] queryID 0, result_size 2, rtk_topk 8, accu_ip_cost 2181066, accu_query_time 0.42s,
[2023-05-08 06:06:51.230] [info] queryID 0, result_size 5, rtk_topk 16, accu_ip_cost 2188988, accu_query_time 0.48s,
[2023-05-08 06:06:51.289] [info] queryID 0, result_size 9, rtk_topk 32, accu_ip_cost 2189430, accu_query_time 0.54s,
[2023-05-08 06:06:51.348] [info] queryID 0, result_size 43, rtk_topk 64, accu_ip_cost 2189430, accu_query_time 0.60s,
[2023-05-08 06:06:51.408] [info] queryID 0, result_size 152, rtk_topk 128, accu_ip_cost 2189430, accu_query_time 0.66s,
[2023-05-08 06:06:53.466] [info] queryID 0, result_size 510, rtk_topk 256, accu_ip_cost 2189430, accu_query_time 2.72s,
[2023-05-08 06:06:53.466] [info] queryID 0, result_size 510, rtk_topk 256, ip_cost 2189430, query_time 2.72s, total_ip_cost 2189430, total_retrieval_time 2.72s
[2023-05-08 06:06:53.526] [info] queryID 1, result_size 0, rtk_topk 1, accu_ip_cost 2071688, accu_query_time 0.06s,
[2023-05-08 06:06:53.582] [info] queryID 1, result_size 0, rtk_topk 2, accu_ip_cost 2116092, accu_query_time 0.12s,
[2023-05-08 06:06:53.638] [info] queryID 1, result_size 0, rtk_topk 4, accu_ip_cost 2138804, accu_query_time 0.17s,
[2023-05-08 06:06:53.696] [info] queryID 1, result_size 0, rtk_topk 8, accu_ip_cost 2154478, accu_query_time 0.23s,
[2023-05-08 06:06:53.753] [info] queryID 1, result_size 2, rtk_topk 16, accu_ip_cost 2164440, accu_query_time 0.29s,
[2023-05-08 06:06:53.811] [info] queryID 1, result_size 6, rtk_topk 32, accu_ip_cost 2172974, accu_query_time 0.35s,
[2023-05-08 06:06:53.869] [info] queryID 1, result_size 10, rtk_topk 64, accu_ip_cost 2180896, accu_query_time 0.40s,
[2023-05-08 06:06:53.928] [info] queryID 1, result_size 21, rtk_topk 128, accu_ip_cost 2188818, accu_query_time 0.46s,
[2023-05-08 06:06:53.986] [info] queryID 1, result_size 41, rtk_topk 256, accu_ip_cost 2189430, accu_query_time 0.52s,
[2023-05-08 06:06:54.053] [info] queryID 1, result_size 100, rtk_topk 512, accu_ip_cost 2189430, accu_query_time 0.59s,
[2023-05-08 07:21:52.804] [info] queryID 1, result_size 1864104, rtk_topk 1024, accu_ip_cost 2572611975, accu_query_time 4499.34s,
[2023-05-08 07:21:52.804] [info] queryID 1, result_size 1864104, rtk_topk 1024, ip_cost 2572611975, query_time 4499.34s, total_ip_cost 2574801405, total_retrieval_time 4502.05s
[2023-05-08 07:21:53.392] [info] queryID 2, result_size 0, rtk_topk 1, accu_ip_cost 2091510, accu_query_time 0.56s,
[2023-05-08 07:21:53.452] [info] queryID 2, result_size 0, rtk_topk 2, accu_ip_cost 2127108, accu_query_time 0.62s,
[2023-05-08 07:21:53.510] [info] queryID 2, result_size 0, rtk_topk 4, accu_ip_cost 2146318, accu_query_time 0.68s,
[2023-05-08 07:21:53.569] [info] queryID 2, result_size 0, rtk_topk 8, accu_ip_cost 2159272, accu_query_time 0.74s,
[2023-05-08 07:21:53.628] [info] queryID 2, result_size 1, rtk_topk 16, accu_ip_cost 2168146, accu_query_time 0.80s,
[2023-05-08 07:21:53.688] [info] queryID 2, result_size 8, rtk_topk 32, accu_ip_cost 2176476, accu_query_time 0.86s,
[2023-05-08 07:21:53.751] [info] queryID 2, result_size 20, rtk_topk 64, accu_ip_cost 2185350, accu_query_time 0.92s,
[2023-05-08 07:21:53.820] [info] queryID 2, result_size 59, rtk_topk 128, accu_ip_cost 2189430, accu_query_time 0.99s,
[2023-05-08 07:21:53.904] [info] queryID 2, result_size 176, rtk_topk 256, accu_ip_cost 2189430, accu_query_time 1.08s,
[2023-05-08 07:21:54.037] [info] queryID 2, result_size 431, rtk_topk 512, accu_ip_cost 2189430, accu_query_time 1.21s,
[2023-05-08 07:21:54.037] [info] queryID 2, result_size 431, rtk_topk 512, ip_cost 2189430, query_time 1.21s, total_ip_cost 2576990835, total_retrieval_time 4503.26s
[2023-05-08 07:21:54.083] [info] queryID 3, result_size 0, rtk_topk 1, accu_ip_cost 1778744, accu_query_time 0.05s,
[2023-05-08 07:21:54.132] [info] queryID 3, result_size 0, rtk_topk 2, accu_ip_cost 1923924, accu_query_time 0.10s,
[2023-05-08 07:21:54.185] [info] queryID 3, result_size 0, rtk_topk 4, accu_ip_cost 2012664, accu_query_time 0.15s,
[2023-05-08 07:21:54.239] [info] queryID 3, result_size 0, rtk_topk 8, accu_ip_cost 2072402, accu_query_time 0.20s,
[2023-05-08 07:21:54.295] [info] queryID 3, result_size 0, rtk_topk 16, accu_ip_cost 2107830, accu_query_time 0.26s,
[2023-05-08 07:21:54.351] [info] queryID 3, result_size 0, rtk_topk 32, accu_ip_cost 2132004, accu_query_time 0.31s,
[2023-05-08 07:21:54.408] [info] queryID 3, result_size 0, rtk_topk 64, accu_ip_cost 2148460, accu_query_time 0.37s,
[2023-05-08 07:21:54.465] [info] queryID 3, result_size 3, rtk_topk 128, accu_ip_cost 2159918, accu_query_time 0.43s,
[2023-05-08 07:21:54.523] [info] queryID 3, result_size 6, rtk_topk 256, accu_ip_cost 2170050, accu_query_time 0.49s,
[2023-05-08 07:21:54.580] [info] queryID 3, result_size 19, rtk_topk 512, accu_ip_cost 2179026, accu_query_time 0.54s,
[2023-05-08 08:33:32.410] [info] queryID 3, result_size 2185246, rtk_topk 1024, accu_ip_cost 2572611975, accu_query_time 4298.37s,
[2023-05-08 08:33:32.410] [info] queryID 3, result_size 2185246, rtk_topk 1024, ip_cost 2572611975, query_time 4298.37s, total_ip_cost 5149602810, total_retrieval_time 8801.64s
[2023-05-08 08:33:32.979] [info] queryID 4, result_size 0, rtk_topk 1, accu_ip_cost 1833008, accu_query_time 0.53s,
[2023-05-08 08:33:33.048] [info] queryID 4, result_size 0, rtk_topk 2, accu_ip_cost 1960440, accu_query_time 0.60s,
[2023-05-08 08:33:33.112] [info] queryID 4, result_size 0, rtk_topk 4, accu_ip_cost 2039354, accu_query_time 0.66s,
[2023-05-08 08:33:33.173] [info] queryID 4, result_size 0, rtk_topk 8, accu_ip_cost 2089028, accu_query_time 0.73s,
[2023-05-08 08:33:33.232] [info] queryID 4, result_size 0, rtk_topk 16, accu_ip_cost 2118608, accu_query_time 0.78s,
[2023-05-08 08:33:33.294] [info] queryID 4, result_size 0, rtk_topk 32, accu_ip_cost 2139790, accu_query_time 0.85s,
[2023-05-08 08:33:33.359] [info] queryID 4, result_size 1, rtk_topk 64, accu_ip_cost 2153492, accu_query_time 0.91s,
[2023-05-08 08:33:33.431] [info] queryID 4, result_size 7, rtk_topk 128, accu_ip_cost 2164134, accu_query_time 0.98s,
[2023-05-08 08:33:33.528] [info] queryID 4, result_size 25, rtk_topk 256, accu_ip_cost 2173110, accu_query_time 1.08s,
[2023-05-08 08:33:33.678] [info] queryID 4, result_size 91, rtk_topk 512, accu_ip_cost 2183038, accu_query_time 1.23s,
[2023-05-08 09:46:40.251] [info] queryID 4, result_size 2137767, rtk_topk 1024, accu_ip_cost 2572611975, accu_query_time 4387.80s,
[2023-05-08 09:46:40.251] [info] queryID 4, result_size 2137767, rtk_topk 1024, ip_cost 2572611975, query_time 4387.80s, total_ip_cost 7722214785, total_retrieval_time 13189.44s
[2023-05-08 09:46:40.835] [info] queryID 5, result_size 0, rtk_topk 1, accu_ip_cost 1950682, accu_query_time 0.55s,
[2023-05-08 09:46:40.900] [info] queryID 5, result_size 0, rtk_topk 2, accu_ip_cost 2041428, accu_query_time 0.61s,
[2023-05-08 09:46:40.960] [info] queryID 5, result_size 0, rtk_topk 4, accu_ip_cost 2091986, accu_query_time 0.67s,
[2023-05-08 09:46:41.019] [info] queryID 5, result_size 0, rtk_topk 8, accu_ip_cost 2121974, accu_query_time 0.73s,
[2023-05-08 09:46:41.077] [info] queryID 5, result_size 0, rtk_topk 16, accu_ip_cost 2141796, accu_query_time 0.79s,
[2023-05-08 09:46:41.137] [info] queryID 5, result_size 0, rtk_topk 32, accu_ip_cost 2154954, accu_query_time 0.85s,
[2023-05-08 09:46:41.200] [info] queryID 5, result_size 3, rtk_topk 64, accu_ip_cost 2164916, accu_query_time 0.92s,
[2023-05-08 09:46:41.272] [info] queryID 5, result_size 13, rtk_topk 128, accu_ip_cost 2173518, accu_query_time 0.99s,
[2023-05-08 09:46:41.363] [info] queryID 5, result_size 47, rtk_topk 256, accu_ip_cost 2183276, accu_query_time 1.08s,
[2023-05-08 09:46:41.507] [info] queryID 5, result_size 134, rtk_topk 512, accu_ip_cost 2189192, accu_query_time 1.22s,
[2023-05-08 11:00:39.249] [info] queryID 5, result_size 2165973, rtk_topk 1024, accu_ip_cost 2572611975, accu_query_time 4438.96s,
[2023-05-08 11:00:39.249] [info] queryID 5, result_size 2165973, rtk_topk 1024, ip_cost 2572611975, query_time 4438.96s, total_ip_cost 10294826760, total_retrieval_time 17628.40s
[2023-05-08 11:00:39.546] [info] queryID 6, result_size 0, rtk_topk 1, accu_ip_cost 822018, accu_query_time 0.26s,
[2023-05-08 11:00:39.634] [info] queryID 6, result_size 0, rtk_topk 2, accu_ip_cost 1110780, accu_query_time 0.35s,
[2023-05-08 11:00:39.717] [info] queryID 6, result_size 0, rtk_topk 4, accu_ip_cost 1365474, accu_query_time 0.43s,
[2023-05-08 11:00:39.797] [info] queryID 6, result_size 0, rtk_topk 8, accu_ip_cost 1583652, accu_query_time 0.51s,
[2023-05-08 11:00:39.871] [info] queryID 6, result_size 0, rtk_topk 16, accu_ip_cost 1752972, accu_query_time 0.59s,
[2023-05-08 11:00:39.943] [info] queryID 6, result_size 0, rtk_topk 32, accu_ip_cost 1884620, accu_query_time 0.66s,
[2023-05-08 11:00:40.016] [info] queryID 6, result_size 0, rtk_topk 64, accu_ip_cost 1982302, accu_query_time 0.73s,
[2023-05-08 11:00:40.096] [info] queryID 6, result_size 1, rtk_topk 128, accu_ip_cost 2049316, accu_query_time 0.81s,
[2023-05-08 11:00:40.193] [info] queryID 6, result_size 1, rtk_topk 256, accu_ip_cost 2092088, accu_query_time 0.91s,
[2023-05-08 11:00:40.341] [info] queryID 6, result_size 2, rtk_topk 512, accu_ip_cost 2123164, accu_query_time 1.05s,
[2023-05-08 12:14:44.122] [info] queryID 6, result_size 1697858, rtk_topk 1024, accu_ip_cost 2572611975, accu_query_time 4444.84s,
[2023-05-08 12:14:44.122] [info] queryID 6, result_size 1697858, rtk_topk 1024, ip_cost 2572611975, query_time 4444.84s, total_ip_cost 12867438735, total_retrieval_time 22073.24s
[2023-05-08 12:14:44.737] [info] queryID 7, result_size 1, rtk_topk 1, accu_ip_cost 2111706, accu_query_time 0.60s,
[2023-05-08 12:14:44.794] [info] queryID 7, result_size 1, rtk_topk 2, accu_ip_cost 2139110, accu_query_time 0.66s,
[2023-05-08 12:14:44.850] [info] queryID 7, result_size 2, rtk_topk 4, accu_ip_cost 2155260, accu_query_time 0.71s,
[2023-05-08 12:14:44.906] [info] queryID 7, result_size 2, rtk_topk 8, accu_ip_cost 2165256, accu_query_time 0.77s,
[2023-05-08 12:14:44.963] [info] queryID 7, result_size 4, rtk_topk 16, accu_ip_cost 2174266, accu_query_time 0.83s,
[2023-05-08 12:14:45.023] [info] queryID 7, result_size 6, rtk_topk 32, accu_ip_cost 2181882, accu_query_time 0.89s,
[2023-05-08 12:14:45.086] [info] queryID 7, result_size 19, rtk_topk 64, accu_ip_cost 2189294, accu_query_time 0.95s,
[2023-05-08 12:14:45.156] [info] queryID 7, result_size 53, rtk_topk 128, accu_ip_cost 2189430, accu_query_time 1.02s,
[2023-05-08 12:14:45.246] [info] queryID 7, result_size 184, rtk_topk 256, accu_ip_cost 2189430, accu_query_time 1.11s,
[2023-05-08 12:14:45.391] [info] queryID 7, result_size 560, rtk_topk 512, accu_ip_cost 2189430, accu_query_time 1.25s,
[2023-05-08 12:14:45.391] [info] queryID 7, result_size 560, rtk_topk 512, ip_cost 2189430, query_time 1.25s, total_ip_cost 12869628165, total_retrieval_time 22074.49s
[2023-05-08 12:14:45.429] [info] queryID 8, result_size 0, rtk_topk 1, accu_ip_cost 1570120, accu_query_time 0.04s,
[2023-05-08 12:14:45.473] [info] queryID 8, result_size 0, rtk_topk 2, accu_ip_cost 1769462, accu_query_time 0.08s,
[2023-05-08 12:14:45.521] [info] queryID 8, result_size 0, rtk_topk 4, accu_ip_cost 1904068, accu_query_time 0.13s,
[2023-05-08 12:14:45.571] [info] queryID 8, result_size 0, rtk_topk 8, accu_ip_cost 1998112, accu_query_time 0.18s,
[2023-05-08 12:14:45.623] [info] queryID 8, result_size 0, rtk_topk 16, accu_ip_cost 2059924, accu_query_time 0.23s,
[2023-05-08 12:14:45.676] [info] queryID 8, result_size 0, rtk_topk 32, accu_ip_cost 2098956, accu_query_time 0.29s,
[2023-05-08 12:14:45.730] [info] queryID 8, result_size 0, rtk_topk 64, accu_ip_cost 2125374, accu_query_time 0.34s,
[2023-05-08 12:14:45.784] [info] queryID 8, result_size 0, rtk_topk 128, accu_ip_cost 2144516, accu_query_time 0.39s,
[2023-05-08 12:14:45.839] [info] queryID 8, result_size 2, rtk_topk 256, accu_ip_cost 2157062, accu_query_time 0.45s,
[2023-05-08 12:14:45.893] [info] queryID 8, result_size 3, rtk_topk 512, accu_ip_cost 2168214, accu_query_time 0.50s,
[2023-05-08 13:28:26.710] [info] queryID 8, result_size 2187526, rtk_topk 1024, accu_ip_cost 2572611975, accu_query_time 4421.32s,
[2023-05-08 13:28:26.711] [info] queryID 8, result_size 2187526, rtk_topk 1024, ip_cost 2572611975, query_time 4421.32s, total_ip_cost 15442240140, total_retrieval_time 26495.81s
[2023-05-08 13:28:26.859] [info] queryID 9, result_size 0, rtk_topk 1, accu_ip_cost 294610, accu_query_time 0.11s,
[2023-05-08 13:28:26.916] [info] queryID 9, result_size 0, rtk_topk 2, accu_ip_cost 492218, accu_query_time 0.17s,
[2023-05-08 13:28:26.985] [info] queryID 9, result_size 0, rtk_topk 4, accu_ip_cost 719678, accu_query_time 0.24s,
[2023-05-08 13:28:27.061] [info] queryID 9, result_size 0, rtk_topk 8, accu_ip_cost 964478, accu_query_time 0.32s,
[2023-05-08 13:28:27.143] [info] queryID 9, result_size 0, rtk_topk 16, accu_ip_cost 1214038, accu_query_time 0.40s,
[2023-05-08 13:28:27.229] [info] queryID 9, result_size 0, rtk_topk 32, accu_ip_cost 1452990, accu_query_time 0.48s,
[2023-05-08 13:28:27.314] [info] queryID 9, result_size 0, rtk_topk 64, accu_ip_cost 1655188, accu_query_time 0.57s,
[2023-05-08 13:28:27.402] [info] queryID 9, result_size 0, rtk_topk 128, accu_ip_cost 1812914, accu_query_time 0.66s,
[2023-05-08 13:28:27.508] [info] queryID 9, result_size 0, rtk_topk 256, accu_ip_cost 1934770, accu_query_time 0.76s,
[2023-05-08 13:28:27.660] [info] queryID 9, result_size 1, rtk_topk 512, accu_ip_cost 2021266, accu_query_time 0.92s,
[2023-05-08 14:41:59.125] [info] queryID 9, result_size 670006, rtk_topk 1024, accu_ip_cost 2572611975, accu_query_time 4412.38s,
[2023-05-08 14:41:59.125] [info] queryID 9, result_size 670006, rtk_topk 1024, ip_cost 2572611975, query_time 4412.38s, total_ip_cost 18014852115, total_retrieval_time 30908.19s
[2023-05-08 14:41:59.679] [info] queryID 10, result_size 0, rtk_topk 1, accu_ip_cost 1846132, accu_query_time 0.55s,
[2023-05-08 14:41:59.748] [info] queryID 10, result_size 0, rtk_topk 2, accu_ip_cost 1969314, accu_query_time 0.62s,
[2023-05-08 14:41:59.810] [info] queryID 10, result_size 0, rtk_topk 4, accu_ip_cost 2046494, accu_query_time 0.68s,
[2023-05-08 14:41:59.869] [info] queryID 10, result_size 0, rtk_topk 8, accu_ip_cost 2092870, accu_query_time 0.74s,
[2023-05-08 14:41:59.927] [info] queryID 10, result_size 0, rtk_topk 16, accu_ip_cost 2121838, accu_query_time 0.80s,
[2023-05-08 14:41:59.987] [info] queryID 10, result_size 0, rtk_topk 32, accu_ip_cost 2141286, accu_query_time 0.86s,
[2023-05-08 14:42:00.050] [info] queryID 10, result_size 0, rtk_topk 64, accu_ip_cost 2154614, accu_query_time 0.92s,
[2023-05-08 14:42:00.122] [info] queryID 10, result_size 0, rtk_topk 128, accu_ip_cost 2164678, accu_query_time 0.99s,
[2023-05-08 14:42:00.217] [info] queryID 10, result_size 1, rtk_topk 256, accu_ip_cost 2174334, accu_query_time 1.09s,
[2023-05-08 14:42:00.370] [info] queryID 10, result_size 9, rtk_topk 512, accu_ip_cost 2183514, accu_query_time 1.24s,
[2023-05-08 15:55:48.835] [info] queryID 10, result_size 2189217, rtk_topk 1024, accu_ip_cost 2572611975, accu_query_time 4429.71s,
[2023-05-08 15:55:48.835] [info] queryID 10, result_size 2189217, rtk_topk 1024, ip_cost 2572611975, query_time 4429.71s, total_ip_cost 20587464090, total_retrieval_time 35337.90s
[2023-05-08 15:55:49.730] [info] queryID 11, result_size 0, rtk_topk 1, accu_ip_cost 1987606, accu_query_time 0.86s,
[2023-05-08 15:55:49.803] [info] queryID 11, result_size 0, rtk_topk 2, accu_ip_cost 2062338, accu_query_time 0.93s,
[2023-05-08 15:55:49.869] [info] queryID 11, result_size 0, rtk_topk 4, accu_ip_cost 2106810, accu_query_time 1.00s,
[2023-05-08 15:55:49.930] [info] queryID 11, result_size 0, rtk_topk 8, accu_ip_cost 2131086, accu_query_time 1.06s,
[2023-05-08 15:55:49.993] [info] queryID 11, result_size 0, rtk_topk 16, accu_ip_cost 2148154, accu_query_time 1.12s,
[2023-05-08 15:55:50.061] [info] queryID 11, result_size 0, rtk_topk 32, accu_ip_cost 2159068, accu_query_time 1.19s,
[2023-05-08 15:55:50.138] [info] queryID 11, result_size 0, rtk_topk 64, accu_ip_cost 2168758, accu_query_time 1.27s,
[2023-05-08 15:55:50.236] [info] queryID 11, result_size 4, rtk_topk 128, accu_ip_cost 2177462, accu_query_time 1.36s,
[2023-05-08 15:55:50.378] [info] queryID 11, result_size 21, rtk_topk 256, accu_ip_cost 2186098, accu_query_time 1.51s,
[2023-05-08 15:55:50.604] [info] queryID 11, result_size 90, rtk_topk 512, accu_ip_cost 2189430, accu_query_time 1.73s,
[2023-05-08 17:09:16.456] [info] queryID 11, result_size 2189063, rtk_topk 1024, accu_ip_cost 2572611975, accu_query_time 4407.58s,
[2023-05-08 17:09:16.456] [info] queryID 11, result_size 2189063, rtk_topk 1024, ip_cost 2572611975, query_time 4407.58s, total_ip_cost 23160076065, total_retrieval_time 39745.48s
[2023-05-08 17:09:16.490] [info] total retrieval time larger than stop time, retrieval exit
[2023-05-08 17:09:16.493] [info] finish top-200
[2023-05-08 17:09:16.493] [info] top200 retrieval:
	total IP cost 23160076065, total time 39745.484s, n_proc_query 12
[2023-05-08 17:09:16.493] [info] build index time: total 5882.581645492s
top200 retrieval:
	total IP cost 23160076065, total time 39745.484s, n_proc_query 12
