[2023-05-19 17:26:20.024] [info] Retrieval method_name GridIndex, dataset_name amazon-home-kitchen-32d, topk 100
[2023-05-19 17:26:20.024] [info] dataset_dir /home/zhengbian/Dataset/ReverseMIPS
[2023-05-19 17:26:20.024] [info] index_dir /home/zhengbian/reverse-k-ranks/index
[2023-05-19 17:26:24.196] [info] n_data_item 409243, n_query_item 1000, n_user 2511610, vec_dim 32
[2023-05-19 17:26:24.196] [info] input parameter: stop_time 21600s
[2023-05-19 17:26:24.209] [info] GridIndex min_codeword 27, codeword 32
[2023-05-19 17:26:24.757] [info] finish preprocess and save the index
[2023-05-19 18:21:20.786] [info] queryID 938, userID 1000000, query_ip_cost 134706208, query_appr_ip_cost 22413498837, time_used 3295.92s
[2023-05-19 18:46:37.656] [info] queryID 938, userID 2000000, query_ip_cost 137113254, query_appr_ip_cost 32309411476, time_used 4812.79s
[2023-05-19 18:56:52.656] [info] finish queryID 938, current_total_retrieval_time 5427.90s, single_query_retrieval_time 5427.90s, prune_ratio 1.00, ip_cost 137236217, appr_ip_cost 36149514607
[2023-05-19 19:34:01.112] [info] queryID 441, userID 1000000, query_ip_cost 81223634, query_appr_ip_cost 58532959580, time_used 7656.25s
[2023-05-19 20:59:48.593] [info] queryID 63, userID 1000000, query_ip_cost 312250460, query_appr_ip_cost 90281580126, time_used 12803.77s
[2023-05-19 21:05:20.791] [info] queryID 441, userID 2000000, query_ip_cost 81756491, query_appr_ip_cost 100402675613, time_used 13135.93s
[2023-05-19 21:15:13.677] [info] queryID 252, userID 1000000, query_ip_cost 40090277, query_appr_ip_cost 109831510325, time_used 13728.82s
[2023-05-19 21:19:04.714] [info] queryID 0, userID 1000000, query_ip_cost 299436730, query_appr_ip_cost 99798790650, time_used 13959.89s
[2023-05-19 21:26:03.537] [info] queryID 939, userID 1000000, query_ip_cost 174324130, query_appr_ip_cost 61749545442, time_used 8950.71s
[2023-05-19 21:49:25.877] [info] finish queryID 441, current_total_retrieval_time 15781.12s, single_query_retrieval_time 15781.12s, prune_ratio 1.00, ip_cost 81835660, appr_ip_cost 120075673618
[2023-05-19 22:23:43.618] [info] queryID 876, userID 1000000, query_ip_cost 220441692, query_appr_ip_cost 132875576981, time_used 17838.73s
[2023-05-19 22:33:17.733] [info] queryID 442, userID 1000000, query_ip_cost 85131598, query_appr_ip_cost 18618856256, time_used 2631.69s
[2023-05-19 22:44:03.488] [info] queryID 566, userID 1000000, query_ip_cost 848281739, query_appr_ip_cost 136647695280, time_used 19058.62s
[2023-05-19 22:53:08.634] [info] queryID 442, userID 2000000, query_ip_cost 85593658, query_appr_ip_cost 26715082227, time_used 3822.59s
[2023-05-19 23:01:29.036] [info] finish queryID 442, current_total_retrieval_time 20104.28s, single_query_retrieval_time 4323.16s, prune_ratio 1.00, ip_cost 85638711, appr_ip_cost 29959054879
[2023-05-19 23:07:39.858] [info] queryID 939, userID 2000000, query_ip_cost 183181018, query_appr_ip_cost 102665217690, time_used 15047.03s
[2023-05-19 23:15:07.310] [info] queryID 63, userID 2000000, query_ip_cost 320594710, query_appr_ip_cost 146301680013, time_used 20922.49s
[2023-05-19 23:26:24.826] [info] total retrieval time larger than stop time, retrieval exit
[2023-05-19 23:26:24.867] [info] total retrieval time larger than stop time, retrieval exit
[2023-05-19 23:26:24.923] [info] total retrieval time larger than stop time, retrieval exit
[2023-05-19 23:26:25.203] [info] total retrieval time larger than stop time, retrieval exit
[2023-05-19 23:26:25.347] [info] total retrieval time larger than stop time, retrieval exit
[2023-05-19 23:26:25.369] [info] total retrieval time larger than stop time, retrieval exit
[2023-05-19 23:26:25.394] [info] total retrieval time larger than stop time, retrieval exit
[2023-05-19 23:26:25.497] [info] total retrieval time larger than stop time, retrieval exit
[2023-05-19 23:26:25.502] [info] total retrieval time larger than stop time, retrieval exit
[2023-05-19 23:26:25.590] [info] total retrieval time larger than stop time, retrieval exit
[2023-05-19 23:26:25.664] [info] total retrieval time larger than stop time, retrieval exit
[2023-05-19 23:26:25.938] [info] total retrieval time larger than stop time, retrieval exit
[2023-05-19 23:26:26.116] [info] total retrieval time larger than stop time, retrieval exit
[2023-05-19 23:26:26.182] [info] total retrieval time larger than stop time, retrieval exit
[2023-05-19 23:26:27.798] [info] total retrieval time larger than stop time, retrieval exit
[2023-05-19 23:26:28.060] [info] total retrieval time larger than stop time, retrieval exit
[2023-05-19 23:26:28.060] [info] finish top-100
[2023-05-19 23:26:28.060] [info] top100 retrieval time: total 21603.302s, n_proc_query 8.43
	accumulate query inner product time 2.109s, accumulate refinement time 345614.044s
	early prune ratio 0.9991, total IP cost 36224304842, total appr IP cost 2543150673101
	maximum ip cost 11497795794, proportion 3.151
[2023-05-19 23:26:28.060] [info] build index time: total 0.560513053s
top100 retrieval time: total 21603.302s, n_proc_query 8.43
	accumulate query inner product time 2.109s, accumulate refinement time 345614.044s
	early prune ratio 0.9991, total IP cost 36224304842, total appr IP cost 2543150673101
	maximum ip cost 11497795794, proportion 3.151