nohup: ignoring input
[2023-05-23 08:30:35.303] [info] Retrieval method_name GridIndex, dataset_name amazon-home-kitchen-150d, topk 100
[2023-05-23 08:30:35.304] [info] dataset_dir /home/zhengbian/Dataset/ReverseMIPS
[2023-05-23 08:30:35.304] [info] index_dir /home/zhengbian/reverse-k-ranks/index
[2023-05-23 08:30:39.181] [info] n_data_item 409243, n_query_item 1000, n_user 2511610, vec_dim 150
[2023-05-23 08:30:39.181] [info] input parameter: stop_time 3600s
[2023-05-23 08:30:39.242] [info] GridIndex min_codeword 41, codeword 64
[2023-05-23 08:30:42.337] [info] finish preprocess and save the index
[2023-05-23 09:30:42.357] [info] total retrieval time larger than stop time, retrieval exit
[2023-05-23 09:30:42.360] [info] total retrieval time larger than stop time, retrieval exit
[2023-05-23 09:30:42.456] [info] total retrieval time larger than stop time, retrieval exit
[2023-05-23 09:30:42.604] [info] total retrieval time larger than stop time, retrieval exit
[2023-05-23 09:30:42.766] [info] total retrieval time larger than stop time, retrieval exit
[2023-05-23 09:30:42.896] [info] total retrieval time larger than stop time, retrieval exit
[2023-05-23 09:30:42.925] [info] total retrieval time larger than stop time, retrieval exit
[2023-05-23 09:30:43.120] [info] total retrieval time larger than stop time, retrieval exit
[2023-05-23 09:30:43.152] [info] total retrieval time larger than stop time, retrieval exit
[2023-05-23 09:30:43.345] [info] total retrieval time larger than stop time, retrieval exit
[2023-05-23 09:30:43.512] [info] total retrieval time larger than stop time, retrieval exit
[2023-05-23 09:30:43.620] [info] total retrieval time larger than stop time, retrieval exit
[2023-05-23 09:30:43.635] [info] total retrieval time larger than stop time, retrieval exit
[2023-05-23 09:30:43.709] [info] total retrieval time larger than stop time, retrieval exit
[2023-05-23 09:30:43.773] [info] total retrieval time larger than stop time, retrieval exit
[2023-05-23 09:30:44.038] [info] total retrieval time larger than stop time, retrieval exit
[2023-05-23 09:30:44.158] [info] total retrieval time larger than stop time, retrieval exit
[2023-05-23 09:30:44.239] [info] total retrieval time larger than stop time, retrieval exit
[2023-05-23 09:30:44.273] [info] total retrieval time larger than stop time, retrieval exit
[2023-05-23 09:30:44.333] [info] total retrieval time larger than stop time, retrieval exit
[2023-05-23 09:30:44.360] [info] total retrieval time larger than stop time, retrieval exit
[2023-05-23 09:30:44.500] [info] total retrieval time larger than stop time, retrieval exit
[2023-05-23 09:30:44.572] [info] total retrieval time larger than stop time, retrieval exit
[2023-05-23 09:30:44.779] [info] total retrieval time larger than stop time, retrieval exit
[2023-05-23 09:30:44.883] [info] total retrieval time larger than stop time, retrieval exit
[2023-05-23 09:30:45.057] [info] total retrieval time larger than stop time, retrieval exit
[2023-05-23 09:30:45.077] [info] total retrieval time larger than stop time, retrieval exit
[2023-05-23 09:30:45.167] [info] total retrieval time larger than stop time, retrieval exit
[2023-05-23 09:30:45.267] [info] total retrieval time larger than stop time, retrieval exit
[2023-05-23 09:30:45.445] [info] total retrieval time larger than stop time, retrieval exit
[2023-05-23 09:30:45.743] [info] total retrieval time larger than stop time, retrieval exit
[2023-05-23 09:30:45.999] [info] total retrieval time larger than stop time, retrieval exit
[2023-05-23 09:30:46.117] [info] total retrieval time larger than stop time, retrieval exit
[2023-05-23 09:30:46.152] [info] total retrieval time larger than stop time, retrieval exit
[2023-05-23 09:30:46.364] [info] total retrieval time larger than stop time, retrieval exit
[2023-05-23 09:30:46.523] [info] total retrieval time larger than stop time, retrieval exit
[2023-05-23 09:30:46.558] [info] total retrieval time larger than stop time, retrieval exit
[2023-05-23 09:30:47.106] [info] total retrieval time larger than stop time, retrieval exit
[2023-05-23 09:30:47.150] [info] total retrieval time larger than stop time, retrieval exit
[2023-05-23 09:30:47.218] [info] total retrieval time larger than stop time, retrieval exit
[2023-05-23 09:30:47.312] [info] total retrieval time larger than stop time, retrieval exit
[2023-05-23 09:30:47.427] [info] total retrieval time larger than stop time, retrieval exit
[2023-05-23 09:30:47.463] [info] total retrieval time larger than stop time, retrieval exit
[2023-05-23 09:30:47.737] [info] total retrieval time larger than stop time, retrieval exit
[2023-05-23 09:30:48.116] [info] total retrieval time larger than stop time, retrieval exit
[2023-05-23 09:30:48.138] [info] total retrieval time larger than stop time, retrieval exit
[2023-05-23 09:30:48.183] [info] total retrieval time larger than stop time, retrieval exit
[2023-05-23 09:30:48.504] [info] total retrieval time larger than stop time, retrieval exit
[2023-05-23 09:30:48.591] [info] total retrieval time larger than stop time, retrieval exit
[2023-05-23 09:30:48.726] [info] total retrieval time larger than stop time, retrieval exit
[2023-05-23 09:30:48.812] [info] total retrieval time larger than stop time, retrieval exit
[2023-05-23 09:30:48.890] [info] total retrieval time larger than stop time, retrieval exit
[2023-05-23 09:30:48.939] [info] total retrieval time larger than stop time, retrieval exit
[2023-05-23 09:30:48.999] [info] total retrieval time larger than stop time, retrieval exit
[2023-05-23 09:30:49.019] [info] total retrieval time larger than stop time, retrieval exit
[2023-05-23 09:30:49.176] [info] total retrieval time larger than stop time, retrieval exit
[2023-05-23 09:30:49.268] [info] total retrieval time larger than stop time, retrieval exit
[2023-05-23 09:30:49.320] [info] total retrieval time larger than stop time, retrieval exit
[2023-05-23 09:30:49.544] [info] total retrieval time larger than stop time, retrieval exit
[2023-05-23 09:30:49.587] [info] total retrieval time larger than stop time, retrieval exit
[2023-05-23 09:30:49.664] [info] total retrieval time larger than stop time, retrieval exit
[2023-05-23 09:30:50.036] [info] total retrieval time larger than stop time, retrieval exit
[2023-05-23 09:30:50.093] [info] total retrieval time larger than stop time, retrieval exit
[2023-05-23 09:30:50.246] [info] total retrieval time larger than stop time, retrieval exit
[2023-05-23 09:30:50.431] [info] total retrieval time larger than stop time, retrieval exit
[2023-05-23 09:30:50.792] [info] total retrieval time larger than stop time, retrieval exit
[2023-05-23 09:30:51.066] [info] total retrieval time larger than stop time, retrieval exit
[2023-05-23 09:30:51.106] [info] total retrieval time larger than stop time, retrieval exit
[2023-05-23 09:30:51.641] [info] total retrieval time larger than stop time, retrieval exit
[2023-05-23 09:30:51.860] [info] total retrieval time larger than stop time, retrieval exit
[2023-05-23 09:30:52.074] [info] total retrieval time larger than stop time, retrieval exit
[2023-05-23 09:30:52.135] [info] total retrieval time larger than stop time, retrieval exit
[2023-05-23 09:30:52.193] [info] total retrieval time larger than stop time, retrieval exit
[2023-05-23 09:30:52.226] [info] total retrieval time larger than stop time, retrieval exit
[2023-05-23 09:30:52.411] [info] total retrieval time larger than stop time, retrieval exit
[2023-05-23 09:30:52.430] [info] total retrieval time larger than stop time, retrieval exit
[2023-05-23 09:30:52.621] [info] total retrieval time larger than stop time, retrieval exit
[2023-05-23 09:30:52.711] [info] total retrieval time larger than stop time, retrieval exit
[2023-05-23 09:30:52.816] [info] total retrieval time larger than stop time, retrieval exit
[2023-05-23 09:30:53.172] [info] total retrieval time larger than stop time, retrieval exit
[2023-05-23 09:30:53.350] [info] total retrieval time larger than stop time, retrieval exit
[2023-05-23 09:30:54.158] [info] total retrieval time larger than stop time, retrieval exit
[2023-05-23 09:30:54.185] [info] total retrieval time larger than stop time, retrieval exit
[2023-05-23 09:30:54.245] [info] total retrieval time larger than stop time, retrieval exit
[2023-05-23 09:30:54.692] [info] total retrieval time larger than stop time, retrieval exit
[2023-05-23 09:30:55.229] [info] total retrieval time larger than stop time, retrieval exit
[2023-05-23 09:30:55.502] [info] total retrieval time larger than stop time, retrieval exit
[2023-05-23 09:30:55.891] [info] total retrieval time larger than stop time, retrieval exit
[2023-05-23 09:30:56.377] [info] total retrieval time larger than stop time, retrieval exit
[2023-05-23 09:30:56.479] [info] total retrieval time larger than stop time, retrieval exit
[2023-05-23 09:30:57.285] [info] total retrieval time larger than stop time, retrieval exit
[2023-05-23 09:30:57.970] [info] total retrieval time larger than stop time, retrieval exit
[2023-05-23 09:30:58.017] [info] total retrieval time larger than stop time, retrieval exit
[2023-05-23 09:30:58.448] [info] total retrieval time larger than stop time, retrieval exit
[2023-05-23 09:31:00.267] [info] total retrieval time larger than stop time, retrieval exit
[2023-05-23 09:31:03.736] [info] total retrieval time larger than stop time, retrieval exit
[2023-05-23 09:31:03.737] [info] finish top-100
[2023-05-23 09:31:03.737] [info] top100 retrieval time: total 3621.399s, n_proc_query 0.61
	accumulate query inner product time 72.383s, accumulate refinement time 346152.726s
	early prune ratio 0.9604, total IP cost 8353178151, total appr IP cost 426724418031
	maximum ip cost 825345404, proportion 10.121
[2023-05-23 09:31:03.737] [info] build index time: total 3.156125211s
top100 retrieval time: total 3621.399s, n_proc_query 0.61
	accumulate query inner product time 72.383s, accumulate refinement time 346152.726s
	early prune ratio 0.9604, total IP cost 8353178151, total appr IP cost 426724418031
	maximum ip cost 825345404, proportion 10.121
[2023-05-23 09:31:03.918] [info] Retrieval method_name GridIndex, dataset_name yelp-150d, topk 100
[2023-05-23 09:31:03.919] [info] dataset_dir /home/zhengbian/Dataset/ReverseMIPS
[2023-05-23 09:31:03.919] [info] index_dir /home/zhengbian/reverse-k-ranks/index
[2023-05-23 09:31:06.911] [info] n_data_item 159585, n_query_item 1000, n_user 2189457, vec_dim 150
[2023-05-23 09:31:06.911] [info] input parameter: stop_time 3600s
[2023-05-23 09:31:06.953] [info] GridIndex min_codeword 41, codeword 64
[2023-05-23 09:31:11.903] [info] finish preprocess and save the index
[2023-05-23 10:02:47.751] [info] queryID 55, userID 1000000, query_ip_cost 13803196, query_appr_ip_cost 1599808675, time_used 1887.21s
[2023-05-23 10:05:50.370] [info] queryID 55, userID 2000000, query_ip_cost 13804621, query_appr_ip_cost 1737786541, time_used 2069.83s
[2023-05-23 10:05:59.055] [info] finish queryID 55, current_total_retrieval_time 2087.15s, single_query_retrieval_time 2087.15s, prune_ratio 1.00, ip_cost 13804645, appr_ip_cost 1742182916
[2023-05-23 10:29:32.373] [info] queryID 980, userID 1000000, query_ip_cost 17091449, query_appr_ip_cost 2859104030, time_used 3491.83s
[2023-05-23 10:29:49.587] [info] queryID 143, userID 1000000, query_ip_cost 13888451, query_appr_ip_cost 2880865303, time_used 3509.04s
[2023-05-23 10:31:11.904] [info] total retrieval time larger than stop time, retrieval exit
[2023-05-23 10:31:11.908] [info] total retrieval time larger than stop time, retrieval exit
[2023-05-23 10:31:11.909] [info] total retrieval time larger than stop time, retrieval exit
[2023-05-23 10:31:11.912] [info] total retrieval time larger than stop time, retrieval exit
[2023-05-23 10:31:11.913] [info] total retrieval time larger than stop time, retrieval exit
[2023-05-23 10:31:11.923] [info] total retrieval time larger than stop time, retrieval exit
[2023-05-23 10:31:11.935] [info] total retrieval time larger than stop time, retrieval exit
[2023-05-23 10:31:11.937] [info] total retrieval time larger than stop time, retrieval exit
[2023-05-23 10:31:11.940] [info] total retrieval time larger than stop time, retrieval exit
[2023-05-23 10:31:11.949] [info] total retrieval time larger than stop time, retrieval exit
[2023-05-23 10:31:11.957] [info] total retrieval time larger than stop time, retrieval exit
[2023-05-23 10:31:11.963] [info] total retrieval time larger than stop time, retrieval exit
[2023-05-23 10:31:11.965] [info] total retrieval time larger than stop time, retrieval exit
[2023-05-23 10:31:11.971] [info] total retrieval time larger than stop time, retrieval exit
[2023-05-23 10:31:11.974] [info] total retrieval time larger than stop time, retrieval exit
[2023-05-23 10:31:11.986] [info] total retrieval time larger than stop time, retrieval exit
[2023-05-23 10:31:11.988] [info] total retrieval time larger than stop time, retrieval exit
[2023-05-23 10:31:12.001] [info] total retrieval time larger than stop time, retrieval exit
[2023-05-23 10:31:12.006] [info] total retrieval time larger than stop time, retrieval exit
[2023-05-23 10:31:12.010] [info] total retrieval time larger than stop time, retrieval exit
[2023-05-23 10:31:12.022] [info] total retrieval time larger than stop time, retrieval exit
[2023-05-23 10:31:12.024] [info] total retrieval time larger than stop time, retrieval exit
[2023-05-23 10:31:12.025] [info] total retrieval time larger than stop time, retrieval exit
[2023-05-23 10:31:12.026] [info] total retrieval time larger than stop time, retrieval exit
[2023-05-23 10:31:12.029] [info] total retrieval time larger than stop time, retrieval exit
[2023-05-23 10:31:12.033] [info] total retrieval time larger than stop time, retrieval exit
[2023-05-23 10:31:12.034] [info] total retrieval time larger than stop time, retrieval exit
[2023-05-23 10:31:12.048] [info] total retrieval time larger than stop time, retrieval exit
[2023-05-23 10:31:12.050] [info] total retrieval time larger than stop time, retrieval exit
[2023-05-23 10:31:12.052] [info] total retrieval time larger than stop time, retrieval exit
[2023-05-23 10:31:12.076] [info] total retrieval time larger than stop time, retrieval exit
[2023-05-23 10:31:12.083] [info] total retrieval time larger than stop time, retrieval exit
[2023-05-23 10:31:12.130] [info] total retrieval time larger than stop time, retrieval exit
[2023-05-23 10:31:12.148] [info] total retrieval time larger than stop time, retrieval exit
[2023-05-23 10:31:12.161] [info] total retrieval time larger than stop time, retrieval exit
[2023-05-23 10:31:12.169] [info] total retrieval time larger than stop time, retrieval exit
[2023-05-23 10:31:12.179] [info] total retrieval time larger than stop time, retrieval exit
[2023-05-23 10:31:12.181] [info] total retrieval time larger than stop time, retrieval exit
[2023-05-23 10:31:12.223] [info] total retrieval time larger than stop time, retrieval exit
[2023-05-23 10:31:12.265] [info] total retrieval time larger than stop time, retrieval exit
[2023-05-23 10:31:12.270] [info] total retrieval time larger than stop time, retrieval exit
[2023-05-23 10:31:12.270] [info] total retrieval time larger than stop time, retrieval exit
[2023-05-23 10:31:12.282] [info] total retrieval time larger than stop time, retrieval exit
[2023-05-23 10:31:12.301] [info] total retrieval time larger than stop time, retrieval exit
[2023-05-23 10:31:12.314] [info] total retrieval time larger than stop time, retrieval exit
[2023-05-23 10:31:12.364] [info] total retrieval time larger than stop time, retrieval exit
[2023-05-23 10:31:12.368] [info] total retrieval time larger than stop time, retrieval exit
[2023-05-23 10:31:12.371] [info] total retrieval time larger than stop time, retrieval exit
[2023-05-23 10:31:12.374] [info] total retrieval time larger than stop time, retrieval exit
[2023-05-23 10:31:12.374] [info] total retrieval time larger than stop time, retrieval exit
[2023-05-23 10:31:12.378] [info] total retrieval time larger than stop time, retrieval exit
[2023-05-23 10:31:12.406] [info] total retrieval time larger than stop time, retrieval exit
[2023-05-23 10:31:12.421] [info] total retrieval time larger than stop time, retrieval exit
[2023-05-23 10:31:12.438] [info] total retrieval time larger than stop time, retrieval exit
[2023-05-23 10:31:12.491] [info] total retrieval time larger than stop time, retrieval exit
[2023-05-23 10:31:12.509] [info] total retrieval time larger than stop time, retrieval exit
[2023-05-23 10:31:12.532] [info] total retrieval time larger than stop time, retrieval exit
[2023-05-23 10:31:12.542] [info] total retrieval time larger than stop time, retrieval exit
[2023-05-23 10:31:12.565] [info] total retrieval time larger than stop time, retrieval exit
[2023-05-23 10:31:12.576] [info] total retrieval time larger than stop time, retrieval exit
[2023-05-23 10:31:12.581] [info] total retrieval time larger than stop time, retrieval exit
[2023-05-23 10:31:12.616] [info] total retrieval time larger than stop time, retrieval exit
[2023-05-23 10:31:12.621] [info] total retrieval time larger than stop time, retrieval exit
[2023-05-23 10:31:12.633] [info] total retrieval time larger than stop time, retrieval exit
[2023-05-23 10:31:12.713] [info] total retrieval time larger than stop time, retrieval exit
[2023-05-23 10:31:12.722] [info] total retrieval time larger than stop time, retrieval exit
[2023-05-23 10:31:12.817] [info] total retrieval time larger than stop time, retrieval exit
[2023-05-23 10:31:12.818] [info] total retrieval time larger than stop time, retrieval exit
[2023-05-23 10:31:12.890] [info] total retrieval time larger than stop time, retrieval exit
[2023-05-23 10:31:12.931] [info] total retrieval time larger than stop time, retrieval exit
[2023-05-23 10:31:12.950] [info] total retrieval time larger than stop time, retrieval exit
[2023-05-23 10:31:12.991] [info] total retrieval time larger than stop time, retrieval exit
[2023-05-23 10:31:13.121] [info] total retrieval time larger than stop time, retrieval exit
[2023-05-23 10:31:13.127] [info] total retrieval time larger than stop time, retrieval exit
[2023-05-23 10:31:13.163] [info] total retrieval time larger than stop time, retrieval exit
[2023-05-23 10:31:13.191] [info] total retrieval time larger than stop time, retrieval exit
[2023-05-23 10:31:13.305] [info] total retrieval time larger than stop time, retrieval exit
[2023-05-23 10:31:13.422] [info] total retrieval time larger than stop time, retrieval exit
[2023-05-23 10:31:13.574] [info] total retrieval time larger than stop time, retrieval exit
[2023-05-23 10:31:13.588] [info] total retrieval time larger than stop time, retrieval exit
[2023-05-23 10:31:13.698] [info] total retrieval time larger than stop time, retrieval exit
[2023-05-23 10:31:13.815] [info] total retrieval time larger than stop time, retrieval exit
[2023-05-23 10:31:13.895] [info] total retrieval time larger than stop time, retrieval exit
[2023-05-23 10:31:13.901] [info] total retrieval time larger than stop time, retrieval exit
[2023-05-23 10:31:13.940] [info] total retrieval time larger than stop time, retrieval exit
[2023-05-23 10:31:14.014] [info] total retrieval time larger than stop time, retrieval exit
[2023-05-23 10:31:14.017] [info] total retrieval time larger than stop time, retrieval exit
[2023-05-23 10:31:14.094] [info] total retrieval time larger than stop time, retrieval exit
[2023-05-23 10:31:14.191] [info] total retrieval time larger than stop time, retrieval exit
[2023-05-23 10:31:14.228] [info] total retrieval time larger than stop time, retrieval exit
[2023-05-23 10:31:14.511] [info] total retrieval time larger than stop time, retrieval exit
[2023-05-23 10:31:15.061] [info] total retrieval time larger than stop time, retrieval exit
[2023-05-23 10:31:15.239] [info] total retrieval time larger than stop time, retrieval exit
[2023-05-23 10:31:15.526] [info] total retrieval time larger than stop time, retrieval exit
[2023-05-23 10:31:15.873] [info] total retrieval time larger than stop time, retrieval exit
[2023-05-23 10:31:15.908] [info] total retrieval time larger than stop time, retrieval exit
[2023-05-23 10:31:15.908] [info] finish top-100
[2023-05-23 10:31:15.908] [info] top100 retrieval time: total 3604.004s, n_proc_query 8.43
	accumulate query inner product time 829.989s, accumulate refinement time 344847.983s
	early prune ratio 0.9959, total IP cost 1853251537, total appr IP cost 290732914860
	maximum ip cost 12771218281, proportion 0.145
[2023-05-23 10:31:15.908] [info] build index time: total 4.992323131s
top100 retrieval time: total 3604.004s, n_proc_query 8.43
	accumulate query inner product time 829.989s, accumulate refinement time 344847.983s
	early prune ratio 0.9959, total IP cost 1853251537, total appr IP cost 290732914860
	maximum ip cost 12771218281, proportion 0.145
