nohup: ignoring input
[2023-05-24 03:17:42.603] [info] Retrieval method_name GridIndex, dataset_name amazon-home-kitchen-32d, topk 100
[2023-05-24 03:17:42.603] [info] dataset_dir /home/zhengbian/Dataset/ReverseMIPS
[2023-05-24 03:17:42.603] [info] index_dir /home/zhengbian/reverse-k-ranks/index
[2023-05-24 03:17:45.321] [info] n_data_item 409243, n_query_item 1000, n_user 2511610, vec_dim 32
[2023-05-24 03:17:45.321] [info] input parameter: stop_time 3600s
[2023-05-24 03:17:45.343] [info] GridIndex min_codeword 27, codeword 32
[2023-05-24 03:17:46.032] [info] finish preprocess and save the index
[2023-05-24 03:44:15.566] [info] queryID 490, userID 1000000, query_ip_cost 63537088, query_appr_ip_cost 9304901084, time_used 1589.38s
[2023-05-24 03:50:55.733] [info] queryID 490, userID 2000000, query_ip_cost 63660355, query_appr_ip_cost 11282291923, time_used 1989.55s
[2023-05-24 03:53:30.948] [info] finish queryID 490, current_total_retrieval_time 2144.92s, single_query_retrieval_time 2144.92s, prune_ratio 1.00, ip_cost 63666145, appr_ip_cost 11987174415
[2023-05-24 04:12:25.617] [info] queryID 44, userID 1000000, query_ip_cost 73144983, query_appr_ip_cost 19933326802, time_used 3279.43s
[2023-05-24 04:17:46.035] [info] total retrieval time larger than stop time, retrieval exit
[2023-05-24 04:17:46.064] [info] total retrieval time larger than stop time, retrieval exit
[2023-05-24 04:17:46.078] [info] total retrieval time larger than stop time, retrieval exit
[2023-05-24 04:17:46.079] [info] total retrieval time larger than stop time, retrieval exit
[2023-05-24 04:17:46.091] [info] total retrieval time larger than stop time, retrieval exit
[2023-05-24 04:17:46.099] [info] total retrieval time larger than stop time, retrieval exit
[2023-05-24 04:17:46.115] [info] total retrieval time larger than stop time, retrieval exit
[2023-05-24 04:17:46.153] [info] total retrieval time larger than stop time, retrieval exit
[2023-05-24 04:17:46.156] [info] total retrieval time larger than stop time, retrieval exit
[2023-05-24 04:17:46.184] [info] total retrieval time larger than stop time, retrieval exit
[2023-05-24 04:17:46.187] [info] total retrieval time larger than stop time, retrieval exit
[2023-05-24 04:17:46.195] [info] total retrieval time larger than stop time, retrieval exit
[2023-05-24 04:17:46.211] [info] total retrieval time larger than stop time, retrieval exit
[2023-05-24 04:17:46.218] [info] total retrieval time larger than stop time, retrieval exit
[2023-05-24 04:17:46.236] [info] total retrieval time larger than stop time, retrieval exit
[2023-05-24 04:17:46.237] [info] total retrieval time larger than stop time, retrieval exit
[2023-05-24 04:17:46.245] [info] total retrieval time larger than stop time, retrieval exit
[2023-05-24 04:17:46.247] [info] total retrieval time larger than stop time, retrieval exit
[2023-05-24 04:17:46.252] [info] total retrieval time larger than stop time, retrieval exit
[2023-05-24 04:17:46.257] [info] total retrieval time larger than stop time, retrieval exit
[2023-05-24 04:17:46.261] [info] total retrieval time larger than stop time, retrieval exit
[2023-05-24 04:17:46.262] [info] total retrieval time larger than stop time, retrieval exit
[2023-05-24 04:17:46.270] [info] total retrieval time larger than stop time, retrieval exit
[2023-05-24 04:17:46.273] [info] total retrieval time larger than stop time, retrieval exit
[2023-05-24 04:17:46.274] [info] total retrieval time larger than stop time, retrieval exit
[2023-05-24 04:17:46.289] [info] total retrieval time larger than stop time, retrieval exit
[2023-05-24 04:17:46.343] [info] total retrieval time larger than stop time, retrieval exit
[2023-05-24 04:17:46.421] [info] total retrieval time larger than stop time, retrieval exit
[2023-05-24 04:17:46.446] [info] total retrieval time larger than stop time, retrieval exit
[2023-05-24 04:17:46.462] [info] total retrieval time larger than stop time, retrieval exit
[2023-05-24 04:17:46.487] [info] total retrieval time larger than stop time, retrieval exit
[2023-05-24 04:17:46.492] [info] total retrieval time larger than stop time, retrieval exit
[2023-05-24 04:17:46.513] [info] total retrieval time larger than stop time, retrieval exit
[2023-05-24 04:17:46.535] [info] total retrieval time larger than stop time, retrieval exit
[2023-05-24 04:17:46.553] [info] total retrieval time larger than stop time, retrieval exit
[2023-05-24 04:17:46.586] [info] total retrieval time larger than stop time, retrieval exit
[2023-05-24 04:17:46.603] [info] total retrieval time larger than stop time, retrieval exit
[2023-05-24 04:17:46.709] [info] total retrieval time larger than stop time, retrieval exit
[2023-05-24 04:17:46.713] [info] total retrieval time larger than stop time, retrieval exit
[2023-05-24 04:17:46.759] [info] total retrieval time larger than stop time, retrieval exit
[2023-05-24 04:17:46.783] [info] total retrieval time larger than stop time, retrieval exit
[2023-05-24 04:17:46.787] [info] total retrieval time larger than stop time, retrieval exit
[2023-05-24 04:17:46.796] [info] total retrieval time larger than stop time, retrieval exit
[2023-05-24 04:17:46.796] [info] total retrieval time larger than stop time, retrieval exit
[2023-05-24 04:17:46.840] [info] total retrieval time larger than stop time, retrieval exit
[2023-05-24 04:17:46.929] [info] total retrieval time larger than stop time, retrieval exit
[2023-05-24 04:17:46.940] [info] total retrieval time larger than stop time, retrieval exit
[2023-05-24 04:17:46.952] [info] total retrieval time larger than stop time, retrieval exit
[2023-05-24 04:17:46.987] [info] total retrieval time larger than stop time, retrieval exit
[2023-05-24 04:17:47.050] [info] total retrieval time larger than stop time, retrieval exit
[2023-05-24 04:17:47.142] [info] total retrieval time larger than stop time, retrieval exit
[2023-05-24 04:17:47.155] [info] total retrieval time larger than stop time, retrieval exit
[2023-05-24 04:17:47.217] [info] total retrieval time larger than stop time, retrieval exit
[2023-05-24 04:17:47.234] [info] total retrieval time larger than stop time, retrieval exit
[2023-05-24 04:17:47.248] [info] total retrieval time larger than stop time, retrieval exit
[2023-05-24 04:17:47.262] [info] total retrieval time larger than stop time, retrieval exit
[2023-05-24 04:17:47.266] [info] total retrieval time larger than stop time, retrieval exit
[2023-05-24 04:17:47.342] [info] total retrieval time larger than stop time, retrieval exit
[2023-05-24 04:17:47.358] [info] total retrieval time larger than stop time, retrieval exit
[2023-05-24 04:17:47.409] [info] total retrieval time larger than stop time, retrieval exit
[2023-05-24 04:17:47.424] [info] total retrieval time larger than stop time, retrieval exit
[2023-05-24 04:17:47.427] [info] total retrieval time larger than stop time, retrieval exit
[2023-05-24 04:17:47.441] [info] total retrieval time larger than stop time, retrieval exit
[2023-05-24 04:17:47.481] [info] total retrieval time larger than stop time, retrieval exit
[2023-05-24 04:17:47.499] [info] total retrieval time larger than stop time, retrieval exit
[2023-05-24 04:17:47.562] [info] total retrieval time larger than stop time, retrieval exit
[2023-05-24 04:17:47.623] [info] total retrieval time larger than stop time, retrieval exit
[2023-05-24 04:17:47.692] [info] total retrieval time larger than stop time, retrieval exit
[2023-05-24 04:17:47.749] [info] total retrieval time larger than stop time, retrieval exit
[2023-05-24 04:17:47.750] [info] total retrieval time larger than stop time, retrieval exit
[2023-05-24 04:17:47.834] [info] total retrieval time larger than stop time, retrieval exit
[2023-05-24 04:17:47.835] [info] total retrieval time larger than stop time, retrieval exit
[2023-05-24 04:17:47.848] [info] total retrieval time larger than stop time, retrieval exit
[2023-05-24 04:17:47.849] [info] total retrieval time larger than stop time, retrieval exit
[2023-05-24 04:17:47.859] [info] total retrieval time larger than stop time, retrieval exit
[2023-05-24 04:17:47.888] [info] total retrieval time larger than stop time, retrieval exit
[2023-05-24 04:17:47.966] [info] total retrieval time larger than stop time, retrieval exit
[2023-05-24 04:17:47.976] [info] total retrieval time larger than stop time, retrieval exit
[2023-05-24 04:17:48.049] [info] total retrieval time larger than stop time, retrieval exit
[2023-05-24 04:17:48.172] [info] total retrieval time larger than stop time, retrieval exit
[2023-05-24 04:17:48.261] [info] total retrieval time larger than stop time, retrieval exit
[2023-05-24 04:17:48.412] [info] total retrieval time larger than stop time, retrieval exit
[2023-05-24 04:17:48.705] [info] total retrieval time larger than stop time, retrieval exit
[2023-05-24 04:17:48.814] [info] total retrieval time larger than stop time, retrieval exit
[2023-05-24 04:17:48.949] [info] total retrieval time larger than stop time, retrieval exit
[2023-05-24 04:17:49.261] [info] total retrieval time larger than stop time, retrieval exit
[2023-05-24 04:17:49.310] [info] total retrieval time larger than stop time, retrieval exit
[2023-05-24 04:17:49.448] [info] total retrieval time larger than stop time, retrieval exit
[2023-05-24 04:17:49.570] [info] total retrieval time larger than stop time, retrieval exit
[2023-05-24 04:17:49.681] [info] total retrieval time larger than stop time, retrieval exit
[2023-05-24 04:17:49.696] [info] total retrieval time larger than stop time, retrieval exit
[2023-05-24 04:17:49.896] [info] total retrieval time larger than stop time, retrieval exit
[2023-05-24 04:17:49.984] [info] total retrieval time larger than stop time, retrieval exit
[2023-05-24 04:17:50.569] [info] total retrieval time larger than stop time, retrieval exit
[2023-05-24 04:17:50.649] [info] total retrieval time larger than stop time, retrieval exit
[2023-05-24 04:17:50.796] [info] total retrieval time larger than stop time, retrieval exit
[2023-05-24 04:17:50.796] [info] finish top-100
[2023-05-24 04:17:50.796] [info] top100 retrieval time: total 3604.763s, n_proc_query 5.75
	accumulate query inner product time 14.741s, accumulate refinement time 345706.919s
	early prune ratio 0.9946, total IP cost 47506208829, total appr IP cost 2148250909769
	maximum ip cost 7838559923, proportion 6.061
[2023-05-24 04:17:50.796] [info] build index time: total 0.711406399s
top100 retrieval time: total 3604.763s, n_proc_query 5.75
	accumulate query inner product time 14.741s, accumulate refinement time 345706.919s
	early prune ratio 0.9946, total IP cost 47506208829, total appr IP cost 2148250909769
	maximum ip cost 7838559923, proportion 6.061
[2023-05-24 04:17:50.908] [info] Retrieval method_name GridIndex, dataset_name amazon-home-kitchen-64d, topk 100
[2023-05-24 04:17:50.908] [info] dataset_dir /home/zhengbian/Dataset/ReverseMIPS
[2023-05-24 04:17:50.908] [info] index_dir /home/zhengbian/reverse-k-ranks/index
[2023-05-24 04:17:53.852] [info] n_data_item 409243, n_query_item 1000, n_user 2511610, vec_dim 64
[2023-05-24 04:17:53.852] [info] input parameter: stop_time 3600s
[2023-05-24 04:17:53.882] [info] GridIndex min_codeword 33, codeword 64
[2023-05-24 04:17:55.214] [info] finish preprocess and save the index
[2023-05-24 04:57:22.459] [info] queryID 198, userID 1000000, query_ip_cost 42830419, query_appr_ip_cost 6368593814, time_used 2366.98s
[2023-05-24 05:03:16.649] [info] queryID 950, userID 1000000, query_ip_cost 43564894, query_appr_ip_cost 7429783546, time_used 2721.05s
[2023-05-24 05:03:34.765] [info] queryID 198, userID 2000000, query_ip_cost 42848972, query_appr_ip_cost 7244897880, time_used 2739.28s
[2023-05-24 05:05:38.490] [info] finish queryID 198, current_total_retrieval_time 2863.28s, single_query_retrieval_time 2863.28s, prune_ratio 1.00, ip_cost 42850044, appr_ip_cost 7513564654
[2023-05-24 05:10:54.609] [info] queryID 950, userID 2000000, query_ip_cost 43592316, query_appr_ip_cost 8551297433, time_used 3179.01s
[2023-05-24 05:10:59.017] [info] queryID 88, userID 1000000, query_ip_cost 35026970, query_appr_ip_cost 8765276889, time_used 3183.49s
[2023-05-24 05:13:45.507] [info] finish queryID 950, current_total_retrieval_time 3350.29s, single_query_retrieval_time 3350.28s, prune_ratio 1.00, ip_cost 43595724, appr_ip_cost 8949851168
[2023-05-24 05:17:55.217] [info] total retrieval time larger than stop time, retrieval exit
[2023-05-24 05:17:55.221] [info] total retrieval time larger than stop time, retrieval exit
[2023-05-24 05:17:55.224] [info] total retrieval time larger than stop time, retrieval exit
[2023-05-24 05:17:55.231] [info] total retrieval time larger than stop time, retrieval exit
[2023-05-24 05:17:55.236] [info] total retrieval time larger than stop time, retrieval exit
[2023-05-24 05:17:55.264] [info] total retrieval time larger than stop time, retrieval exit
[2023-05-24 05:17:55.272] [info] total retrieval time larger than stop time, retrieval exit
[2023-05-24 05:17:55.300] [info] total retrieval time larger than stop time, retrieval exit
[2023-05-24 05:17:55.326] [info] total retrieval time larger than stop time, retrieval exit
[2023-05-24 05:17:55.328] [info] total retrieval time larger than stop time, retrieval exit
[2023-05-24 05:17:55.377] [info] total retrieval time larger than stop time, retrieval exit
[2023-05-24 05:17:55.397] [info] total retrieval time larger than stop time, retrieval exit
[2023-05-24 05:17:55.417] [info] total retrieval time larger than stop time, retrieval exit
[2023-05-24 05:17:55.453] [info] total retrieval time larger than stop time, retrieval exit
[2023-05-24 05:17:55.476] [info] total retrieval time larger than stop time, retrieval exit
[2023-05-24 05:17:55.497] [info] total retrieval time larger than stop time, retrieval exit
[2023-05-24 05:17:55.530] [info] total retrieval time larger than stop time, retrieval exit
[2023-05-24 05:17:55.564] [info] total retrieval time larger than stop time, retrieval exit
[2023-05-24 05:17:55.567] [info] total retrieval time larger than stop time, retrieval exit
[2023-05-24 05:17:55.593] [info] total retrieval time larger than stop time, retrieval exit
[2023-05-24 05:17:55.601] [info] total retrieval time larger than stop time, retrieval exit
[2023-05-24 05:17:55.688] [info] total retrieval time larger than stop time, retrieval exit
[2023-05-24 05:17:55.746] [info] total retrieval time larger than stop time, retrieval exit
[2023-05-24 05:17:55.755] [info] total retrieval time larger than stop time, retrieval exit
[2023-05-24 05:17:55.761] [info] total retrieval time larger than stop time, retrieval exit
[2023-05-24 05:17:55.789] [info] total retrieval time larger than stop time, retrieval exit
[2023-05-24 05:17:55.833] [info] total retrieval time larger than stop time, retrieval exit
[2023-05-24 05:17:55.906] [info] total retrieval time larger than stop time, retrieval exit
[2023-05-24 05:17:55.909] [info] total retrieval time larger than stop time, retrieval exit
[2023-05-24 05:17:55.930] [info] total retrieval time larger than stop time, retrieval exit
[2023-05-24 05:17:55.956] [info] total retrieval time larger than stop time, retrieval exit
[2023-05-24 05:17:55.957] [info] total retrieval time larger than stop time, retrieval exit
[2023-05-24 05:17:55.987] [info] total retrieval time larger than stop time, retrieval exit
[2023-05-24 05:17:56.075] [info] total retrieval time larger than stop time, retrieval exit
[2023-05-24 05:17:56.160] [info] total retrieval time larger than stop time, retrieval exit
[2023-05-24 05:17:56.167] [info] total retrieval time larger than stop time, retrieval exit
[2023-05-24 05:17:56.175] [info] total retrieval time larger than stop time, retrieval exit
[2023-05-24 05:17:56.235] [info] total retrieval time larger than stop time, retrieval exit
[2023-05-24 05:17:56.259] [info] total retrieval time larger than stop time, retrieval exit
[2023-05-24 05:17:56.360] [info] total retrieval time larger than stop time, retrieval exit
[2023-05-24 05:17:56.363] [info] total retrieval time larger than stop time, retrieval exit
[2023-05-24 05:17:56.408] [info] total retrieval time larger than stop time, retrieval exit
[2023-05-24 05:17:56.478] [info] total retrieval time larger than stop time, retrieval exit
[2023-05-24 05:17:56.479] [info] total retrieval time larger than stop time, retrieval exit
[2023-05-24 05:17:56.580] [info] total retrieval time larger than stop time, retrieval exit
[2023-05-24 05:17:56.696] [info] total retrieval time larger than stop time, retrieval exit
[2023-05-24 05:17:56.723] [info] total retrieval time larger than stop time, retrieval exit
[2023-05-24 05:17:56.776] [info] total retrieval time larger than stop time, retrieval exit
[2023-05-24 05:17:56.787] [info] total retrieval time larger than stop time, retrieval exit
[2023-05-24 05:17:56.795] [info] total retrieval time larger than stop time, retrieval exit
[2023-05-24 05:17:56.820] [info] total retrieval time larger than stop time, retrieval exit
[2023-05-24 05:17:56.873] [info] total retrieval time larger than stop time, retrieval exit
[2023-05-24 05:17:56.888] [info] total retrieval time larger than stop time, retrieval exit
[2023-05-24 05:17:56.889] [info] total retrieval time larger than stop time, retrieval exit
[2023-05-24 05:17:56.944] [info] total retrieval time larger than stop time, retrieval exit
[2023-05-24 05:17:57.163] [info] total retrieval time larger than stop time, retrieval exit
[2023-05-24 05:17:57.171] [info] total retrieval time larger than stop time, retrieval exit
[2023-05-24 05:17:57.200] [info] total retrieval time larger than stop time, retrieval exit
[2023-05-24 05:17:57.256] [info] total retrieval time larger than stop time, retrieval exit
[2023-05-24 05:17:57.296] [info] total retrieval time larger than stop time, retrieval exit
[2023-05-24 05:17:57.423] [info] total retrieval time larger than stop time, retrieval exit
[2023-05-24 05:17:57.547] [info] total retrieval time larger than stop time, retrieval exit
[2023-05-24 05:17:57.599] [info] total retrieval time larger than stop time, retrieval exit
[2023-05-24 05:17:57.648] [info] total retrieval time larger than stop time, retrieval exit
[2023-05-24 05:17:57.664] [info] total retrieval time larger than stop time, retrieval exit
[2023-05-24 05:17:57.773] [info] total retrieval time larger than stop time, retrieval exit
[2023-05-24 05:17:57.935] [info] total retrieval time larger than stop time, retrieval exit
[2023-05-24 05:17:57.943] [info] total retrieval time larger than stop time, retrieval exit
[2023-05-24 05:17:57.944] [info] total retrieval time larger than stop time, retrieval exit
[2023-05-24 05:17:57.957] [info] total retrieval time larger than stop time, retrieval exit
[2023-05-24 05:17:57.976] [info] total retrieval time larger than stop time, retrieval exit
[2023-05-24 05:17:58.034] [info] total retrieval time larger than stop time, retrieval exit
[2023-05-24 05:17:58.122] [info] total retrieval time larger than stop time, retrieval exit
[2023-05-24 05:17:58.197] [info] total retrieval time larger than stop time, retrieval exit
[2023-05-24 05:17:58.461] [info] total retrieval time larger than stop time, retrieval exit
[2023-05-24 05:17:58.485] [info] total retrieval time larger than stop time, retrieval exit
[2023-05-24 05:17:58.583] [info] total retrieval time larger than stop time, retrieval exit
[2023-05-24 05:17:58.595] [info] total retrieval time larger than stop time, retrieval exit
[2023-05-24 05:17:58.852] [info] total retrieval time larger than stop time, retrieval exit
[2023-05-24 05:17:59.089] [info] total retrieval time larger than stop time, retrieval exit
[2023-05-24 05:17:59.204] [info] total retrieval time larger than stop time, retrieval exit
[2023-05-24 05:17:59.291] [info] total retrieval time larger than stop time, retrieval exit
[2023-05-24 05:17:59.468] [info] total retrieval time larger than stop time, retrieval exit
[2023-05-24 05:17:59.543] [info] total retrieval time larger than stop time, retrieval exit
[2023-05-24 05:17:59.543] [info] total retrieval time larger than stop time, retrieval exit
[2023-05-24 05:17:59.646] [info] total retrieval time larger than stop time, retrieval exit
[2023-05-24 05:17:59.978] [info] total retrieval time larger than stop time, retrieval exit
[2023-05-24 05:18:00.313] [info] total retrieval time larger than stop time, retrieval exit
[2023-05-24 05:18:00.368] [info] total retrieval time larger than stop time, retrieval exit
[2023-05-24 05:18:00.415] [info] total retrieval time larger than stop time, retrieval exit
[2023-05-24 05:18:00.714] [info] total retrieval time larger than stop time, retrieval exit
[2023-05-24 05:18:00.749] [info] total retrieval time larger than stop time, retrieval exit
[2023-05-24 05:18:01.142] [info] total retrieval time larger than stop time, retrieval exit
[2023-05-24 05:18:02.052] [info] total retrieval time larger than stop time, retrieval exit
[2023-05-24 05:18:02.679] [info] total retrieval time larger than stop time, retrieval exit
[2023-05-24 05:18:03.688] [info] total retrieval time larger than stop time, retrieval exit
[2023-05-24 05:18:03.689] [info] finish top-100
[2023-05-24 05:18:03.689] [info] top100 retrieval time: total 3608.474s, n_proc_query 5.08
	accumulate query inner product time 34.045s, accumulate refinement time 345758.885s
	early prune ratio 0.9943, total IP cost 10287936733, total appr IP cost 976005522911
	maximum ip cost 6934872968, proportion 1.484
[2023-05-24 05:18:03.689] [info] build index time: total 1.361538779s
top100 retrieval time: total 3608.474s, n_proc_query 5.08
	accumulate query inner product time 34.045s, accumulate refinement time 345758.885s
	early prune ratio 0.9943, total IP cost 10287936733, total appr IP cost 976005522911
	maximum ip cost 6934872968, proportion 1.484
[2023-05-24 05:18:03.824] [info] Retrieval method_name GridIndex, dataset_name amazon-home-kitchen-128d, topk 100
[2023-05-24 05:18:03.824] [info] dataset_dir /home/zhengbian/Dataset/ReverseMIPS
[2023-05-24 05:18:03.824] [info] index_dir /home/zhengbian/reverse-k-ranks/index
[2023-05-24 05:18:07.352] [info] n_data_item 409243, n_query_item 1000, n_user 2511610, vec_dim 128
[2023-05-24 05:18:07.352] [info] input parameter: stop_time 3600s
[2023-05-24 05:18:07.404] [info] GridIndex min_codeword 39, codeword 64
[2023-05-24 05:18:09.764] [info] finish preprocess and save the index
[2023-05-24 06:18:09.792] [info] total retrieval time larger than stop time, retrieval exit
[2023-05-24 06:18:09.795] [info] total retrieval time larger than stop time, retrieval exit
[2023-05-24 06:18:09.839] [info] total retrieval time larger than stop time, retrieval exit
[2023-05-24 06:18:09.887] [info] total retrieval time larger than stop time, retrieval exit
[2023-05-24 06:18:09.911] [info] total retrieval time larger than stop time, retrieval exit
[2023-05-24 06:18:09.984] [info] total retrieval time larger than stop time, retrieval exit
[2023-05-24 06:18:10.099] [info] total retrieval time larger than stop time, retrieval exit
[2023-05-24 06:18:10.134] [info] total retrieval time larger than stop time, retrieval exit
[2023-05-24 06:18:10.176] [info] total retrieval time larger than stop time, retrieval exit
[2023-05-24 06:18:10.193] [info] total retrieval time larger than stop time, retrieval exit
[2023-05-24 06:18:10.289] [info] total retrieval time larger than stop time, retrieval exit
[2023-05-24 06:18:10.334] [info] total retrieval time larger than stop time, retrieval exit
[2023-05-24 06:18:10.471] [info] total retrieval time larger than stop time, retrieval exit
[2023-05-24 06:18:10.500] [info] total retrieval time larger than stop time, retrieval exit
[2023-05-24 06:18:10.567] [info] total retrieval time larger than stop time, retrieval exit
[2023-05-24 06:18:10.582] [info] total retrieval time larger than stop time, retrieval exit
[2023-05-24 06:18:10.677] [info] total retrieval time larger than stop time, retrieval exit
[2023-05-24 06:18:10.694] [info] total retrieval time larger than stop time, retrieval exit
[2023-05-24 06:18:10.742] [info] total retrieval time larger than stop time, retrieval exit
[2023-05-24 06:18:10.767] [info] total retrieval time larger than stop time, retrieval exit
[2023-05-24 06:18:10.828] [info] total retrieval time larger than stop time, retrieval exit
[2023-05-24 06:18:10.884] [info] total retrieval time larger than stop time, retrieval exit
[2023-05-24 06:18:11.069] [info] total retrieval time larger than stop time, retrieval exit
[2023-05-24 06:18:11.088] [info] total retrieval time larger than stop time, retrieval exit
[2023-05-24 06:18:11.422] [info] total retrieval time larger than stop time, retrieval exit
[2023-05-24 06:18:11.567] [info] total retrieval time larger than stop time, retrieval exit
[2023-05-24 06:18:11.644] [info] total retrieval time larger than stop time, retrieval exit
[2023-05-24 06:18:11.661] [info] total retrieval time larger than stop time, retrieval exit
[2023-05-24 06:18:11.688] [info] total retrieval time larger than stop time, retrieval exit
[2023-05-24 06:18:11.709] [info] total retrieval time larger than stop time, retrieval exit
[2023-05-24 06:18:11.719] [info] total retrieval time larger than stop time, retrieval exit
[2023-05-24 06:18:11.800] [info] total retrieval time larger than stop time, retrieval exit
[2023-05-24 06:18:11.859] [info] total retrieval time larger than stop time, retrieval exit
[2023-05-24 06:18:11.930] [info] total retrieval time larger than stop time, retrieval exit
[2023-05-24 06:18:11.944] [info] total retrieval time larger than stop time, retrieval exit
[2023-05-24 06:18:12.145] [info] total retrieval time larger than stop time, retrieval exit
[2023-05-24 06:18:12.218] [info] total retrieval time larger than stop time, retrieval exit
[2023-05-24 06:18:12.238] [info] total retrieval time larger than stop time, retrieval exit
[2023-05-24 06:18:12.300] [info] total retrieval time larger than stop time, retrieval exit
[2023-05-24 06:18:12.438] [info] total retrieval time larger than stop time, retrieval exit
[2023-05-24 06:18:12.450] [info] total retrieval time larger than stop time, retrieval exit
[2023-05-24 06:18:12.781] [info] total retrieval time larger than stop time, retrieval exit
[2023-05-24 06:18:12.783] [info] total retrieval time larger than stop time, retrieval exit
[2023-05-24 06:18:12.831] [info] total retrieval time larger than stop time, retrieval exit
[2023-05-24 06:18:12.943] [info] total retrieval time larger than stop time, retrieval exit
[2023-05-24 06:18:12.998] [info] total retrieval time larger than stop time, retrieval exit
[2023-05-24 06:18:13.150] [info] total retrieval time larger than stop time, retrieval exit
[2023-05-24 06:18:13.332] [info] total retrieval time larger than stop time, retrieval exit
[2023-05-24 06:18:13.371] [info] total retrieval time larger than stop time, retrieval exit
[2023-05-24 06:18:13.426] [info] total retrieval time larger than stop time, retrieval exit
[2023-05-24 06:18:13.508] [info] total retrieval time larger than stop time, retrieval exit
[2023-05-24 06:18:13.640] [info] total retrieval time larger than stop time, retrieval exit
[2023-05-24 06:18:13.733] [info] total retrieval time larger than stop time, retrieval exit
[2023-05-24 06:18:13.740] [info] total retrieval time larger than stop time, retrieval exit
[2023-05-24 06:18:13.780] [info] total retrieval time larger than stop time, retrieval exit
[2023-05-24 06:18:14.050] [info] total retrieval time larger than stop time, retrieval exit
[2023-05-24 06:18:14.140] [info] total retrieval time larger than stop time, retrieval exit
[2023-05-24 06:18:14.228] [info] total retrieval time larger than stop time, retrieval exit
[2023-05-24 06:18:14.440] [info] total retrieval time larger than stop time, retrieval exit
[2023-05-24 06:18:14.603] [info] total retrieval time larger than stop time, retrieval exit
[2023-05-24 06:18:14.625] [info] total retrieval time larger than stop time, retrieval exit
[2023-05-24 06:18:14.704] [info] total retrieval time larger than stop time, retrieval exit
[2023-05-24 06:18:14.737] [info] total retrieval time larger than stop time, retrieval exit
[2023-05-24 06:18:14.836] [info] total retrieval time larger than stop time, retrieval exit
[2023-05-24 06:18:14.942] [info] total retrieval time larger than stop time, retrieval exit
[2023-05-24 06:18:14.966] [info] total retrieval time larger than stop time, retrieval exit
[2023-05-24 06:18:15.043] [info] total retrieval time larger than stop time, retrieval exit
[2023-05-24 06:18:15.077] [info] total retrieval time larger than stop time, retrieval exit
[2023-05-24 06:18:15.218] [info] total retrieval time larger than stop time, retrieval exit
[2023-05-24 06:18:15.591] [info] total retrieval time larger than stop time, retrieval exit
[2023-05-24 06:18:15.773] [info] total retrieval time larger than stop time, retrieval exit
[2023-05-24 06:18:15.947] [info] total retrieval time larger than stop time, retrieval exit
[2023-05-24 06:18:16.144] [info] total retrieval time larger than stop time, retrieval exit
[2023-05-24 06:18:16.180] [info] total retrieval time larger than stop time, retrieval exit
[2023-05-24 06:18:16.307] [info] total retrieval time larger than stop time, retrieval exit
[2023-05-24 06:18:16.460] [info] total retrieval time larger than stop time, retrieval exit
[2023-05-24 06:18:16.530] [info] total retrieval time larger than stop time, retrieval exit
[2023-05-24 06:18:16.896] [info] total retrieval time larger than stop time, retrieval exit
[2023-05-24 06:18:17.031] [info] total retrieval time larger than stop time, retrieval exit
[2023-05-24 06:18:17.189] [info] total retrieval time larger than stop time, retrieval exit
[2023-05-24 06:18:17.373] [info] total retrieval time larger than stop time, retrieval exit
[2023-05-24 06:18:17.460] [info] total retrieval time larger than stop time, retrieval exit
[2023-05-24 06:18:18.406] [info] total retrieval time larger than stop time, retrieval exit
[2023-05-24 06:18:18.542] [info] total retrieval time larger than stop time, retrieval exit
[2023-05-24 06:18:18.714] [info] total retrieval time larger than stop time, retrieval exit
[2023-05-24 06:18:18.911] [info] total retrieval time larger than stop time, retrieval exit
[2023-05-24 06:18:19.120] [info] total retrieval time larger than stop time, retrieval exit
[2023-05-24 06:18:19.169] [info] total retrieval time larger than stop time, retrieval exit
[2023-05-24 06:18:19.385] [info] total retrieval time larger than stop time, retrieval exit
[2023-05-24 06:18:19.698] [info] total retrieval time larger than stop time, retrieval exit
[2023-05-24 06:18:21.402] [info] total retrieval time larger than stop time, retrieval exit
[2023-05-24 06:18:21.454] [info] total retrieval time larger than stop time, retrieval exit
[2023-05-24 06:18:23.646] [info] total retrieval time larger than stop time, retrieval exit
[2023-05-24 06:18:24.759] [info] total retrieval time larger than stop time, retrieval exit
[2023-05-24 06:18:25.211] [info] total retrieval time larger than stop time, retrieval exit
[2023-05-24 06:18:25.923] [info] total retrieval time larger than stop time, retrieval exit
[2023-05-24 06:18:25.923] [info] finish top-100
[2023-05-24 06:18:25.923] [info] top100 retrieval time: total 3616.158s, n_proc_query 0.74
	accumulate query inner product time 45.427s, accumulate refinement time 345969.993s
	early prune ratio 0.9672, total IP cost 10003888143, total appr IP cost 505238281686
	maximum ip cost 1006751935, proportion 9.937
[2023-05-24 06:18:25.923] [info] build index time: total 2.411467863s
top100 retrieval time: total 3616.158s, n_proc_query 0.74
	accumulate query inner product time 45.427s, accumulate refinement time 345969.993s
	early prune ratio 0.9672, total IP cost 10003888143, total appr IP cost 505238281686
	maximum ip cost 1006751935, proportion 9.937
[2023-05-24 06:18:26.091] [info] Retrieval method_name GridIndex, dataset_name amazon-home-kitchen-256d, topk 100
[2023-05-24 06:18:26.092] [info] dataset_dir /home/zhengbian/Dataset/ReverseMIPS
[2023-05-24 06:18:26.092] [info] index_dir /home/zhengbian/reverse-k-ranks/index
[2023-05-24 06:18:30.719] [info] n_data_item 409243, n_query_item 1000, n_user 2511610, vec_dim 256
[2023-05-24 06:18:30.719] [info] input parameter: stop_time 3600s
[2023-05-24 06:18:30.820] [info] GridIndex min_codeword 47, codeword 64
[2023-05-24 06:18:35.740] [info] finish preprocess and save the index
[2023-05-24 07:18:35.788] [info] total retrieval time larger than stop time, retrieval exit
[2023-05-24 07:18:36.011] [info] total retrieval time larger than stop time, retrieval exit
[2023-05-24 07:18:36.191] [info] total retrieval time larger than stop time, retrieval exit
[2023-05-24 07:18:36.233] [info] total retrieval time larger than stop time, retrieval exit
[2023-05-24 07:18:36.516] [info] total retrieval time larger than stop time, retrieval exit
[2023-05-24 07:18:36.573] [info] total retrieval time larger than stop time, retrieval exit
[2023-05-24 07:18:36.790] [info] total retrieval time larger than stop time, retrieval exit
[2023-05-24 07:18:37.061] [info] total retrieval time larger than stop time, retrieval exit
[2023-05-24 07:18:37.290] [info] total retrieval time larger than stop time, retrieval exit
[2023-05-24 07:18:37.487] [info] total retrieval time larger than stop time, retrieval exit
[2023-05-24 07:18:37.494] [info] total retrieval time larger than stop time, retrieval exit
[2023-05-24 07:18:37.691] [info] total retrieval time larger than stop time, retrieval exit
[2023-05-24 07:18:37.806] [info] total retrieval time larger than stop time, retrieval exit
[2023-05-24 07:18:38.379] [info] total retrieval time larger than stop time, retrieval exit
[2023-05-24 07:18:38.445] [info] total retrieval time larger than stop time, retrieval exit
[2023-05-24 07:18:38.448] [info] total retrieval time larger than stop time, retrieval exit
[2023-05-24 07:18:38.510] [info] total retrieval time larger than stop time, retrieval exit
[2023-05-24 07:18:38.751] [info] total retrieval time larger than stop time, retrieval exit
[2023-05-24 07:18:38.980] [info] total retrieval time larger than stop time, retrieval exit
[2023-05-24 07:18:39.255] [info] total retrieval time larger than stop time, retrieval exit
[2023-05-24 07:18:40.015] [info] total retrieval time larger than stop time, retrieval exit
[2023-05-24 07:18:40.061] [info] total retrieval time larger than stop time, retrieval exit
[2023-05-24 07:18:40.073] [info] total retrieval time larger than stop time, retrieval exit
[2023-05-24 07:18:40.099] [info] total retrieval time larger than stop time, retrieval exit
[2023-05-24 07:18:40.134] [info] total retrieval time larger than stop time, retrieval exit
[2023-05-24 07:18:40.194] [info] total retrieval time larger than stop time, retrieval exit
[2023-05-24 07:18:40.223] [info] total retrieval time larger than stop time, retrieval exit
[2023-05-24 07:18:40.478] [info] total retrieval time larger than stop time, retrieval exit
[2023-05-24 07:18:40.901] [info] total retrieval time larger than stop time, retrieval exit
[2023-05-24 07:18:41.076] [info] total retrieval time larger than stop time, retrieval exit
[2023-05-24 07:18:41.184] [info] total retrieval time larger than stop time, retrieval exit
[2023-05-24 07:18:41.309] [info] total retrieval time larger than stop time, retrieval exit
[2023-05-24 07:18:41.927] [info] total retrieval time larger than stop time, retrieval exit
[2023-05-24 07:18:42.011] [info] total retrieval time larger than stop time, retrieval exit
[2023-05-24 07:18:42.471] [info] total retrieval time larger than stop time, retrieval exit
[2023-05-24 07:18:42.622] [info] total retrieval time larger than stop time, retrieval exit
[2023-05-24 07:18:42.835] [info] total retrieval time larger than stop time, retrieval exit
[2023-05-24 07:18:42.857] [info] total retrieval time larger than stop time, retrieval exit
[2023-05-24 07:18:42.956] [info] total retrieval time larger than stop time, retrieval exit
[2023-05-24 07:18:43.034] [info] total retrieval time larger than stop time, retrieval exit
[2023-05-24 07:18:43.123] [info] total retrieval time larger than stop time, retrieval exit
[2023-05-24 07:18:43.243] [info] total retrieval time larger than stop time, retrieval exit
[2023-05-24 07:18:43.474] [info] total retrieval time larger than stop time, retrieval exit
[2023-05-24 07:18:43.506] [info] total retrieval time larger than stop time, retrieval exit
[2023-05-24 07:18:43.597] [info] total retrieval time larger than stop time, retrieval exit
[2023-05-24 07:18:43.772] [info] total retrieval time larger than stop time, retrieval exit
[2023-05-24 07:18:43.896] [info] total retrieval time larger than stop time, retrieval exit
[2023-05-24 07:18:44.166] [info] total retrieval time larger than stop time, retrieval exit
[2023-05-24 07:18:44.447] [info] total retrieval time larger than stop time, retrieval exit
[2023-05-24 07:18:44.827] [info] total retrieval time larger than stop time, retrieval exit
[2023-05-24 07:18:45.332] [info] total retrieval time larger than stop time, retrieval exit
[2023-05-24 07:18:45.676] [info] total retrieval time larger than stop time, retrieval exit
[2023-05-24 07:18:45.940] [info] total retrieval time larger than stop time, retrieval exit
[2023-05-24 07:18:46.083] [info] total retrieval time larger than stop time, retrieval exit
[2023-05-24 07:18:46.247] [info] total retrieval time larger than stop time, retrieval exit
[2023-05-24 07:18:46.386] [info] total retrieval time larger than stop time, retrieval exit
[2023-05-24 07:18:46.814] [info] total retrieval time larger than stop time, retrieval exit
[2023-05-24 07:18:48.141] [info] total retrieval time larger than stop time, retrieval exit
[2023-05-24 07:18:48.587] [info] total retrieval time larger than stop time, retrieval exit
[2023-05-24 07:18:48.830] [info] total retrieval time larger than stop time, retrieval exit
[2023-05-24 07:18:49.245] [info] total retrieval time larger than stop time, retrieval exit
[2023-05-24 07:18:49.602] [info] total retrieval time larger than stop time, retrieval exit
[2023-05-24 07:18:49.714] [info] total retrieval time larger than stop time, retrieval exit
[2023-05-24 07:18:50.226] [info] total retrieval time larger than stop time, retrieval exit
[2023-05-24 07:18:50.292] [info] total retrieval time larger than stop time, retrieval exit
[2023-05-24 07:18:50.560] [info] total retrieval time larger than stop time, retrieval exit
[2023-05-24 07:18:50.996] [info] total retrieval time larger than stop time, retrieval exit
[2023-05-24 07:18:51.257] [info] total retrieval time larger than stop time, retrieval exit
[2023-05-24 07:18:51.468] [info] total retrieval time larger than stop time, retrieval exit
[2023-05-24 07:18:52.662] [info] total retrieval time larger than stop time, retrieval exit
[2023-05-24 07:18:52.991] [info] total retrieval time larger than stop time, retrieval exit
[2023-05-24 07:18:53.092] [info] total retrieval time larger than stop time, retrieval exit
[2023-05-24 07:18:53.625] [info] total retrieval time larger than stop time, retrieval exit
[2023-05-24 07:18:53.891] [info] total retrieval time larger than stop time, retrieval exit
[2023-05-24 07:18:54.165] [info] total retrieval time larger than stop time, retrieval exit
[2023-05-24 07:18:54.670] [info] total retrieval time larger than stop time, retrieval exit
[2023-05-24 07:18:54.924] [info] total retrieval time larger than stop time, retrieval exit
[2023-05-24 07:18:55.408] [info] total retrieval time larger than stop time, retrieval exit
[2023-05-24 07:18:55.428] [info] total retrieval time larger than stop time, retrieval exit
[2023-05-24 07:18:56.187] [info] total retrieval time larger than stop time, retrieval exit
[2023-05-24 07:18:56.248] [info] total retrieval time larger than stop time, retrieval exit
[2023-05-24 07:18:56.646] [info] total retrieval time larger than stop time, retrieval exit
[2023-05-24 07:18:56.764] [info] total retrieval time larger than stop time, retrieval exit
[2023-05-24 07:18:57.244] [info] total retrieval time larger than stop time, retrieval exit
[2023-05-24 07:18:57.479] [info] total retrieval time larger than stop time, retrieval exit
[2023-05-24 07:18:57.624] [info] total retrieval time larger than stop time, retrieval exit
[2023-05-24 07:18:58.302] [info] total retrieval time larger than stop time, retrieval exit
[2023-05-24 07:18:58.345] [info] total retrieval time larger than stop time, retrieval exit
[2023-05-24 07:18:58.883] [info] total retrieval time larger than stop time, retrieval exit
[2023-05-24 07:19:00.366] [info] total retrieval time larger than stop time, retrieval exit
[2023-05-24 07:19:01.094] [info] total retrieval time larger than stop time, retrieval exit
[2023-05-24 07:19:01.898] [info] total retrieval time larger than stop time, retrieval exit
[2023-05-24 07:19:03.229] [info] total retrieval time larger than stop time, retrieval exit
[2023-05-24 07:19:05.682] [info] total retrieval time larger than stop time, retrieval exit
[2023-05-24 07:19:07.362] [info] total retrieval time larger than stop time, retrieval exit
[2023-05-24 07:19:10.524] [info] total retrieval time larger than stop time, retrieval exit
[2023-05-24 07:19:10.525] [info] finish top-100
[2023-05-24 07:19:10.525] [info] top100 retrieval time: total 3634.784s, n_proc_query 0.25
	accumulate query inner product time 1805.958s, accumulate refinement time 344860.984s
	early prune ratio 0.9175, total IP cost 7509545060, total appr IP cost 247440106798
	maximum ip cost 339241076, proportion 22.136
[2023-05-24 07:19:10.525] [info] build index time: total 5.020644195s
top100 retrieval time: total 3634.784s, n_proc_query 0.25
	accumulate query inner product time 1805.958s, accumulate refinement time 344860.984s
	early prune ratio 0.9175, total IP cost 7509545060, total appr IP cost 247440106798
	maximum ip cost 339241076, proportion 22.136
[2023-05-24 07:19:10.770] [info] Retrieval method_name GridIndex, dataset_name amazon-home-kitchen-512d, topk 100
[2023-05-24 07:19:10.770] [info] dataset_dir /home/zhengbian/Dataset/ReverseMIPS
[2023-05-24 07:19:10.770] [info] index_dir /home/zhengbian/reverse-k-ranks/index
[2023-05-24 07:19:17.709] [info] n_data_item 409243, n_query_item 1000, n_user 2511610, vec_dim 512
[2023-05-24 07:19:17.709] [info] input parameter: stop_time 3600s
[2023-05-24 07:19:17.901] [info] GridIndex min_codeword 55, codeword 64
[2023-05-24 07:19:29.173] [info] finish preprocess and save the index
[2023-05-24 08:19:30.232] [info] total retrieval time larger than stop time, retrieval exit
[2023-05-24 08:19:30.786] [info] total retrieval time larger than stop time, retrieval exit
[2023-05-24 08:19:31.561] [info] total retrieval time larger than stop time, retrieval exit
[2023-05-24 08:19:31.702] [info] total retrieval time larger than stop time, retrieval exit
[2023-05-24 08:19:32.851] [info] total retrieval time larger than stop time, retrieval exit
[2023-05-24 08:19:34.066] [info] total retrieval time larger than stop time, retrieval exit
[2023-05-24 08:19:34.117] [info] total retrieval time larger than stop time, retrieval exit
[2023-05-24 08:19:34.990] [info] total retrieval time larger than stop time, retrieval exit
[2023-05-24 08:19:35.140] [info] total retrieval time larger than stop time, retrieval exit
[2023-05-24 08:19:37.037] [info] total retrieval time larger than stop time, retrieval exit
[2023-05-24 08:19:37.041] [info] total retrieval time larger than stop time, retrieval exit
[2023-05-24 08:19:37.086] [info] total retrieval time larger than stop time, retrieval exit
[2023-05-24 08:19:37.464] [info] total retrieval time larger than stop time, retrieval exit
[2023-05-24 08:19:39.188] [info] total retrieval time larger than stop time, retrieval exit
[2023-05-24 08:19:40.328] [info] total retrieval time larger than stop time, retrieval exit
[2023-05-24 08:19:40.901] [info] total retrieval time larger than stop time, retrieval exit
[2023-05-24 08:19:41.074] [info] total retrieval time larger than stop time, retrieval exit
[2023-05-24 08:19:41.147] [info] total retrieval time larger than stop time, retrieval exit
[2023-05-24 08:19:41.923] [info] total retrieval time larger than stop time, retrieval exit
[2023-05-24 08:19:42.559] [info] total retrieval time larger than stop time, retrieval exit
[2023-05-24 08:19:42.660] [info] total retrieval time larger than stop time, retrieval exit
[2023-05-24 08:19:43.305] [info] total retrieval time larger than stop time, retrieval exit
[2023-05-24 08:19:43.521] [info] total retrieval time larger than stop time, retrieval exit
[2023-05-24 08:19:44.336] [info] total retrieval time larger than stop time, retrieval exit
[2023-05-24 08:19:44.654] [info] total retrieval time larger than stop time, retrieval exit
[2023-05-24 08:19:45.699] [info] total retrieval time larger than stop time, retrieval exit
[2023-05-24 08:19:46.314] [info] total retrieval time larger than stop time, retrieval exit
[2023-05-24 08:19:46.576] [info] total retrieval time larger than stop time, retrieval exit
[2023-05-24 08:19:46.966] [info] total retrieval time larger than stop time, retrieval exit
[2023-05-24 08:19:47.396] [info] total retrieval time larger than stop time, retrieval exit
[2023-05-24 08:19:47.915] [info] total retrieval time larger than stop time, retrieval exit
[2023-05-24 08:19:47.958] [info] total retrieval time larger than stop time, retrieval exit
[2023-05-24 08:19:48.936] [info] total retrieval time larger than stop time, retrieval exit
[2023-05-24 08:19:49.121] [info] total retrieval time larger than stop time, retrieval exit
[2023-05-24 08:19:49.182] [info] total retrieval time larger than stop time, retrieval exit
[2023-05-24 08:19:49.390] [info] total retrieval time larger than stop time, retrieval exit
[2023-05-24 08:19:50.296] [info] total retrieval time larger than stop time, retrieval exit
[2023-05-24 08:19:50.532] [info] total retrieval time larger than stop time, retrieval exit
[2023-05-24 08:19:50.630] [info] total retrieval time larger than stop time, retrieval exit
[2023-05-24 08:19:51.109] [info] total retrieval time larger than stop time, retrieval exit
[2023-05-24 08:19:52.715] [info] total retrieval time larger than stop time, retrieval exit
[2023-05-24 08:19:53.415] [info] total retrieval time larger than stop time, retrieval exit
[2023-05-24 08:19:54.209] [info] total retrieval time larger than stop time, retrieval exit
[2023-05-24 08:19:54.603] [info] total retrieval time larger than stop time, retrieval exit
[2023-05-24 08:19:54.791] [info] total retrieval time larger than stop time, retrieval exit
[2023-05-24 08:19:54.876] [info] total retrieval time larger than stop time, retrieval exit
[2023-05-24 08:19:55.045] [info] total retrieval time larger than stop time, retrieval exit
[2023-05-24 08:19:55.337] [info] total retrieval time larger than stop time, retrieval exit
[2023-05-24 08:19:57.166] [info] total retrieval time larger than stop time, retrieval exit
[2023-05-24 08:19:57.506] [info] total retrieval time larger than stop time, retrieval exit
[2023-05-24 08:19:57.994] [info] total retrieval time larger than stop time, retrieval exit
[2023-05-24 08:19:58.438] [info] total retrieval time larger than stop time, retrieval exit
[2023-05-24 08:19:58.757] [info] total retrieval time larger than stop time, retrieval exit
[2023-05-24 08:19:59.339] [info] total retrieval time larger than stop time, retrieval exit
[2023-05-24 08:19:59.954] [info] total retrieval time larger than stop time, retrieval exit
[2023-05-24 08:20:00.989] [info] total retrieval time larger than stop time, retrieval exit
[2023-05-24 08:20:01.080] [info] total retrieval time larger than stop time, retrieval exit
[2023-05-24 08:20:01.152] [info] total retrieval time larger than stop time, retrieval exit
[2023-05-24 08:20:02.228] [info] total retrieval time larger than stop time, retrieval exit
[2023-05-24 08:20:02.329] [info] total retrieval time larger than stop time, retrieval exit
[2023-05-24 08:20:04.786] [info] total retrieval time larger than stop time, retrieval exit
[2023-05-24 08:20:04.811] [info] total retrieval time larger than stop time, retrieval exit
[2023-05-24 08:20:04.984] [info] total retrieval time larger than stop time, retrieval exit
[2023-05-24 08:20:05.612] [info] total retrieval time larger than stop time, retrieval exit
[2023-05-24 08:20:05.690] [info] total retrieval time larger than stop time, retrieval exit
[2023-05-24 08:20:06.434] [info] total retrieval time larger than stop time, retrieval exit
[2023-05-24 08:20:07.877] [info] total retrieval time larger than stop time, retrieval exit
[2023-05-24 08:20:08.323] [info] total retrieval time larger than stop time, retrieval exit
[2023-05-24 08:20:08.838] [info] total retrieval time larger than stop time, retrieval exit
[2023-05-24 08:20:08.946] [info] total retrieval time larger than stop time, retrieval exit
[2023-05-24 08:20:09.108] [info] total retrieval time larger than stop time, retrieval exit
[2023-05-24 08:20:10.606] [info] total retrieval time larger than stop time, retrieval exit
[2023-05-24 08:20:13.149] [info] total retrieval time larger than stop time, retrieval exit
[2023-05-24 08:20:14.101] [info] total retrieval time larger than stop time, retrieval exit
[2023-05-24 08:20:14.402] [info] total retrieval time larger than stop time, retrieval exit
[2023-05-24 08:20:14.871] [info] total retrieval time larger than stop time, retrieval exit
[2023-05-24 08:20:15.473] [info] total retrieval time larger than stop time, retrieval exit
[2023-05-24 08:20:17.359] [info] total retrieval time larger than stop time, retrieval exit
[2023-05-24 08:20:17.706] [info] total retrieval time larger than stop time, retrieval exit
[2023-05-24 08:20:19.120] [info] total retrieval time larger than stop time, retrieval exit
[2023-05-24 08:20:19.496] [info] total retrieval time larger than stop time, retrieval exit
[2023-05-24 08:20:21.117] [info] total retrieval time larger than stop time, retrieval exit
[2023-05-24 08:20:21.592] [info] total retrieval time larger than stop time, retrieval exit
[2023-05-24 08:20:22.121] [info] total retrieval time larger than stop time, retrieval exit
[2023-05-24 08:20:25.527] [info] total retrieval time larger than stop time, retrieval exit
[2023-05-24 08:20:26.604] [info] total retrieval time larger than stop time, retrieval exit
[2023-05-24 08:20:26.685] [info] total retrieval time larger than stop time, retrieval exit
[2023-05-24 08:20:27.681] [info] total retrieval time larger than stop time, retrieval exit
[2023-05-24 08:20:28.590] [info] total retrieval time larger than stop time, retrieval exit
[2023-05-24 08:20:28.720] [info] total retrieval time larger than stop time, retrieval exit
[2023-05-24 08:20:28.769] [info] total retrieval time larger than stop time, retrieval exit
[2023-05-24 08:20:39.774] [info] total retrieval time larger than stop time, retrieval exit
[2023-05-24 08:20:40.075] [info] total retrieval time larger than stop time, retrieval exit
[2023-05-24 08:20:42.830] [info] total retrieval time larger than stop time, retrieval exit
[2023-05-24 08:20:45.909] [info] total retrieval time larger than stop time, retrieval exit
[2023-05-24 08:20:49.485] [info] total retrieval time larger than stop time, retrieval exit
[2023-05-24 08:20:49.485] [info] finish top-100
[2023-05-24 08:20:49.485] [info] top100 retrieval time: total 3680.311s, n_proc_query 0.09
	accumulate query inner product time 3351.152s, accumulate refinement time 345144.751s
	early prune ratio 0.8114, total IP cost 8411666773, total appr IP cost 120072280330
	maximum ip cost 125246545, proportion 67.161
[2023-05-24 08:20:49.485] [info] build index time: total 11.463990634s
top100 retrieval time: total 3680.311s, n_proc_query 0.09
	accumulate query inner product time 3351.152s, accumulate refinement time 345144.751s
	early prune ratio 0.8114, total IP cost 8411666773, total appr IP cost 120072280330
	maximum ip cost 125246545, proportion 67.161
