[2023-06-05 18:37:32.890] [info] Retrieval method_name GridIndex, dataset_name amazon-home-kitchen-150d, topk 10
[2023-06-05 18:37:32.890] [info] dataset_dir /home/zhengbian/Dataset/ReverseMIPS
[2023-06-05 18:37:32.890] [info] index_dir /home/zhengbian/reverse-k-ranks/index
[2023-06-05 18:37:38.454] [info] n_data_item 409243, n_query_item 1000, n_user 2511610, vec_dim 150
[2023-06-05 18:37:38.454] [info] input parameter: stop_time 3600s
[2023-06-05 18:37:38.507] [info] GridIndex min_codeword 41, codeword 64
[2023-06-05 18:37:41.483] [info] finish preprocess and save the index
[2023-06-05 18:55:10.162] [info] finish queryID 0, current_total_retrieval_time 1048.68s, single_query_retrieval_time 1048.68s, prune_ratio 1.00, ip_cost 62393842, appr_ip_cost 921322947
[2023-06-05 19:07:25.534] [info] finish queryID 1, current_total_retrieval_time 1784.05s, single_query_retrieval_time 735.37s, prune_ratio 1.00, ip_cost 14050296, appr_ip_cost 746796974
[2023-06-05 21:05:51.844] [info] finish queryID 2, current_total_retrieval_time 8890.36s, single_query_retrieval_time 7106.31s, prune_ratio 1.00, ip_cost 132251110, appr_ip_cost 6728136810
[2023-06-05 21:05:51.844] [info] total retrieval time larger than stop time, retrieval exit
[2023-06-05 21:05:51.844] [info] finish top-10
[2023-06-05 21:05:51.844] [info] top10 retrieval time: total 8890.361s, n_proc_query 3.00
	accumulate query inner product time 1.825s, accumulate refinement time 8890.359s
	early prune ratio 0.9998, total IP cost 208695248, total appr IP cost 8396256731
	maximum ip cost 4092417288, proportion 0.051
[2023-06-05 21:05:51.844] [info] build index time: total 3.029071451s
top10 retrieval time: total 8890.361s, n_proc_query 3.00
	accumulate query inner product time 1.825s, accumulate refinement time 8890.359s
	early prune ratio 0.9998, total IP cost 208695248, total appr IP cost 8396256731
	maximum ip cost 4092417288, proportion 0.051
[2023-06-05 21:05:52.957] [info] Retrieval method_name GridIndex, dataset_name movielens-1b-150d, topk 10
[2023-06-05 21:05:52.957] [info] dataset_dir /home/zhengbian/Dataset/ReverseMIPS
[2023-06-05 21:05:52.957] [info] index_dir /home/zhengbian/reverse-k-ranks/index
[2023-06-05 21:05:57.158] [info] n_data_item 272038, n_query_item 1000, n_user 2197225, vec_dim 150
[2023-06-05 21:05:57.162] [info] input parameter: stop_time 3600s
[2023-06-05 21:05:57.210] [info] GridIndex min_codeword 41, codeword 64
[2023-06-05 21:06:00.026] [info] finish preprocess and save the index
[2023-06-05 23:23:14.428] [info] finish queryID 0, current_total_retrieval_time 8234.40s, single_query_retrieval_time 8234.40s, prune_ratio 1.00, ip_cost 110055935, appr_ip_cost 13883974562
[2023-06-05 23:23:14.428] [info] total retrieval time larger than stop time, retrieval exit
[2023-06-05 23:23:14.443] [info] finish top-10
[2023-06-05 23:23:14.443] [info] top10 retrieval time: total 8234.402s, n_proc_query 1.00
	accumulate query inner product time 0.322s, accumulate refinement time 8234.402s
	early prune ratio 0.9994, total IP cost 110055935, total appr IP cost 13883974562
	maximum ip cost 730437631, proportion 0.151
[2023-06-05 23:23:14.443] [info] build index time: total 2.863806887s
top10 retrieval time: total 8234.402s, n_proc_query 1.00
	accumulate query inner product time 0.322s, accumulate refinement time 8234.402s
	early prune ratio 0.9994, total IP cost 110055935, total appr IP cost 13883974562
	maximum ip cost 730437631, proportion 0.151
[2023-06-05 23:23:15.338] [info] Retrieval method_name GridIndex, dataset_name yahoomusic_big-150d, topk 10
[2023-06-05 23:23:15.338] [info] dataset_dir /home/zhengbian/Dataset/ReverseMIPS
[2023-06-05 23:23:15.338] [info] index_dir /home/zhengbian/reverse-k-ranks/index
[2023-06-05 23:23:19.065] [info] n_data_item 135736, n_query_item 1000, n_user 1823179, vec_dim 150
[2023-06-05 23:23:19.065] [info] input parameter: stop_time 3600s
[2023-06-05 23:23:19.108] [info] GridIndex min_codeword 41, codeword 64
[2023-06-05 23:23:21.160] [info] finish preprocess and save the index
[2023-06-05 23:27:18.302] [info] finish queryID 0, current_total_retrieval_time 237.14s, single_query_retrieval_time 237.14s, prune_ratio 1.00, ip_cost 14223021, appr_ip_cost 286046188
[2023-06-05 23:29:16.065] [info] finish queryID 1, current_total_retrieval_time 354.91s, single_query_retrieval_time 117.76s, prune_ratio 1.00, ip_cost 10182732, appr_ip_cost 141947783
[2023-06-05 23:30:02.874] [info] finish queryID 2, current_total_retrieval_time 401.71s, single_query_retrieval_time 46.81s, prune_ratio 1.00, ip_cost 9614192, appr_ip_cost 56491373
[2023-06-05 23:33:45.125] [info] finish queryID 3, current_total_retrieval_time 623.96s, single_query_retrieval_time 222.25s, prune_ratio 1.00, ip_cost 26177454, appr_ip_cost 272878560
[2023-06-05 23:37:04.310] [info] finish queryID 4, current_total_retrieval_time 823.15s, single_query_retrieval_time 199.18s, prune_ratio 1.00, ip_cost 33487868, appr_ip_cost 237303589
[2023-06-05 23:39:12.774] [info] finish queryID 5, current_total_retrieval_time 951.61s, single_query_retrieval_time 128.46s, prune_ratio 1.00, ip_cost 5635871, appr_ip_cost 158213800
[2023-06-05 23:42:27.883] [info] finish queryID 6, current_total_retrieval_time 1146.72s, single_query_retrieval_time 195.11s, prune_ratio 1.00, ip_cost 15213970, appr_ip_cost 235095779
[2023-06-05 23:43:51.017] [info] finish queryID 7, current_total_retrieval_time 1229.86s, single_query_retrieval_time 83.13s, prune_ratio 1.00, ip_cost 4948825, appr_ip_cost 100430652
[2023-06-05 23:44:36.173] [info] finish queryID 8, current_total_retrieval_time 1275.01s, single_query_retrieval_time 45.16s, prune_ratio 1.00, ip_cost 5382897, appr_ip_cost 55650750
[2023-06-05 23:47:42.370] [info] finish queryID 9, current_total_retrieval_time 1461.21s, single_query_retrieval_time 186.20s, prune_ratio 1.00, ip_cost 11472035, appr_ip_cost 226810066
[2023-06-05 23:50:07.690] [info] finish queryID 10, current_total_retrieval_time 1606.53s, single_query_retrieval_time 145.32s, prune_ratio 1.00, ip_cost 6261205, appr_ip_cost 178798377
[2023-06-05 23:50:41.868] [info] finish queryID 11, current_total_retrieval_time 1640.71s, single_query_retrieval_time 34.18s, prune_ratio 1.00, ip_cost 7589169, appr_ip_cost 41261086
[2023-06-05 23:51:43.411] [info] finish queryID 12, current_total_retrieval_time 1702.25s, single_query_retrieval_time 61.54s, prune_ratio 1.00, ip_cost 5160026, appr_ip_cost 74408211
[2023-06-05 23:52:42.270] [info] finish queryID 13, current_total_retrieval_time 1761.11s, single_query_retrieval_time 58.86s, prune_ratio 1.00, ip_cost 7869677, appr_ip_cost 70617681
[2023-06-05 23:54:52.394] [info] finish queryID 14, current_total_retrieval_time 1891.23s, single_query_retrieval_time 130.12s, prune_ratio 1.00, ip_cost 3861095, appr_ip_cost 165567472
[2023-06-05 23:59:30.914] [info] finish queryID 15, current_total_retrieval_time 2169.75s, single_query_retrieval_time 278.52s, prune_ratio 1.00, ip_cost 17417966, appr_ip_cost 344931798
[2023-06-06 00:00:09.115] [info] finish queryID 16, current_total_retrieval_time 2207.95s, single_query_retrieval_time 38.20s, prune_ratio 1.00, ip_cost 7767907, appr_ip_cost 45676606
[2023-06-06 00:00:41.597] [info] finish queryID 17, current_total_retrieval_time 2240.44s, single_query_retrieval_time 32.48s, prune_ratio 1.00, ip_cost 6699394, appr_ip_cost 40626939
[2023-06-06 00:04:00.108] [info] finish queryID 18, current_total_retrieval_time 2438.95s, single_query_retrieval_time 198.51s, prune_ratio 1.00, ip_cost 12910569, appr_ip_cost 242677590
[2023-06-06 00:06:59.070] [info] finish queryID 19, current_total_retrieval_time 2617.91s, single_query_retrieval_time 178.96s, prune_ratio 1.00, ip_cost 23284757, appr_ip_cost 215714172
[2023-06-06 00:07:40.656] [info] finish queryID 20, current_total_retrieval_time 2659.50s, single_query_retrieval_time 41.59s, prune_ratio 1.00, ip_cost 10980943, appr_ip_cost 49541454
[2023-06-06 00:13:18.108] [info] finish queryID 21, current_total_retrieval_time 2996.95s, single_query_retrieval_time 337.45s, prune_ratio 1.00, ip_cost 97422913, appr_ip_cost 410887917
[2023-06-06 00:14:00.177] [info] finish queryID 22, current_total_retrieval_time 3039.02s, single_query_retrieval_time 42.07s, prune_ratio 1.00, ip_cost 7306947, appr_ip_cost 50235968
[2023-06-06 00:15:47.062] [info] finish queryID 23, current_total_retrieval_time 3145.90s, single_query_retrieval_time 106.88s, prune_ratio 1.00, ip_cost 13309765, appr_ip_cost 129378719
[2023-06-06 00:16:32.710] [info] finish queryID 24, current_total_retrieval_time 3191.55s, single_query_retrieval_time 45.65s, prune_ratio 1.00, ip_cost 5189899, appr_ip_cost 56301554
[2023-06-06 00:17:35.653] [info] finish queryID 25, current_total_retrieval_time 3254.49s, single_query_retrieval_time 62.94s, prune_ratio 1.00, ip_cost 5380744, appr_ip_cost 78526716
[2023-06-06 00:21:36.727] [info] finish queryID 26, current_total_retrieval_time 3495.57s, single_query_retrieval_time 241.07s, prune_ratio 1.00, ip_cost 19932000, appr_ip_cost 297489894
[2023-06-06 00:22:20.801] [info] finish queryID 27, current_total_retrieval_time 3539.64s, single_query_retrieval_time 44.07s, prune_ratio 1.00, ip_cost 5717979, appr_ip_cost 54103911
[2023-06-06 00:23:04.033] [info] finish queryID 28, current_total_retrieval_time 3582.87s, single_query_retrieval_time 43.23s, prune_ratio 1.00, ip_cost 7242546, appr_ip_cost 55016239
[2023-06-06 00:26:12.330] [info] finish queryID 29, current_total_retrieval_time 3771.17s, single_query_retrieval_time 188.30s, prune_ratio 1.00, ip_cost 23578786, appr_ip_cost 226010936
[2023-06-06 00:26:12.330] [info] total retrieval time larger than stop time, retrieval exit
[2023-06-06 00:26:12.330] [info] finish top-10
[2023-06-06 00:26:12.330] [info] top10 retrieval time: total 3771.170s, n_proc_query 30.00
	accumulate query inner product time 15.221s, accumulate refinement time 3771.165s
	early prune ratio 0.9984, total IP cost 431223152, total appr IP cost 4598641780
	maximum ip cost -1, proportion 0.000
[2023-06-06 00:26:12.330] [info] build index time: total 2.095603292s
top10 retrieval time: total 3771.170s, n_proc_query 30.00
	accumulate query inner product time 15.221s, accumulate refinement time 3771.165s
	early prune ratio 0.9984, total IP cost 431223152, total appr IP cost 4598641780
	maximum ip cost -1, proportion 0.000
[2023-06-06 00:26:12.972] [info] Retrieval method_name GridIndex, dataset_name yelp-150d, topk 10
[2023-06-06 00:26:12.972] [info] dataset_dir /home/zhengbian/Dataset/ReverseMIPS
[2023-06-06 00:26:12.972] [info] index_dir /home/zhengbian/reverse-k-ranks/index
[2023-06-06 00:26:17.234] [info] n_data_item 159585, n_query_item 1000, n_user 2189457, vec_dim 150
[2023-06-06 00:26:17.235] [info] input parameter: stop_time 3600s
[2023-06-06 00:26:17.285] [info] GridIndex min_codeword 41, codeword 64
[2023-06-06 00:26:19.674] [info] finish preprocess and save the index
[2023-06-06 00:31:33.282] [info] finish queryID 0, current_total_retrieval_time 313.61s, single_query_retrieval_time 313.61s, prune_ratio 1.00, ip_cost 10431370, appr_ip_cost 267744010
[2023-06-06 00:32:22.326] [info] finish queryID 1, current_total_retrieval_time 362.65s, single_query_retrieval_time 49.04s, prune_ratio 1.00, ip_cost 9876475, appr_ip_cost 37756624
[2023-06-06 00:34:58.442] [info] finish queryID 2, current_total_retrieval_time 518.77s, single_query_retrieval_time 156.12s, prune_ratio 1.00, ip_cost 12056564, appr_ip_cost 129485149
[2023-06-06 00:41:39.021] [info] finish queryID 3, current_total_retrieval_time 919.35s, single_query_retrieval_time 400.58s, prune_ratio 1.00, ip_cost 23960216, appr_ip_cost 320703934
[2023-06-06 00:44:09.332] [info] finish queryID 4, current_total_retrieval_time 1069.66s, single_query_retrieval_time 150.31s, prune_ratio 1.00, ip_cost 12396336, appr_ip_cost 121436092
[2023-06-06 00:45:53.702] [info] finish queryID 5, current_total_retrieval_time 1174.03s, single_query_retrieval_time 104.37s, prune_ratio 1.00, ip_cost 11503378, appr_ip_cost 85949841
[2023-06-06 00:50:00.425] [info] finish queryID 6, current_total_retrieval_time 1420.75s, single_query_retrieval_time 246.72s, prune_ratio 1.00, ip_cost 20141638, appr_ip_cost 187139341
[2023-06-06 00:54:37.036] [info] finish queryID 7, current_total_retrieval_time 1697.36s, single_query_retrieval_time 276.61s, prune_ratio 1.00, ip_cost 14627364, appr_ip_cost 231057336
[2023-06-06 01:06:14.635] [info] finish queryID 8, current_total_retrieval_time 2394.96s, single_query_retrieval_time 697.60s, prune_ratio 1.00, ip_cost 35480020, appr_ip_cost 549178295
[2023-06-06 01:08:19.333] [info] finish queryID 9, current_total_retrieval_time 2519.66s, single_query_retrieval_time 124.70s, prune_ratio 1.00, ip_cost 11820986, appr_ip_cost 90023743
[2023-06-06 01:18:58.405] [info] finish queryID 10, current_total_retrieval_time 3158.73s, single_query_retrieval_time 639.07s, prune_ratio 1.00, ip_cost 36744114, appr_ip_cost 513040817
[2023-06-06 01:26:11.974] [info] finish queryID 11, current_total_retrieval_time 3592.30s, single_query_retrieval_time 433.57s, prune_ratio 1.00, ip_cost 21855389, appr_ip_cost 366528704
[2023-06-06 01:27:32.791] [info] finish queryID 12, current_total_retrieval_time 3673.12s, single_query_retrieval_time 80.82s, prune_ratio 1.00, ip_cost 9571222, appr_ip_cost 68976245
[2023-06-06 01:27:32.791] [info] total retrieval time larger than stop time, retrieval exit
[2023-06-06 01:27:32.791] [info] finish top-10
[2023-06-06 01:27:32.791] [info] top10 retrieval time: total 3673.117s, n_proc_query 13.00
	accumulate query inner product time 7.514s, accumulate refinement time 3673.113s
	early prune ratio 0.9991, total IP cost 230465072, total appr IP cost 2969020131
	maximum ip cost 19686339738, proportion 0.012
[2023-06-06 01:27:32.791] [info] build index time: total 2.439615317s
top10 retrieval time: total 3673.117s, n_proc_query 13.00
	accumulate query inner product time 7.514s, accumulate refinement time 3673.113s
	early prune ratio 0.9991, total IP cost 230465072, total appr IP cost 2969020131
	maximum ip cost 19686339738, proportion 0.012
